ARM GAS  C:\Windows\TEMP\ccWd1YO3.s 			page 1


   1              		.syntax unified
   2              		.cpu cortex-m0
   3              		.fpu softvfp
   4              		.eabi_attribute 20, 1
   5              		.eabi_attribute 21, 1
   6              		.eabi_attribute 23, 3
   7              		.eabi_attribute 24, 1
   8              		.eabi_attribute 25, 1
   9              		.eabi_attribute 26, 1
  10              		.eabi_attribute 30, 1
  11              		.eabi_attribute 34, 0
  12              		.eabi_attribute 18, 4
  13              		.thumb
  14              		.syntax unified
  15              		.file	"main.c"
  16              		.text
  17              	.Ltext0:
  18              		.cfi_sections	.debug_frame
  19              		.section	.text.UART_print_string,"ax",%progbits
  20              		.align	2
  21              		.global	UART_print_string
  22              		.code	16
  23              		.thumb_func
  24              		.type	UART_print_string, %function
  25              	UART_print_string:
  26              	.LFB36:
  27              		.file 1 "main.c"
   1:main.c        **** /* ========================================
   2:main.c        ****  *
   3:main.c        ****  * Copyright YOUR COMPANY, THE YEAR
   4:main.c        ****  * All Rights Reserved
   5:main.c        ****  * UNPUBLISHED, LICENSED SOFTWARE.
   6:main.c        ****  *
   7:main.c        ****  * CONFIDENTIAL AND PROPRIETARY INFORMATION
   8:main.c        ****  * WHICH IS THE PROPERTY OF your company.
   9:main.c        ****  *
  10:main.c        ****  * ========================================
  11:main.c        **** */
  12:main.c        **** #include "project.h"
  13:main.c        **** #include <stdio.h>
  14:main.c        **** #include "main_data.h"
  15:main.c        **** 
  16:main.c        **** 
  17:main.c        **** int8 speed_idx;
  18:main.c        **** int8 isr_triggered = 0;
  19:main.c        **** int8 serving_enabled = 0;
  20:main.c        **** 
  21:main.c        **** int16_t motor_speeds[4];
  22:main.c        **** int16 speed_buf;
  23:main.c        **** 
  24:main.c        **** 
  25:main.c        **** void UART_print_string(char text[]) {
  28              		.loc 1 25 0
  29              		.cfi_startproc
  30              		@ args = 0, pretend = 0, frame = 0
  31              		@ frame_needed = 0, uses_anonymous_args = 0
  32              	.LVL0:
ARM GAS  C:\Windows\TEMP\ccWd1YO3.s 			page 2


  33 0000 10B5     		push	{r4, lr}
  34              		.cfi_def_cfa_offset 8
  35              		.cfi_offset 4, -8
  36              		.cfi_offset 14, -4
  37 0002 0400     		movs	r4, r0
  26:main.c        ****     // A utility function to print an array of characters with UART
  27:main.c        ****     UART_UartPutChar('\n');
  38              		.loc 1 27 0
  39 0004 0A20     		movs	r0, #10
  40              	.LVL1:
  41 0006 FFF7FEFF 		bl	UART_SpiUartWriteTxData
  42              	.LVL2:
  28:main.c        ****     UART_UartPutChar('\r');
  43              		.loc 1 28 0
  44 000a 0D20     		movs	r0, #13
  45 000c FFF7FEFF 		bl	UART_SpiUartWriteTxData
  46              	.LVL3:
  29:main.c        ****     UART_UartPutString(text);
  47              		.loc 1 29 0
  48 0010 2000     		movs	r0, r4
  49 0012 FFF7FEFF 		bl	UART_UartPutString
  50              	.LVL4:
  30:main.c        ****     UART_UartPutChar('\n');
  51              		.loc 1 30 0
  52 0016 0A20     		movs	r0, #10
  53 0018 FFF7FEFF 		bl	UART_SpiUartWriteTxData
  54              	.LVL5:
  31:main.c        ****     UART_UartPutChar('\r');
  55              		.loc 1 31 0
  56 001c 0D20     		movs	r0, #13
  57 001e FFF7FEFF 		bl	UART_SpiUartWriteTxData
  58              	.LVL6:
  32:main.c        **** }
  59              		.loc 1 32 0
  60              		@ sp needed
  61              	.LVL7:
  62 0022 10BD     		pop	{r4, pc}
  63              		.cfi_endproc
  64              	.LFE36:
  65              		.size	UART_print_string, .-UART_print_string
  66              		.section	.text.print_all_speed,"ax",%progbits
  67              		.align	2
  68              		.global	print_all_speed
  69              		.code	16
  70              		.thumb_func
  71              		.type	print_all_speed, %function
  72              	print_all_speed:
  73              	.LFB37:
  33:main.c        **** 
  34:main.c        **** 
  35:main.c        **** void print_all_speed() {
  74              		.loc 1 35 0
  75              		.cfi_startproc
  76              		@ args = 0, pretend = 0, frame = 0
  77              		@ frame_needed = 0, uses_anonymous_args = 0
  78 0000 F8B5     		push	{r3, r4, r5, r6, r7, lr}
  79              		.cfi_def_cfa_offset 24
ARM GAS  C:\Windows\TEMP\ccWd1YO3.s 			page 3


  80              		.cfi_offset 3, -24
  81              		.cfi_offset 4, -20
  82              		.cfi_offset 5, -16
  83              		.cfi_offset 6, -12
  84              		.cfi_offset 7, -8
  85              		.cfi_offset 14, -4
  86              	.LVL8:
  87              	.LBB2:
  36:main.c        ****     /*
  37:main.c        ****     Print all the speeds in a line through UART. Since we don't
  38:main.c        ****     use dividers, we need to divide the speeds by 2
  39:main.c        ****     */
  40:main.c        ****     uint16_t current_rpm = 0;
  41:main.c        ****     for (int i = 1; i < MOTOR_COUNT + 1; i++) {
  88              		.loc 1 41 0
  89 0002 0127     		movs	r7, #1
  90 0004 21E0     		b	.L3
  91              	.LVL9:
  92              	.L4:
  42:main.c        ****         current_rpm = FanController_GetActualSpeed(i);
  93              		.loc 1 42 0 discriminator 3
  94 0006 FEB2     		uxtb	r6, r7
  95 0008 3000     		movs	r0, r6
  96 000a FFF7FEFF 		bl	FanController_GetActualSpeed
  97              	.LVL10:
  43:main.c        ****         sprintf(uart_rpm_buff, "%u", current_rpm / 2);
  98              		.loc 1 43 0 discriminator 3
  99 000e 4008     		lsrs	r0, r0, #1
 100              	.LVL11:
 101 0010 82B2     		uxth	r2, r0
 102 0012 124D     		ldr	r5, .L5
 103 0014 124C     		ldr	r4, .L5+4
 104 0016 2900     		movs	r1, r5
 105 0018 2000     		movs	r0, r4
 106 001a FFF7FEFF 		bl	sprintf
 107              	.LVL12:
  44:main.c        ****         UART_UartPutString(uart_rpm_buff);
 108              		.loc 1 44 0 discriminator 3
 109 001e 2000     		movs	r0, r4
 110 0020 FFF7FEFF 		bl	UART_UartPutString
 111              	.LVL13:
  45:main.c        ****         UART_UartPutChar(' ');
 112              		.loc 1 45 0 discriminator 3
 113 0024 2020     		movs	r0, #32
 114 0026 FFF7FEFF 		bl	UART_SpiUartWriteTxData
 115              	.LVL14:
  46:main.c        ****         
  47:main.c        ****         current_rpm = FanController_GetDesiredSpeed(i);
 116              		.loc 1 47 0 discriminator 3
 117 002a 3000     		movs	r0, r6
 118 002c FFF7FEFF 		bl	FanController_GetDesiredSpeed
 119              	.LVL15:
  48:main.c        ****         sprintf(uart_rpm_buff, "%u", current_rpm / 2);
 120              		.loc 1 48 0 discriminator 3
 121 0030 4008     		lsrs	r0, r0, #1
 122              	.LVL16:
 123 0032 82B2     		uxth	r2, r0
ARM GAS  C:\Windows\TEMP\ccWd1YO3.s 			page 4


 124 0034 2900     		movs	r1, r5
 125 0036 2000     		movs	r0, r4
 126 0038 FFF7FEFF 		bl	sprintf
 127              	.LVL17:
  49:main.c        ****         UART_UartPutString(uart_rpm_buff);
 128              		.loc 1 49 0 discriminator 3
 129 003c 2000     		movs	r0, r4
 130 003e FFF7FEFF 		bl	UART_UartPutString
 131              	.LVL18:
  50:main.c        ****         UART_UartPutChar(' ');
 132              		.loc 1 50 0 discriminator 3
 133 0042 2020     		movs	r0, #32
 134 0044 FFF7FEFF 		bl	UART_SpiUartWriteTxData
 135              	.LVL19:
  41:main.c        ****         current_rpm = FanController_GetActualSpeed(i);
 136              		.loc 1 41 0 discriminator 3
 137 0048 0137     		adds	r7, r7, #1
 138              	.LVL20:
 139              	.L3:
  41:main.c        ****         current_rpm = FanController_GetActualSpeed(i);
 140              		.loc 1 41 0 is_stmt 0 discriminator 1
 141 004a 042F     		cmp	r7, #4
 142 004c DBDD     		ble	.L4
 143              	.LBE2:
  51:main.c        ****     }
  52:main.c        ****     UART_UartPutChar('\n');
 144              		.loc 1 52 0 is_stmt 1
 145 004e 0A20     		movs	r0, #10
 146 0050 FFF7FEFF 		bl	UART_SpiUartWriteTxData
 147              	.LVL21:
  53:main.c        ****     UART_UartPutChar('\r');
 148              		.loc 1 53 0
 149 0054 0D20     		movs	r0, #13
 150 0056 FFF7FEFF 		bl	UART_SpiUartWriteTxData
 151              	.LVL22:
  54:main.c        **** }
 152              		.loc 1 54 0
 153              		@ sp needed
 154              	.LVL23:
 155 005a F8BD     		pop	{r3, r4, r5, r6, r7, pc}
 156              	.L6:
 157              		.align	2
 158              	.L5:
 159 005c 00000000 		.word	.LC0
 160 0060 00000000 		.word	uart_rpm_buff
 161              		.cfi_endproc
 162              	.LFE37:
 163              		.size	print_all_speed, .-print_all_speed
 164              		.section	.text.write_motor_speed,"ax",%progbits
 165              		.align	2
 166              		.global	write_motor_speed
 167              		.code	16
 168              		.thumb_func
 169              		.type	write_motor_speed, %function
 170              	write_motor_speed:
 171              	.LFB38:
  55:main.c        **** 
ARM GAS  C:\Windows\TEMP\ccWd1YO3.s 			page 5


  56:main.c        **** 
  57:main.c        **** void write_motor_speed(int16_t speeds[]) {
 172              		.loc 1 57 0
 173              		.cfi_startproc
 174              		@ args = 0, pretend = 0, frame = 0
 175              		@ frame_needed = 0, uses_anonymous_args = 0
 176              	.LVL24:
 177 0000 70B5     		push	{r4, r5, r6, lr}
 178              		.cfi_def_cfa_offset 16
 179              		.cfi_offset 4, -16
 180              		.cfi_offset 5, -12
 181              		.cfi_offset 6, -8
 182              		.cfi_offset 14, -4
 183 0002 0500     		movs	r5, r0
 184              	.LVL25:
 185              	.LBB3:
  58:main.c        ****     // Write the speed of all motors(An option that limits the speed and the option to stop the mot
  59:main.c        ****     for (int i = 0; i < MOTOR_COUNT; i++) {
 186              		.loc 1 59 0
 187 0004 0024     		movs	r4, #0
 188 0006 17E0     		b	.L8
 189              	.LVL26:
 190              	.L11:
  60:main.c        ****         if (speeds[i] > MIN_RPM && speeds[i] < MAX_RPM) {
 191              		.loc 1 60 0
 192 0008 6300     		lsls	r3, r4, #1
 193 000a 5A5F     		ldrsh	r2, [r3, r5]
 194 000c 91B2     		uxth	r1, r2
 195 000e 0C4B     		ldr	r3, .L12
 196 0010 CB18     		adds	r3, r1, r3
 197 0012 9BB2     		uxth	r3, r3
 198 0014 0B48     		ldr	r0, .L12+4
 199 0016 8342     		cmp	r3, r0
 200 0018 06D8     		bhi	.L9
  61:main.c        ****             FanController_SetDesiredSpeed(i+1, 2*speeds[i]);
 201              		.loc 1 61 0
 202 001a 4900     		lsls	r1, r1, #1
 203 001c 89B2     		uxth	r1, r1
 204 001e 601C     		adds	r0, r4, #1
 205 0020 C0B2     		uxtb	r0, r0
 206 0022 FFF7FEFF 		bl	FanController_SetDesiredSpeed
 207              	.LVL27:
 208 0026 06E0     		b	.L10
 209              	.L9:
  62:main.c        ****         } else if (speeds[i] == 0) {
 210              		.loc 1 62 0
 211 0028 002A     		cmp	r2, #0
 212 002a 04D1     		bne	.L10
  63:main.c        ****             FanController_SetDesiredSpeed(i+1, 0);
 213              		.loc 1 63 0
 214 002c 601C     		adds	r0, r4, #1
 215 002e C0B2     		uxtb	r0, r0
 216 0030 0021     		movs	r1, #0
 217 0032 FFF7FEFF 		bl	FanController_SetDesiredSpeed
 218              	.LVL28:
 219              	.L10:
  59:main.c        ****         if (speeds[i] > MIN_RPM && speeds[i] < MAX_RPM) {
ARM GAS  C:\Windows\TEMP\ccWd1YO3.s 			page 6


 220              		.loc 1 59 0 discriminator 2
 221 0036 0134     		adds	r4, r4, #1
 222              	.LVL29:
 223              	.L8:
  59:main.c        ****         if (speeds[i] > MIN_RPM && speeds[i] < MAX_RPM) {
 224              		.loc 1 59 0 is_stmt 0 discriminator 1
 225 0038 032C     		cmp	r4, #3
 226 003a E5DD     		ble	.L11
 227              	.LBE3:
  64:main.c        ****         } else {
  65:main.c        ****             continue;
  66:main.c        ****         }
  67:main.c        ****     }
  68:main.c        **** }
 228              		.loc 1 68 0 is_stmt 1
 229              		@ sp needed
 230              	.LVL30:
 231              	.LVL31:
 232 003c 70BD     		pop	{r4, r5, r6, pc}
 233              	.L13:
 234 003e C046     		.align	2
 235              	.L12:
 236 0040 17FCFFFF 		.word	-1001
 237 0044 140D0000 		.word	3348
 238              		.cfi_endproc
 239              	.LFE38:
 240              		.size	write_motor_speed, .-write_motor_speed
 241              		.section	.text.handle_UART_input,"ax",%progbits
 242              		.align	2
 243              		.global	handle_UART_input
 244              		.code	16
 245              		.thumb_func
 246              		.type	handle_UART_input, %function
 247              	handle_UART_input:
 248              	.LFB39:
  69:main.c        **** 
  70:main.c        **** void handle_UART_input(char inp_ch) {
 249              		.loc 1 70 0
 250              		.cfi_startproc
 251              		@ args = 0, pretend = 0, frame = 0
 252              		@ frame_needed = 0, uses_anonymous_args = 0
 253              	.LVL32:
 254 0000 70B5     		push	{r4, r5, r6, lr}
 255              		.cfi_def_cfa_offset 16
 256              		.cfi_offset 4, -16
 257              		.cfi_offset 5, -12
 258              		.cfi_offset 6, -8
 259              		.cfi_offset 14, -4
  71:main.c        ****     /* 
  72:main.c        ****     Main input function.
  73:main.c        ****     Responsible for setting modes and writing speeds.
  74:main.c        ****     Operates with most of the global variables.
  75:main.c        ****     */
  76:main.c        ****     
  77:main.c        ****     if (manual_control_flag) {
 260              		.loc 1 77 0
 261 0002 314B     		ldr	r3, .L23
ARM GAS  C:\Windows\TEMP\ccWd1YO3.s 			page 7


 262 0004 1B78     		ldrb	r3, [r3]
 263 0006 5BB2     		sxtb	r3, r3
 264 0008 002B     		cmp	r3, #0
 265 000a 5BD0     		beq	.L14
  78:main.c        ****         if(inp_ch == 'p'){
 266              		.loc 1 78 0
 267 000c 7028     		cmp	r0, #112
 268 000e 06D1     		bne	.L16
  79:main.c        ****             print_speed_flag = 0;
 269              		.loc 1 79 0
 270 0010 0022     		movs	r2, #0
 271 0012 2E4B     		ldr	r3, .L23+4
 272 0014 1A70     		strb	r2, [r3]
  80:main.c        ****             UART_print_string("Set The Speeds:");
 273              		.loc 1 80 0
 274 0016 2E48     		ldr	r0, .L23+8
 275              	.LVL33:
 276 0018 FFF7FEFF 		bl	UART_print_string
 277              	.LVL34:
 278 001c 52E0     		b	.L14
 279              	.LVL35:
 280              	.L16:
  81:main.c        ****         }
  82:main.c        ****         else if(inp_ch == 's'){
 281              		.loc 1 82 0
 282 001e 7328     		cmp	r0, #115
 283 0020 03D1     		bne	.L17
  83:main.c        ****             print_speed_flag = 1;
 284              		.loc 1 83 0
 285 0022 0122     		movs	r2, #1
 286 0024 294B     		ldr	r3, .L23+4
 287 0026 1A70     		strb	r2, [r3]
 288 0028 4CE0     		b	.L14
 289              	.L17:
  84:main.c        ****         }
  85:main.c        ****         else if(inp_ch == 'x') {
 290              		.loc 1 85 0
 291 002a 7828     		cmp	r0, #120
 292 002c 09D1     		bne	.L18
  86:main.c        ****             UART_print_string("Enabled Serving:");
 293              		.loc 1 86 0
 294 002e 2948     		ldr	r0, .L23+12
 295              	.LVL36:
 296 0030 FFF7FEFF 		bl	UART_print_string
 297              	.LVL37:
  87:main.c        ****             serving_enabled = 1;
 298              		.loc 1 87 0
 299 0034 0122     		movs	r2, #1
 300 0036 284B     		ldr	r3, .L23+16
 301 0038 1A70     		strb	r2, [r3]
  88:main.c        ****             Pin_Serve_Write(1);
 302              		.loc 1 88 0
 303 003a 0120     		movs	r0, #1
 304 003c FFF7FEFF 		bl	Pin_Serve_Write
 305              	.LVL38:
 306 0040 40E0     		b	.L14
 307              	.LVL39:
ARM GAS  C:\Windows\TEMP\ccWd1YO3.s 			page 8


 308              	.L18:
  89:main.c        ****         }
  90:main.c        ****         else if (inp_ch == 'z') {
 309              		.loc 1 90 0
 310 0042 7A28     		cmp	r0, #122
 311 0044 09D1     		bne	.L19
  91:main.c        ****             UART_print_string("Disabled Serving:");
 312              		.loc 1 91 0
 313 0046 2548     		ldr	r0, .L23+20
 314              	.LVL40:
 315 0048 FFF7FEFF 		bl	UART_print_string
 316              	.LVL41:
  92:main.c        ****             serving_enabled = 0;
 317              		.loc 1 92 0
 318 004c 0022     		movs	r2, #0
 319 004e 224B     		ldr	r3, .L23+16
 320 0050 1A70     		strb	r2, [r3]
  93:main.c        ****             Pin_Serve_Write(0);
 321              		.loc 1 93 0
 322 0052 0020     		movs	r0, #0
 323 0054 FFF7FEFF 		bl	Pin_Serve_Write
 324              	.LVL42:
 325 0058 34E0     		b	.L14
 326              	.LVL43:
 327              	.L19:
  94:main.c        ****         }
  95:main.c        ****         else if (inp_ch == ' ') {
 328              		.loc 1 95 0
 329 005a 2028     		cmp	r0, #32
 330 005c 0CD1     		bne	.L20
  96:main.c        ****             motor_speeds[speed_idx] = speed_buf;
 331              		.loc 1 96 0
 332 005e 2049     		ldr	r1, .L23+24
 333 0060 0023     		movs	r3, #0
 334 0062 CB56     		ldrsb	r3, [r1, r3]
 335 0064 5C00     		lsls	r4, r3, #1
 336 0066 1F4A     		ldr	r2, .L23+28
 337 0068 1588     		ldrh	r5, [r2]
 338 006a 1F48     		ldr	r0, .L23+32
 339              	.LVL44:
 340 006c 2552     		strh	r5, [r4, r0]
  97:main.c        ****             speed_idx++;
 341              		.loc 1 97 0
 342 006e 0133     		adds	r3, r3, #1
 343 0070 0B70     		strb	r3, [r1]
  98:main.c        ****             speed_buf = 0;
 344              		.loc 1 98 0
 345 0072 0023     		movs	r3, #0
 346 0074 1380     		strh	r3, [r2]
 347 0076 25E0     		b	.L14
 348              	.LVL45:
 349              	.L20:
  99:main.c        ****         }
 100:main.c        ****         else if(inp_ch == '\r'){
 350              		.loc 1 100 0
 351 0078 0D28     		cmp	r0, #13
 352 007a 15D1     		bne	.L21
ARM GAS  C:\Windows\TEMP\ccWd1YO3.s 			page 9


 101:main.c        ****             if (speed_idx == MOTOR_COUNT - 1) {
 353              		.loc 1 101 0
 354 007c 184B     		ldr	r3, .L23+24
 355 007e 1B78     		ldrb	r3, [r3]
 356 0080 5BB2     		sxtb	r3, r3
 357 0082 032B     		cmp	r3, #3
 358 0084 04D1     		bne	.L22
 102:main.c        ****                 motor_speeds[speed_idx] = speed_buf;
 359              		.loc 1 102 0
 360 0086 5B00     		lsls	r3, r3, #1
 361 0088 164A     		ldr	r2, .L23+28
 362 008a 1188     		ldrh	r1, [r2]
 363 008c 164A     		ldr	r2, .L23+32
 364 008e 9952     		strh	r1, [r3, r2]
 365              	.L22:
 103:main.c        ****             }
 104:main.c        ****             write_motor_speed(motor_speeds);
 366              		.loc 1 104 0
 367 0090 1548     		ldr	r0, .L23+32
 368              	.LVL46:
 369 0092 FFF7FEFF 		bl	write_motor_speed
 370              	.LVL47:
 105:main.c        ****             speed_buf = 0;
 371              		.loc 1 105 0
 372 0096 0022     		movs	r2, #0
 373 0098 124B     		ldr	r3, .L23+28
 374 009a 1A80     		strh	r2, [r3]
 106:main.c        ****             speed_idx = 0;
 375              		.loc 1 106 0
 376 009c 104B     		ldr	r3, .L23+24
 377 009e 1A70     		strb	r2, [r3]
 107:main.c        ****             UART_UartPutChar('\n');
 378              		.loc 1 107 0
 379 00a0 0A20     		movs	r0, #10
 380 00a2 FFF7FEFF 		bl	UART_SpiUartWriteTxData
 381              	.LVL48:
 382 00a6 0DE0     		b	.L14
 383              	.LVL49:
 384              	.L21:
 108:main.c        ****         }
 109:main.c        ****         else if(inp_ch < HIGHER_NUM_BORDER && inp_ch > LOWER_NUM_BORDER){
 385              		.loc 1 109 0
 386 00a8 0300     		movs	r3, r0
 387 00aa 303B     		subs	r3, r3, #48
 388 00ac DBB2     		uxtb	r3, r3
 389 00ae 092B     		cmp	r3, #9
 390 00b0 08D8     		bhi	.L14
 110:main.c        ****             speed_buf *= 10;
 391              		.loc 1 110 0
 392 00b2 0C4A     		ldr	r2, .L23+28
 393 00b4 1188     		ldrh	r1, [r2]
 394 00b6 8B00     		lsls	r3, r1, #2
 395 00b8 CB18     		adds	r3, r1, r3
 396 00ba 5B00     		lsls	r3, r3, #1
 397 00bc 9BB2     		uxth	r3, r3
 111:main.c        ****             speed_buf += inp_ch - '0';
 398              		.loc 1 111 0
ARM GAS  C:\Windows\TEMP\ccWd1YO3.s 			page 10


 399 00be 1818     		adds	r0, r3, r0
 400              	.LVL50:
 401 00c0 3038     		subs	r0, r0, #48
 402 00c2 1080     		strh	r0, [r2]
 403              	.L14:
 112:main.c        ****         }
 113:main.c        ****     }
 114:main.c        **** }
 404              		.loc 1 114 0
 405              		@ sp needed
 406 00c4 70BD     		pop	{r4, r5, r6, pc}
 407              	.L24:
 408 00c6 C046     		.align	2
 409              	.L23:
 410 00c8 00000000 		.word	manual_control_flag
 411 00cc 00000000 		.word	print_speed_flag
 412 00d0 04000000 		.word	.LC5
 413 00d4 14000000 		.word	.LC7
 414 00d8 00000000 		.word	.LANCHOR0
 415 00dc 28000000 		.word	.LC10
 416 00e0 00000000 		.word	speed_idx
 417 00e4 00000000 		.word	speed_buf
 418 00e8 00000000 		.word	motor_speeds
 419              		.cfi_endproc
 420              	.LFE39:
 421              		.size	handle_UART_input, .-handle_UART_input
 422              		.section	.text.Ball_Trigger_Handler,"ax",%progbits
 423              		.align	2
 424              		.global	Ball_Trigger_Handler
 425              		.code	16
 426              		.thumb_func
 427              		.type	Ball_Trigger_Handler, %function
 428              	Ball_Trigger_Handler:
 429              	.LFB40:
 115:main.c        **** 
 116:main.c        **** // Set isr trigger flag to avoid bouncing
 117:main.c        **** CY_ISR (Ball_Trigger_Handler) {
 430              		.loc 1 117 0
 431              		.cfi_startproc
 432              		@ args = 0, pretend = 0, frame = 0
 433              		@ frame_needed = 0, uses_anonymous_args = 0
 434              		@ link register save eliminated.
 118:main.c        ****     isr_triggered = 1;
 435              		.loc 1 118 0
 436 0000 0122     		movs	r2, #1
 437 0002 014B     		ldr	r3, .L26
 438 0004 5A70     		strb	r2, [r3, #1]
 119:main.c        **** }
 439              		.loc 1 119 0
 440              		@ sp needed
 441 0006 7047     		bx	lr
 442              	.L27:
 443              		.align	2
 444              	.L26:
 445 0008 00000000 		.word	.LANCHOR0
 446              		.cfi_endproc
 447              	.LFE40:
ARM GAS  C:\Windows\TEMP\ccWd1YO3.s 			page 11


 448              		.size	Ball_Trigger_Handler, .-Ball_Trigger_Handler
 449              		.section	.text.main,"ax",%progbits
 450              		.align	2
 451              		.global	main
 452              		.code	16
 453              		.thumb_func
 454              		.type	main, %function
 455              	main:
 456              	.LFB41:
 120:main.c        **** 
 121:main.c        **** 
 122:main.c        **** int main(void)
 123:main.c        **** {
 457              		.loc 1 123 0
 458              		.cfi_startproc
 459              		@ args = 0, pretend = 0, frame = 0
 460              		@ frame_needed = 0, uses_anonymous_args = 0
 461 0000 10B5     		push	{r4, lr}
 462              		.cfi_def_cfa_offset 8
 463              		.cfi_offset 4, -8
 464              		.cfi_offset 14, -4
 124:main.c        ****     CyGlobalIntEnable; /* Enable global interrupts. */
 465              		.loc 1 124 0
 466              		.syntax divided
 467              	@ 124 "main.c" 1
 468 0002 62B6     		CPSIE   i
 469              	@ 0 "" 2
 125:main.c        **** 
 126:main.c        ****     Pin_Output_DOWN_Write(1);
 470              		.loc 1 126 0
 471              		.thumb
 472              		.syntax unified
 473 0004 0120     		movs	r0, #1
 474 0006 FFF7FEFF 		bl	Pin_Output_DOWN_Write
 475              	.LVL51:
 127:main.c        ****     Pin_Output_DOWN_GROUND_Write(0);
 476              		.loc 1 127 0
 477 000a 0020     		movs	r0, #0
 478 000c FFF7FEFF 		bl	Pin_Output_DOWN_GROUND_Write
 479              	.LVL52:
 128:main.c        ****     Pin_Output_LEFT_Write(1);
 480              		.loc 1 128 0
 481 0010 0120     		movs	r0, #1
 482 0012 FFF7FEFF 		bl	Pin_Output_LEFT_Write
 483              	.LVL53:
 129:main.c        ****     Pin_Output_LEFT_GROUND_Write(0);
 484              		.loc 1 129 0
 485 0016 0020     		movs	r0, #0
 486 0018 FFF7FEFF 		bl	Pin_Output_LEFT_GROUND_Write
 487              	.LVL54:
 130:main.c        ****     Pin_Output_UP_Write(1);
 488              		.loc 1 130 0
 489 001c 0120     		movs	r0, #1
 490 001e FFF7FEFF 		bl	Pin_Output_UP_Write
 491              	.LVL55:
 131:main.c        ****     Pin_Output_UP_GROUND_Write(0);
 492              		.loc 1 131 0
ARM GAS  C:\Windows\TEMP\ccWd1YO3.s 			page 12


 493 0022 0020     		movs	r0, #0
 494 0024 FFF7FEFF 		bl	Pin_Output_UP_GROUND_Write
 495              	.LVL56:
 132:main.c        ****     /*
 133:main.c        ****     for(;;)
 134:main.c        ****     {   
 135:main.c        ****         ch = UART_UartGetChar();
 136:main.c        ****         if (ch == 'a') {
 137:main.c        ****             // Automatically disable printing speed on automatic mode.
 138:main.c        ****             manual_control_flag = 0;
 139:main.c        ****             print_speed_flag = 0;
 140:main.c        ****             UART_print_string("Automatic Control Activated:");
 141:main.c        ****             UART_print_string("Enabled Serving:");
 142:main.c        ****             serving_enabled = 1;
 143:main.c        ****             Pin_Serve_Write(1);
 144:main.c        ****         } else if (ch == 'm') {
 145:main.c        ****             manual_control_flag = 1;
 146:main.c        ****             UART_print_string("Manual Control Activated:");
 147:main.c        ****         } else {
 148:main.c        ****             handle_UART_input(ch);
 149:main.c        ****         }
 150:main.c        **** 
 151:main.c        ****         if(print_speed_flag){
 152:main.c        ****             CyDelay(PRINT_DATA_DELAY);
 153:main.c        ****             print_all_speed(); 
 154:main.c        ****         }
 155:main.c        ****         else{
 156:main.c        ****             UART_UartPutChar(ch);
 157:main.c        ****         }
 158:main.c        ****         // Ball serve detection
 159:main.c        ****         if (isr_triggered) {
 160:main.c        ****             Pin_Serve_Write(0);
 161:main.c        ****             CyDelay(SERVE_DELAY);
 162:main.c        ****             isr_triggered = 0;
 163:main.c        ****             if (serving_enabled) {
 164:main.c        ****                 Pin_Serve_Write(1);
 165:main.c        ****             }
 166:main.c        ****             // Automatic control cycle
 167:main.c        ****             if (!manual_control_flag) {
 168:main.c        ****                 UART_print_string("New Config");
 169:main.c        ****                 print_all_speed(); 
 170:main.c        ****                 write_motor_speed(speed_configs[conf_iterator]);
 171:main.c        ****                 conf_iterator++;
 172:main.c        ****                 if (conf_iterator > conf_size - 1) {
 173:main.c        ****                     conf_iterator = 0;
 174:main.c        ****                 }
 175:main.c        ****             }
 176:main.c        ****         }
 177:main.c        ****     }*/
 178:main.c        **** }
 496              		.loc 1 178 0
 497 0028 0020     		movs	r0, #0
 498              		@ sp needed
 499 002a 10BD     		pop	{r4, pc}
 500              		.cfi_endproc
 501              	.LFE41:
 502              		.size	main, .-main
ARM GAS  C:\Windows\TEMP\ccWd1YO3.s 			page 13


 503              		.comm	speed_buf,2,2
 504              		.comm	motor_speeds,8,4
 505              		.global	serving_enabled
 506              		.global	isr_triggered
 507              		.comm	speed_idx,1,1
 508              		.global	conf_iterator
 509              		.global	conf_size
 510              		.global	speed_configs
 511              		.comm	uart_rpm_buff,4,4
 512              		.comm	manual_control_flag,1,1
 513              		.comm	print_speed_flag,1,1
 514              		.data
 515              		.align	2
 516              		.type	conf_size, %object
 517              		.size	conf_size, 2
 518              	conf_size:
 519 0000 0400     		.short	4
 520 0002 0000     		.space	2
 521              		.type	speed_configs, %object
 522              		.size	speed_configs, 32
 523              	speed_configs:
 524 0004 A00F     		.short	4000
 525 0006 A00F     		.short	4000
 526 0008 A00F     		.short	4000
 527 000a A00F     		.short	4000
 528 000c 0000     		.short	0
 529 000e A00F     		.short	4000
 530 0010 A00F     		.short	4000
 531 0012 A00F     		.short	4000
 532 0014 A00F     		.short	4000
 533 0016 A00F     		.short	4000
 534 0018 0000     		.short	0
 535 001a A00F     		.short	4000
 536 001c A00F     		.short	4000
 537 001e A00F     		.short	4000
 538 0020 A00F     		.short	4000
 539 0022 A00F     		.short	4000
 540              		.section	.rodata.str1.4,"aMS",%progbits,1
 541              		.align	2
 542              	.LC0:
 543 0000 257500   		.ascii	"%u\000"
 544 0003 00       		.space	1
 545              	.LC5:
 546 0004 53657420 		.ascii	"Set The Speeds:\000"
 546      54686520 
 546      53706565 
 546      64733A00 
 547              	.LC7:
 548 0014 456E6162 		.ascii	"Enabled Serving:\000"
 548      6C656420 
 548      53657276 
 548      696E673A 
 548      00
 549 0025 000000   		.space	3
 550              	.LC10:
 551 0028 44697361 		.ascii	"Disabled Serving:\000"
 551      626C6564 
ARM GAS  C:\Windows\TEMP\ccWd1YO3.s 			page 14


 551      20536572 
 551      76696E67 
 551      3A00
 552              		.bss
 553              		.set	.LANCHOR0,. + 0
 554              		.type	serving_enabled, %object
 555              		.size	serving_enabled, 1
 556              	serving_enabled:
 557 0000 00       		.space	1
 558              		.type	isr_triggered, %object
 559              		.size	isr_triggered, 1
 560              	isr_triggered:
 561 0001 00       		.space	1
 562              		.type	conf_iterator, %object
 563              		.size	conf_iterator, 1
 564              	conf_iterator:
 565 0002 00       		.space	1
 566              		.text
 567              	.Letext0:
 568              		.file 2 "c:\\program files (x86)\\cypress\\psoc creator\\4.4\\psoc creator\\import\\gnu\\arm\\5.4.
 569              		.file 3 "c:\\program files (x86)\\cypress\\psoc creator\\4.4\\psoc creator\\import\\gnu\\arm\\5.4.
 570              		.file 4 "Generated_Source\\PSoC4/cytypes.h"
 571              		.file 5 "main_data.h"
 572              		.file 6 "Generated_Source\\PSoC4/UART_SPI_UART.h"
 573              		.file 7 "Generated_Source\\PSoC4/FanController.h"
 574              		.file 8 "c:\\program files (x86)\\cypress\\psoc creator\\4.4\\psoc creator\\import\\gnu\\arm\\5.4.
 575              		.file 9 "Generated_Source\\PSoC4/Pin_Serve.h"
 576              		.file 10 "Generated_Source\\PSoC4/Pin_Output_DOWN.h"
 577              		.file 11 "Generated_Source\\PSoC4/Pin_Output_DOWN_GROUND.h"
 578              		.file 12 "Generated_Source\\PSoC4/Pin_Output_LEFT.h"
 579              		.file 13 "Generated_Source\\PSoC4/Pin_Output_LEFT_GROUND.h"
 580              		.file 14 "Generated_Source\\PSoC4/Pin_Output_UP.h"
 581              		.file 15 "Generated_Source\\PSoC4/Pin_Output_UP_GROUND.h"
 582              		.section	.debug_info,"",%progbits
 583              	.Ldebug_info0:
 584 0000 BE050000 		.4byte	0x5be
 585 0004 0400     		.2byte	0x4
 586 0006 00000000 		.4byte	.Ldebug_abbrev0
 587 000a 04       		.byte	0x4
 588 000b 01       		.uleb128 0x1
 589 000c 85020000 		.4byte	.LASF54
 590 0010 0C       		.byte	0xc
 591 0011 58030000 		.4byte	.LASF55
 592 0015 00000000 		.4byte	.LASF56
 593 0019 00000000 		.4byte	.Ldebug_ranges0+0
 594 001d 00000000 		.4byte	0
 595 0021 00000000 		.4byte	.Ldebug_line0
 596 0025 02       		.uleb128 0x2
 597 0026 54000000 		.4byte	.LASF2
 598 002a 02       		.byte	0x2
 599 002b 1B       		.byte	0x1b
 600 002c 30000000 		.4byte	0x30
 601 0030 03       		.uleb128 0x3
 602 0031 01       		.byte	0x1
 603 0032 06       		.byte	0x6
 604 0033 79020000 		.4byte	.LASF0
 605 0037 03       		.uleb128 0x3
ARM GAS  C:\Windows\TEMP\ccWd1YO3.s 			page 15


 606 0038 01       		.byte	0x1
 607 0039 08       		.byte	0x8
 608 003a 62010000 		.4byte	.LASF1
 609 003e 02       		.uleb128 0x2
 610 003f 9C000000 		.4byte	.LASF3
 611 0043 02       		.byte	0x2
 612 0044 29       		.byte	0x29
 613 0045 49000000 		.4byte	0x49
 614 0049 03       		.uleb128 0x3
 615 004a 02       		.byte	0x2
 616 004b 05       		.byte	0x5
 617 004c 72030000 		.4byte	.LASF4
 618 0050 02       		.uleb128 0x2
 619 0051 E4010000 		.4byte	.LASF5
 620 0055 02       		.byte	0x2
 621 0056 2B       		.byte	0x2b
 622 0057 5B000000 		.4byte	0x5b
 623 005b 03       		.uleb128 0x3
 624 005c 02       		.byte	0x2
 625 005d 07       		.byte	0x7
 626 005e 94010000 		.4byte	.LASF6
 627 0062 03       		.uleb128 0x3
 628 0063 04       		.byte	0x4
 629 0064 05       		.byte	0x5
 630 0065 A6000000 		.4byte	.LASF7
 631 0069 03       		.uleb128 0x3
 632 006a 04       		.byte	0x4
 633 006b 07       		.byte	0x7
 634 006c 82010000 		.4byte	.LASF8
 635 0070 03       		.uleb128 0x3
 636 0071 08       		.byte	0x8
 637 0072 05       		.byte	0x5
 638 0073 4A030000 		.4byte	.LASF9
 639 0077 03       		.uleb128 0x3
 640 0078 08       		.byte	0x8
 641 0079 07       		.byte	0x7
 642 007a 3E020000 		.4byte	.LASF10
 643 007e 04       		.uleb128 0x4
 644 007f 04       		.byte	0x4
 645 0080 05       		.byte	0x5
 646 0081 696E7400 		.ascii	"int\000"
 647 0085 03       		.uleb128 0x3
 648 0086 04       		.byte	0x4
 649 0087 07       		.byte	0x7
 650 0088 1B020000 		.4byte	.LASF11
 651 008c 02       		.uleb128 0x2
 652 008d F0000000 		.4byte	.LASF12
 653 0091 03       		.byte	0x3
 654 0092 14       		.byte	0x14
 655 0093 25000000 		.4byte	0x25
 656 0097 02       		.uleb128 0x2
 657 0098 71020000 		.4byte	.LASF13
 658 009c 03       		.byte	0x3
 659 009d 20       		.byte	0x20
 660 009e 3E000000 		.4byte	0x3e
 661 00a2 02       		.uleb128 0x2
 662 00a3 89030000 		.4byte	.LASF14
ARM GAS  C:\Windows\TEMP\ccWd1YO3.s 			page 16


 663 00a7 03       		.byte	0x3
 664 00a8 24       		.byte	0x24
 665 00a9 50000000 		.4byte	0x50
 666 00ad 05       		.uleb128 0x5
 667 00ae 14020000 		.4byte	.LASF15
 668 00b2 04       		.byte	0x4
 669 00b3 FD01     		.2byte	0x1fd
 670 00b5 69000000 		.4byte	0x69
 671 00b9 05       		.uleb128 0x5
 672 00ba 0F020000 		.4byte	.LASF16
 673 00be 04       		.byte	0x4
 674 00bf FE01     		.2byte	0x1fe
 675 00c1 30000000 		.4byte	0x30
 676 00c5 05       		.uleb128 0x5
 677 00c6 7C010000 		.4byte	.LASF17
 678 00ca 04       		.byte	0x4
 679 00cb FF01     		.2byte	0x1ff
 680 00cd 49000000 		.4byte	0x49
 681 00d1 03       		.uleb128 0x3
 682 00d2 04       		.byte	0x4
 683 00d3 04       		.byte	0x4
 684 00d4 28010000 		.4byte	.LASF18
 685 00d8 03       		.uleb128 0x3
 686 00d9 08       		.byte	0x8
 687 00da 04       		.byte	0x4
 688 00db EF010000 		.4byte	.LASF19
 689 00df 03       		.uleb128 0x3
 690 00e0 01       		.byte	0x1
 691 00e1 08       		.byte	0x8
 692 00e2 5F030000 		.4byte	.LASF20
 693 00e6 03       		.uleb128 0x3
 694 00e7 08       		.byte	0x8
 695 00e8 04       		.byte	0x4
 696 00e9 CE030000 		.4byte	.LASF21
 697 00ed 03       		.uleb128 0x3
 698 00ee 04       		.byte	0x4
 699 00ef 07       		.byte	0x7
 700 00f0 23030000 		.4byte	.LASF22
 701 00f4 06       		.uleb128 0x6
 702 00f5 04       		.byte	0x4
 703 00f6 DF000000 		.4byte	0xdf
 704 00fa 07       		.uleb128 0x7
 705 00fb 55020000 		.4byte	.LASF24
 706 00ff 01       		.byte	0x1
 707 0100 19       		.byte	0x19
 708 0101 00000000 		.4byte	.LFB36
 709 0105 24000000 		.4byte	.LFE36-.LFB36
 710 0109 01       		.uleb128 0x1
 711 010a 9C       		.byte	0x9c
 712 010b 7B010000 		.4byte	0x17b
 713 010f 08       		.uleb128 0x8
 714 0110 EB000000 		.4byte	.LASF26
 715 0114 01       		.byte	0x1
 716 0115 19       		.byte	0x19
 717 0116 F4000000 		.4byte	0xf4
 718 011a 00000000 		.4byte	.LLST0
 719 011e 09       		.uleb128 0x9
ARM GAS  C:\Windows\TEMP\ccWd1YO3.s 			page 17


 720 011f 0A000000 		.4byte	.LVL2
 721 0123 30050000 		.4byte	0x530
 722 0127 31010000 		.4byte	0x131
 723 012b 0A       		.uleb128 0xa
 724 012c 01       		.uleb128 0x1
 725 012d 50       		.byte	0x50
 726 012e 01       		.uleb128 0x1
 727 012f 3A       		.byte	0x3a
 728 0130 00       		.byte	0
 729 0131 09       		.uleb128 0x9
 730 0132 10000000 		.4byte	.LVL3
 731 0136 30050000 		.4byte	0x530
 732 013a 44010000 		.4byte	0x144
 733 013e 0A       		.uleb128 0xa
 734 013f 01       		.uleb128 0x1
 735 0140 50       		.byte	0x50
 736 0141 01       		.uleb128 0x1
 737 0142 3D       		.byte	0x3d
 738 0143 00       		.byte	0
 739 0144 09       		.uleb128 0x9
 740 0145 16000000 		.4byte	.LVL4
 741 0149 3C050000 		.4byte	0x53c
 742 014d 58010000 		.4byte	0x158
 743 0151 0A       		.uleb128 0xa
 744 0152 01       		.uleb128 0x1
 745 0153 50       		.byte	0x50
 746 0154 02       		.uleb128 0x2
 747 0155 74       		.byte	0x74
 748 0156 00       		.sleb128 0
 749 0157 00       		.byte	0
 750 0158 09       		.uleb128 0x9
 751 0159 1C000000 		.4byte	.LVL5
 752 015d 30050000 		.4byte	0x530
 753 0161 6B010000 		.4byte	0x16b
 754 0165 0A       		.uleb128 0xa
 755 0166 01       		.uleb128 0x1
 756 0167 50       		.byte	0x50
 757 0168 01       		.uleb128 0x1
 758 0169 3A       		.byte	0x3a
 759 016a 00       		.byte	0
 760 016b 0B       		.uleb128 0xb
 761 016c 22000000 		.4byte	.LVL6
 762 0170 30050000 		.4byte	0x530
 763 0174 0A       		.uleb128 0xa
 764 0175 01       		.uleb128 0x1
 765 0176 50       		.byte	0x50
 766 0177 01       		.uleb128 0x1
 767 0178 3D       		.byte	0x3d
 768 0179 00       		.byte	0
 769 017a 00       		.byte	0
 770 017b 0C       		.uleb128 0xc
 771 017c 3A030000 		.4byte	.LASF57
 772 0180 01       		.byte	0x1
 773 0181 23       		.byte	0x23
 774 0182 00000000 		.4byte	.LFB37
 775 0186 64000000 		.4byte	.LFE37-.LFB37
 776 018a 01       		.uleb128 0x1
ARM GAS  C:\Windows\TEMP\ccWd1YO3.s 			page 18


 777 018b 9C       		.byte	0x9c
 778 018c 85020000 		.4byte	0x285
 779 0190 0D       		.uleb128 0xd
 780 0191 70010000 		.4byte	.LASF23
 781 0195 01       		.byte	0x1
 782 0196 28       		.byte	0x28
 783 0197 A2000000 		.4byte	0xa2
 784 019b 2C000000 		.4byte	.LLST1
 785 019f 0E       		.uleb128 0xe
 786 01a0 02000000 		.4byte	.LBB2
 787 01a4 4C000000 		.4byte	.LBE2-.LBB2
 788 01a8 62020000 		.4byte	0x262
 789 01ac 0F       		.uleb128 0xf
 790 01ad 6900     		.ascii	"i\000"
 791 01af 01       		.byte	0x1
 792 01b0 29       		.byte	0x29
 793 01b1 7E000000 		.4byte	0x7e
 794 01b5 56000000 		.4byte	.LLST2
 795 01b9 09       		.uleb128 0x9
 796 01ba 0E000000 		.4byte	.LVL10
 797 01be 48050000 		.4byte	0x548
 798 01c2 CD010000 		.4byte	0x1cd
 799 01c6 0A       		.uleb128 0xa
 800 01c7 01       		.uleb128 0x1
 801 01c8 50       		.byte	0x50
 802 01c9 02       		.uleb128 0x2
 803 01ca 76       		.byte	0x76
 804 01cb 00       		.sleb128 0
 805 01cc 00       		.byte	0
 806 01cd 09       		.uleb128 0x9
 807 01ce 1E000000 		.4byte	.LVL12
 808 01d2 53050000 		.4byte	0x553
 809 01d6 E7010000 		.4byte	0x1e7
 810 01da 0A       		.uleb128 0xa
 811 01db 01       		.uleb128 0x1
 812 01dc 50       		.byte	0x50
 813 01dd 02       		.uleb128 0x2
 814 01de 74       		.byte	0x74
 815 01df 00       		.sleb128 0
 816 01e0 0A       		.uleb128 0xa
 817 01e1 01       		.uleb128 0x1
 818 01e2 51       		.byte	0x51
 819 01e3 02       		.uleb128 0x2
 820 01e4 75       		.byte	0x75
 821 01e5 00       		.sleb128 0
 822 01e6 00       		.byte	0
 823 01e7 09       		.uleb128 0x9
 824 01e8 24000000 		.4byte	.LVL13
 825 01ec 3C050000 		.4byte	0x53c
 826 01f0 FB010000 		.4byte	0x1fb
 827 01f4 0A       		.uleb128 0xa
 828 01f5 01       		.uleb128 0x1
 829 01f6 50       		.byte	0x50
 830 01f7 02       		.uleb128 0x2
 831 01f8 74       		.byte	0x74
 832 01f9 00       		.sleb128 0
 833 01fa 00       		.byte	0
ARM GAS  C:\Windows\TEMP\ccWd1YO3.s 			page 19


 834 01fb 09       		.uleb128 0x9
 835 01fc 2A000000 		.4byte	.LVL14
 836 0200 30050000 		.4byte	0x530
 837 0204 0F020000 		.4byte	0x20f
 838 0208 0A       		.uleb128 0xa
 839 0209 01       		.uleb128 0x1
 840 020a 50       		.byte	0x50
 841 020b 02       		.uleb128 0x2
 842 020c 08       		.byte	0x8
 843 020d 20       		.byte	0x20
 844 020e 00       		.byte	0
 845 020f 09       		.uleb128 0x9
 846 0210 30000000 		.4byte	.LVL15
 847 0214 5E050000 		.4byte	0x55e
 848 0218 23020000 		.4byte	0x223
 849 021c 0A       		.uleb128 0xa
 850 021d 01       		.uleb128 0x1
 851 021e 50       		.byte	0x50
 852 021f 02       		.uleb128 0x2
 853 0220 76       		.byte	0x76
 854 0221 00       		.sleb128 0
 855 0222 00       		.byte	0
 856 0223 09       		.uleb128 0x9
 857 0224 3C000000 		.4byte	.LVL17
 858 0228 53050000 		.4byte	0x553
 859 022c 3D020000 		.4byte	0x23d
 860 0230 0A       		.uleb128 0xa
 861 0231 01       		.uleb128 0x1
 862 0232 50       		.byte	0x50
 863 0233 02       		.uleb128 0x2
 864 0234 74       		.byte	0x74
 865 0235 00       		.sleb128 0
 866 0236 0A       		.uleb128 0xa
 867 0237 01       		.uleb128 0x1
 868 0238 51       		.byte	0x51
 869 0239 02       		.uleb128 0x2
 870 023a 75       		.byte	0x75
 871 023b 00       		.sleb128 0
 872 023c 00       		.byte	0
 873 023d 09       		.uleb128 0x9
 874 023e 42000000 		.4byte	.LVL18
 875 0242 3C050000 		.4byte	0x53c
 876 0246 51020000 		.4byte	0x251
 877 024a 0A       		.uleb128 0xa
 878 024b 01       		.uleb128 0x1
 879 024c 50       		.byte	0x50
 880 024d 02       		.uleb128 0x2
 881 024e 74       		.byte	0x74
 882 024f 00       		.sleb128 0
 883 0250 00       		.byte	0
 884 0251 0B       		.uleb128 0xb
 885 0252 48000000 		.4byte	.LVL19
 886 0256 30050000 		.4byte	0x530
 887 025a 0A       		.uleb128 0xa
 888 025b 01       		.uleb128 0x1
 889 025c 50       		.byte	0x50
 890 025d 02       		.uleb128 0x2
ARM GAS  C:\Windows\TEMP\ccWd1YO3.s 			page 20


 891 025e 08       		.byte	0x8
 892 025f 20       		.byte	0x20
 893 0260 00       		.byte	0
 894 0261 00       		.byte	0
 895 0262 09       		.uleb128 0x9
 896 0263 54000000 		.4byte	.LVL21
 897 0267 30050000 		.4byte	0x530
 898 026b 75020000 		.4byte	0x275
 899 026f 0A       		.uleb128 0xa
 900 0270 01       		.uleb128 0x1
 901 0271 50       		.byte	0x50
 902 0272 01       		.uleb128 0x1
 903 0273 3A       		.byte	0x3a
 904 0274 00       		.byte	0
 905 0275 0B       		.uleb128 0xb
 906 0276 5A000000 		.4byte	.LVL22
 907 027a 30050000 		.4byte	0x530
 908 027e 0A       		.uleb128 0xa
 909 027f 01       		.uleb128 0x1
 910 0280 50       		.byte	0x50
 911 0281 01       		.uleb128 0x1
 912 0282 3D       		.byte	0x3d
 913 0283 00       		.byte	0
 914 0284 00       		.byte	0
 915 0285 07       		.uleb128 0x7
 916 0286 DA030000 		.4byte	.LASF25
 917 028a 01       		.byte	0x1
 918 028b 39       		.byte	0x39
 919 028c 00000000 		.4byte	.LFB38
 920 0290 48000000 		.4byte	.LFE38-.LFB38
 921 0294 01       		.uleb128 0x1
 922 0295 9C       		.byte	0x9c
 923 0296 EA020000 		.4byte	0x2ea
 924 029a 08       		.uleb128 0x8
 925 029b EC030000 		.4byte	.LASF27
 926 029f 01       		.byte	0x1
 927 02a0 39       		.byte	0x39
 928 02a1 EA020000 		.4byte	0x2ea
 929 02a5 75000000 		.4byte	.LLST3
 930 02a9 10       		.uleb128 0x10
 931 02aa 04000000 		.4byte	.LBB3
 932 02ae 38000000 		.4byte	.LBE3-.LBB3
 933 02b2 0F       		.uleb128 0xf
 934 02b3 6900     		.ascii	"i\000"
 935 02b5 01       		.byte	0x1
 936 02b6 3B       		.byte	0x3b
 937 02b7 7E000000 		.4byte	0x7e
 938 02bb A1000000 		.4byte	.LLST4
 939 02bf 09       		.uleb128 0x9
 940 02c0 26000000 		.4byte	.LVL27
 941 02c4 69050000 		.4byte	0x569
 942 02c8 D3020000 		.4byte	0x2d3
 943 02cc 0A       		.uleb128 0xa
 944 02cd 01       		.uleb128 0x1
 945 02ce 50       		.byte	0x50
 946 02cf 02       		.uleb128 0x2
 947 02d0 74       		.byte	0x74
ARM GAS  C:\Windows\TEMP\ccWd1YO3.s 			page 21


 948 02d1 01       		.sleb128 1
 949 02d2 00       		.byte	0
 950 02d3 0B       		.uleb128 0xb
 951 02d4 36000000 		.4byte	.LVL28
 952 02d8 69050000 		.4byte	0x569
 953 02dc 0A       		.uleb128 0xa
 954 02dd 01       		.uleb128 0x1
 955 02de 50       		.byte	0x50
 956 02df 02       		.uleb128 0x2
 957 02e0 74       		.byte	0x74
 958 02e1 01       		.sleb128 1
 959 02e2 0A       		.uleb128 0xa
 960 02e3 01       		.uleb128 0x1
 961 02e4 51       		.byte	0x51
 962 02e5 01       		.uleb128 0x1
 963 02e6 30       		.byte	0x30
 964 02e7 00       		.byte	0
 965 02e8 00       		.byte	0
 966 02e9 00       		.byte	0
 967 02ea 06       		.uleb128 0x6
 968 02eb 04       		.byte	0x4
 969 02ec 97000000 		.4byte	0x97
 970 02f0 07       		.uleb128 0x7
 971 02f1 D2010000 		.4byte	.LASF28
 972 02f5 01       		.byte	0x1
 973 02f6 46       		.byte	0x46
 974 02f7 00000000 		.4byte	.LFB39
 975 02fb EC000000 		.4byte	.LFE39-.LFB39
 976 02ff 01       		.uleb128 0x1
 977 0300 9C       		.byte	0x9c
 978 0301 A6030000 		.4byte	0x3a6
 979 0305 08       		.uleb128 0x8
 980 0306 C7000000 		.4byte	.LASF29
 981 030a 01       		.byte	0x1
 982 030b 46       		.byte	0x46
 983 030c DF000000 		.4byte	0xdf
 984 0310 C0000000 		.4byte	.LLST5
 985 0314 09       		.uleb128 0x9
 986 0315 1C000000 		.4byte	.LVL34
 987 0319 FA000000 		.4byte	0xfa
 988 031d 2B030000 		.4byte	0x32b
 989 0321 0A       		.uleb128 0xa
 990 0322 01       		.uleb128 0x1
 991 0323 50       		.byte	0x50
 992 0324 05       		.uleb128 0x5
 993 0325 03       		.byte	0x3
 994 0326 04000000 		.4byte	.LC5
 995 032a 00       		.byte	0
 996 032b 09       		.uleb128 0x9
 997 032c 34000000 		.4byte	.LVL37
 998 0330 FA000000 		.4byte	0xfa
 999 0334 42030000 		.4byte	0x342
 1000 0338 0A       		.uleb128 0xa
 1001 0339 01       		.uleb128 0x1
 1002 033a 50       		.byte	0x50
 1003 033b 05       		.uleb128 0x5
 1004 033c 03       		.byte	0x3
ARM GAS  C:\Windows\TEMP\ccWd1YO3.s 			page 22


 1005 033d 14000000 		.4byte	.LC7
 1006 0341 00       		.byte	0
 1007 0342 09       		.uleb128 0x9
 1008 0343 40000000 		.4byte	.LVL38
 1009 0347 74050000 		.4byte	0x574
 1010 034b 55030000 		.4byte	0x355
 1011 034f 0A       		.uleb128 0xa
 1012 0350 01       		.uleb128 0x1
 1013 0351 50       		.byte	0x50
 1014 0352 01       		.uleb128 0x1
 1015 0353 31       		.byte	0x31
 1016 0354 00       		.byte	0
 1017 0355 09       		.uleb128 0x9
 1018 0356 4C000000 		.4byte	.LVL41
 1019 035a FA000000 		.4byte	0xfa
 1020 035e 6C030000 		.4byte	0x36c
 1021 0362 0A       		.uleb128 0xa
 1022 0363 01       		.uleb128 0x1
 1023 0364 50       		.byte	0x50
 1024 0365 05       		.uleb128 0x5
 1025 0366 03       		.byte	0x3
 1026 0367 28000000 		.4byte	.LC10
 1027 036b 00       		.byte	0
 1028 036c 09       		.uleb128 0x9
 1029 036d 58000000 		.4byte	.LVL42
 1030 0371 74050000 		.4byte	0x574
 1031 0375 7F030000 		.4byte	0x37f
 1032 0379 0A       		.uleb128 0xa
 1033 037a 01       		.uleb128 0x1
 1034 037b 50       		.byte	0x50
 1035 037c 01       		.uleb128 0x1
 1036 037d 30       		.byte	0x30
 1037 037e 00       		.byte	0
 1038 037f 09       		.uleb128 0x9
 1039 0380 96000000 		.4byte	.LVL47
 1040 0384 85020000 		.4byte	0x285
 1041 0388 96030000 		.4byte	0x396
 1042 038c 0A       		.uleb128 0xa
 1043 038d 01       		.uleb128 0x1
 1044 038e 50       		.byte	0x50
 1045 038f 05       		.uleb128 0x5
 1046 0390 03       		.byte	0x3
 1047 0391 00000000 		.4byte	motor_speeds
 1048 0395 00       		.byte	0
 1049 0396 0B       		.uleb128 0xb
 1050 0397 A6000000 		.4byte	.LVL48
 1051 039b 30050000 		.4byte	0x530
 1052 039f 0A       		.uleb128 0xa
 1053 03a0 01       		.uleb128 0x1
 1054 03a1 50       		.byte	0x50
 1055 03a2 01       		.uleb128 0x1
 1056 03a3 3A       		.byte	0x3a
 1057 03a4 00       		.byte	0
 1058 03a5 00       		.byte	0
 1059 03a6 11       		.uleb128 0x11
 1060 03a7 05040000 		.4byte	.LASF58
 1061 03ab 01       		.byte	0x1
ARM GAS  C:\Windows\TEMP\ccWd1YO3.s 			page 23


 1062 03ac 75       		.byte	0x75
 1063 03ad 00000000 		.4byte	.LFB40
 1064 03b1 0C000000 		.4byte	.LFE40-.LFB40
 1065 03b5 01       		.uleb128 0x1
 1066 03b6 9C       		.byte	0x9c
 1067 03b7 12       		.uleb128 0x12
 1068 03b8 0A020000 		.4byte	.LASF59
 1069 03bc 01       		.byte	0x1
 1070 03bd 7A       		.byte	0x7a
 1071 03be 7E000000 		.4byte	0x7e
 1072 03c2 00000000 		.4byte	.LFB41
 1073 03c6 2C000000 		.4byte	.LFE41-.LFB41
 1074 03ca 01       		.uleb128 0x1
 1075 03cb 9C       		.byte	0x9c
 1076 03cc 3F040000 		.4byte	0x43f
 1077 03d0 09       		.uleb128 0x9
 1078 03d1 0A000000 		.4byte	.LVL51
 1079 03d5 7F050000 		.4byte	0x57f
 1080 03d9 E3030000 		.4byte	0x3e3
 1081 03dd 0A       		.uleb128 0xa
 1082 03de 01       		.uleb128 0x1
 1083 03df 50       		.byte	0x50
 1084 03e0 01       		.uleb128 0x1
 1085 03e1 31       		.byte	0x31
 1086 03e2 00       		.byte	0
 1087 03e3 09       		.uleb128 0x9
 1088 03e4 10000000 		.4byte	.LVL52
 1089 03e8 8A050000 		.4byte	0x58a
 1090 03ec F6030000 		.4byte	0x3f6
 1091 03f0 0A       		.uleb128 0xa
 1092 03f1 01       		.uleb128 0x1
 1093 03f2 50       		.byte	0x50
 1094 03f3 01       		.uleb128 0x1
 1095 03f4 30       		.byte	0x30
 1096 03f5 00       		.byte	0
 1097 03f6 09       		.uleb128 0x9
 1098 03f7 16000000 		.4byte	.LVL53
 1099 03fb 95050000 		.4byte	0x595
 1100 03ff 09040000 		.4byte	0x409
 1101 0403 0A       		.uleb128 0xa
 1102 0404 01       		.uleb128 0x1
 1103 0405 50       		.byte	0x50
 1104 0406 01       		.uleb128 0x1
 1105 0407 31       		.byte	0x31
 1106 0408 00       		.byte	0
 1107 0409 09       		.uleb128 0x9
 1108 040a 1C000000 		.4byte	.LVL54
 1109 040e A0050000 		.4byte	0x5a0
 1110 0412 1C040000 		.4byte	0x41c
 1111 0416 0A       		.uleb128 0xa
 1112 0417 01       		.uleb128 0x1
 1113 0418 50       		.byte	0x50
 1114 0419 01       		.uleb128 0x1
 1115 041a 30       		.byte	0x30
 1116 041b 00       		.byte	0
 1117 041c 09       		.uleb128 0x9
 1118 041d 22000000 		.4byte	.LVL55
ARM GAS  C:\Windows\TEMP\ccWd1YO3.s 			page 24


 1119 0421 AB050000 		.4byte	0x5ab
 1120 0425 2F040000 		.4byte	0x42f
 1121 0429 0A       		.uleb128 0xa
 1122 042a 01       		.uleb128 0x1
 1123 042b 50       		.byte	0x50
 1124 042c 01       		.uleb128 0x1
 1125 042d 31       		.byte	0x31
 1126 042e 00       		.byte	0
 1127 042f 0B       		.uleb128 0xb
 1128 0430 28000000 		.4byte	.LVL56
 1129 0434 B6050000 		.4byte	0x5b6
 1130 0438 0A       		.uleb128 0xa
 1131 0439 01       		.uleb128 0x1
 1132 043a 50       		.byte	0x50
 1133 043b 01       		.uleb128 0x1
 1134 043c 30       		.byte	0x30
 1135 043d 00       		.byte	0
 1136 043e 00       		.byte	0
 1137 043f 13       		.uleb128 0x13
 1138 0440 A2030000 		.4byte	.LASF30
 1139 0444 05       		.byte	0x5
 1140 0445 1B       		.byte	0x1b
 1141 0446 8C000000 		.4byte	0x8c
 1142 044a 05       		.uleb128 0x5
 1143 044b 03       		.byte	0x3
 1144 044c 00000000 		.4byte	print_speed_flag
 1145 0450 13       		.uleb128 0x13
 1146 0451 88000000 		.4byte	.LASF31
 1147 0455 05       		.byte	0x5
 1148 0456 1D       		.byte	0x1d
 1149 0457 8C000000 		.4byte	0x8c
 1150 045b 05       		.uleb128 0x5
 1151 045c 03       		.byte	0x3
 1152 045d 00000000 		.4byte	manual_control_flag
 1153 0461 14       		.uleb128 0x14
 1154 0462 DF000000 		.4byte	0xdf
 1155 0466 71040000 		.4byte	0x471
 1156 046a 15       		.uleb128 0x15
 1157 046b ED000000 		.4byte	0xed
 1158 046f 03       		.byte	0x3
 1159 0470 00       		.byte	0
 1160 0471 13       		.uleb128 0x13
 1161 0472 C4010000 		.4byte	.LASF32
 1162 0476 05       		.byte	0x5
 1163 0477 1F       		.byte	0x1f
 1164 0478 61040000 		.4byte	0x461
 1165 047c 05       		.uleb128 0x5
 1166 047d 03       		.byte	0x3
 1167 047e 00000000 		.4byte	uart_rpm_buff
 1168 0482 14       		.uleb128 0x14
 1169 0483 97000000 		.4byte	0x97
 1170 0487 98040000 		.4byte	0x498
 1171 048b 15       		.uleb128 0x15
 1172 048c ED000000 		.4byte	0xed
 1173 0490 03       		.byte	0x3
 1174 0491 15       		.uleb128 0x15
 1175 0492 ED000000 		.4byte	0xed
ARM GAS  C:\Windows\TEMP\ccWd1YO3.s 			page 25


 1176 0496 03       		.byte	0x3
 1177 0497 00       		.byte	0
 1178 0498 13       		.uleb128 0x13
 1179 0499 64030000 		.4byte	.LASF33
 1180 049d 05       		.byte	0x5
 1181 049e 21       		.byte	0x21
 1182 049f 82040000 		.4byte	0x482
 1183 04a3 05       		.uleb128 0x5
 1184 04a4 03       		.byte	0x3
 1185 04a5 00000000 		.4byte	speed_configs
 1186 04a9 13       		.uleb128 0x13
 1187 04aa F3030000 		.4byte	.LASF34
 1188 04ae 05       		.byte	0x5
 1189 04af 25       		.byte	0x25
 1190 04b0 97000000 		.4byte	0x97
 1191 04b4 05       		.uleb128 0x5
 1192 04b5 03       		.byte	0x3
 1193 04b6 00000000 		.4byte	conf_size
 1194 04ba 13       		.uleb128 0x13
 1195 04bb 7A000000 		.4byte	.LASF35
 1196 04bf 05       		.byte	0x5
 1197 04c0 26       		.byte	0x26
 1198 04c1 8C000000 		.4byte	0x8c
 1199 04c5 05       		.uleb128 0x5
 1200 04c6 03       		.byte	0x3
 1201 04c7 00000000 		.4byte	conf_iterator
 1202 04cb 13       		.uleb128 0x13
 1203 04cc 67020000 		.4byte	.LASF36
 1204 04d0 01       		.byte	0x1
 1205 04d1 11       		.byte	0x11
 1206 04d2 B9000000 		.4byte	0xb9
 1207 04d6 05       		.uleb128 0x5
 1208 04d7 03       		.byte	0x3
 1209 04d8 00000000 		.4byte	speed_idx
 1210 04dc 13       		.uleb128 0x13
 1211 04dd 2C030000 		.4byte	.LASF37
 1212 04e1 01       		.byte	0x1
 1213 04e2 12       		.byte	0x12
 1214 04e3 B9000000 		.4byte	0xb9
 1215 04e7 05       		.uleb128 0x5
 1216 04e8 03       		.byte	0x3
 1217 04e9 00000000 		.4byte	isr_triggered
 1218 04ed 13       		.uleb128 0x13
 1219 04ee 13030000 		.4byte	.LASF38
 1220 04f2 01       		.byte	0x1
 1221 04f3 13       		.byte	0x13
 1222 04f4 B9000000 		.4byte	0xb9
 1223 04f8 05       		.uleb128 0x5
 1224 04f9 03       		.byte	0x3
 1225 04fa 00000000 		.4byte	serving_enabled
 1226 04fe 14       		.uleb128 0x14
 1227 04ff 97000000 		.4byte	0x97
 1228 0503 0E050000 		.4byte	0x50e
 1229 0507 15       		.uleb128 0x15
 1230 0508 ED000000 		.4byte	0xed
 1231 050c 03       		.byte	0x3
 1232 050d 00       		.byte	0
ARM GAS  C:\Windows\TEMP\ccWd1YO3.s 			page 26


 1233 050e 13       		.uleb128 0x13
 1234 050f 7C030000 		.4byte	.LASF39
 1235 0513 01       		.byte	0x1
 1236 0514 15       		.byte	0x15
 1237 0515 FE040000 		.4byte	0x4fe
 1238 0519 05       		.uleb128 0x5
 1239 051a 03       		.byte	0x3
 1240 051b 00000000 		.4byte	motor_speeds
 1241 051f 13       		.uleb128 0x13
 1242 0520 4A000000 		.4byte	.LASF40
 1243 0524 01       		.byte	0x1
 1244 0525 16       		.byte	0x16
 1245 0526 C5000000 		.4byte	0xc5
 1246 052a 05       		.uleb128 0x5
 1247 052b 03       		.byte	0x3
 1248 052c 00000000 		.4byte	speed_buf
 1249 0530 16       		.uleb128 0x16
 1250 0531 AF000000 		.4byte	.LASF41
 1251 0535 AF000000 		.4byte	.LASF41
 1252 0539 06       		.byte	0x6
 1253 053a 4403     		.2byte	0x344
 1254 053c 16       		.uleb128 0x16
 1255 053d F7000000 		.4byte	.LASF42
 1256 0541 F7000000 		.4byte	.LASF42
 1257 0545 06       		.byte	0x6
 1258 0546 2A03     		.2byte	0x32a
 1259 0548 17       		.uleb128 0x17
 1260 0549 A7010000 		.4byte	.LASF43
 1261 054d A7010000 		.4byte	.LASF43
 1262 0551 07       		.byte	0x7
 1263 0552 6D       		.byte	0x6d
 1264 0553 17       		.uleb128 0x17
 1265 0554 FD030000 		.4byte	.LASF44
 1266 0558 FD030000 		.4byte	.LASF44
 1267 055c 08       		.byte	0x8
 1268 055d E7       		.byte	0xe7
 1269 055e 17       		.uleb128 0x17
 1270 055f 0A010000 		.4byte	.LASF45
 1271 0563 0A010000 		.4byte	.LASF45
 1272 0567 07       		.byte	0x7
 1273 0568 7C       		.byte	0x7c
 1274 0569 17       		.uleb128 0x17
 1275 056a 2E010000 		.4byte	.LASF46
 1276 056e 2E010000 		.4byte	.LASF46
 1277 0572 07       		.byte	0x7
 1278 0573 6B       		.byte	0x6b
 1279 0574 17       		.uleb128 0x17
 1280 0575 92030000 		.4byte	.LASF47
 1281 0579 92030000 		.4byte	.LASF47
 1282 057d 09       		.byte	0x9
 1283 057e 33       		.byte	0x33
 1284 057f 17       		.uleb128 0x17
 1285 0580 4C010000 		.4byte	.LASF48
 1286 0584 4C010000 		.4byte	.LASF48
 1287 0588 0A       		.byte	0xa
 1288 0589 33       		.byte	0x33
 1289 058a 17       		.uleb128 0x17
ARM GAS  C:\Windows\TEMP\ccWd1YO3.s 			page 27


 1290 058b 5D000000 		.4byte	.LASF49
 1291 058f 5D000000 		.4byte	.LASF49
 1292 0593 0B       		.byte	0xb
 1293 0594 33       		.byte	0x33
 1294 0595 17       		.uleb128 0x17
 1295 0596 28020000 		.4byte	.LASF50
 1296 059a 28020000 		.4byte	.LASF50
 1297 059e 0C       		.byte	0xc
 1298 059f 33       		.byte	0x33
 1299 05a0 17       		.uleb128 0x17
 1300 05a1 CE000000 		.4byte	.LASF51
 1301 05a5 CE000000 		.4byte	.LASF51
 1302 05a9 0D       		.byte	0xd
 1303 05aa 33       		.byte	0x33
 1304 05ab 17       		.uleb128 0x17
 1305 05ac F6010000 		.4byte	.LASF52
 1306 05b0 F6010000 		.4byte	.LASF52
 1307 05b4 0E       		.byte	0xe
 1308 05b5 33       		.byte	0x33
 1309 05b6 17       		.uleb128 0x17
 1310 05b7 B3030000 		.4byte	.LASF53
 1311 05bb B3030000 		.4byte	.LASF53
 1312 05bf 0F       		.byte	0xf
 1313 05c0 33       		.byte	0x33
 1314 05c1 00       		.byte	0
 1315              		.section	.debug_abbrev,"",%progbits
 1316              	.Ldebug_abbrev0:
 1317 0000 01       		.uleb128 0x1
 1318 0001 11       		.uleb128 0x11
 1319 0002 01       		.byte	0x1
 1320 0003 25       		.uleb128 0x25
 1321 0004 0E       		.uleb128 0xe
 1322 0005 13       		.uleb128 0x13
 1323 0006 0B       		.uleb128 0xb
 1324 0007 03       		.uleb128 0x3
 1325 0008 0E       		.uleb128 0xe
 1326 0009 1B       		.uleb128 0x1b
 1327 000a 0E       		.uleb128 0xe
 1328 000b 55       		.uleb128 0x55
 1329 000c 17       		.uleb128 0x17
 1330 000d 11       		.uleb128 0x11
 1331 000e 01       		.uleb128 0x1
 1332 000f 10       		.uleb128 0x10
 1333 0010 17       		.uleb128 0x17
 1334 0011 00       		.byte	0
 1335 0012 00       		.byte	0
 1336 0013 02       		.uleb128 0x2
 1337 0014 16       		.uleb128 0x16
 1338 0015 00       		.byte	0
 1339 0016 03       		.uleb128 0x3
 1340 0017 0E       		.uleb128 0xe
 1341 0018 3A       		.uleb128 0x3a
 1342 0019 0B       		.uleb128 0xb
 1343 001a 3B       		.uleb128 0x3b
 1344 001b 0B       		.uleb128 0xb
 1345 001c 49       		.uleb128 0x49
 1346 001d 13       		.uleb128 0x13
ARM GAS  C:\Windows\TEMP\ccWd1YO3.s 			page 28


 1347 001e 00       		.byte	0
 1348 001f 00       		.byte	0
 1349 0020 03       		.uleb128 0x3
 1350 0021 24       		.uleb128 0x24
 1351 0022 00       		.byte	0
 1352 0023 0B       		.uleb128 0xb
 1353 0024 0B       		.uleb128 0xb
 1354 0025 3E       		.uleb128 0x3e
 1355 0026 0B       		.uleb128 0xb
 1356 0027 03       		.uleb128 0x3
 1357 0028 0E       		.uleb128 0xe
 1358 0029 00       		.byte	0
 1359 002a 00       		.byte	0
 1360 002b 04       		.uleb128 0x4
 1361 002c 24       		.uleb128 0x24
 1362 002d 00       		.byte	0
 1363 002e 0B       		.uleb128 0xb
 1364 002f 0B       		.uleb128 0xb
 1365 0030 3E       		.uleb128 0x3e
 1366 0031 0B       		.uleb128 0xb
 1367 0032 03       		.uleb128 0x3
 1368 0033 08       		.uleb128 0x8
 1369 0034 00       		.byte	0
 1370 0035 00       		.byte	0
 1371 0036 05       		.uleb128 0x5
 1372 0037 16       		.uleb128 0x16
 1373 0038 00       		.byte	0
 1374 0039 03       		.uleb128 0x3
 1375 003a 0E       		.uleb128 0xe
 1376 003b 3A       		.uleb128 0x3a
 1377 003c 0B       		.uleb128 0xb
 1378 003d 3B       		.uleb128 0x3b
 1379 003e 05       		.uleb128 0x5
 1380 003f 49       		.uleb128 0x49
 1381 0040 13       		.uleb128 0x13
 1382 0041 00       		.byte	0
 1383 0042 00       		.byte	0
 1384 0043 06       		.uleb128 0x6
 1385 0044 0F       		.uleb128 0xf
 1386 0045 00       		.byte	0
 1387 0046 0B       		.uleb128 0xb
 1388 0047 0B       		.uleb128 0xb
 1389 0048 49       		.uleb128 0x49
 1390 0049 13       		.uleb128 0x13
 1391 004a 00       		.byte	0
 1392 004b 00       		.byte	0
 1393 004c 07       		.uleb128 0x7
 1394 004d 2E       		.uleb128 0x2e
 1395 004e 01       		.byte	0x1
 1396 004f 3F       		.uleb128 0x3f
 1397 0050 19       		.uleb128 0x19
 1398 0051 03       		.uleb128 0x3
 1399 0052 0E       		.uleb128 0xe
 1400 0053 3A       		.uleb128 0x3a
 1401 0054 0B       		.uleb128 0xb
 1402 0055 3B       		.uleb128 0x3b
 1403 0056 0B       		.uleb128 0xb
ARM GAS  C:\Windows\TEMP\ccWd1YO3.s 			page 29


 1404 0057 27       		.uleb128 0x27
 1405 0058 19       		.uleb128 0x19
 1406 0059 11       		.uleb128 0x11
 1407 005a 01       		.uleb128 0x1
 1408 005b 12       		.uleb128 0x12
 1409 005c 06       		.uleb128 0x6
 1410 005d 40       		.uleb128 0x40
 1411 005e 18       		.uleb128 0x18
 1412 005f 9742     		.uleb128 0x2117
 1413 0061 19       		.uleb128 0x19
 1414 0062 01       		.uleb128 0x1
 1415 0063 13       		.uleb128 0x13
 1416 0064 00       		.byte	0
 1417 0065 00       		.byte	0
 1418 0066 08       		.uleb128 0x8
 1419 0067 05       		.uleb128 0x5
 1420 0068 00       		.byte	0
 1421 0069 03       		.uleb128 0x3
 1422 006a 0E       		.uleb128 0xe
 1423 006b 3A       		.uleb128 0x3a
 1424 006c 0B       		.uleb128 0xb
 1425 006d 3B       		.uleb128 0x3b
 1426 006e 0B       		.uleb128 0xb
 1427 006f 49       		.uleb128 0x49
 1428 0070 13       		.uleb128 0x13
 1429 0071 02       		.uleb128 0x2
 1430 0072 17       		.uleb128 0x17
 1431 0073 00       		.byte	0
 1432 0074 00       		.byte	0
 1433 0075 09       		.uleb128 0x9
 1434 0076 898201   		.uleb128 0x4109
 1435 0079 01       		.byte	0x1
 1436 007a 11       		.uleb128 0x11
 1437 007b 01       		.uleb128 0x1
 1438 007c 31       		.uleb128 0x31
 1439 007d 13       		.uleb128 0x13
 1440 007e 01       		.uleb128 0x1
 1441 007f 13       		.uleb128 0x13
 1442 0080 00       		.byte	0
 1443 0081 00       		.byte	0
 1444 0082 0A       		.uleb128 0xa
 1445 0083 8A8201   		.uleb128 0x410a
 1446 0086 00       		.byte	0
 1447 0087 02       		.uleb128 0x2
 1448 0088 18       		.uleb128 0x18
 1449 0089 9142     		.uleb128 0x2111
 1450 008b 18       		.uleb128 0x18
 1451 008c 00       		.byte	0
 1452 008d 00       		.byte	0
 1453 008e 0B       		.uleb128 0xb
 1454 008f 898201   		.uleb128 0x4109
 1455 0092 01       		.byte	0x1
 1456 0093 11       		.uleb128 0x11
 1457 0094 01       		.uleb128 0x1
 1458 0095 31       		.uleb128 0x31
 1459 0096 13       		.uleb128 0x13
 1460 0097 00       		.byte	0
ARM GAS  C:\Windows\TEMP\ccWd1YO3.s 			page 30


 1461 0098 00       		.byte	0
 1462 0099 0C       		.uleb128 0xc
 1463 009a 2E       		.uleb128 0x2e
 1464 009b 01       		.byte	0x1
 1465 009c 3F       		.uleb128 0x3f
 1466 009d 19       		.uleb128 0x19
 1467 009e 03       		.uleb128 0x3
 1468 009f 0E       		.uleb128 0xe
 1469 00a0 3A       		.uleb128 0x3a
 1470 00a1 0B       		.uleb128 0xb
 1471 00a2 3B       		.uleb128 0x3b
 1472 00a3 0B       		.uleb128 0xb
 1473 00a4 11       		.uleb128 0x11
 1474 00a5 01       		.uleb128 0x1
 1475 00a6 12       		.uleb128 0x12
 1476 00a7 06       		.uleb128 0x6
 1477 00a8 40       		.uleb128 0x40
 1478 00a9 18       		.uleb128 0x18
 1479 00aa 9742     		.uleb128 0x2117
 1480 00ac 19       		.uleb128 0x19
 1481 00ad 01       		.uleb128 0x1
 1482 00ae 13       		.uleb128 0x13
 1483 00af 00       		.byte	0
 1484 00b0 00       		.byte	0
 1485 00b1 0D       		.uleb128 0xd
 1486 00b2 34       		.uleb128 0x34
 1487 00b3 00       		.byte	0
 1488 00b4 03       		.uleb128 0x3
 1489 00b5 0E       		.uleb128 0xe
 1490 00b6 3A       		.uleb128 0x3a
 1491 00b7 0B       		.uleb128 0xb
 1492 00b8 3B       		.uleb128 0x3b
 1493 00b9 0B       		.uleb128 0xb
 1494 00ba 49       		.uleb128 0x49
 1495 00bb 13       		.uleb128 0x13
 1496 00bc 02       		.uleb128 0x2
 1497 00bd 17       		.uleb128 0x17
 1498 00be 00       		.byte	0
 1499 00bf 00       		.byte	0
 1500 00c0 0E       		.uleb128 0xe
 1501 00c1 0B       		.uleb128 0xb
 1502 00c2 01       		.byte	0x1
 1503 00c3 11       		.uleb128 0x11
 1504 00c4 01       		.uleb128 0x1
 1505 00c5 12       		.uleb128 0x12
 1506 00c6 06       		.uleb128 0x6
 1507 00c7 01       		.uleb128 0x1
 1508 00c8 13       		.uleb128 0x13
 1509 00c9 00       		.byte	0
 1510 00ca 00       		.byte	0
 1511 00cb 0F       		.uleb128 0xf
 1512 00cc 34       		.uleb128 0x34
 1513 00cd 00       		.byte	0
 1514 00ce 03       		.uleb128 0x3
 1515 00cf 08       		.uleb128 0x8
 1516 00d0 3A       		.uleb128 0x3a
 1517 00d1 0B       		.uleb128 0xb
ARM GAS  C:\Windows\TEMP\ccWd1YO3.s 			page 31


 1518 00d2 3B       		.uleb128 0x3b
 1519 00d3 0B       		.uleb128 0xb
 1520 00d4 49       		.uleb128 0x49
 1521 00d5 13       		.uleb128 0x13
 1522 00d6 02       		.uleb128 0x2
 1523 00d7 17       		.uleb128 0x17
 1524 00d8 00       		.byte	0
 1525 00d9 00       		.byte	0
 1526 00da 10       		.uleb128 0x10
 1527 00db 0B       		.uleb128 0xb
 1528 00dc 01       		.byte	0x1
 1529 00dd 11       		.uleb128 0x11
 1530 00de 01       		.uleb128 0x1
 1531 00df 12       		.uleb128 0x12
 1532 00e0 06       		.uleb128 0x6
 1533 00e1 00       		.byte	0
 1534 00e2 00       		.byte	0
 1535 00e3 11       		.uleb128 0x11
 1536 00e4 2E       		.uleb128 0x2e
 1537 00e5 00       		.byte	0
 1538 00e6 3F       		.uleb128 0x3f
 1539 00e7 19       		.uleb128 0x19
 1540 00e8 03       		.uleb128 0x3
 1541 00e9 0E       		.uleb128 0xe
 1542 00ea 3A       		.uleb128 0x3a
 1543 00eb 0B       		.uleb128 0xb
 1544 00ec 3B       		.uleb128 0x3b
 1545 00ed 0B       		.uleb128 0xb
 1546 00ee 27       		.uleb128 0x27
 1547 00ef 19       		.uleb128 0x19
 1548 00f0 11       		.uleb128 0x11
 1549 00f1 01       		.uleb128 0x1
 1550 00f2 12       		.uleb128 0x12
 1551 00f3 06       		.uleb128 0x6
 1552 00f4 40       		.uleb128 0x40
 1553 00f5 18       		.uleb128 0x18
 1554 00f6 9742     		.uleb128 0x2117
 1555 00f8 19       		.uleb128 0x19
 1556 00f9 00       		.byte	0
 1557 00fa 00       		.byte	0
 1558 00fb 12       		.uleb128 0x12
 1559 00fc 2E       		.uleb128 0x2e
 1560 00fd 01       		.byte	0x1
 1561 00fe 3F       		.uleb128 0x3f
 1562 00ff 19       		.uleb128 0x19
 1563 0100 03       		.uleb128 0x3
 1564 0101 0E       		.uleb128 0xe
 1565 0102 3A       		.uleb128 0x3a
 1566 0103 0B       		.uleb128 0xb
 1567 0104 3B       		.uleb128 0x3b
 1568 0105 0B       		.uleb128 0xb
 1569 0106 27       		.uleb128 0x27
 1570 0107 19       		.uleb128 0x19
 1571 0108 49       		.uleb128 0x49
 1572 0109 13       		.uleb128 0x13
 1573 010a 11       		.uleb128 0x11
 1574 010b 01       		.uleb128 0x1
ARM GAS  C:\Windows\TEMP\ccWd1YO3.s 			page 32


 1575 010c 12       		.uleb128 0x12
 1576 010d 06       		.uleb128 0x6
 1577 010e 40       		.uleb128 0x40
 1578 010f 18       		.uleb128 0x18
 1579 0110 9742     		.uleb128 0x2117
 1580 0112 19       		.uleb128 0x19
 1581 0113 01       		.uleb128 0x1
 1582 0114 13       		.uleb128 0x13
 1583 0115 00       		.byte	0
 1584 0116 00       		.byte	0
 1585 0117 13       		.uleb128 0x13
 1586 0118 34       		.uleb128 0x34
 1587 0119 00       		.byte	0
 1588 011a 03       		.uleb128 0x3
 1589 011b 0E       		.uleb128 0xe
 1590 011c 3A       		.uleb128 0x3a
 1591 011d 0B       		.uleb128 0xb
 1592 011e 3B       		.uleb128 0x3b
 1593 011f 0B       		.uleb128 0xb
 1594 0120 49       		.uleb128 0x49
 1595 0121 13       		.uleb128 0x13
 1596 0122 3F       		.uleb128 0x3f
 1597 0123 19       		.uleb128 0x19
 1598 0124 02       		.uleb128 0x2
 1599 0125 18       		.uleb128 0x18
 1600 0126 00       		.byte	0
 1601 0127 00       		.byte	0
 1602 0128 14       		.uleb128 0x14
 1603 0129 01       		.uleb128 0x1
 1604 012a 01       		.byte	0x1
 1605 012b 49       		.uleb128 0x49
 1606 012c 13       		.uleb128 0x13
 1607 012d 01       		.uleb128 0x1
 1608 012e 13       		.uleb128 0x13
 1609 012f 00       		.byte	0
 1610 0130 00       		.byte	0
 1611 0131 15       		.uleb128 0x15
 1612 0132 21       		.uleb128 0x21
 1613 0133 00       		.byte	0
 1614 0134 49       		.uleb128 0x49
 1615 0135 13       		.uleb128 0x13
 1616 0136 2F       		.uleb128 0x2f
 1617 0137 0B       		.uleb128 0xb
 1618 0138 00       		.byte	0
 1619 0139 00       		.byte	0
 1620 013a 16       		.uleb128 0x16
 1621 013b 2E       		.uleb128 0x2e
 1622 013c 00       		.byte	0
 1623 013d 3F       		.uleb128 0x3f
 1624 013e 19       		.uleb128 0x19
 1625 013f 3C       		.uleb128 0x3c
 1626 0140 19       		.uleb128 0x19
 1627 0141 6E       		.uleb128 0x6e
 1628 0142 0E       		.uleb128 0xe
 1629 0143 03       		.uleb128 0x3
 1630 0144 0E       		.uleb128 0xe
 1631 0145 3A       		.uleb128 0x3a
ARM GAS  C:\Windows\TEMP\ccWd1YO3.s 			page 33


 1632 0146 0B       		.uleb128 0xb
 1633 0147 3B       		.uleb128 0x3b
 1634 0148 05       		.uleb128 0x5
 1635 0149 00       		.byte	0
 1636 014a 00       		.byte	0
 1637 014b 17       		.uleb128 0x17
 1638 014c 2E       		.uleb128 0x2e
 1639 014d 00       		.byte	0
 1640 014e 3F       		.uleb128 0x3f
 1641 014f 19       		.uleb128 0x19
 1642 0150 3C       		.uleb128 0x3c
 1643 0151 19       		.uleb128 0x19
 1644 0152 6E       		.uleb128 0x6e
 1645 0153 0E       		.uleb128 0xe
 1646 0154 03       		.uleb128 0x3
 1647 0155 0E       		.uleb128 0xe
 1648 0156 3A       		.uleb128 0x3a
 1649 0157 0B       		.uleb128 0xb
 1650 0158 3B       		.uleb128 0x3b
 1651 0159 0B       		.uleb128 0xb
 1652 015a 00       		.byte	0
 1653 015b 00       		.byte	0
 1654 015c 00       		.byte	0
 1655              		.section	.debug_loc,"",%progbits
 1656              	.Ldebug_loc0:
 1657              	.LLST0:
 1658 0000 00000000 		.4byte	.LVL0
 1659 0004 06000000 		.4byte	.LVL1
 1660 0008 0100     		.2byte	0x1
 1661 000a 50       		.byte	0x50
 1662 000b 06000000 		.4byte	.LVL1
 1663 000f 22000000 		.4byte	.LVL7
 1664 0013 0100     		.2byte	0x1
 1665 0015 54       		.byte	0x54
 1666 0016 22000000 		.4byte	.LVL7
 1667 001a 24000000 		.4byte	.LFE36
 1668 001e 0400     		.2byte	0x4
 1669 0020 F3       		.byte	0xf3
 1670 0021 01       		.uleb128 0x1
 1671 0022 50       		.byte	0x50
 1672 0023 9F       		.byte	0x9f
 1673 0024 00000000 		.4byte	0
 1674 0028 00000000 		.4byte	0
 1675              	.LLST1:
 1676 002c 02000000 		.4byte	.LVL8
 1677 0030 06000000 		.4byte	.LVL9
 1678 0034 0200     		.2byte	0x2
 1679 0036 30       		.byte	0x30
 1680 0037 9F       		.byte	0x9f
 1681 0038 0E000000 		.4byte	.LVL10
 1682 003c 10000000 		.4byte	.LVL11
 1683 0040 0100     		.2byte	0x1
 1684 0042 50       		.byte	0x50
 1685 0043 30000000 		.4byte	.LVL15
 1686 0047 32000000 		.4byte	.LVL16
 1687 004b 0100     		.2byte	0x1
 1688 004d 50       		.byte	0x50
ARM GAS  C:\Windows\TEMP\ccWd1YO3.s 			page 34


 1689 004e 00000000 		.4byte	0
 1690 0052 00000000 		.4byte	0
 1691              	.LLST2:
 1692 0056 02000000 		.4byte	.LVL8
 1693 005a 06000000 		.4byte	.LVL9
 1694 005e 0200     		.2byte	0x2
 1695 0060 31       		.byte	0x31
 1696 0061 9F       		.byte	0x9f
 1697 0062 06000000 		.4byte	.LVL9
 1698 0066 5A000000 		.4byte	.LVL23
 1699 006a 0100     		.2byte	0x1
 1700 006c 57       		.byte	0x57
 1701 006d 00000000 		.4byte	0
 1702 0071 00000000 		.4byte	0
 1703              	.LLST3:
 1704 0075 00000000 		.4byte	.LVL24
 1705 0079 08000000 		.4byte	.LVL26
 1706 007d 0100     		.2byte	0x1
 1707 007f 50       		.byte	0x50
 1708 0080 08000000 		.4byte	.LVL26
 1709 0084 3C000000 		.4byte	.LVL31
 1710 0088 0100     		.2byte	0x1
 1711 008a 55       		.byte	0x55
 1712 008b 3C000000 		.4byte	.LVL31
 1713 008f 48000000 		.4byte	.LFE38
 1714 0093 0400     		.2byte	0x4
 1715 0095 F3       		.byte	0xf3
 1716 0096 01       		.uleb128 0x1
 1717 0097 50       		.byte	0x50
 1718 0098 9F       		.byte	0x9f
 1719 0099 00000000 		.4byte	0
 1720 009d 00000000 		.4byte	0
 1721              	.LLST4:
 1722 00a1 04000000 		.4byte	.LVL25
 1723 00a5 08000000 		.4byte	.LVL26
 1724 00a9 0200     		.2byte	0x2
 1725 00ab 30       		.byte	0x30
 1726 00ac 9F       		.byte	0x9f
 1727 00ad 08000000 		.4byte	.LVL26
 1728 00b1 3C000000 		.4byte	.LVL30
 1729 00b5 0100     		.2byte	0x1
 1730 00b7 54       		.byte	0x54
 1731 00b8 00000000 		.4byte	0
 1732 00bc 00000000 		.4byte	0
 1733              	.LLST5:
 1734 00c0 00000000 		.4byte	.LVL32
 1735 00c4 18000000 		.4byte	.LVL33
 1736 00c8 0100     		.2byte	0x1
 1737 00ca 50       		.byte	0x50
 1738 00cb 18000000 		.4byte	.LVL33
 1739 00cf 1E000000 		.4byte	.LVL35
 1740 00d3 0400     		.2byte	0x4
 1741 00d5 F3       		.byte	0xf3
 1742 00d6 01       		.uleb128 0x1
 1743 00d7 50       		.byte	0x50
 1744 00d8 9F       		.byte	0x9f
 1745 00d9 1E000000 		.4byte	.LVL35
ARM GAS  C:\Windows\TEMP\ccWd1YO3.s 			page 35


 1746 00dd 30000000 		.4byte	.LVL36
 1747 00e1 0100     		.2byte	0x1
 1748 00e3 50       		.byte	0x50
 1749 00e4 30000000 		.4byte	.LVL36
 1750 00e8 42000000 		.4byte	.LVL39
 1751 00ec 0400     		.2byte	0x4
 1752 00ee F3       		.byte	0xf3
 1753 00ef 01       		.uleb128 0x1
 1754 00f0 50       		.byte	0x50
 1755 00f1 9F       		.byte	0x9f
 1756 00f2 42000000 		.4byte	.LVL39
 1757 00f6 48000000 		.4byte	.LVL40
 1758 00fa 0100     		.2byte	0x1
 1759 00fc 50       		.byte	0x50
 1760 00fd 48000000 		.4byte	.LVL40
 1761 0101 5A000000 		.4byte	.LVL43
 1762 0105 0400     		.2byte	0x4
 1763 0107 F3       		.byte	0xf3
 1764 0108 01       		.uleb128 0x1
 1765 0109 50       		.byte	0x50
 1766 010a 9F       		.byte	0x9f
 1767 010b 5A000000 		.4byte	.LVL43
 1768 010f 6C000000 		.4byte	.LVL44
 1769 0113 0100     		.2byte	0x1
 1770 0115 50       		.byte	0x50
 1771 0116 6C000000 		.4byte	.LVL44
 1772 011a 78000000 		.4byte	.LVL45
 1773 011e 0400     		.2byte	0x4
 1774 0120 F3       		.byte	0xf3
 1775 0121 01       		.uleb128 0x1
 1776 0122 50       		.byte	0x50
 1777 0123 9F       		.byte	0x9f
 1778 0124 78000000 		.4byte	.LVL45
 1779 0128 92000000 		.4byte	.LVL46
 1780 012c 0100     		.2byte	0x1
 1781 012e 50       		.byte	0x50
 1782 012f 92000000 		.4byte	.LVL46
 1783 0133 A8000000 		.4byte	.LVL49
 1784 0137 0400     		.2byte	0x4
 1785 0139 F3       		.byte	0xf3
 1786 013a 01       		.uleb128 0x1
 1787 013b 50       		.byte	0x50
 1788 013c 9F       		.byte	0x9f
 1789 013d A8000000 		.4byte	.LVL49
 1790 0141 C0000000 		.4byte	.LVL50
 1791 0145 0100     		.2byte	0x1
 1792 0147 50       		.byte	0x50
 1793 0148 C0000000 		.4byte	.LVL50
 1794 014c EC000000 		.4byte	.LFE39
 1795 0150 0400     		.2byte	0x4
 1796 0152 F3       		.byte	0xf3
 1797 0153 01       		.uleb128 0x1
 1798 0154 50       		.byte	0x50
 1799 0155 9F       		.byte	0x9f
 1800 0156 00000000 		.4byte	0
 1801 015a 00000000 		.4byte	0
 1802              		.section	.debug_aranges,"",%progbits
ARM GAS  C:\Windows\TEMP\ccWd1YO3.s 			page 36


 1803 0000 44000000 		.4byte	0x44
 1804 0004 0200     		.2byte	0x2
 1805 0006 00000000 		.4byte	.Ldebug_info0
 1806 000a 04       		.byte	0x4
 1807 000b 00       		.byte	0
 1808 000c 0000     		.2byte	0
 1809 000e 0000     		.2byte	0
 1810 0010 00000000 		.4byte	.LFB36
 1811 0014 24000000 		.4byte	.LFE36-.LFB36
 1812 0018 00000000 		.4byte	.LFB37
 1813 001c 64000000 		.4byte	.LFE37-.LFB37
 1814 0020 00000000 		.4byte	.LFB38
 1815 0024 48000000 		.4byte	.LFE38-.LFB38
 1816 0028 00000000 		.4byte	.LFB39
 1817 002c EC000000 		.4byte	.LFE39-.LFB39
 1818 0030 00000000 		.4byte	.LFB40
 1819 0034 0C000000 		.4byte	.LFE40-.LFB40
 1820 0038 00000000 		.4byte	.LFB41
 1821 003c 2C000000 		.4byte	.LFE41-.LFB41
 1822 0040 00000000 		.4byte	0
 1823 0044 00000000 		.4byte	0
 1824              		.section	.debug_ranges,"",%progbits
 1825              	.Ldebug_ranges0:
 1826 0000 00000000 		.4byte	.LFB36
 1827 0004 24000000 		.4byte	.LFE36
 1828 0008 00000000 		.4byte	.LFB37
 1829 000c 64000000 		.4byte	.LFE37
 1830 0010 00000000 		.4byte	.LFB38
 1831 0014 48000000 		.4byte	.LFE38
 1832 0018 00000000 		.4byte	.LFB39
 1833 001c EC000000 		.4byte	.LFE39
 1834 0020 00000000 		.4byte	.LFB40
 1835 0024 0C000000 		.4byte	.LFE40
 1836 0028 00000000 		.4byte	.LFB41
 1837 002c 2C000000 		.4byte	.LFE41
 1838 0030 00000000 		.4byte	0
 1839 0034 00000000 		.4byte	0
 1840              		.section	.debug_line,"",%progbits
 1841              	.Ldebug_line0:
 1842 0000 66030000 		.section	.debug_str,"MS",%progbits,1
 1842      02008402 
 1842      00000201 
 1842      FB0E0D00 
 1842      01010101 
 1843              	.LASF56:
 1844 0000 433A5C55 		.ascii	"C:\\Users\\Oleg\\Documents\\Programming\\POK\\Cyber"
 1844      73657273 
 1844      5C4F6C65 
 1844      675C446F 
 1844      63756D65 
 1845 002d 506F6E67 		.ascii	"Pong\\CyberPong_Copy_01.cydsn\000"
 1845      5C437962 
 1845      6572506F 
 1845      6E675F43 
 1845      6F70795F 
 1846              	.LASF40:
 1847 004a 73706565 		.ascii	"speed_buf\000"
ARM GAS  C:\Windows\TEMP\ccWd1YO3.s 			page 37


 1847      645F6275 
 1847      6600
 1848              	.LASF2:
 1849 0054 5F5F696E 		.ascii	"__int8_t\000"
 1849      74385F74 
 1849      00
 1850              	.LASF49:
 1851 005d 50696E5F 		.ascii	"Pin_Output_DOWN_GROUND_Write\000"
 1851      4F757470 
 1851      75745F44 
 1851      4F574E5F 
 1851      47524F55 
 1852              	.LASF35:
 1853 007a 636F6E66 		.ascii	"conf_iterator\000"
 1853      5F697465 
 1853      7261746F 
 1853      7200
 1854              	.LASF31:
 1855 0088 6D616E75 		.ascii	"manual_control_flag\000"
 1855      616C5F63 
 1855      6F6E7472 
 1855      6F6C5F66 
 1855      6C616700 
 1856              	.LASF3:
 1857 009c 5F5F696E 		.ascii	"__int16_t\000"
 1857      7431365F 
 1857      7400
 1858              	.LASF7:
 1859 00a6 6C6F6E67 		.ascii	"long int\000"
 1859      20696E74 
 1859      00
 1860              	.LASF41:
 1861 00af 55415254 		.ascii	"UART_SpiUartWriteTxData\000"
 1861      5F537069 
 1861      55617274 
 1861      57726974 
 1861      65547844 
 1862              	.LASF29:
 1863 00c7 696E705F 		.ascii	"inp_ch\000"
 1863      636800
 1864              	.LASF51:
 1865 00ce 50696E5F 		.ascii	"Pin_Output_LEFT_GROUND_Write\000"
 1865      4F757470 
 1865      75745F4C 
 1865      4546545F 
 1865      47524F55 
 1866              	.LASF26:
 1867 00eb 74657874 		.ascii	"text\000"
 1867      00
 1868              	.LASF12:
 1869 00f0 696E7438 		.ascii	"int8_t\000"
 1869      5F7400
 1870              	.LASF42:
 1871 00f7 55415254 		.ascii	"UART_UartPutString\000"
 1871      5F556172 
 1871      74507574 
 1871      53747269 
ARM GAS  C:\Windows\TEMP\ccWd1YO3.s 			page 38


 1871      6E6700
 1872              	.LASF45:
 1873 010a 46616E43 		.ascii	"FanController_GetDesiredSpeed\000"
 1873      6F6E7472 
 1873      6F6C6C65 
 1873      725F4765 
 1873      74446573 
 1874              	.LASF18:
 1875 0128 666C6F61 		.ascii	"float\000"
 1875      7400
 1876              	.LASF46:
 1877 012e 46616E43 		.ascii	"FanController_SetDesiredSpeed\000"
 1877      6F6E7472 
 1877      6F6C6C65 
 1877      725F5365 
 1877      74446573 
 1878              	.LASF48:
 1879 014c 50696E5F 		.ascii	"Pin_Output_DOWN_Write\000"
 1879      4F757470 
 1879      75745F44 
 1879      4F574E5F 
 1879      57726974 
 1880              	.LASF1:
 1881 0162 756E7369 		.ascii	"unsigned char\000"
 1881      676E6564 
 1881      20636861 
 1881      7200
 1882              	.LASF23:
 1883 0170 63757272 		.ascii	"current_rpm\000"
 1883      656E745F 
 1883      72706D00 
 1884              	.LASF17:
 1885 017c 696E7431 		.ascii	"int16\000"
 1885      3600
 1886              	.LASF8:
 1887 0182 6C6F6E67 		.ascii	"long unsigned int\000"
 1887      20756E73 
 1887      69676E65 
 1887      6420696E 
 1887      7400
 1888              	.LASF6:
 1889 0194 73686F72 		.ascii	"short unsigned int\000"
 1889      7420756E 
 1889      7369676E 
 1889      65642069 
 1889      6E7400
 1890              	.LASF43:
 1891 01a7 46616E43 		.ascii	"FanController_GetActualSpeed\000"
 1891      6F6E7472 
 1891      6F6C6C65 
 1891      725F4765 
 1891      74416374 
 1892              	.LASF32:
 1893 01c4 75617274 		.ascii	"uart_rpm_buff\000"
 1893      5F72706D 
 1893      5F627566 
 1893      6600
ARM GAS  C:\Windows\TEMP\ccWd1YO3.s 			page 39


 1894              	.LASF28:
 1895 01d2 68616E64 		.ascii	"handle_UART_input\000"
 1895      6C655F55 
 1895      4152545F 
 1895      696E7075 
 1895      7400
 1896              	.LASF5:
 1897 01e4 5F5F7569 		.ascii	"__uint16_t\000"
 1897      6E743136 
 1897      5F7400
 1898              	.LASF19:
 1899 01ef 646F7562 		.ascii	"double\000"
 1899      6C6500
 1900              	.LASF52:
 1901 01f6 50696E5F 		.ascii	"Pin_Output_UP_Write\000"
 1901      4F757470 
 1901      75745F55 
 1901      505F5772 
 1901      69746500 
 1902              	.LASF59:
 1903 020a 6D61696E 		.ascii	"main\000"
 1903      00
 1904              	.LASF16:
 1905 020f 696E7438 		.ascii	"int8\000"
 1905      00
 1906              	.LASF15:
 1907 0214 75696E74 		.ascii	"uint32\000"
 1907      333200
 1908              	.LASF11:
 1909 021b 756E7369 		.ascii	"unsigned int\000"
 1909      676E6564 
 1909      20696E74 
 1909      00
 1910              	.LASF50:
 1911 0228 50696E5F 		.ascii	"Pin_Output_LEFT_Write\000"
 1911      4F757470 
 1911      75745F4C 
 1911      4546545F 
 1911      57726974 
 1912              	.LASF10:
 1913 023e 6C6F6E67 		.ascii	"long long unsigned int\000"
 1913      206C6F6E 
 1913      6720756E 
 1913      7369676E 
 1913      65642069 
 1914              	.LASF24:
 1915 0255 55415254 		.ascii	"UART_print_string\000"
 1915      5F707269 
 1915      6E745F73 
 1915      7472696E 
 1915      6700
 1916              	.LASF36:
 1917 0267 73706565 		.ascii	"speed_idx\000"
 1917      645F6964 
 1917      7800
 1918              	.LASF13:
 1919 0271 696E7431 		.ascii	"int16_t\000"
ARM GAS  C:\Windows\TEMP\ccWd1YO3.s 			page 40


 1919      365F7400 
 1920              	.LASF0:
 1921 0279 7369676E 		.ascii	"signed char\000"
 1921      65642063 
 1921      68617200 
 1922              	.LASF54:
 1923 0285 474E5520 		.ascii	"GNU C11 5.4.1 20160609 (release) [ARM/embedded-5-br"
 1923      43313120 
 1923      352E342E 
 1923      31203230 
 1923      31363036 
 1924 02b8 616E6368 		.ascii	"anch revision 237715] -mcpu=cortex-m0 -mthumb -g -O"
 1924      20726576 
 1924      6973696F 
 1924      6E203233 
 1924      37373135 
 1925 02eb 67202D66 		.ascii	"g -ffunction-sections -ffat-lto-objects\000"
 1925      66756E63 
 1925      74696F6E 
 1925      2D736563 
 1925      74696F6E 
 1926              	.LASF38:
 1927 0313 73657276 		.ascii	"serving_enabled\000"
 1927      696E675F 
 1927      656E6162 
 1927      6C656400 
 1928              	.LASF22:
 1929 0323 73697A65 		.ascii	"sizetype\000"
 1929      74797065 
 1929      00
 1930              	.LASF37:
 1931 032c 6973725F 		.ascii	"isr_triggered\000"
 1931      74726967 
 1931      67657265 
 1931      6400
 1932              	.LASF57:
 1933 033a 7072696E 		.ascii	"print_all_speed\000"
 1933      745F616C 
 1933      6C5F7370 
 1933      65656400 
 1934              	.LASF9:
 1935 034a 6C6F6E67 		.ascii	"long long int\000"
 1935      206C6F6E 
 1935      6720696E 
 1935      7400
 1936              	.LASF55:
 1937 0358 6D61696E 		.ascii	"main.c\000"
 1937      2E6300
 1938              	.LASF20:
 1939 035f 63686172 		.ascii	"char\000"
 1939      00
 1940              	.LASF33:
 1941 0364 73706565 		.ascii	"speed_configs\000"
 1941      645F636F 
 1941      6E666967 
 1941      7300
 1942              	.LASF4:
ARM GAS  C:\Windows\TEMP\ccWd1YO3.s 			page 41


 1943 0372 73686F72 		.ascii	"short int\000"
 1943      7420696E 
 1943      7400
 1944              	.LASF39:
 1945 037c 6D6F746F 		.ascii	"motor_speeds\000"
 1945      725F7370 
 1945      65656473 
 1945      00
 1946              	.LASF14:
 1947 0389 75696E74 		.ascii	"uint16_t\000"
 1947      31365F74 
 1947      00
 1948              	.LASF47:
 1949 0392 50696E5F 		.ascii	"Pin_Serve_Write\000"
 1949      53657276 
 1949      655F5772 
 1949      69746500 
 1950              	.LASF30:
 1951 03a2 7072696E 		.ascii	"print_speed_flag\000"
 1951      745F7370 
 1951      6565645F 
 1951      666C6167 
 1951      00
 1952              	.LASF53:
 1953 03b3 50696E5F 		.ascii	"Pin_Output_UP_GROUND_Write\000"
 1953      4F757470 
 1953      75745F55 
 1953      505F4752 
 1953      4F554E44 
 1954              	.LASF21:
 1955 03ce 6C6F6E67 		.ascii	"long double\000"
 1955      20646F75 
 1955      626C6500 
 1956              	.LASF25:
 1957 03da 77726974 		.ascii	"write_motor_speed\000"
 1957      655F6D6F 
 1957      746F725F 
 1957      73706565 
 1957      6400
 1958              	.LASF27:
 1959 03ec 73706565 		.ascii	"speeds\000"
 1959      647300
 1960              	.LASF34:
 1961 03f3 636F6E66 		.ascii	"conf_size\000"
 1961      5F73697A 
 1961      6500
 1962              	.LASF44:
 1963 03fd 73707269 		.ascii	"sprintf\000"
 1963      6E746600 
 1964              	.LASF58:
 1965 0405 42616C6C 		.ascii	"Ball_Trigger_Handler\000"
 1965      5F547269 
 1965      67676572 
 1965      5F48616E 
 1965      646C6572 
 1966              		.ident	"GCC: (GNU Tools for ARM Embedded Processors) 5.4.1 20160609 (release) [ARM/embedded-5-bran
