ARM GAS  C:\Windows\TEMP\ccgLMmVe.s 			page 1


   1              		.syntax unified
   2              		.cpu cortex-m0
   3              		.fpu softvfp
   4              		.eabi_attribute 20, 1
   5              		.eabi_attribute 21, 1
   6              		.eabi_attribute 23, 3
   7              		.eabi_attribute 24, 1
   8              		.eabi_attribute 25, 1
   9              		.eabi_attribute 26, 1
  10              		.eabi_attribute 30, 1
  11              		.eabi_attribute 34, 0
  12              		.eabi_attribute 18, 4
  13              		.thumb
  14              		.syntax unified
  15              		.file	"ballServeController.c"
  16              		.text
  17              	.Ltext0:
  18              		.cfi_sections	.debug_frame
  19              		.section	.text.CheckForBallServeRequest,"ax",%progbits
  20              		.align	2
  21              		.global	CheckForBallServeRequest
  22              		.code	16
  23              		.thumb_func
  24              		.type	CheckForBallServeRequest, %function
  25              	CheckForBallServeRequest:
  26              	.LFB35:
  27              		.file 1 "ballServeController.c"
   1:ballServeController.c **** #include "ballServeController.h"
   2:ballServeController.c **** 
   3:ballServeController.c **** void CheckForBallServeRequest() {
  28              		.loc 1 3 0
  29              		.cfi_startproc
  30              		@ args = 0, pretend = 0, frame = 0
  31              		@ frame_needed = 0, uses_anonymous_args = 0
  32 0000 10B5     		push	{r4, lr}
  33              		.cfi_def_cfa_offset 8
  34              		.cfi_offset 4, -8
  35              		.cfi_offset 14, -4
   4:ballServeController.c ****     if(doServe) {
  36              		.loc 1 4 0
  37 0002 094B     		ldr	r3, .L3
  38 0004 1B78     		ldrb	r3, [r3]
  39 0006 002B     		cmp	r3, #0
  40 0008 0CD0     		beq	.L1
   5:ballServeController.c ****         doServe = false;
  41              		.loc 1 5 0
  42 000a 0022     		movs	r2, #0
  43 000c 064B     		ldr	r3, .L3
  44 000e 1A70     		strb	r2, [r3]
   6:ballServeController.c ****         if(motorsEnabled == false)
  45              		.loc 1 6 0
  46 0010 064B     		ldr	r3, .L3+4
  47 0012 1B78     		ldrb	r3, [r3]
  48 0014 002B     		cmp	r3, #0
  49 0016 05D0     		beq	.L1
   7:ballServeController.c ****             return;
   8:ballServeController.c ****         isServing = true;
ARM GAS  C:\Windows\TEMP\ccgLMmVe.s 			page 2


  50              		.loc 1 8 0
  51 0018 0132     		adds	r2, r2, #1
  52 001a 054B     		ldr	r3, .L3+8
  53 001c 1A70     		strb	r2, [r3]
   9:ballServeController.c ****         Pin_Output_Serve_Write(1);
  54              		.loc 1 9 0
  55 001e 0120     		movs	r0, #1
  56 0020 FFF7FEFF 		bl	Pin_Output_Serve_Write
  57              	.LVL0:
  58              	.L1:
  10:ballServeController.c ****     }
  11:ballServeController.c **** }
  59              		.loc 1 11 0
  60              		@ sp needed
  61 0024 10BD     		pop	{r4, pc}
  62              	.L4:
  63 0026 C046     		.align	2
  64              	.L3:
  65 0028 00000000 		.word	doServe
  66 002c 00000000 		.word	motorsEnabled
  67 0030 00000000 		.word	isServing
  68              		.cfi_endproc
  69              	.LFE35:
  70              		.size	CheckForBallServeRequest, .-CheckForBallServeRequest
  71              		.section	.text.StopBallServe,"ax",%progbits
  72              		.align	2
  73              		.global	StopBallServe
  74              		.code	16
  75              		.thumb_func
  76              		.type	StopBallServe, %function
  77              	StopBallServe:
  78              	.LFB36:
  12:ballServeController.c **** 
  13:ballServeController.c **** void StopBallServe() {
  79              		.loc 1 13 0
  80              		.cfi_startproc
  81              		@ args = 0, pretend = 0, frame = 0
  82              		@ frame_needed = 0, uses_anonymous_args = 0
  83 0000 10B5     		push	{r4, lr}
  84              		.cfi_def_cfa_offset 8
  85              		.cfi_offset 4, -8
  86              		.cfi_offset 14, -4
  14:ballServeController.c ****     Pin_Output_Serve_Write(0);
  87              		.loc 1 14 0
  88 0002 0020     		movs	r0, #0
  89 0004 FFF7FEFF 		bl	Pin_Output_Serve_Write
  90              	.LVL1:
  15:ballServeController.c ****     isServing = false;
  91              		.loc 1 15 0
  92 0008 0022     		movs	r2, #0
  93 000a 014B     		ldr	r3, .L6
  94 000c 1A70     		strb	r2, [r3]
  16:ballServeController.c **** }
  95              		.loc 1 16 0
  96              		@ sp needed
  97 000e 10BD     		pop	{r4, pc}
  98              	.L7:
ARM GAS  C:\Windows\TEMP\ccgLMmVe.s 			page 3


  99              		.align	2
 100              	.L6:
 101 0010 00000000 		.word	isServing
 102              		.cfi_endproc
 103              	.LFE36:
 104              		.size	StopBallServe, .-StopBallServe
 105              		.section	.text.UpdateServing,"ax",%progbits
 106              		.align	2
 107              		.global	UpdateServing
 108              		.code	16
 109              		.thumb_func
 110              		.type	UpdateServing, %function
 111              	UpdateServing:
 112              	.LFB37:
  17:ballServeController.c **** 
  18:ballServeController.c **** void UpdateServing() {
 113              		.loc 1 18 0
 114              		.cfi_startproc
 115              		@ args = 0, pretend = 0, frame = 0
 116              		@ frame_needed = 0, uses_anonymous_args = 0
 117 0000 10B5     		push	{r4, lr}
 118              		.cfi_def_cfa_offset 8
 119              		.cfi_offset 4, -8
 120              		.cfi_offset 14, -4
  19:ballServeController.c ****     // turn on and off to reduce speed
  20:ballServeController.c ****     if(isServing) {
 121              		.loc 1 20 0
 122 0002 0B4B     		ldr	r3, .L11
 123 0004 1B78     		ldrb	r3, [r3]
 124 0006 002B     		cmp	r3, #0
 125 0008 10D0     		beq	.L8
  21:ballServeController.c ****         counter = (counter + 1) % 8;
 126              		.loc 1 21 0
 127 000a 0A48     		ldr	r0, .L11+4
 128 000c 0368     		ldr	r3, [r0]
 129 000e 5A1C     		adds	r2, r3, #1
 130 0010 D317     		asrs	r3, r2, #31
 131 0012 590F     		lsrs	r1, r3, #29
 132 0014 5218     		adds	r2, r2, r1
 133 0016 0723     		movs	r3, #7
 134 0018 1A40     		ands	r2, r3
 135 001a 531A     		subs	r3, r2, r1
 136 001c 0360     		str	r3, [r0]
  22:ballServeController.c ****         Pin_Output_Serve_Write(counter > 5);
 137              		.loc 1 22 0
 138 001e 0120     		movs	r0, #1
 139 0020 052B     		cmp	r3, #5
 140 0022 00DC     		bgt	.L10
 141 0024 0020     		movs	r0, #0
 142              	.L10:
 143 0026 C0B2     		uxtb	r0, r0
 144 0028 FFF7FEFF 		bl	Pin_Output_Serve_Write
 145              	.LVL2:
 146              	.L8:
  23:ballServeController.c ****     }
  24:ballServeController.c **** }
 147              		.loc 1 24 0
ARM GAS  C:\Windows\TEMP\ccgLMmVe.s 			page 4


 148              		@ sp needed
 149 002c 10BD     		pop	{r4, pc}
 150              	.L12:
 151 002e C046     		.align	2
 152              	.L11:
 153 0030 00000000 		.word	isServing
 154 0034 00000000 		.word	counter
 155              		.cfi_endproc
 156              	.LFE37:
 157              		.size	UpdateServing, .-UpdateServing
 158              		.section	.text.Pin_Input_BallTrigger_Handler,"ax",%progbits
 159              		.align	2
 160              		.global	Pin_Input_BallTrigger_Handler
 161              		.code	16
 162              		.thumb_func
 163              		.type	Pin_Input_BallTrigger_Handler, %function
 164              	Pin_Input_BallTrigger_Handler:
 165              	.LFB38:
  25:ballServeController.c **** 
  26:ballServeController.c **** 
  27:ballServeController.c **** CY_ISR(Pin_Input_BallTrigger_Handler){
 166              		.loc 1 27 0
 167              		.cfi_startproc
 168              		@ args = 0, pretend = 0, frame = 0
 169              		@ frame_needed = 0, uses_anonymous_args = 0
 170 0000 10B5     		push	{r4, lr}
 171              		.cfi_def_cfa_offset 8
 172              		.cfi_offset 4, -8
 173              		.cfi_offset 14, -4
  28:ballServeController.c ****     StopBallServe();
 174              		.loc 1 28 0
 175 0002 FFF7FEFF 		bl	StopBallServe
 176              	.LVL3:
  29:ballServeController.c **** 
  30:ballServeController.c ****     Pin_Input_BallTrigger_ClearInterrupt();
 177              		.loc 1 30 0
 178 0006 FFF7FEFF 		bl	Pin_Input_BallTrigger_ClearInterrupt
 179              	.LVL4:
  31:ballServeController.c **** }...
 180              		.loc 1 31 0
 181              		@ sp needed
 182 000a 10BD     		pop	{r4, pc}
 183              		.cfi_endproc
 184              	.LFE38:
 185              		.size	Pin_Input_BallTrigger_Handler, .-Pin_Input_BallTrigger_Handler
 186              		.comm	counter,4,4
 187              		.comm	isServing,1,1
 188              		.comm	doServe,1,1
 189              		.comm	motorsEnabled,1,1
 190              		.comm	motor_speeds,16,4
 191              		.comm	str,16,4
 192              		.comm	uart_rpm_buff,4,4
 193              		.text
 194              	.Letext0:
 195              		.file 2 "Generated_Source\\PSoC4/Bluetooth_Stack.h"
 196              		.file 3 "Generated_Source\\PSoC4/Bluetooth_aios.h"
 197              		.file 4 "main_data.h"
ARM GAS  C:\Windows\TEMP\ccgLMmVe.s 			page 5


 198              		.file 5 "ballServeController.h"
 199              		.file 6 "Generated_Source\\PSoC4/Pin_Output_Serve.h"
 200              		.file 7 "Generated_Source\\PSoC4/Pin_Input_BallTrigger.h"
 201              		.section	.debug_info,"",%progbits
 202              	.Ldebug_info0:
 203 0000 06040000 		.4byte	0x406
 204 0004 0400     		.2byte	0x4
 205 0006 00000000 		.4byte	.Ldebug_abbrev0
 206 000a 04       		.byte	0x4
 207 000b 01       		.uleb128 0x1
 208 000c 47020000 		.4byte	.LASF111
 209 0010 0C       		.byte	0xc
 210 0011 3A0B0000 		.4byte	.LASF112
 211 0015 48080000 		.4byte	.LASF113
 212 0019 00000000 		.4byte	.Ldebug_ranges0+0
 213 001d 00000000 		.4byte	0
 214 0021 00000000 		.4byte	.Ldebug_line0
 215 0025 02       		.uleb128 0x2
 216 0026 01       		.byte	0x1
 217 0027 06       		.byte	0x6
 218 0028 79060000 		.4byte	.LASF0
 219 002c 02       		.uleb128 0x2
 220 002d 01       		.byte	0x1
 221 002e 08       		.byte	0x8
 222 002f 3D060000 		.4byte	.LASF1
 223 0033 02       		.uleb128 0x2
 224 0034 02       		.byte	0x2
 225 0035 05       		.byte	0x5
 226 0036 EF000000 		.4byte	.LASF2
 227 003a 02       		.uleb128 0x2
 228 003b 02       		.byte	0x2
 229 003c 07       		.byte	0x7
 230 003d C8070000 		.4byte	.LASF3
 231 0041 02       		.uleb128 0x2
 232 0042 04       		.byte	0x4
 233 0043 05       		.byte	0x5
 234 0044 78040000 		.4byte	.LASF4
 235 0048 02       		.uleb128 0x2
 236 0049 04       		.byte	0x4
 237 004a 07       		.byte	0x7
 238 004b 23070000 		.4byte	.LASF5
 239 004f 02       		.uleb128 0x2
 240 0050 08       		.byte	0x8
 241 0051 05       		.byte	0x5
 242 0052 87010000 		.4byte	.LASF6
 243 0056 02       		.uleb128 0x2
 244 0057 08       		.byte	0x8
 245 0058 07       		.byte	0x7
 246 0059 70010000 		.4byte	.LASF7
 247 005d 03       		.uleb128 0x3
 248 005e 04       		.byte	0x4
 249 005f 05       		.byte	0x5
 250 0060 696E7400 		.ascii	"int\000"
 251 0064 02       		.uleb128 0x2
 252 0065 04       		.byte	0x4
 253 0066 07       		.byte	0x7
 254 0067 FB060000 		.4byte	.LASF8
ARM GAS  C:\Windows\TEMP\ccgLMmVe.s 			page 6


 255 006b 02       		.uleb128 0x2
 256 006c 04       		.byte	0x4
 257 006d 04       		.byte	0x4
 258 006e A1030000 		.4byte	.LASF9
 259 0072 02       		.uleb128 0x2
 260 0073 08       		.byte	0x8
 261 0074 04       		.byte	0x4
 262 0075 98090000 		.4byte	.LASF10
 263 0079 02       		.uleb128 0x2
 264 007a 01       		.byte	0x1
 265 007b 08       		.byte	0x8
 266 007c 43080000 		.4byte	.LASF11
 267 0080 02       		.uleb128 0x2
 268 0081 08       		.byte	0x8
 269 0082 04       		.byte	0x4
 270 0083 EC050000 		.4byte	.LASF12
 271 0087 02       		.uleb128 0x2
 272 0088 04       		.byte	0x4
 273 0089 07       		.byte	0x7
 274 008a 31010000 		.4byte	.LASF13
 275 008e 04       		.uleb128 0x4
 276 008f 01       		.byte	0x1
 277 0090 2C000000 		.4byte	0x2c
 278 0094 02       		.byte	0x2
 279 0095 3501     		.2byte	0x135
 280 0097 4C020000 		.4byte	0x24c
 281 009b 05       		.uleb128 0x5
 282 009c 39030000 		.4byte	.LASF14
 283 00a0 00       		.byte	0
 284 00a1 05       		.uleb128 0x5
 285 00a2 C3010000 		.4byte	.LASF15
 286 00a6 01       		.byte	0x1
 287 00a7 05       		.uleb128 0x5
 288 00a8 740B0000 		.4byte	.LASF16
 289 00ac 02       		.byte	0x2
 290 00ad 05       		.uleb128 0x5
 291 00ae 000A0000 		.4byte	.LASF17
 292 00b2 03       		.byte	0x3
 293 00b3 05       		.uleb128 0x5
 294 00b4 5B010000 		.4byte	.LASF18
 295 00b8 04       		.byte	0x4
 296 00b9 05       		.uleb128 0x5
 297 00ba 2C050000 		.4byte	.LASF19
 298 00be 05       		.byte	0x5
 299 00bf 05       		.uleb128 0x5
 300 00c0 5D000000 		.4byte	.LASF20
 301 00c4 06       		.byte	0x6
 302 00c5 05       		.uleb128 0x5
 303 00c6 5E0A0000 		.4byte	.LASF21
 304 00ca 20       		.byte	0x20
 305 00cb 05       		.uleb128 0x5
 306 00cc 35070000 		.4byte	.LASF22
 307 00d0 21       		.byte	0x21
 308 00d1 05       		.uleb128 0x5
 309 00d2 00000000 		.4byte	.LASF23
 310 00d6 22       		.byte	0x22
 311 00d7 05       		.uleb128 0x5
ARM GAS  C:\Windows\TEMP\ccgLMmVe.s 			page 7


 312 00d8 5D050000 		.4byte	.LASF24
 313 00dc 23       		.byte	0x23
 314 00dd 05       		.uleb128 0x5
 315 00de DF060000 		.4byte	.LASF25
 316 00e2 24       		.byte	0x24
 317 00e3 05       		.uleb128 0x5
 318 00e4 F9000000 		.4byte	.LASF26
 319 00e8 25       		.byte	0x25
 320 00e9 05       		.uleb128 0x5
 321 00ea E3040000 		.4byte	.LASF27
 322 00ee 26       		.byte	0x26
 323 00ef 05       		.uleb128 0x5
 324 00f0 A2040000 		.4byte	.LASF28
 325 00f4 27       		.byte	0x27
 326 00f5 05       		.uleb128 0x5
 327 00f6 9B000000 		.4byte	.LASF29
 328 00fa 28       		.byte	0x28
 329 00fb 05       		.uleb128 0x5
 330 00fc 70070000 		.4byte	.LASF30
 331 0100 29       		.byte	0x29
 332 0101 05       		.uleb128 0x5
 333 0102 F3070000 		.4byte	.LASF31
 334 0106 2A       		.byte	0x2a
 335 0107 05       		.uleb128 0x5
 336 0108 17090000 		.4byte	.LASF32
 337 010c 2B       		.byte	0x2b
 338 010d 05       		.uleb128 0x5
 339 010e D5020000 		.4byte	.LASF33
 340 0112 2C       		.byte	0x2c
 341 0113 05       		.uleb128 0x5
 342 0114 C0030000 		.4byte	.LASF34
 343 0118 2D       		.byte	0x2d
 344 0119 05       		.uleb128 0x5
 345 011a CB000000 		.4byte	.LASF35
 346 011e 2E       		.byte	0x2e
 347 011f 05       		.uleb128 0x5
 348 0120 6C0C0000 		.4byte	.LASF36
 349 0124 2F       		.byte	0x2f
 350 0125 05       		.uleb128 0x5
 351 0126 3A010000 		.4byte	.LASF37
 352 012a 30       		.byte	0x30
 353 012b 05       		.uleb128 0x5
 354 012c C8050000 		.4byte	.LASF38
 355 0130 31       		.byte	0x31
 356 0131 05       		.uleb128 0x5
 357 0132 E9030000 		.4byte	.LASF39
 358 0136 32       		.byte	0x32
 359 0137 05       		.uleb128 0x5
 360 0138 1C080000 		.4byte	.LASF40
 361 013c 33       		.byte	0x33
 362 013d 05       		.uleb128 0x5
 363 013e 8D070000 		.4byte	.LASF41
 364 0142 34       		.byte	0x34
 365 0143 05       		.uleb128 0x5
 366 0144 E3090000 		.4byte	.LASF42
 367 0148 35       		.byte	0x35
 368 0149 05       		.uleb128 0x5
ARM GAS  C:\Windows\TEMP\ccgLMmVe.s 			page 8


 369 014a 40040000 		.4byte	.LASF43
 370 014e 36       		.byte	0x36
 371 014f 05       		.uleb128 0x5
 372 0150 D6010000 		.4byte	.LASF44
 373 0154 37       		.byte	0x37
 374 0155 05       		.uleb128 0x5
 375 0156 0E0C0000 		.4byte	.LASF45
 376 015a 40       		.byte	0x40
 377 015b 05       		.uleb128 0x5
 378 015c 08070000 		.4byte	.LASF46
 379 0160 41       		.byte	0x41
 380 0161 05       		.uleb128 0x5
 381 0162 13010000 		.4byte	.LASF47
 382 0166 42       		.byte	0x42
 383 0167 05       		.uleb128 0x5
 384 0168 0B020000 		.4byte	.LASF48
 385 016c 43       		.byte	0x43
 386 016d 05       		.uleb128 0x5
 387 016e 0D0B0000 		.4byte	.LASF49
 388 0172 44       		.byte	0x44
 389 0173 05       		.uleb128 0x5
 390 0174 A70A0000 		.4byte	.LASF50
 391 0178 45       		.byte	0x45
 392 0179 05       		.uleb128 0x5
 393 017a EC0A0000 		.4byte	.LASF51
 394 017e 46       		.byte	0x46
 395 017f 05       		.uleb128 0x5
 396 0180 5B060000 		.4byte	.LASF52
 397 0184 47       		.byte	0x47
 398 0185 05       		.uleb128 0x5
 399 0186 B8060000 		.4byte	.LASF53
 400 018a 48       		.byte	0x48
 401 018b 05       		.uleb128 0x5
 402 018c A7030000 		.4byte	.LASF54
 403 0190 49       		.byte	0x49
 404 0191 05       		.uleb128 0x5
 405 0192 DA080000 		.4byte	.LASF55
 406 0196 4A       		.byte	0x4a
 407 0197 05       		.uleb128 0x5
 408 0198 F9020000 		.4byte	.LASF56
 409 019c 4B       		.byte	0x4b
 410 019d 05       		.uleb128 0x5
 411 019e 85060000 		.4byte	.LASF57
 412 01a2 4C       		.byte	0x4c
 413 01a3 05       		.uleb128 0x5
 414 01a4 43000000 		.4byte	.LASF58
 415 01a8 4D       		.byte	0x4d
 416 01a9 05       		.uleb128 0x5
 417 01aa CE0A0000 		.4byte	.LASF59
 418 01ae 4E       		.byte	0x4e
 419 01af 05       		.uleb128 0x5
 420 01b0 24000000 		.4byte	.LASF60
 421 01b4 4F       		.byte	0x4f
 422 01b5 05       		.uleb128 0x5
 423 01b6 EF0B0000 		.4byte	.LASF61
 424 01ba 50       		.byte	0x50
 425 01bb 05       		.uleb128 0x5
ARM GAS  C:\Windows\TEMP\ccgLMmVe.s 			page 9


 426 01bc F8080000 		.4byte	.LASF62
 427 01c0 51       		.byte	0x51
 428 01c1 05       		.uleb128 0x5
 429 01c2 0B050000 		.4byte	.LASF63
 430 01c6 52       		.byte	0x52
 431 01c7 05       		.uleb128 0x5
 432 01c8 81040000 		.4byte	.LASF64
 433 01cc 53       		.byte	0x53
 434 01cd 05       		.uleb128 0x5
 435 01ce 18030000 		.4byte	.LASF65
 436 01d2 54       		.byte	0x54
 437 01d3 05       		.uleb128 0x5
 438 01d4 360C0000 		.4byte	.LASF66
 439 01d8 55       		.byte	0x55
 440 01d9 05       		.uleb128 0x5
 441 01da CD0B0000 		.4byte	.LASF67
 442 01de 56       		.byte	0x56
 443 01df 05       		.uleb128 0x5
 444 01e0 A40B0000 		.4byte	.LASF68
 445 01e4 57       		.byte	0x57
 446 01e5 05       		.uleb128 0x5
 447 01e6 A5070000 		.4byte	.LASF69
 448 01ea 58       		.byte	0x58
 449 01eb 05       		.uleb128 0x5
 450 01ec 17060000 		.4byte	.LASF70
 451 01f0 70       		.byte	0x70
 452 01f1 05       		.uleb128 0x5
 453 01f2 380A0000 		.4byte	.LASF71
 454 01f6 71       		.byte	0x71
 455 01f7 05       		.uleb128 0x5
 456 01f8 8A080000 		.4byte	.LASF72
 457 01fc 72       		.byte	0x72
 458 01fd 05       		.uleb128 0x5
 459 01fe 50030000 		.4byte	.LASF73
 460 0202 73       		.byte	0x73
 461 0203 05       		.uleb128 0x5
 462 0204 AA050000 		.4byte	.LASF74
 463 0208 74       		.byte	0x74
 464 0209 05       		.uleb128 0x5
 465 020a 9F090000 		.4byte	.LASF75
 466 020e 75       		.byte	0x75
 467 020f 05       		.uleb128 0x5
 468 0210 6E030000 		.4byte	.LASF76
 469 0214 76       		.byte	0x76
 470 0215 05       		.uleb128 0x5
 471 0216 190A0000 		.4byte	.LASF77
 472 021a 77       		.byte	0x77
 473 021b 05       		.uleb128 0x5
 474 021c 54090000 		.4byte	.LASF78
 475 0220 78       		.byte	0x78
 476 0221 05       		.uleb128 0x5
 477 0222 C0090000 		.4byte	.LASF79
 478 0226 79       		.byte	0x79
 479 0227 05       		.uleb128 0x5
 480 0228 500B0000 		.4byte	.LASF80
 481 022c 7A       		.byte	0x7a
 482 022d 05       		.uleb128 0x5
ARM GAS  C:\Windows\TEMP\ccgLMmVe.s 			page 10


 483 022e 36090000 		.4byte	.LASF81
 484 0232 FA       		.byte	0xfa
 485 0233 05       		.uleb128 0x5
 486 0234 F8050000 		.4byte	.LASF82
 487 0238 FB       		.byte	0xfb
 488 0239 05       		.uleb128 0x5
 489 023a 5A0C0000 		.4byte	.LASF83
 490 023e FC       		.byte	0xfc
 491 023f 05       		.uleb128 0x5
 492 0240 DB070000 		.4byte	.LASF84
 493 0244 FD       		.byte	0xfd
 494 0245 05       		.uleb128 0x5
 495 0246 860B0000 		.4byte	.LASF85
 496 024a FF       		.byte	0xff
 497 024b 00       		.byte	0
 498 024c 06       		.uleb128 0x6
 499 024d 01       		.byte	0x1
 500 024e 2C000000 		.4byte	0x2c
 501 0252 03       		.byte	0x3
 502 0253 2B       		.byte	0x2b
 503 0254 71020000 		.4byte	0x271
 504 0258 05       		.uleb128 0x5
 505 0259 B4080000 		.4byte	.LASF86
 506 025d 00       		.byte	0
 507 025e 05       		.uleb128 0x5
 508 025f 8F030000 		.4byte	.LASF87
 509 0263 01       		.byte	0x1
 510 0264 05       		.uleb128 0x5
 511 0265 48050000 		.4byte	.LASF88
 512 0269 02       		.byte	0x2
 513 026a 05       		.uleb128 0x5
 514 026b 0A040000 		.4byte	.LASF89
 515 026f 03       		.byte	0x3
 516 0270 00       		.byte	0
 517 0271 06       		.uleb128 0x6
 518 0272 01       		.byte	0x1
 519 0273 2C000000 		.4byte	0x2c
 520 0277 03       		.byte	0x3
 521 0278 34       		.byte	0x34
 522 0279 B4020000 		.4byte	0x2b4
 523 027d 05       		.uleb128 0x5
 524 027e 940B0000 		.4byte	.LASF90
 525 0282 00       		.byte	0
 526 0283 05       		.uleb128 0x5
 527 0284 9F010000 		.4byte	.LASF91
 528 0288 01       		.byte	0x1
 529 0289 05       		.uleb128 0x5
 530 028a 83050000 		.4byte	.LASF92
 531 028e 02       		.byte	0x2
 532 028f 05       		.uleb128 0x5
 533 0290 4C070000 		.4byte	.LASF93
 534 0294 03       		.byte	0x3
 535 0295 05       		.uleb128 0x5
 536 0296 C1040000 		.4byte	.LASF94
 537 029a 04       		.byte	0x4
 538 029b 05       		.uleb128 0x5
 539 029c 77090000 		.4byte	.LASF95
ARM GAS  C:\Windows\TEMP\ccgLMmVe.s 			page 11


 540 02a0 05       		.byte	0x5
 541 02a1 05       		.uleb128 0x5
 542 02a2 2B0B0000 		.4byte	.LASF96
 543 02a6 06       		.byte	0x6
 544 02a7 05       		.uleb128 0x5
 545 02a8 20040000 		.4byte	.LASF97
 546 02ac 06       		.byte	0x6
 547 02ad 05       		.uleb128 0x5
 548 02ae 900A0000 		.4byte	.LASF98
 549 02b2 07       		.byte	0x7
 550 02b3 00       		.byte	0
 551 02b4 07       		.uleb128 0x7
 552 02b5 9F060000 		.4byte	.LASF99
 553 02b9 01       		.byte	0x1
 554 02ba 03       		.byte	0x3
 555 02bb 00000000 		.4byte	.LFB35
 556 02bf 34000000 		.4byte	.LFE35-.LFB35
 557 02c3 01       		.uleb128 0x1
 558 02c4 9C       		.byte	0x9c
 559 02c5 D9020000 		.4byte	0x2d9
 560 02c9 08       		.uleb128 0x8
 561 02ca 24000000 		.4byte	.LVL0
 562 02ce F3030000 		.4byte	0x3f3
 563 02d2 09       		.uleb128 0x9
 564 02d3 01       		.uleb128 0x1
 565 02d4 50       		.byte	0x50
 566 02d5 01       		.uleb128 0x1
 567 02d6 31       		.byte	0x31
 568 02d7 00       		.byte	0
 569 02d8 00       		.byte	0
 570 02d9 07       		.uleb128 0x7
 571 02da BD000000 		.4byte	.LASF100
 572 02de 01       		.byte	0x1
 573 02df 0D       		.byte	0xd
 574 02e0 00000000 		.4byte	.LFB36
 575 02e4 14000000 		.4byte	.LFE36-.LFB36
 576 02e8 01       		.uleb128 0x1
 577 02e9 9C       		.byte	0x9c
 578 02ea FE020000 		.4byte	0x2fe
 579 02ee 08       		.uleb128 0x8
 580 02ef 08000000 		.4byte	.LVL1
 581 02f3 F3030000 		.4byte	0x3f3
 582 02f7 09       		.uleb128 0x9
 583 02f8 01       		.uleb128 0x1
 584 02f9 50       		.byte	0x50
 585 02fa 01       		.uleb128 0x1
 586 02fb 30       		.byte	0x30
 587 02fc 00       		.byte	0
 588 02fd 00       		.byte	0
 589 02fe 07       		.uleb128 0x7
 590 02ff 820A0000 		.4byte	.LASF101
 591 0303 01       		.byte	0x1
 592 0304 12       		.byte	0x12
 593 0305 00000000 		.4byte	.LFB37
 594 0309 38000000 		.4byte	.LFE37-.LFB37
 595 030d 01       		.uleb128 0x1
 596 030e 9C       		.byte	0x9c
ARM GAS  C:\Windows\TEMP\ccgLMmVe.s 			page 12


 597 030f 1D030000 		.4byte	0x31d
 598 0313 0A       		.uleb128 0xa
 599 0314 2C000000 		.4byte	.LVL2
 600 0318 F3030000 		.4byte	0x3f3
 601 031c 00       		.byte	0
 602 031d 0B       		.uleb128 0xb
 603 031e 29020000 		.4byte	.LASF114
 604 0322 01       		.byte	0x1
 605 0323 1B       		.byte	0x1b
 606 0324 00000000 		.4byte	.LFB38
 607 0328 0C000000 		.4byte	.LFE38-.LFB38
 608 032c 01       		.uleb128 0x1
 609 032d 9C       		.byte	0x9c
 610 032e 45030000 		.4byte	0x345
 611 0332 0A       		.uleb128 0xa
 612 0333 06000000 		.4byte	.LVL3
 613 0337 D9020000 		.4byte	0x2d9
 614 033b 0A       		.uleb128 0xa
 615 033c 0A000000 		.4byte	.LVL4
 616 0340 FE030000 		.4byte	0x3fe
 617 0344 00       		.byte	0
 618 0345 0C       		.uleb128 0xc
 619 0346 79000000 		.4byte	0x79
 620 034a 55030000 		.4byte	0x355
 621 034e 0D       		.uleb128 0xd
 622 034f 87000000 		.4byte	0x87
 623 0353 03       		.byte	0x3
 624 0354 00       		.byte	0
 625 0355 0E       		.uleb128 0xe
 626 0356 A6080000 		.4byte	.LASF102
 627 035a 04       		.byte	0x4
 628 035b 0C       		.byte	0xc
 629 035c 45030000 		.4byte	0x345
 630 0360 05       		.uleb128 0x5
 631 0361 03       		.byte	0x3
 632 0362 00000000 		.4byte	uart_rpm_buff
 633 0366 0C       		.uleb128 0xc
 634 0367 79000000 		.4byte	0x79
 635 036b 76030000 		.4byte	0x376
 636 036f 0D       		.uleb128 0xd
 637 0370 87000000 		.4byte	0x87
 638 0374 0F       		.byte	0xf
 639 0375 00       		.byte	0
 640 0376 0F       		.uleb128 0xf
 641 0377 73747200 		.ascii	"str\000"
 642 037b 04       		.byte	0x4
 643 037c 0D       		.byte	0xd
 644 037d 66030000 		.4byte	0x366
 645 0381 05       		.uleb128 0x5
 646 0382 03       		.byte	0x3
 647 0383 00000000 		.4byte	str
 648 0387 0C       		.uleb128 0xc
 649 0388 5D000000 		.4byte	0x5d
 650 038c 97030000 		.4byte	0x397
 651 0390 0D       		.uleb128 0xd
 652 0391 87000000 		.4byte	0x87
 653 0395 03       		.byte	0x3
ARM GAS  C:\Windows\TEMP\ccgLMmVe.s 			page 13


 654 0396 00       		.byte	0
 655 0397 0E       		.uleb128 0xe
 656 0398 CD080000 		.4byte	.LASF103
 657 039c 04       		.byte	0x4
 658 039d 0E       		.byte	0xe
 659 039e 87030000 		.4byte	0x387
 660 03a2 05       		.uleb128 0x5
 661 03a3 03       		.byte	0x3
 662 03a4 00000000 		.4byte	motor_speeds
 663 03a8 0E       		.uleb128 0xe
 664 03a9 280C0000 		.4byte	.LASF104
 665 03ad 04       		.byte	0x4
 666 03ae 0F       		.byte	0xf
 667 03af B9030000 		.4byte	0x3b9
 668 03b3 05       		.uleb128 0x5
 669 03b4 03       		.byte	0x3
 670 03b5 00000000 		.4byte	motorsEnabled
 671 03b9 02       		.uleb128 0x2
 672 03ba 01       		.byte	0x1
 673 03bb 02       		.byte	0x2
 674 03bc C7080000 		.4byte	.LASF105
 675 03c0 0E       		.uleb128 0xe
 676 03c1 53060000 		.4byte	.LASF106
 677 03c5 05       		.byte	0x5
 678 03c6 08       		.byte	0x8
 679 03c7 B9030000 		.4byte	0x3b9
 680 03cb 05       		.uleb128 0x5
 681 03cc 03       		.byte	0x3
 682 03cd 00000000 		.4byte	doServe
 683 03d1 0E       		.uleb128 0xe
 684 03d2 95010000 		.4byte	.LASF107
 685 03d6 05       		.byte	0x5
 686 03d7 09       		.byte	0x9
 687 03d8 B9030000 		.4byte	0x3b9
 688 03dc 05       		.uleb128 0x5
 689 03dd 03       		.byte	0x3
 690 03de 00000000 		.4byte	isServing
 691 03e2 0E       		.uleb128 0xe
 692 03e3 4B060000 		.4byte	.LASF108
 693 03e7 05       		.byte	0x5
 694 03e8 0A       		.byte	0xa
 695 03e9 5D000000 		.4byte	0x5d
 696 03ed 05       		.uleb128 0x5
 697 03ee 03       		.byte	0x3
 698 03ef 00000000 		.4byte	counter
 699 03f3 10       		.uleb128 0x10
 700 03f4 61040000 		.4byte	.LASF109
 701 03f8 61040000 		.4byte	.LASF109
 702 03fc 06       		.byte	0x6
 703 03fd 33       		.byte	0x33
 704 03fe 10       		.uleb128 0x10
 705 03ff 76000000 		.4byte	.LASF110
 706 0403 76000000 		.4byte	.LASF110
 707 0407 07       		.byte	0x7
 708 0408 39       		.byte	0x39
 709 0409 00       		.byte	0
 710              		.section	.debug_abbrev,"",%progbits
ARM GAS  C:\Windows\TEMP\ccgLMmVe.s 			page 14


 711              	.Ldebug_abbrev0:
 712 0000 01       		.uleb128 0x1
 713 0001 11       		.uleb128 0x11
 714 0002 01       		.byte	0x1
 715 0003 25       		.uleb128 0x25
 716 0004 0E       		.uleb128 0xe
 717 0005 13       		.uleb128 0x13
 718 0006 0B       		.uleb128 0xb
 719 0007 03       		.uleb128 0x3
 720 0008 0E       		.uleb128 0xe
 721 0009 1B       		.uleb128 0x1b
 722 000a 0E       		.uleb128 0xe
 723 000b 55       		.uleb128 0x55
 724 000c 17       		.uleb128 0x17
 725 000d 11       		.uleb128 0x11
 726 000e 01       		.uleb128 0x1
 727 000f 10       		.uleb128 0x10
 728 0010 17       		.uleb128 0x17
 729 0011 00       		.byte	0
 730 0012 00       		.byte	0
 731 0013 02       		.uleb128 0x2
 732 0014 24       		.uleb128 0x24
 733 0015 00       		.byte	0
 734 0016 0B       		.uleb128 0xb
 735 0017 0B       		.uleb128 0xb
 736 0018 3E       		.uleb128 0x3e
 737 0019 0B       		.uleb128 0xb
 738 001a 03       		.uleb128 0x3
 739 001b 0E       		.uleb128 0xe
 740 001c 00       		.byte	0
 741 001d 00       		.byte	0
 742 001e 03       		.uleb128 0x3
 743 001f 24       		.uleb128 0x24
 744 0020 00       		.byte	0
 745 0021 0B       		.uleb128 0xb
 746 0022 0B       		.uleb128 0xb
 747 0023 3E       		.uleb128 0x3e
 748 0024 0B       		.uleb128 0xb
 749 0025 03       		.uleb128 0x3
 750 0026 08       		.uleb128 0x8
 751 0027 00       		.byte	0
 752 0028 00       		.byte	0
 753 0029 04       		.uleb128 0x4
 754 002a 04       		.uleb128 0x4
 755 002b 01       		.byte	0x1
 756 002c 0B       		.uleb128 0xb
 757 002d 0B       		.uleb128 0xb
 758 002e 49       		.uleb128 0x49
 759 002f 13       		.uleb128 0x13
 760 0030 3A       		.uleb128 0x3a
 761 0031 0B       		.uleb128 0xb
 762 0032 3B       		.uleb128 0x3b
 763 0033 05       		.uleb128 0x5
 764 0034 01       		.uleb128 0x1
 765 0035 13       		.uleb128 0x13
 766 0036 00       		.byte	0
 767 0037 00       		.byte	0
ARM GAS  C:\Windows\TEMP\ccgLMmVe.s 			page 15


 768 0038 05       		.uleb128 0x5
 769 0039 28       		.uleb128 0x28
 770 003a 00       		.byte	0
 771 003b 03       		.uleb128 0x3
 772 003c 0E       		.uleb128 0xe
 773 003d 1C       		.uleb128 0x1c
 774 003e 0B       		.uleb128 0xb
 775 003f 00       		.byte	0
 776 0040 00       		.byte	0
 777 0041 06       		.uleb128 0x6
 778 0042 04       		.uleb128 0x4
 779 0043 01       		.byte	0x1
 780 0044 0B       		.uleb128 0xb
 781 0045 0B       		.uleb128 0xb
 782 0046 49       		.uleb128 0x49
 783 0047 13       		.uleb128 0x13
 784 0048 3A       		.uleb128 0x3a
 785 0049 0B       		.uleb128 0xb
 786 004a 3B       		.uleb128 0x3b
 787 004b 0B       		.uleb128 0xb
 788 004c 01       		.uleb128 0x1
 789 004d 13       		.uleb128 0x13
 790 004e 00       		.byte	0
 791 004f 00       		.byte	0
 792 0050 07       		.uleb128 0x7
 793 0051 2E       		.uleb128 0x2e
 794 0052 01       		.byte	0x1
 795 0053 3F       		.uleb128 0x3f
 796 0054 19       		.uleb128 0x19
 797 0055 03       		.uleb128 0x3
 798 0056 0E       		.uleb128 0xe
 799 0057 3A       		.uleb128 0x3a
 800 0058 0B       		.uleb128 0xb
 801 0059 3B       		.uleb128 0x3b
 802 005a 0B       		.uleb128 0xb
 803 005b 11       		.uleb128 0x11
 804 005c 01       		.uleb128 0x1
 805 005d 12       		.uleb128 0x12
 806 005e 06       		.uleb128 0x6
 807 005f 40       		.uleb128 0x40
 808 0060 18       		.uleb128 0x18
 809 0061 9742     		.uleb128 0x2117
 810 0063 19       		.uleb128 0x19
 811 0064 01       		.uleb128 0x1
 812 0065 13       		.uleb128 0x13
 813 0066 00       		.byte	0
 814 0067 00       		.byte	0
 815 0068 08       		.uleb128 0x8
 816 0069 898201   		.uleb128 0x4109
 817 006c 01       		.byte	0x1
 818 006d 11       		.uleb128 0x11
 819 006e 01       		.uleb128 0x1
 820 006f 31       		.uleb128 0x31
 821 0070 13       		.uleb128 0x13
 822 0071 00       		.byte	0
 823 0072 00       		.byte	0
 824 0073 09       		.uleb128 0x9
ARM GAS  C:\Windows\TEMP\ccgLMmVe.s 			page 16


 825 0074 8A8201   		.uleb128 0x410a
 826 0077 00       		.byte	0
 827 0078 02       		.uleb128 0x2
 828 0079 18       		.uleb128 0x18
 829 007a 9142     		.uleb128 0x2111
 830 007c 18       		.uleb128 0x18
 831 007d 00       		.byte	0
 832 007e 00       		.byte	0
 833 007f 0A       		.uleb128 0xa
 834 0080 898201   		.uleb128 0x4109
 835 0083 00       		.byte	0
 836 0084 11       		.uleb128 0x11
 837 0085 01       		.uleb128 0x1
 838 0086 31       		.uleb128 0x31
 839 0087 13       		.uleb128 0x13
 840 0088 00       		.byte	0
 841 0089 00       		.byte	0
 842 008a 0B       		.uleb128 0xb
 843 008b 2E       		.uleb128 0x2e
 844 008c 01       		.byte	0x1
 845 008d 3F       		.uleb128 0x3f
 846 008e 19       		.uleb128 0x19
 847 008f 03       		.uleb128 0x3
 848 0090 0E       		.uleb128 0xe
 849 0091 3A       		.uleb128 0x3a
 850 0092 0B       		.uleb128 0xb
 851 0093 3B       		.uleb128 0x3b
 852 0094 0B       		.uleb128 0xb
 853 0095 27       		.uleb128 0x27
 854 0096 19       		.uleb128 0x19
 855 0097 11       		.uleb128 0x11
 856 0098 01       		.uleb128 0x1
 857 0099 12       		.uleb128 0x12
 858 009a 06       		.uleb128 0x6
 859 009b 40       		.uleb128 0x40
 860 009c 18       		.uleb128 0x18
 861 009d 9742     		.uleb128 0x2117
 862 009f 19       		.uleb128 0x19
 863 00a0 01       		.uleb128 0x1
 864 00a1 13       		.uleb128 0x13
 865 00a2 00       		.byte	0
 866 00a3 00       		.byte	0
 867 00a4 0C       		.uleb128 0xc
 868 00a5 01       		.uleb128 0x1
 869 00a6 01       		.byte	0x1
 870 00a7 49       		.uleb128 0x49
 871 00a8 13       		.uleb128 0x13
 872 00a9 01       		.uleb128 0x1
 873 00aa 13       		.uleb128 0x13
 874 00ab 00       		.byte	0
 875 00ac 00       		.byte	0
 876 00ad 0D       		.uleb128 0xd
 877 00ae 21       		.uleb128 0x21
 878 00af 00       		.byte	0
 879 00b0 49       		.uleb128 0x49
 880 00b1 13       		.uleb128 0x13
 881 00b2 2F       		.uleb128 0x2f
ARM GAS  C:\Windows\TEMP\ccgLMmVe.s 			page 17


 882 00b3 0B       		.uleb128 0xb
 883 00b4 00       		.byte	0
 884 00b5 00       		.byte	0
 885 00b6 0E       		.uleb128 0xe
 886 00b7 34       		.uleb128 0x34
 887 00b8 00       		.byte	0
 888 00b9 03       		.uleb128 0x3
 889 00ba 0E       		.uleb128 0xe
 890 00bb 3A       		.uleb128 0x3a
 891 00bc 0B       		.uleb128 0xb
 892 00bd 3B       		.uleb128 0x3b
 893 00be 0B       		.uleb128 0xb
 894 00bf 49       		.uleb128 0x49
 895 00c0 13       		.uleb128 0x13
 896 00c1 3F       		.uleb128 0x3f
 897 00c2 19       		.uleb128 0x19
 898 00c3 02       		.uleb128 0x2
 899 00c4 18       		.uleb128 0x18
 900 00c5 00       		.byte	0
 901 00c6 00       		.byte	0
 902 00c7 0F       		.uleb128 0xf
 903 00c8 34       		.uleb128 0x34
 904 00c9 00       		.byte	0
 905 00ca 03       		.uleb128 0x3
 906 00cb 08       		.uleb128 0x8
 907 00cc 3A       		.uleb128 0x3a
 908 00cd 0B       		.uleb128 0xb
 909 00ce 3B       		.uleb128 0x3b
 910 00cf 0B       		.uleb128 0xb
 911 00d0 49       		.uleb128 0x49
 912 00d1 13       		.uleb128 0x13
 913 00d2 3F       		.uleb128 0x3f
 914 00d3 19       		.uleb128 0x19
 915 00d4 02       		.uleb128 0x2
 916 00d5 18       		.uleb128 0x18
 917 00d6 00       		.byte	0
 918 00d7 00       		.byte	0
 919 00d8 10       		.uleb128 0x10
 920 00d9 2E       		.uleb128 0x2e
 921 00da 00       		.byte	0
 922 00db 3F       		.uleb128 0x3f
 923 00dc 19       		.uleb128 0x19
 924 00dd 3C       		.uleb128 0x3c
 925 00de 19       		.uleb128 0x19
 926 00df 6E       		.uleb128 0x6e
 927 00e0 0E       		.uleb128 0xe
 928 00e1 03       		.uleb128 0x3
 929 00e2 0E       		.uleb128 0xe
 930 00e3 3A       		.uleb128 0x3a
 931 00e4 0B       		.uleb128 0xb
 932 00e5 3B       		.uleb128 0x3b
 933 00e6 0B       		.uleb128 0xb
 934 00e7 00       		.byte	0
 935 00e8 00       		.byte	0
 936 00e9 00       		.byte	0
 937              		.section	.debug_aranges,"",%progbits
 938 0000 34000000 		.4byte	0x34
ARM GAS  C:\Windows\TEMP\ccgLMmVe.s 			page 18


 939 0004 0200     		.2byte	0x2
 940 0006 00000000 		.4byte	.Ldebug_info0
 941 000a 04       		.byte	0x4
 942 000b 00       		.byte	0
 943 000c 0000     		.2byte	0
 944 000e 0000     		.2byte	0
 945 0010 00000000 		.4byte	.LFB35
 946 0014 34000000 		.4byte	.LFE35-.LFB35
 947 0018 00000000 		.4byte	.LFB36
 948 001c 14000000 		.4byte	.LFE36-.LFB36
 949 0020 00000000 		.4byte	.LFB37
 950 0024 38000000 		.4byte	.LFE37-.LFB37
 951 0028 00000000 		.4byte	.LFB38
 952 002c 0C000000 		.4byte	.LFE38-.LFB38
 953 0030 00000000 		.4byte	0
 954 0034 00000000 		.4byte	0
 955              		.section	.debug_ranges,"",%progbits
 956              	.Ldebug_ranges0:
 957 0000 00000000 		.4byte	.LFB35
 958 0004 34000000 		.4byte	.LFE35
 959 0008 00000000 		.4byte	.LFB36
 960 000c 14000000 		.4byte	.LFE36
 961 0010 00000000 		.4byte	.LFB37
 962 0014 38000000 		.4byte	.LFE37
 963 0018 00000000 		.4byte	.LFB38
 964 001c 0C000000 		.4byte	.LFE38
 965 0020 00000000 		.4byte	0
 966 0024 00000000 		.4byte	0
 967              		.section	.debug_line,"",%progbits
 968              	.Ldebug_line0:
 969 0000 15010000 		.section	.debug_str,"MS",%progbits,1
 969      0200C500 
 969      00000201 
 969      FB0E0D00 
 969      01010101 
 970              	.LASF23:
 971 0000 4359424C 		.ascii	"CYBLE_EVT_GAP_PASSKEY_ENTRY_REQUEST\000"
 971      455F4556 
 971      545F4741 
 971      505F5041 
 971      53534B45 
 972              	.LASF60:
 973 0024 4359424C 		.ascii	"CYBLE_EVT_GATTS_PREP_WRITE_REQ\000"
 973      455F4556 
 973      545F4741 
 973      5454535F 
 973      50524550 
 974              	.LASF58:
 975 0043 4359424C 		.ascii	"CYBLE_EVT_GATTC_WRITE_RSP\000"
 975      455F4556 
 975      545F4741 
 975      5454435F 
 975      57524954 
 976              	.LASF20:
 977 005d 4359424C 		.ascii	"CYBLE_EVT_MEMORY_REQUEST\000"
 977      455F4556 
 977      545F4D45 
ARM GAS  C:\Windows\TEMP\ccgLMmVe.s 			page 19


 977      4D4F5259 
 977      5F524551 
 978              	.LASF110:
 979 0076 50696E5F 		.ascii	"Pin_Input_BallTrigger_ClearInterrupt\000"
 979      496E7075 
 979      745F4261 
 979      6C6C5472 
 979      69676765 
 980              	.LASF29:
 981 009b 4359424C 		.ascii	"CYBLE_EVT_GAP_DEVICE_DISCONNECTED\000"
 981      455F4556 
 981      545F4741 
 981      505F4445 
 981      56494345 
 982              	.LASF100:
 983 00bd 53746F70 		.ascii	"StopBallServe\000"
 983      42616C6C 
 983      53657276 
 983      6500
 984              	.LASF35:
 985 00cb 4359424C 		.ascii	"CYBLE_EVT_GAP_KEYPRESS_NOTIFICATION\000"
 985      455F4556 
 985      545F4741 
 985      505F4B45 
 985      59505245 
 986              	.LASF2:
 987 00ef 73686F72 		.ascii	"short int\000"
 987      7420696E 
 987      7400
 988              	.LASF26:
 989 00f9 4359424C 		.ascii	"CYBLE_EVT_GAP_AUTH_FAILED\000"
 989      455F4556 
 989      545F4741 
 989      505F4155 
 989      54485F46 
 990              	.LASF47:
 991 0113 4359424C 		.ascii	"CYBLE_EVT_GATT_DISCONNECT_IND\000"
 991      455F4556 
 991      545F4741 
 991      54545F44 
 991      4953434F 
 992              	.LASF13:
 993 0131 73697A65 		.ascii	"sizetype\000"
 993      74797065 
 993      00
 994              	.LASF37:
 995 013a 4359424C 		.ascii	"CYBLE_EVT_GAP_DATA_LENGTH_CHANGE\000"
 995      455F4556 
 995      545F4741 
 995      505F4441 
 995      54415F4C 
 996              	.LASF18:
 997 015b 4359424C 		.ascii	"CYBLE_EVT_HCI_STATUS\000"
 997      455F4556 
 997      545F4843 
 997      495F5354 
 997      41545553 
ARM GAS  C:\Windows\TEMP\ccgLMmVe.s 			page 20


 998              	.LASF7:
 999 0170 6C6F6E67 		.ascii	"long long unsigned int\000"
 999      206C6F6E 
 999      6720756E 
 999      7369676E 
 999      65642069 
 1000              	.LASF6:
 1001 0187 6C6F6E67 		.ascii	"long long int\000"
 1001      206C6F6E 
 1001      6720696E 
 1001      7400
 1002              	.LASF107:
 1003 0195 69735365 		.ascii	"isServing\000"
 1003      7276696E 
 1003      6700
 1004              	.LASF91:
 1005 019f 4359424C 		.ascii	"CYBLE_AIOS_CHAR_PRESENTATION_FORMAT\000"
 1005      455F4149 
 1005      4F535F43 
 1005      4841525F 
 1005      50524553 
 1006              	.LASF15:
 1007 01c3 4359424C 		.ascii	"CYBLE_EVT_STACK_ON\000"
 1007      455F4556 
 1007      545F5354 
 1007      41434B5F 
 1007      4F4E00
 1008              	.LASF44:
 1009 01d6 4359424C 		.ascii	"CYBLE_EVT_GAP_SMP_LOC_P256_KEYS_GEN_AND_SET_COMPLET"
 1009      455F4556 
 1009      545F4741 
 1009      505F534D 
 1009      505F4C4F 
 1010 0209 4500     		.ascii	"E\000"
 1011              	.LASF48:
 1012 020b 4359424C 		.ascii	"CYBLE_EVT_GATTS_XCNHG_MTU_REQ\000"
 1012      455F4556 
 1012      545F4741 
 1012      5454535F 
 1012      58434E48 
 1013              	.LASF114:
 1014 0229 50696E5F 		.ascii	"Pin_Input_BallTrigger_Handler\000"
 1014      496E7075 
 1014      745F4261 
 1014      6C6C5472 
 1014      69676765 
 1015              	.LASF111:
 1016 0247 474E5520 		.ascii	"GNU C11 5.4.1 20160609 (release) [ARM/embedded-5-br"
 1016      43313120 
 1016      352E342E 
 1016      31203230 
 1016      31363036 
 1017 027a 616E6368 		.ascii	"anch revision 237715] -mcpu=cortex-m0 -mthumb -g -O"
 1017      20726576 
 1017      6973696F 
 1017      6E203233 
 1017      37373135 
ARM GAS  C:\Windows\TEMP\ccgLMmVe.s 			page 21


 1018 02ad 67202D66 		.ascii	"g -ffunction-sections -ffat-lto-objects\000"
 1018      66756E63 
 1018      74696F6E 
 1018      2D736563 
 1018      74696F6E 
 1019              	.LASF33:
 1020 02d5 4359424C 		.ascii	"CYBLE_EVT_GAP_KEYINFO_EXCHNGE_CMPLT\000"
 1020      455F4556 
 1020      545F4741 
 1020      505F4B45 
 1020      59494E46 
 1021              	.LASF56:
 1022 02f9 4359424C 		.ascii	"CYBLE_EVT_GATTC_READ_MULTI_RSP\000"
 1022      455F4556 
 1022      545F4741 
 1022      5454435F 
 1022      52454144 
 1023              	.LASF65:
 1024 0318 4359424C 		.ascii	"CYBLE_EVT_GATTS_HANDLE_VALUE_CNF\000"
 1024      455F4556 
 1024      545F4741 
 1024      5454535F 
 1024      48414E44 
 1025              	.LASF14:
 1026 0339 4359424C 		.ascii	"CYBLE_EVT_HOST_INVALID\000"
 1026      455F4556 
 1026      545F484F 
 1026      53545F49 
 1026      4E56414C 
 1027              	.LASF73:
 1028 0350 4359424C 		.ascii	"CYBLE_EVT_L2CAP_CBFC_CONN_IND\000"
 1028      455F4556 
 1028      545F4C32 
 1028      4341505F 
 1028      43424643 
 1029              	.LASF76:
 1030 036e 4359424C 		.ascii	"CYBLE_EVT_L2CAP_CBFC_DISCONN_CNF\000"
 1030      455F4556 
 1030      545F4C32 
 1030      4341505F 
 1030      43424643 
 1031              	.LASF87:
 1032 038f 4359424C 		.ascii	"CYBLE_AIOS_ANALOG\000"
 1032      455F4149 
 1032      4F535F41 
 1032      4E414C4F 
 1032      4700
 1033              	.LASF9:
 1034 03a1 666C6F61 		.ascii	"float\000"
 1034      7400
 1035              	.LASF54:
 1036 03a7 4359424C 		.ascii	"CYBLE_EVT_GATTC_READ_RSP\000"
 1036      455F4556 
 1036      545F4741 
 1036      5454435F 
 1036      52454144 
 1037              	.LASF34:
ARM GAS  C:\Windows\TEMP\ccgLMmVe.s 			page 22


 1038 03c0 4359424C 		.ascii	"CYBLE_EVT_GAP_NUMERIC_COMPARISON_REQUEST\000"
 1038      455F4556 
 1038      545F4741 
 1038      505F4E55 
 1038      4D455249 
 1039              	.LASF39:
 1040 03e9 4359424C 		.ascii	"CYBLE_EVT_GAPC_DIRECT_ADV_REPORT\000"
 1040      455F4556 
 1040      545F4741 
 1040      50435F44 
 1040      49524543 
 1041              	.LASF89:
 1042 040a 4359424C 		.ascii	"CYBLE_AIOS_CHAR_COUNT\000"
 1042      455F4149 
 1042      4F535F43 
 1042      4841525F 
 1042      434F554E 
 1043              	.LASF97:
 1044 0420 4359424C 		.ascii	"CYBLE_AIOS_NUM_OF_DIGITAL_DESCR\000"
 1044      455F4149 
 1044      4F535F4E 
 1044      554D5F4F 
 1044      465F4449 
 1045              	.LASF43:
 1046 0440 4359424C 		.ascii	"CYBLE_EVT_GAP_AUTH_REQ_REPLY_ERR\000"
 1046      455F4556 
 1046      545F4741 
 1046      505F4155 
 1046      54485F52 
 1047              	.LASF109:
 1048 0461 50696E5F 		.ascii	"Pin_Output_Serve_Write\000"
 1048      4F757470 
 1048      75745F53 
 1048      65727665 
 1048      5F577269 
 1049              	.LASF4:
 1050 0478 6C6F6E67 		.ascii	"long int\000"
 1050      20696E74 
 1050      00
 1051              	.LASF64:
 1052 0481 4359424C 		.ascii	"CYBLE_EVT_GATTC_HANDLE_VALUE_IND\000"
 1052      455F4556 
 1052      545F4741 
 1052      5454435F 
 1052      48414E44 
 1053              	.LASF28:
 1054 04a2 4359424C 		.ascii	"CYBLE_EVT_GAP_DEVICE_CONNECTED\000"
 1054      455F4556 
 1054      545F4741 
 1054      505F4445 
 1054      56494345 
 1055              	.LASF94:
 1056 04c1 4359424C 		.ascii	"CYBLE_AIOS_VALUE_TRIGGER_SETTINGS\000"
 1056      455F4149 
 1056      4F535F56 
 1056      414C5545 
 1056      5F545249 
ARM GAS  C:\Windows\TEMP\ccgLMmVe.s 			page 23


 1057              	.LASF27:
 1058 04e3 4359424C 		.ascii	"CYBLE_EVT_GAPP_ADVERTISEMENT_START_STOP\000"
 1058      455F4556 
 1058      545F4741 
 1058      50505F41 
 1058      44564552 
 1059              	.LASF63:
 1060 050b 4359424C 		.ascii	"CYBLE_EVT_GATTC_HANDLE_VALUE_NTF\000"
 1060      455F4556 
 1060      545F4741 
 1060      5454435F 
 1060      48414E44 
 1061              	.LASF19:
 1062 052c 4359424C 		.ascii	"CYBLE_EVT_STACK_BUSY_STATUS\000"
 1062      455F4556 
 1062      545F5354 
 1062      41434B5F 
 1062      42555359 
 1063              	.LASF88:
 1064 0548 4359424C 		.ascii	"CYBLE_AIOS_AGGREGATE\000"
 1064      455F4149 
 1064      4F535F41 
 1064      47475245 
 1064      47415445 
 1065              	.LASF24:
 1066 055d 4359424C 		.ascii	"CYBLE_EVT_GAP_PASSKEY_DISPLAY_REQUEST\000"
 1066      455F4556 
 1066      545F4741 
 1066      505F5041 
 1066      53534B45 
 1067              	.LASF92:
 1068 0583 4359424C 		.ascii	"CYBLE_AIOS_CHAR_USER_DESCRIPTION_DESCR\000"
 1068      455F4149 
 1068      4F535F43 
 1068      4841525F 
 1068      55534552 
 1069              	.LASF74:
 1070 05aa 4359424C 		.ascii	"CYBLE_EVT_L2CAP_CBFC_CONN_CNF\000"
 1070      455F4556 
 1070      545F4C32 
 1070      4341505F 
 1070      43424643 
 1071              	.LASF38:
 1072 05c8 4359424C 		.ascii	"CYBLE_EVT_GAP_ENHANCE_CONN_COMPLETE\000"
 1072      455F4556 
 1072      545F4741 
 1072      505F454E 
 1072      48414E43 
 1073              	.LASF12:
 1074 05ec 6C6F6E67 		.ascii	"long double\000"
 1074      20646F75 
 1074      626C6500 
 1075              	.LASF82:
 1076 05f8 4359424C 		.ascii	"CYBLE_EVT_LE_PING_AUTH_TIMEOUT\000"
 1076      455F4556 
 1076      545F4C45 
 1076      5F50494E 
ARM GAS  C:\Windows\TEMP\ccgLMmVe.s 			page 24


 1076      475F4155 
 1077              	.LASF70:
 1078 0617 4359424C 		.ascii	"CYBLE_EVT_L2CAP_CONN_PARAM_UPDATE_REQ\000"
 1078      455F4556 
 1078      545F4C32 
 1078      4341505F 
 1078      434F4E4E 
 1079              	.LASF1:
 1080 063d 756E7369 		.ascii	"unsigned char\000"
 1080      676E6564 
 1080      20636861 
 1080      7200
 1081              	.LASF108:
 1082 064b 636F756E 		.ascii	"counter\000"
 1082      74657200 
 1083              	.LASF106:
 1084 0653 646F5365 		.ascii	"doServe\000"
 1084      72766500 
 1085              	.LASF52:
 1086 065b 4359424C 		.ascii	"CYBLE_EVT_GATTC_FIND_INFO_RSP\000"
 1086      455F4556 
 1086      545F4741 
 1086      5454435F 
 1086      46494E44 
 1087              	.LASF0:
 1088 0679 7369676E 		.ascii	"signed char\000"
 1088      65642063 
 1088      68617200 
 1089              	.LASF57:
 1090 0685 4359424C 		.ascii	"CYBLE_EVT_GATTS_WRITE_REQ\000"
 1090      455F4556 
 1090      545F4741 
 1090      5454535F 
 1090      57524954 
 1091              	.LASF99:
 1092 069f 43686563 		.ascii	"CheckForBallServeRequest\000"
 1092      6B466F72 
 1092      42616C6C 
 1092      53657276 
 1092      65526571 
 1093              	.LASF53:
 1094 06b8 4359424C 		.ascii	"CYBLE_EVT_GATTC_FIND_BY_TYPE_VALUE_RSP\000"
 1094      455F4556 
 1094      545F4741 
 1094      5454435F 
 1094      46494E44 
 1095              	.LASF25:
 1096 06df 4359424C 		.ascii	"CYBLE_EVT_GAP_AUTH_COMPLETE\000"
 1096      455F4556 
 1096      545F4741 
 1096      505F4155 
 1096      54485F43 
 1097              	.LASF8:
 1098 06fb 756E7369 		.ascii	"unsigned int\000"
 1098      676E6564 
 1098      20696E74 
 1098      00
ARM GAS  C:\Windows\TEMP\ccgLMmVe.s 			page 25


 1099              	.LASF46:
 1100 0708 4359424C 		.ascii	"CYBLE_EVT_GATT_CONNECT_IND\000"
 1100      455F4556 
 1100      545F4741 
 1100      54545F43 
 1100      4F4E4E45 
 1101              	.LASF5:
 1102 0723 6C6F6E67 		.ascii	"long unsigned int\000"
 1102      20756E73 
 1102      69676E65 
 1102      6420696E 
 1102      7400
 1103              	.LASF22:
 1104 0735 4359424C 		.ascii	"CYBLE_EVT_GAP_AUTH_REQ\000"
 1104      455F4556 
 1104      545F4741 
 1104      505F4155 
 1104      54485F52 
 1105              	.LASF93:
 1106 074c 4359424C 		.ascii	"CYBLE_AIOS_CHAR_EXTENDED_PROPERTIES\000"
 1106      455F4149 
 1106      4F535F43 
 1106      4841525F 
 1106      45585445 
 1107              	.LASF30:
 1108 0770 4359424C 		.ascii	"CYBLE_EVT_GAP_ENCRYPT_CHANGE\000"
 1108      455F4556 
 1108      545F4741 
 1108      505F454E 
 1108      43525950 
 1109              	.LASF41:
 1110 078d 4359424C 		.ascii	"CYBLE_EVT_GAP_CONN_ESTB\000"
 1110      455F4556 
 1110      545F4741 
 1110      505F434F 
 1110      4E4E5F45 
 1111              	.LASF69:
 1112 07a5 4359424C 		.ascii	"CYBLE_EVT_GATTC_LONG_PROCEDURE_END\000"
 1112      455F4556 
 1112      545F4741 
 1112      5454435F 
 1112      4C4F4E47 
 1113              	.LASF3:
 1114 07c8 73686F72 		.ascii	"short unsigned int\000"
 1114      7420756E 
 1114      7369676E 
 1114      65642069 
 1114      6E7400
 1115              	.LASF84:
 1116 07db 4359424C 		.ascii	"CYBLE_EVT_FLASH_CORRUPT\000"
 1116      455F4556 
 1116      545F464C 
 1116      4153485F 
 1116      434F5252 
 1117              	.LASF31:
 1118 07f3 4359424C 		.ascii	"CYBLE_EVT_GAP_CONNECTION_UPDATE_COMPLETE\000"
 1118      455F4556 
ARM GAS  C:\Windows\TEMP\ccgLMmVe.s 			page 26


 1118      545F4741 
 1118      505F434F 
 1118      4E4E4543 
 1119              	.LASF40:
 1120 081c 4359424C 		.ascii	"CYBLE_EVT_GAP_SMP_NEGOTIATED_AUTH_INFO\000"
 1120      455F4556 
 1120      545F4741 
 1120      505F534D 
 1120      505F4E45 
 1121              	.LASF11:
 1122 0843 63686172 		.ascii	"char\000"
 1122      00
 1123              	.LASF113:
 1124 0848 433A5C55 		.ascii	"C:\\Users\\Oleg\\Documents\\Programming\\POK\\Cyber"
 1124      73657273 
 1124      5C4F6C65 
 1124      675C446F 
 1124      63756D65 
 1125 0875 506F6E67 		.ascii	"Pong\\CyberPong.cydsn\000"
 1125      5C437962 
 1125      6572506F 
 1125      6E672E63 
 1125      7964736E 
 1126              	.LASF72:
 1127 088a 4359424C 		.ascii	"CYBLE_EVT_L2CAP_COMMAND_REJ\000"
 1127      455F4556 
 1127      545F4C32 
 1127      4341505F 
 1127      434F4D4D 
 1128              	.LASF102:
 1129 08a6 75617274 		.ascii	"uart_rpm_buff\000"
 1129      5F72706D 
 1129      5F627566 
 1129      6600
 1130              	.LASF86:
 1131 08b4 4359424C 		.ascii	"CYBLE_AIOS_DIGITAL\000"
 1131      455F4149 
 1131      4F535F44 
 1131      49474954 
 1131      414C00
 1132              	.LASF105:
 1133 08c7 5F426F6F 		.ascii	"_Bool\000"
 1133      6C00
 1134              	.LASF103:
 1135 08cd 6D6F746F 		.ascii	"motor_speeds\000"
 1135      725F7370 
 1135      65656473 
 1135      00
 1136              	.LASF55:
 1137 08da 4359424C 		.ascii	"CYBLE_EVT_GATTC_READ_BLOB_RSP\000"
 1137      455F4556 
 1137      545F4741 
 1137      5454435F 
 1137      52454144 
 1138              	.LASF62:
 1139 08f8 4359424C 		.ascii	"CYBLE_EVT_GATTC_EXEC_WRITE_RSP\000"
 1139      455F4556 
ARM GAS  C:\Windows\TEMP\ccgLMmVe.s 			page 27


 1139      545F4741 
 1139      5454435F 
 1139      45584543 
 1140              	.LASF32:
 1141 0917 4359424C 		.ascii	"CYBLE_EVT_GAPC_SCAN_START_STOP\000"
 1141      455F4556 
 1141      545F4741 
 1141      50435F53 
 1141      43414E5F 
 1142              	.LASF81:
 1143 0936 4359424C 		.ascii	"CYBLE_EVT_PENDING_FLASH_WRITE\000"
 1143      455F4556 
 1143      545F5045 
 1143      4E44494E 
 1143      475F464C 
 1144              	.LASF78:
 1145 0954 4359424C 		.ascii	"CYBLE_EVT_L2CAP_CBFC_RX_CREDIT_IND\000"
 1145      455F4556 
 1145      545F4C32 
 1145      4341505F 
 1145      43424643 
 1146              	.LASF95:
 1147 0977 4359424C 		.ascii	"CYBLE_AIOS_TIME_TRIGGER_SETTINGS\000"
 1147      455F4149 
 1147      4F535F54 
 1147      494D455F 
 1147      54524947 
 1148              	.LASF10:
 1149 0998 646F7562 		.ascii	"double\000"
 1149      6C6500
 1150              	.LASF75:
 1151 099f 4359424C 		.ascii	"CYBLE_EVT_L2CAP_CBFC_DISCONN_IND\000"
 1151      455F4556 
 1151      545F4C32 
 1151      4341505F 
 1151      43424643 
 1152              	.LASF79:
 1153 09c0 4359424C 		.ascii	"CYBLE_EVT_L2CAP_CBFC_TX_CREDIT_IND\000"
 1153      455F4556 
 1153      545F4C32 
 1153      4341505F 
 1153      43424643 
 1154              	.LASF42:
 1155 09e3 4359424C 		.ascii	"CYBLE_EVT_GAP_SCAN_REQ_RECVD\000"
 1155      455F4556 
 1155      545F4741 
 1155      505F5343 
 1155      414E5F52 
 1156              	.LASF17:
 1157 0a00 4359424C 		.ascii	"CYBLE_EVT_HARDWARE_ERROR\000"
 1157      455F4556 
 1157      545F4841 
 1157      52445741 
 1157      52455F45 
 1158              	.LASF77:
 1159 0a19 4359424C 		.ascii	"CYBLE_EVT_L2CAP_CBFC_DATA_READ\000"
 1159      455F4556 
ARM GAS  C:\Windows\TEMP\ccgLMmVe.s 			page 28


 1159      545F4C32 
 1159      4341505F 
 1159      43424643 
 1160              	.LASF71:
 1161 0a38 4359424C 		.ascii	"CYBLE_EVT_L2CAP_CONN_PARAM_UPDATE_RSP\000"
 1161      455F4556 
 1161      545F4C32 
 1161      4341505F 
 1161      434F4E4E 
 1162              	.LASF21:
 1163 0a5e 4359424C 		.ascii	"CYBLE_EVT_GAPC_SCAN_PROGRESS_RESULT\000"
 1163      455F4556 
 1163      545F4741 
 1163      50435F53 
 1163      43414E5F 
 1164              	.LASF101:
 1165 0a82 55706461 		.ascii	"UpdateServing\000"
 1165      74655365 
 1165      7276696E 
 1165      6700
 1166              	.LASF98:
 1167 0a90 4359424C 		.ascii	"CYBLE_AIOS_DESCR_COUNT\000"
 1167      455F4149 
 1167      4F535F44 
 1167      45534352 
 1167      5F434F55 
 1168              	.LASF50:
 1169 0aa7 4359424C 		.ascii	"CYBLE_EVT_GATTC_READ_BY_GROUP_TYPE_RSP\000"
 1169      455F4556 
 1169      545F4741 
 1169      5454435F 
 1169      52454144 
 1170              	.LASF59:
 1171 0ace 4359424C 		.ascii	"CYBLE_EVT_GATTS_WRITE_CMD_REQ\000"
 1171      455F4556 
 1171      545F4741 
 1171      5454535F 
 1171      57524954 
 1172              	.LASF51:
 1173 0aec 4359424C 		.ascii	"CYBLE_EVT_GATTC_READ_BY_TYPE_RSP\000"
 1173      455F4556 
 1173      545F4741 
 1173      5454435F 
 1173      52454144 
 1174              	.LASF49:
 1175 0b0d 4359424C 		.ascii	"CYBLE_EVT_GATTC_XCHNG_MTU_RSP\000"
 1175      455F4556 
 1175      545F4741 
 1175      5454435F 
 1175      5843484E 
 1176              	.LASF96:
 1177 0b2b 4359424C 		.ascii	"CYBLE_AIOS_VRD\000"
 1177      455F4149 
 1177      4F535F56 
 1177      524400
 1178              	.LASF112:
 1179 0b3a 62616C6C 		.ascii	"ballServeController.c\000"
ARM GAS  C:\Windows\TEMP\ccgLMmVe.s 			page 29


 1179      53657276 
 1179      65436F6E 
 1179      74726F6C 
 1179      6C65722E 
 1180              	.LASF80:
 1181 0b50 4359424C 		.ascii	"CYBLE_EVT_L2CAP_CBFC_DATA_WRITE_IND\000"
 1181      455F4556 
 1181      545F4C32 
 1181      4341505F 
 1181      43424643 
 1182              	.LASF16:
 1183 0b74 4359424C 		.ascii	"CYBLE_EVT_TIMEOUT\000"
 1183      455F4556 
 1183      545F5449 
 1183      4D454F55 
 1183      5400
 1184              	.LASF85:
 1185 0b86 4359424C 		.ascii	"CYBLE_EVT_MAX\000"
 1185      455F4556 
 1185      545F4D41 
 1185      5800
 1186              	.LASF90:
 1187 0b94 4359424C 		.ascii	"CYBLE_AIOS_CCCD\000"
 1187      455F4149 
 1187      4F535F43 
 1187      43434400 
 1188              	.LASF68:
 1189 0ba4 4359424C 		.ascii	"CYBLE_EVT_GATTS_READ_CHAR_VAL_ACCESS_REQ\000"
 1189      455F4556 
 1189      545F4741 
 1189      5454535F 
 1189      52454144 
 1190              	.LASF67:
 1191 0bcd 4359424C 		.ascii	"CYBLE_EVT_GATTC_STOP_CMD_COMPLETE\000"
 1191      455F4556 
 1191      545F4741 
 1191      5454435F 
 1191      53544F50 
 1192              	.LASF61:
 1193 0bef 4359424C 		.ascii	"CYBLE_EVT_GATTS_EXEC_WRITE_REQ\000"
 1193      455F4556 
 1193      545F4741 
 1193      5454535F 
 1193      45584543 
 1194              	.LASF45:
 1195 0c0e 4359424C 		.ascii	"CYBLE_EVT_GATTC_ERROR_RSP\000"
 1195      455F4556 
 1195      545F4741 
 1195      5454435F 
 1195      4552524F 
 1196              	.LASF104:
 1197 0c28 6D6F746F 		.ascii	"motorsEnabled\000"
 1197      7273456E 
 1197      61626C65 
 1197      6400
 1198              	.LASF66:
 1199 0c36 4359424C 		.ascii	"CYBLE_EVT_GATTS_DATA_SIGNED_CMD_REQ\000"
ARM GAS  C:\Windows\TEMP\ccgLMmVe.s 			page 30


 1199      455F4556 
 1199      545F4741 
 1199      5454535F 
 1199      44415441 
 1200              	.LASF83:
 1201 0c5a 4359424C 		.ascii	"CYBLE_EVT_HCI_PKT\000"
 1201      455F4556 
 1201      545F4843 
 1201      495F504B 
 1201      5400
 1202              	.LASF36:
 1203 0c6c 4359424C 		.ascii	"CYBLE_EVT_GAP_OOB_GENERATED_NOTIFICATION\000"
 1203      455F4556 
 1203      545F4741 
 1203      505F4F4F 
 1203      425F4745 
 1204              		.ident	"GCC: (GNU Tools for ARM Embedded Processors) 5.4.1 20160609 (release) [ARM/embedded-5-bran
