ARM GAS  C:\Windows\TEMP\ccRqvMYw.s 			page 1


   1              		.syntax unified
   2              		.cpu cortex-m0
   3              		.fpu softvfp
   4              		.eabi_attribute 20, 1
   5              		.eabi_attribute 21, 1
   6              		.eabi_attribute 23, 3
   7              		.eabi_attribute 24, 1
   8              		.eabi_attribute 25, 1
   9              		.eabi_attribute 26, 1
  10              		.eabi_attribute 30, 1
  11              		.eabi_attribute 34, 0
  12              		.eabi_attribute 18, 4
  13              		.thumb
  14              		.syntax unified
  15              		.file	"Bluetooth_custom.c"
  16              		.text
  17              	.Ltext0:
  18              		.cfi_sections	.debug_frame
  19              		.section	.text.CyBle_CustomInit,"ax",%progbits
  20              		.align	2
  21              		.global	CyBle_CustomInit
  22              		.code	16
  23              		.thumb_func
  24              		.type	CyBle_CustomInit, %function
  25              	CyBle_CustomInit:
  26              	.LFB2:
  27              		.file 1 "Generated_Source\\PSoC4\\Bluetooth_custom.c"
   1:Generated_Source\PSoC4/Bluetooth_custom.c **** /***************************************************************************//**
   2:Generated_Source\PSoC4/Bluetooth_custom.c **** * \file CYBLE_custom.c
   3:Generated_Source\PSoC4/Bluetooth_custom.c **** * \version 3.66
   4:Generated_Source\PSoC4/Bluetooth_custom.c **** * 
   5:Generated_Source\PSoC4/Bluetooth_custom.c **** * \brief
   6:Generated_Source\PSoC4/Bluetooth_custom.c **** *  Contains the source code for the Custom Service.
   7:Generated_Source\PSoC4/Bluetooth_custom.c **** * 
   8:Generated_Source\PSoC4/Bluetooth_custom.c **** ********************************************************************************
   9:Generated_Source\PSoC4/Bluetooth_custom.c **** * \copyright
  10:Generated_Source\PSoC4/Bluetooth_custom.c **** * Copyright 2014-2020, Cypress Semiconductor Corporation.  All rights reserved.
  11:Generated_Source\PSoC4/Bluetooth_custom.c **** * You may use this file only in accordance with the license, terms, conditions,
  12:Generated_Source\PSoC4/Bluetooth_custom.c **** * disclaimers, and limitations in the end user license agreement accompanying
  13:Generated_Source\PSoC4/Bluetooth_custom.c **** * the software package with which this file was provided.
  14:Generated_Source\PSoC4/Bluetooth_custom.c **** *******************************************************************************/
  15:Generated_Source\PSoC4/Bluetooth_custom.c **** 
  16:Generated_Source\PSoC4/Bluetooth_custom.c **** 
  17:Generated_Source\PSoC4/Bluetooth_custom.c **** #include "Bluetooth_eventHandler.h"
  18:Generated_Source\PSoC4/Bluetooth_custom.c **** 
  19:Generated_Source\PSoC4/Bluetooth_custom.c **** #ifdef CYBLE_CUSTOM_SERVER
  20:Generated_Source\PSoC4/Bluetooth_custom.c **** 
  21:Generated_Source\PSoC4/Bluetooth_custom.c **** /* If any custom service with custom characteristics is defined in the
  22:Generated_Source\PSoC4/Bluetooth_custom.c **** * customizer's GUI their handles will be present in this array.
  23:Generated_Source\PSoC4/Bluetooth_custom.c **** */
  24:Generated_Source\PSoC4/Bluetooth_custom.c **** /* This array contains attribute handles for the defined Custom Services and their characteristics 
  25:Generated_Source\PSoC4/Bluetooth_custom.c ****    The array index definitions are located in the CYBLE_custom.h file. */
  26:Generated_Source\PSoC4/Bluetooth_custom.c **** const CYBLE_CUSTOMS_T cyBle_customs[0x01u] = {
  27:Generated_Source\PSoC4/Bluetooth_custom.c **** 
  28:Generated_Source\PSoC4/Bluetooth_custom.c ****     /* MotorController service */
  29:Generated_Source\PSoC4/Bluetooth_custom.c ****     {
  30:Generated_Source\PSoC4/Bluetooth_custom.c ****         0x001Au, /* Handle of the MotorController service */ 
ARM GAS  C:\Windows\TEMP\ccRqvMYw.s 			page 2


  31:Generated_Source\PSoC4/Bluetooth_custom.c ****         {
  32:Generated_Source\PSoC4/Bluetooth_custom.c **** 
  33:Generated_Source\PSoC4/Bluetooth_custom.c ****             /* MotorLeft characteristic */
  34:Generated_Source\PSoC4/Bluetooth_custom.c ****             {
  35:Generated_Source\PSoC4/Bluetooth_custom.c ****                 0x001Cu, /* Handle of the MotorLeft characteristic */ 
  36:Generated_Source\PSoC4/Bluetooth_custom.c ****                 
  37:Generated_Source\PSoC4/Bluetooth_custom.c ****                 /* Array of Descriptors handles */
  38:Generated_Source\PSoC4/Bluetooth_custom.c ****                 {
  39:Generated_Source\PSoC4/Bluetooth_custom.c ****                     0x001Du, /* Handle of the Description descriptor */ 
  40:Generated_Source\PSoC4/Bluetooth_custom.c ****                 }, 
  41:Generated_Source\PSoC4/Bluetooth_custom.c ****             },
  42:Generated_Source\PSoC4/Bluetooth_custom.c ****         }, 
  43:Generated_Source\PSoC4/Bluetooth_custom.c ****     },
  44:Generated_Source\PSoC4/Bluetooth_custom.c **** };
  45:Generated_Source\PSoC4/Bluetooth_custom.c **** 
  46:Generated_Source\PSoC4/Bluetooth_custom.c **** 
  47:Generated_Source\PSoC4/Bluetooth_custom.c **** #endif /* (CYBLE_CUSTOM_SERVER) */
  48:Generated_Source\PSoC4/Bluetooth_custom.c **** 
  49:Generated_Source\PSoC4/Bluetooth_custom.c **** #ifdef CYBLE_CUSTOM_CLIENT
  50:Generated_Source\PSoC4/Bluetooth_custom.c ****     
  51:Generated_Source\PSoC4/Bluetooth_custom.c **** 
  52:Generated_Source\PSoC4/Bluetooth_custom.c **** static uint16 cyBle_customDisServIndex;
  53:Generated_Source\PSoC4/Bluetooth_custom.c **** static uint16 cyBle_customDisCharIndex;
  54:Generated_Source\PSoC4/Bluetooth_custom.c **** 
  55:Generated_Source\PSoC4/Bluetooth_custom.c **** #endif /* (CYBLE_CUSTOM_CLIENT) */
  56:Generated_Source\PSoC4/Bluetooth_custom.c **** 
  57:Generated_Source\PSoC4/Bluetooth_custom.c **** 
  58:Generated_Source\PSoC4/Bluetooth_custom.c **** /****************************************************************************** 
  59:Generated_Source\PSoC4/Bluetooth_custom.c **** * Function Name: CyBle_CustomInit
  60:Generated_Source\PSoC4/Bluetooth_custom.c **** ***************************************************************************//**
  61:Generated_Source\PSoC4/Bluetooth_custom.c **** * 
  62:Generated_Source\PSoC4/Bluetooth_custom.c **** *  This function initializes Custom Service.
  63:Generated_Source\PSoC4/Bluetooth_custom.c **** * 
  64:Generated_Source\PSoC4/Bluetooth_custom.c **** * \return
  65:Generated_Source\PSoC4/Bluetooth_custom.c **** *  None
  66:Generated_Source\PSoC4/Bluetooth_custom.c **** * 
  67:Generated_Source\PSoC4/Bluetooth_custom.c **** ******************************************************************************/
  68:Generated_Source\PSoC4/Bluetooth_custom.c **** void CyBle_CustomInit(void)
  69:Generated_Source\PSoC4/Bluetooth_custom.c **** {
  28              		.loc 1 69 0
  29              		.cfi_startproc
  30              		@ args = 0, pretend = 0, frame = 0
  31              		@ frame_needed = 0, uses_anonymous_args = 0
  32              		@ link register save eliminated.
  70:Generated_Source\PSoC4/Bluetooth_custom.c ****     
  71:Generated_Source\PSoC4/Bluetooth_custom.c **** #ifdef CYBLE_CUSTOM_CLIENT
  72:Generated_Source\PSoC4/Bluetooth_custom.c **** 
  73:Generated_Source\PSoC4/Bluetooth_custom.c ****     uint16 locServIndex;
  74:Generated_Source\PSoC4/Bluetooth_custom.c ****     uint16 locCharIndex;
  75:Generated_Source\PSoC4/Bluetooth_custom.c ****     uint16 locDescIndex;
  76:Generated_Source\PSoC4/Bluetooth_custom.c ****     
  77:Generated_Source\PSoC4/Bluetooth_custom.c ****     for(locServIndex = 0u; locServIndex < CYBLE_CUSTOMC_SERVICE_COUNT; locServIndex++)
  78:Generated_Source\PSoC4/Bluetooth_custom.c ****     {
  79:Generated_Source\PSoC4/Bluetooth_custom.c ****         if(cyBle_serverInfo[CYBLE_SRVI_CUSTOMS + locServIndex].range.startHandle == CYBLE_GATT_INVA
  80:Generated_Source\PSoC4/Bluetooth_custom.c ****         {
  81:Generated_Source\PSoC4/Bluetooth_custom.c ****             for(locCharIndex = 0u; locCharIndex < cyBle_customCServ[locServIndex].charCount; locCha
  82:Generated_Source\PSoC4/Bluetooth_custom.c ****             {
ARM GAS  C:\Windows\TEMP\ccRqvMYw.s 			page 3


  83:Generated_Source\PSoC4/Bluetooth_custom.c ****                 cyBle_customCServ[locServIndex].customServChar[locCharIndex].
  84:Generated_Source\PSoC4/Bluetooth_custom.c ****                     customServCharHandle = 0u;
  85:Generated_Source\PSoC4/Bluetooth_custom.c ****                 
  86:Generated_Source\PSoC4/Bluetooth_custom.c ****                 for(locDescIndex = 0u; locDescIndex < 
  87:Generated_Source\PSoC4/Bluetooth_custom.c ****                     cyBle_customCServ[locServIndex].customServChar[locCharIndex].descCount; 
  88:Generated_Source\PSoC4/Bluetooth_custom.c ****                         locDescIndex++)
  89:Generated_Source\PSoC4/Bluetooth_custom.c ****                 {
  90:Generated_Source\PSoC4/Bluetooth_custom.c ****                     cyBle_customCServ[locServIndex].customServChar[locCharIndex].
  91:Generated_Source\PSoC4/Bluetooth_custom.c ****                         customServCharDesc[locDescIndex].descHandle = 0u;
  92:Generated_Source\PSoC4/Bluetooth_custom.c ****                 }
  93:Generated_Source\PSoC4/Bluetooth_custom.c ****             }
  94:Generated_Source\PSoC4/Bluetooth_custom.c ****         }
  95:Generated_Source\PSoC4/Bluetooth_custom.c ****     }
  96:Generated_Source\PSoC4/Bluetooth_custom.c **** 
  97:Generated_Source\PSoC4/Bluetooth_custom.c **** #endif /* (CYBLE_CUSTOM_CLIENT) */
  98:Generated_Source\PSoC4/Bluetooth_custom.c **** }
  33              		.loc 1 98 0
  34              		@ sp needed
  35 0000 7047     		bx	lr
  36              		.cfi_endproc
  37              	.LFE2:
  38              		.size	CyBle_CustomInit, .-CyBle_CustomInit
  39              		.global	cyBle_customs
  40 0002 C046     		.section	.rodata
  41              		.align	2
  42              		.type	cyBle_customs, %object
  43              		.size	cyBle_customs, 6
  44              	cyBle_customs:
  45 0000 1A00     		.short	26
  46 0002 1C00     		.short	28
  47 0004 1D00     		.short	29
  48              		.text
  49              	.Letext0:
  50              		.file 2 "Generated_Source\\PSoC4\\cytypes.h"
  51              		.file 3 "Generated_Source\\PSoC4\\Bluetooth_StackGatt.h"
  52              		.file 4 "Generated_Source\\PSoC4\\Bluetooth_Stack.h"
  53              		.file 5 "Generated_Source\\PSoC4\\Bluetooth_aios.h"
  54              		.file 6 "Generated_Source\\PSoC4\\Bluetooth_custom.h"
  55              		.section	.debug_info,"",%progbits
  56              	.Ldebug_info0:
  57 0000 7D030000 		.4byte	0x37d
  58 0004 0400     		.2byte	0x4
  59 0006 00000000 		.4byte	.Ldebug_abbrev0
  60 000a 04       		.byte	0x4
  61 000b 01       		.uleb128 0x1
  62 000c 5A020000 		.4byte	.LASF107
  63 0010 0C       		.byte	0xc
  64 0011 F6070000 		.4byte	.LASF108
  65 0015 4C080000 		.4byte	.LASF109
  66 0019 00000000 		.4byte	.Ldebug_ranges0+0
  67 001d 00000000 		.4byte	0
  68 0021 00000000 		.4byte	.Ldebug_line0
  69 0025 02       		.uleb128 0x2
  70 0026 01       		.byte	0x1
  71 0027 06       		.byte	0x6
  72 0028 8B060000 		.4byte	.LASF0
  73 002c 02       		.uleb128 0x2
ARM GAS  C:\Windows\TEMP\ccRqvMYw.s 			page 4


  74 002d 01       		.byte	0x1
  75 002e 08       		.byte	0x8
  76 002f 12060000 		.4byte	.LASF1
  77 0033 02       		.uleb128 0x2
  78 0034 02       		.byte	0x2
  79 0035 05       		.byte	0x5
  80 0036 E0000000 		.4byte	.LASF2
  81 003a 02       		.uleb128 0x2
  82 003b 02       		.byte	0x2
  83 003c 07       		.byte	0x7
  84 003d AA080000 		.4byte	.LASF3
  85 0041 02       		.uleb128 0x2
  86 0042 04       		.byte	0x4
  87 0043 05       		.byte	0x5
  88 0044 63040000 		.4byte	.LASF4
  89 0048 02       		.uleb128 0x2
  90 0049 04       		.byte	0x4
  91 004a 07       		.byte	0x7
  92 004b 1C070000 		.4byte	.LASF5
  93 004f 02       		.uleb128 0x2
  94 0050 08       		.byte	0x8
  95 0051 05       		.byte	0x5
  96 0052 90010000 		.4byte	.LASF6
  97 0056 02       		.uleb128 0x2
  98 0057 08       		.byte	0x8
  99 0058 07       		.byte	0x7
 100 0059 79010000 		.4byte	.LASF7
 101 005d 03       		.uleb128 0x3
 102 005e 04       		.byte	0x4
 103 005f 05       		.byte	0x5
 104 0060 696E7400 		.ascii	"int\000"
 105 0064 02       		.uleb128 0x2
 106 0065 04       		.byte	0x4
 107 0066 07       		.byte	0x7
 108 0067 F4060000 		.4byte	.LASF8
 109 006b 04       		.uleb128 0x4
 110 006c D0080000 		.4byte	.LASF86
 111 0070 02       		.byte	0x2
 112 0071 FD01     		.2byte	0x1fd
 113 0073 3A000000 		.4byte	0x3a
 114 0077 02       		.uleb128 0x2
 115 0078 04       		.byte	0x4
 116 0079 04       		.byte	0x4
 117 007a A3030000 		.4byte	.LASF9
 118 007e 02       		.uleb128 0x2
 119 007f 08       		.byte	0x8
 120 0080 04       		.byte	0x4
 121 0081 95090000 		.4byte	.LASF10
 122 0085 02       		.uleb128 0x2
 123 0086 01       		.byte	0x1
 124 0087 08       		.byte	0x8
 125 0088 47080000 		.4byte	.LASF11
 126 008c 02       		.uleb128 0x2
 127 008d 08       		.byte	0x8
 128 008e 04       		.byte	0x4
 129 008f E0050000 		.4byte	.LASF12
 130 0093 02       		.uleb128 0x2
ARM GAS  C:\Windows\TEMP\ccRqvMYw.s 			page 5


 131 0094 04       		.byte	0x4
 132 0095 07       		.byte	0x7
 133 0096 22010000 		.4byte	.LASF13
 134 009a 05       		.uleb128 0x5
 135 009b 01       		.byte	0x1
 136 009c 2C000000 		.4byte	0x2c
 137 00a0 04       		.byte	0x4
 138 00a1 3501     		.2byte	0x135
 139 00a3 58020000 		.4byte	0x258
 140 00a7 06       		.uleb128 0x6
 141 00a8 3B030000 		.4byte	.LASF14
 142 00ac 00       		.byte	0
 143 00ad 06       		.uleb128 0x6
 144 00ae F4010000 		.4byte	.LASF15
 145 00b2 01       		.byte	0x1
 146 00b3 06       		.uleb128 0x6
 147 00b4 5D0B0000 		.4byte	.LASF16
 148 00b8 02       		.byte	0x2
 149 00b9 06       		.uleb128 0x6
 150 00ba 0D0A0000 		.4byte	.LASF17
 151 00be 03       		.byte	0x3
 152 00bf 06       		.uleb128 0x6
 153 00c0 4C010000 		.4byte	.LASF18
 154 00c4 04       		.byte	0x4
 155 00c5 06       		.uleb128 0x6
 156 00c6 F1090000 		.4byte	.LASF19
 157 00ca 05       		.byte	0x5
 158 00cb 06       		.uleb128 0x6
 159 00cc 67000000 		.4byte	.LASF20
 160 00d0 06       		.byte	0x6
 161 00d1 06       		.uleb128 0x6
 162 00d2 6B0A0000 		.4byte	.LASF21
 163 00d6 20       		.byte	0x20
 164 00d7 06       		.uleb128 0x6
 165 00d8 2E070000 		.4byte	.LASF22
 166 00dc 21       		.byte	0x21
 167 00dd 06       		.uleb128 0x6
 168 00de 00000000 		.4byte	.LASF23
 169 00e2 22       		.byte	0x22
 170 00e3 06       		.uleb128 0x6
 171 00e4 41050000 		.4byte	.LASF24
 172 00e8 23       		.byte	0x23
 173 00e9 06       		.uleb128 0x6
 174 00ea D8060000 		.4byte	.LASF25
 175 00ee 24       		.byte	0x24
 176 00ef 06       		.uleb128 0x6
 177 00f0 EA000000 		.4byte	.LASF26
 178 00f4 25       		.byte	0x25
 179 00f5 06       		.uleb128 0x6
 180 00f6 CE040000 		.4byte	.LASF27
 181 00fa 26       		.byte	0x26
 182 00fb 06       		.uleb128 0x6
 183 00fc 8D040000 		.4byte	.LASF28
 184 0100 27       		.byte	0x27
 185 0101 06       		.uleb128 0x6
 186 0102 9A000000 		.4byte	.LASF29
 187 0106 28       		.byte	0x28
ARM GAS  C:\Windows\TEMP\ccRqvMYw.s 			page 6


 188 0107 06       		.uleb128 0x6
 189 0108 69070000 		.4byte	.LASF30
 190 010c 29       		.byte	0x29
 191 010d 06       		.uleb128 0x6
 192 010e 3E000000 		.4byte	.LASF31
 193 0112 2A       		.byte	0x2a
 194 0113 06       		.uleb128 0x6
 195 0114 14090000 		.4byte	.LASF32
 196 0118 2B       		.byte	0x2b
 197 0119 06       		.uleb128 0x6
 198 011a C1070000 		.4byte	.LASF33
 199 011e 2C       		.byte	0x2c
 200 011f 06       		.uleb128 0x6
 201 0120 C2030000 		.4byte	.LASF34
 202 0124 2D       		.byte	0x2d
 203 0125 06       		.uleb128 0x6
 204 0126 BC000000 		.4byte	.LASF35
 205 012a 2E       		.byte	0x2e
 206 012b 06       		.uleb128 0x6
 207 012c 570C0000 		.4byte	.LASF36
 208 0130 2F       		.byte	0x2f
 209 0131 06       		.uleb128 0x6
 210 0132 2B010000 		.4byte	.LASF37
 211 0136 30       		.byte	0x30
 212 0137 06       		.uleb128 0x6
 213 0138 BC050000 		.4byte	.LASF38
 214 013c 31       		.byte	0x31
 215 013d 06       		.uleb128 0x6
 216 013e EB030000 		.4byte	.LASF39
 217 0142 32       		.byte	0x32
 218 0143 06       		.uleb128 0x6
 219 0144 20080000 		.4byte	.LASF40
 220 0148 33       		.byte	0x33
 221 0149 06       		.uleb128 0x6
 222 014a 86070000 		.4byte	.LASF41
 223 014e 34       		.byte	0x34
 224 014f 06       		.uleb128 0x6
 225 0150 D4090000 		.4byte	.LASF42
 226 0154 35       		.byte	0x35
 227 0155 06       		.uleb128 0x6
 228 0156 42040000 		.4byte	.LASF43
 229 015a 36       		.byte	0x36
 230 015b 06       		.uleb128 0x6
 231 015c 07020000 		.4byte	.LASF44
 232 0160 37       		.byte	0x37
 233 0161 06       		.uleb128 0x6
 234 0162 80000000 		.4byte	.LASF45
 235 0166 40       		.byte	0x40
 236 0167 06       		.uleb128 0x6
 237 0168 01070000 		.4byte	.LASF46
 238 016c 41       		.byte	0x41
 239 016d 06       		.uleb128 0x6
 240 016e 04010000 		.4byte	.LASF47
 241 0172 42       		.byte	0x42
 242 0173 06       		.uleb128 0x6
 243 0174 3C020000 		.4byte	.LASF48
 244 0178 43       		.byte	0x43
ARM GAS  C:\Windows\TEMP\ccRqvMYw.s 			page 7


 245 0179 06       		.uleb128 0x6
 246 017a 0C0B0000 		.4byte	.LASF49
 247 017e 44       		.byte	0x44
 248 017f 06       		.uleb128 0x6
 249 0180 A60A0000 		.4byte	.LASF50
 250 0184 45       		.byte	0x45
 251 0185 06       		.uleb128 0x6
 252 0186 EB0A0000 		.4byte	.LASF51
 253 018a 46       		.byte	0x46
 254 018b 06       		.uleb128 0x6
 255 018c 6D060000 		.4byte	.LASF52
 256 0190 47       		.byte	0x47
 257 0191 06       		.uleb128 0x6
 258 0192 B1060000 		.4byte	.LASF53
 259 0196 48       		.byte	0x48
 260 0197 06       		.uleb128 0x6
 261 0198 A9030000 		.4byte	.LASF54
 262 019c 49       		.byte	0x49
 263 019d 06       		.uleb128 0x6
 264 019e D7080000 		.4byte	.LASF55
 265 01a2 4A       		.byte	0x4a
 266 01a3 06       		.uleb128 0x6
 267 01a4 FB020000 		.4byte	.LASF56
 268 01a8 4B       		.byte	0x4b
 269 01a9 06       		.uleb128 0x6
 270 01aa 97060000 		.4byte	.LASF57
 271 01ae 4C       		.byte	0x4c
 272 01af 06       		.uleb128 0x6
 273 01b0 24000000 		.4byte	.LASF58
 274 01b4 4D       		.byte	0x4d
 275 01b5 06       		.uleb128 0x6
 276 01b6 CD0A0000 		.4byte	.LASF59
 277 01ba 4E       		.byte	0x4e
 278 01bb 06       		.uleb128 0x6
 279 01bc 2F060000 		.4byte	.LASF60
 280 01c0 4F       		.byte	0x4f
 281 01c1 06       		.uleb128 0x6
 282 01c2 D80B0000 		.4byte	.LASF61
 283 01c6 50       		.byte	0x50
 284 01c7 06       		.uleb128 0x6
 285 01c8 F5080000 		.4byte	.LASF62
 286 01cc 51       		.byte	0x51
 287 01cd 06       		.uleb128 0x6
 288 01ce F6040000 		.4byte	.LASF63
 289 01d2 52       		.byte	0x52
 290 01d3 06       		.uleb128 0x6
 291 01d4 6C040000 		.4byte	.LASF64
 292 01d8 53       		.byte	0x53
 293 01d9 06       		.uleb128 0x6
 294 01da 1A030000 		.4byte	.LASF65
 295 01de 54       		.byte	0x54
 296 01df 06       		.uleb128 0x6
 297 01e0 210C0000 		.4byte	.LASF66
 298 01e4 55       		.byte	0x55
 299 01e5 06       		.uleb128 0x6
 300 01e6 B60B0000 		.4byte	.LASF67
 301 01ea 56       		.byte	0x56
ARM GAS  C:\Windows\TEMP\ccRqvMYw.s 			page 8


 302 01eb 06       		.uleb128 0x6
 303 01ec 8D0B0000 		.4byte	.LASF68
 304 01f0 57       		.byte	0x57
 305 01f1 06       		.uleb128 0x6
 306 01f2 9E070000 		.4byte	.LASF69
 307 01f6 58       		.byte	0x58
 308 01f7 06       		.uleb128 0x6
 309 01f8 EC050000 		.4byte	.LASF70
 310 01fc 70       		.byte	0x70
 311 01fd 06       		.uleb128 0x6
 312 01fe 450A0000 		.4byte	.LASF71
 313 0202 71       		.byte	0x71
 314 0203 06       		.uleb128 0x6
 315 0204 8E080000 		.4byte	.LASF72
 316 0208 72       		.byte	0x72
 317 0209 06       		.uleb128 0x6
 318 020a 52030000 		.4byte	.LASF73
 319 020e 73       		.byte	0x73
 320 020f 06       		.uleb128 0x6
 321 0210 9E050000 		.4byte	.LASF74
 322 0214 74       		.byte	0x74
 323 0215 06       		.uleb128 0x6
 324 0216 AF010000 		.4byte	.LASF75
 325 021a 75       		.byte	0x75
 326 021b 06       		.uleb128 0x6
 327 021c 70030000 		.4byte	.LASF76
 328 0220 76       		.byte	0x76
 329 0221 06       		.uleb128 0x6
 330 0222 260A0000 		.4byte	.LASF77
 331 0226 77       		.byte	0x77
 332 0227 06       		.uleb128 0x6
 333 0228 51090000 		.4byte	.LASF78
 334 022c 78       		.byte	0x78
 335 022d 06       		.uleb128 0x6
 336 022e 9C090000 		.4byte	.LASF79
 337 0232 79       		.byte	0x79
 338 0233 06       		.uleb128 0x6
 339 0234 390B0000 		.4byte	.LASF80
 340 0238 7A       		.byte	0x7a
 341 0239 06       		.uleb128 0x6
 342 023a 33090000 		.4byte	.LASF81
 343 023e FA       		.byte	0xfa
 344 023f 06       		.uleb128 0x6
 345 0240 4E060000 		.4byte	.LASF82
 346 0244 FB       		.byte	0xfb
 347 0245 06       		.uleb128 0x6
 348 0246 450C0000 		.4byte	.LASF83
 349 024a FC       		.byte	0xfc
 350 024b 06       		.uleb128 0x6
 351 024c 61010000 		.4byte	.LASF84
 352 0250 FD       		.byte	0xfd
 353 0251 06       		.uleb128 0x6
 354 0252 6F0B0000 		.4byte	.LASF85
 355 0256 FF       		.byte	0xff
 356 0257 00       		.byte	0
 357 0258 04       		.uleb128 0x4
 358 0259 F70B0000 		.4byte	.LASF87
ARM GAS  C:\Windows\TEMP\ccRqvMYw.s 			page 9


 359 025d 03       		.byte	0x3
 360 025e 8901     		.2byte	0x189
 361 0260 6B000000 		.4byte	0x6b
 362 0264 07       		.uleb128 0x7
 363 0265 01       		.byte	0x1
 364 0266 2C000000 		.4byte	0x2c
 365 026a 05       		.byte	0x5
 366 026b 2B       		.byte	0x2b
 367 026c 89020000 		.4byte	0x289
 368 0270 06       		.uleb128 0x6
 369 0271 BD080000 		.4byte	.LASF88
 370 0275 00       		.byte	0
 371 0276 06       		.uleb128 0x6
 372 0277 91030000 		.4byte	.LASF89
 373 027b 01       		.byte	0x1
 374 027c 06       		.uleb128 0x6
 375 027d 2C050000 		.4byte	.LASF90
 376 0281 02       		.byte	0x2
 377 0282 06       		.uleb128 0x6
 378 0283 0C040000 		.4byte	.LASF91
 379 0287 03       		.byte	0x3
 380 0288 00       		.byte	0
 381 0289 07       		.uleb128 0x7
 382 028a 01       		.byte	0x1
 383 028b 2C000000 		.4byte	0x2c
 384 028f 05       		.byte	0x5
 385 0290 34       		.byte	0x34
 386 0291 CC020000 		.4byte	0x2cc
 387 0295 06       		.uleb128 0x6
 388 0296 7D0B0000 		.4byte	.LASF92
 389 029a 00       		.byte	0
 390 029b 06       		.uleb128 0x6
 391 029c D0010000 		.4byte	.LASF93
 392 02a0 01       		.byte	0x1
 393 02a1 06       		.uleb128 0x6
 394 02a2 67050000 		.4byte	.LASF94
 395 02a6 02       		.byte	0x2
 396 02a7 06       		.uleb128 0x6
 397 02a8 45070000 		.4byte	.LASF95
 398 02ac 03       		.byte	0x3
 399 02ad 06       		.uleb128 0x6
 400 02ae AC040000 		.4byte	.LASF96
 401 02b2 04       		.byte	0x4
 402 02b3 06       		.uleb128 0x6
 403 02b4 74090000 		.4byte	.LASF97
 404 02b8 05       		.byte	0x5
 405 02b9 06       		.uleb128 0x6
 406 02ba 2A0B0000 		.4byte	.LASF98
 407 02be 06       		.byte	0x6
 408 02bf 06       		.uleb128 0x6
 409 02c0 22040000 		.4byte	.LASF99
 410 02c4 06       		.byte	0x6
 411 02c5 06       		.uleb128 0x6
 412 02c6 8F0A0000 		.4byte	.LASF100
 413 02ca 07       		.byte	0x7
 414 02cb 00       		.byte	0
 415 02cc 08       		.uleb128 0x8
ARM GAS  C:\Windows\TEMP\ccRqvMYw.s 			page 10


 416 02cd 04       		.byte	0x4
 417 02ce 06       		.byte	0x6
 418 02cf 41       		.byte	0x41
 419 02d0 ED020000 		.4byte	0x2ed
 420 02d4 09       		.uleb128 0x9
 421 02d5 BF090000 		.4byte	.LASF101
 422 02d9 06       		.byte	0x6
 423 02da 44       		.byte	0x44
 424 02db 58020000 		.4byte	0x258
 425 02df 00       		.byte	0
 426 02e0 09       		.uleb128 0x9
 427 02e1 E8020000 		.4byte	.LASF102
 428 02e5 06       		.byte	0x6
 429 02e6 46       		.byte	0x46
 430 02e7 ED020000 		.4byte	0x2ed
 431 02eb 02       		.byte	0x2
 432 02ec 00       		.byte	0
 433 02ed 0A       		.uleb128 0xa
 434 02ee 58020000 		.4byte	0x258
 435 02f2 FD020000 		.4byte	0x2fd
 436 02f6 0B       		.uleb128 0xb
 437 02f7 93000000 		.4byte	0x93
 438 02fb 00       		.byte	0
 439 02fc 00       		.byte	0
 440 02fd 0C       		.uleb128 0xc
 441 02fe 17050000 		.4byte	.LASF103
 442 0302 06       		.byte	0x6
 443 0303 48       		.byte	0x48
 444 0304 CC020000 		.4byte	0x2cc
 445 0308 08       		.uleb128 0x8
 446 0309 06       		.byte	0x6
 447 030a 06       		.byte	0x6
 448 030b 4B       		.byte	0x4b
 449 030c 29030000 		.4byte	0x329
 450 0310 09       		.uleb128 0x9
 451 0311 9E010000 		.4byte	.LASF104
 452 0315 06       		.byte	0x6
 453 0316 4E       		.byte	0x4e
 454 0317 58020000 		.4byte	0x258
 455 031b 00       		.byte	0
 456 031c 09       		.uleb128 0x9
 457 031d 20060000 		.4byte	.LASF105
 458 0321 06       		.byte	0x6
 459 0322 51       		.byte	0x51
 460 0323 29030000 		.4byte	0x329
 461 0327 02       		.byte	0x2
 462 0328 00       		.byte	0
 463 0329 0A       		.uleb128 0xa
 464 032a FD020000 		.4byte	0x2fd
 465 032e 39030000 		.4byte	0x339
 466 0332 0B       		.uleb128 0xb
 467 0333 93000000 		.4byte	0x93
 468 0337 00       		.byte	0
 469 0338 00       		.byte	0
 470 0339 0C       		.uleb128 0xc
 471 033a 8E050000 		.4byte	.LASF106
 472 033e 06       		.byte	0x6
ARM GAS  C:\Windows\TEMP\ccRqvMYw.s 			page 11


 473 033f 53       		.byte	0x53
 474 0340 08030000 		.4byte	0x308
 475 0344 0D       		.uleb128 0xd
 476 0345 E5070000 		.4byte	.LASF110
 477 0349 01       		.byte	0x1
 478 034a 44       		.byte	0x44
 479 034b 00000000 		.4byte	.LFB2
 480 034f 02000000 		.4byte	.LFE2-.LFB2
 481 0353 01       		.uleb128 0x1
 482 0354 9C       		.byte	0x9c
 483 0355 0A       		.uleb128 0xa
 484 0356 65030000 		.4byte	0x365
 485 035a 65030000 		.4byte	0x365
 486 035e 0B       		.uleb128 0xb
 487 035f 93000000 		.4byte	0x93
 488 0363 00       		.byte	0
 489 0364 00       		.byte	0
 490 0365 0E       		.uleb128 0xe
 491 0366 39030000 		.4byte	0x339
 492 036a 0F       		.uleb128 0xf
 493 036b 130C0000 		.4byte	.LASF111
 494 036f 01       		.byte	0x1
 495 0370 1A       		.byte	0x1a
 496 0371 7B030000 		.4byte	0x37b
 497 0375 05       		.uleb128 0x5
 498 0376 03       		.byte	0x3
 499 0377 00000000 		.4byte	cyBle_customs
 500 037b 0E       		.uleb128 0xe
 501 037c 55030000 		.4byte	0x355
 502 0380 00       		.byte	0
 503              		.section	.debug_abbrev,"",%progbits
 504              	.Ldebug_abbrev0:
 505 0000 01       		.uleb128 0x1
 506 0001 11       		.uleb128 0x11
 507 0002 01       		.byte	0x1
 508 0003 25       		.uleb128 0x25
 509 0004 0E       		.uleb128 0xe
 510 0005 13       		.uleb128 0x13
 511 0006 0B       		.uleb128 0xb
 512 0007 03       		.uleb128 0x3
 513 0008 0E       		.uleb128 0xe
 514 0009 1B       		.uleb128 0x1b
 515 000a 0E       		.uleb128 0xe
 516 000b 55       		.uleb128 0x55
 517 000c 17       		.uleb128 0x17
 518 000d 11       		.uleb128 0x11
 519 000e 01       		.uleb128 0x1
 520 000f 10       		.uleb128 0x10
 521 0010 17       		.uleb128 0x17
 522 0011 00       		.byte	0
 523 0012 00       		.byte	0
 524 0013 02       		.uleb128 0x2
 525 0014 24       		.uleb128 0x24
 526 0015 00       		.byte	0
 527 0016 0B       		.uleb128 0xb
 528 0017 0B       		.uleb128 0xb
 529 0018 3E       		.uleb128 0x3e
ARM GAS  C:\Windows\TEMP\ccRqvMYw.s 			page 12


 530 0019 0B       		.uleb128 0xb
 531 001a 03       		.uleb128 0x3
 532 001b 0E       		.uleb128 0xe
 533 001c 00       		.byte	0
 534 001d 00       		.byte	0
 535 001e 03       		.uleb128 0x3
 536 001f 24       		.uleb128 0x24
 537 0020 00       		.byte	0
 538 0021 0B       		.uleb128 0xb
 539 0022 0B       		.uleb128 0xb
 540 0023 3E       		.uleb128 0x3e
 541 0024 0B       		.uleb128 0xb
 542 0025 03       		.uleb128 0x3
 543 0026 08       		.uleb128 0x8
 544 0027 00       		.byte	0
 545 0028 00       		.byte	0
 546 0029 04       		.uleb128 0x4
 547 002a 16       		.uleb128 0x16
 548 002b 00       		.byte	0
 549 002c 03       		.uleb128 0x3
 550 002d 0E       		.uleb128 0xe
 551 002e 3A       		.uleb128 0x3a
 552 002f 0B       		.uleb128 0xb
 553 0030 3B       		.uleb128 0x3b
 554 0031 05       		.uleb128 0x5
 555 0032 49       		.uleb128 0x49
 556 0033 13       		.uleb128 0x13
 557 0034 00       		.byte	0
 558 0035 00       		.byte	0
 559 0036 05       		.uleb128 0x5
 560 0037 04       		.uleb128 0x4
 561 0038 01       		.byte	0x1
 562 0039 0B       		.uleb128 0xb
 563 003a 0B       		.uleb128 0xb
 564 003b 49       		.uleb128 0x49
 565 003c 13       		.uleb128 0x13
 566 003d 3A       		.uleb128 0x3a
 567 003e 0B       		.uleb128 0xb
 568 003f 3B       		.uleb128 0x3b
 569 0040 05       		.uleb128 0x5
 570 0041 01       		.uleb128 0x1
 571 0042 13       		.uleb128 0x13
 572 0043 00       		.byte	0
 573 0044 00       		.byte	0
 574 0045 06       		.uleb128 0x6
 575 0046 28       		.uleb128 0x28
 576 0047 00       		.byte	0
 577 0048 03       		.uleb128 0x3
 578 0049 0E       		.uleb128 0xe
 579 004a 1C       		.uleb128 0x1c
 580 004b 0B       		.uleb128 0xb
 581 004c 00       		.byte	0
 582 004d 00       		.byte	0
 583 004e 07       		.uleb128 0x7
 584 004f 04       		.uleb128 0x4
 585 0050 01       		.byte	0x1
 586 0051 0B       		.uleb128 0xb
ARM GAS  C:\Windows\TEMP\ccRqvMYw.s 			page 13


 587 0052 0B       		.uleb128 0xb
 588 0053 49       		.uleb128 0x49
 589 0054 13       		.uleb128 0x13
 590 0055 3A       		.uleb128 0x3a
 591 0056 0B       		.uleb128 0xb
 592 0057 3B       		.uleb128 0x3b
 593 0058 0B       		.uleb128 0xb
 594 0059 01       		.uleb128 0x1
 595 005a 13       		.uleb128 0x13
 596 005b 00       		.byte	0
 597 005c 00       		.byte	0
 598 005d 08       		.uleb128 0x8
 599 005e 13       		.uleb128 0x13
 600 005f 01       		.byte	0x1
 601 0060 0B       		.uleb128 0xb
 602 0061 0B       		.uleb128 0xb
 603 0062 3A       		.uleb128 0x3a
 604 0063 0B       		.uleb128 0xb
 605 0064 3B       		.uleb128 0x3b
 606 0065 0B       		.uleb128 0xb
 607 0066 01       		.uleb128 0x1
 608 0067 13       		.uleb128 0x13
 609 0068 00       		.byte	0
 610 0069 00       		.byte	0
 611 006a 09       		.uleb128 0x9
 612 006b 0D       		.uleb128 0xd
 613 006c 00       		.byte	0
 614 006d 03       		.uleb128 0x3
 615 006e 0E       		.uleb128 0xe
 616 006f 3A       		.uleb128 0x3a
 617 0070 0B       		.uleb128 0xb
 618 0071 3B       		.uleb128 0x3b
 619 0072 0B       		.uleb128 0xb
 620 0073 49       		.uleb128 0x49
 621 0074 13       		.uleb128 0x13
 622 0075 38       		.uleb128 0x38
 623 0076 0B       		.uleb128 0xb
 624 0077 00       		.byte	0
 625 0078 00       		.byte	0
 626 0079 0A       		.uleb128 0xa
 627 007a 01       		.uleb128 0x1
 628 007b 01       		.byte	0x1
 629 007c 49       		.uleb128 0x49
 630 007d 13       		.uleb128 0x13
 631 007e 01       		.uleb128 0x1
 632 007f 13       		.uleb128 0x13
 633 0080 00       		.byte	0
 634 0081 00       		.byte	0
 635 0082 0B       		.uleb128 0xb
 636 0083 21       		.uleb128 0x21
 637 0084 00       		.byte	0
 638 0085 49       		.uleb128 0x49
 639 0086 13       		.uleb128 0x13
 640 0087 2F       		.uleb128 0x2f
 641 0088 0B       		.uleb128 0xb
 642 0089 00       		.byte	0
 643 008a 00       		.byte	0
ARM GAS  C:\Windows\TEMP\ccRqvMYw.s 			page 14


 644 008b 0C       		.uleb128 0xc
 645 008c 16       		.uleb128 0x16
 646 008d 00       		.byte	0
 647 008e 03       		.uleb128 0x3
 648 008f 0E       		.uleb128 0xe
 649 0090 3A       		.uleb128 0x3a
 650 0091 0B       		.uleb128 0xb
 651 0092 3B       		.uleb128 0x3b
 652 0093 0B       		.uleb128 0xb
 653 0094 49       		.uleb128 0x49
 654 0095 13       		.uleb128 0x13
 655 0096 00       		.byte	0
 656 0097 00       		.byte	0
 657 0098 0D       		.uleb128 0xd
 658 0099 2E       		.uleb128 0x2e
 659 009a 00       		.byte	0
 660 009b 3F       		.uleb128 0x3f
 661 009c 19       		.uleb128 0x19
 662 009d 03       		.uleb128 0x3
 663 009e 0E       		.uleb128 0xe
 664 009f 3A       		.uleb128 0x3a
 665 00a0 0B       		.uleb128 0xb
 666 00a1 3B       		.uleb128 0x3b
 667 00a2 0B       		.uleb128 0xb
 668 00a3 27       		.uleb128 0x27
 669 00a4 19       		.uleb128 0x19
 670 00a5 11       		.uleb128 0x11
 671 00a6 01       		.uleb128 0x1
 672 00a7 12       		.uleb128 0x12
 673 00a8 06       		.uleb128 0x6
 674 00a9 40       		.uleb128 0x40
 675 00aa 18       		.uleb128 0x18
 676 00ab 9742     		.uleb128 0x2117
 677 00ad 19       		.uleb128 0x19
 678 00ae 00       		.byte	0
 679 00af 00       		.byte	0
 680 00b0 0E       		.uleb128 0xe
 681 00b1 26       		.uleb128 0x26
 682 00b2 00       		.byte	0
 683 00b3 49       		.uleb128 0x49
 684 00b4 13       		.uleb128 0x13
 685 00b5 00       		.byte	0
 686 00b6 00       		.byte	0
 687 00b7 0F       		.uleb128 0xf
 688 00b8 34       		.uleb128 0x34
 689 00b9 00       		.byte	0
 690 00ba 03       		.uleb128 0x3
 691 00bb 0E       		.uleb128 0xe
 692 00bc 3A       		.uleb128 0x3a
 693 00bd 0B       		.uleb128 0xb
 694 00be 3B       		.uleb128 0x3b
 695 00bf 0B       		.uleb128 0xb
 696 00c0 49       		.uleb128 0x49
 697 00c1 13       		.uleb128 0x13
 698 00c2 3F       		.uleb128 0x3f
 699 00c3 19       		.uleb128 0x19
 700 00c4 02       		.uleb128 0x2
ARM GAS  C:\Windows\TEMP\ccRqvMYw.s 			page 15


 701 00c5 18       		.uleb128 0x18
 702 00c6 00       		.byte	0
 703 00c7 00       		.byte	0
 704 00c8 00       		.byte	0
 705              		.section	.debug_aranges,"",%progbits
 706 0000 1C000000 		.4byte	0x1c
 707 0004 0200     		.2byte	0x2
 708 0006 00000000 		.4byte	.Ldebug_info0
 709 000a 04       		.byte	0x4
 710 000b 00       		.byte	0
 711 000c 0000     		.2byte	0
 712 000e 0000     		.2byte	0
 713 0010 00000000 		.4byte	.LFB2
 714 0014 02000000 		.4byte	.LFE2-.LFB2
 715 0018 00000000 		.4byte	0
 716 001c 00000000 		.4byte	0
 717              		.section	.debug_ranges,"",%progbits
 718              	.Ldebug_ranges0:
 719 0000 00000000 		.4byte	.LFB2
 720 0004 02000000 		.4byte	.LFE2
 721 0008 00000000 		.4byte	0
 722 000c 00000000 		.4byte	0
 723              		.section	.debug_line,"",%progbits
 724              	.Ldebug_line0:
 725 0000 BE000000 		.section	.debug_str,"MS",%progbits,1
 725      0200A500 
 725      00000201 
 725      FB0E0D00 
 725      01010101 
 726              	.LASF23:
 727 0000 4359424C 		.ascii	"CYBLE_EVT_GAP_PASSKEY_ENTRY_REQUEST\000"
 727      455F4556 
 727      545F4741 
 727      505F5041 
 727      53534B45 
 728              	.LASF58:
 729 0024 4359424C 		.ascii	"CYBLE_EVT_GATTC_WRITE_RSP\000"
 729      455F4556 
 729      545F4741 
 729      5454435F 
 729      57524954 
 730              	.LASF31:
 731 003e 4359424C 		.ascii	"CYBLE_EVT_GAP_CONNECTION_UPDATE_COMPLETE\000"
 731      455F4556 
 731      545F4741 
 731      505F434F 
 731      4E4E4543 
 732              	.LASF20:
 733 0067 4359424C 		.ascii	"CYBLE_EVT_MEMORY_REQUEST\000"
 733      455F4556 
 733      545F4D45 
 733      4D4F5259 
 733      5F524551 
 734              	.LASF45:
 735 0080 4359424C 		.ascii	"CYBLE_EVT_GATTC_ERROR_RSP\000"
 735      455F4556 
 735      545F4741 
ARM GAS  C:\Windows\TEMP\ccRqvMYw.s 			page 16


 735      5454435F 
 735      4552524F 
 736              	.LASF29:
 737 009a 4359424C 		.ascii	"CYBLE_EVT_GAP_DEVICE_DISCONNECTED\000"
 737      455F4556 
 737      545F4741 
 737      505F4445 
 737      56494345 
 738              	.LASF35:
 739 00bc 4359424C 		.ascii	"CYBLE_EVT_GAP_KEYPRESS_NOTIFICATION\000"
 739      455F4556 
 739      545F4741 
 739      505F4B45 
 739      59505245 
 740              	.LASF2:
 741 00e0 73686F72 		.ascii	"short int\000"
 741      7420696E 
 741      7400
 742              	.LASF26:
 743 00ea 4359424C 		.ascii	"CYBLE_EVT_GAP_AUTH_FAILED\000"
 743      455F4556 
 743      545F4741 
 743      505F4155 
 743      54485F46 
 744              	.LASF47:
 745 0104 4359424C 		.ascii	"CYBLE_EVT_GATT_DISCONNECT_IND\000"
 745      455F4556 
 745      545F4741 
 745      54545F44 
 745      4953434F 
 746              	.LASF13:
 747 0122 73697A65 		.ascii	"sizetype\000"
 747      74797065 
 747      00
 748              	.LASF37:
 749 012b 4359424C 		.ascii	"CYBLE_EVT_GAP_DATA_LENGTH_CHANGE\000"
 749      455F4556 
 749      545F4741 
 749      505F4441 
 749      54415F4C 
 750              	.LASF18:
 751 014c 4359424C 		.ascii	"CYBLE_EVT_HCI_STATUS\000"
 751      455F4556 
 751      545F4843 
 751      495F5354 
 751      41545553 
 752              	.LASF84:
 753 0161 4359424C 		.ascii	"CYBLE_EVT_FLASH_CORRUPT\000"
 753      455F4556 
 753      545F464C 
 753      4153485F 
 753      434F5252 
 754              	.LASF7:
 755 0179 6C6F6E67 		.ascii	"long long unsigned int\000"
 755      206C6F6E 
 755      6720756E 
 755      7369676E 
ARM GAS  C:\Windows\TEMP\ccRqvMYw.s 			page 17


 755      65642069 
 756              	.LASF6:
 757 0190 6C6F6E67 		.ascii	"long long int\000"
 757      206C6F6E 
 757      6720696E 
 757      7400
 758              	.LASF104:
 759 019e 63757374 		.ascii	"customServHandle\000"
 759      6F6D5365 
 759      72764861 
 759      6E646C65 
 759      00
 760              	.LASF75:
 761 01af 4359424C 		.ascii	"CYBLE_EVT_L2CAP_CBFC_DISCONN_IND\000"
 761      455F4556 
 761      545F4C32 
 761      4341505F 
 761      43424643 
 762              	.LASF93:
 763 01d0 4359424C 		.ascii	"CYBLE_AIOS_CHAR_PRESENTATION_FORMAT\000"
 763      455F4149 
 763      4F535F43 
 763      4841525F 
 763      50524553 
 764              	.LASF15:
 765 01f4 4359424C 		.ascii	"CYBLE_EVT_STACK_ON\000"
 765      455F4556 
 765      545F5354 
 765      41434B5F 
 765      4F4E00
 766              	.LASF44:
 767 0207 4359424C 		.ascii	"CYBLE_EVT_GAP_SMP_LOC_P256_KEYS_GEN_AND_SET_COMPLET"
 767      455F4556 
 767      545F4741 
 767      505F534D 
 767      505F4C4F 
 768 023a 4500     		.ascii	"E\000"
 769              	.LASF48:
 770 023c 4359424C 		.ascii	"CYBLE_EVT_GATTS_XCNHG_MTU_REQ\000"
 770      455F4556 
 770      545F4741 
 770      5454535F 
 770      58434E48 
 771              	.LASF107:
 772 025a 474E5520 		.ascii	"GNU C11 5.4.1 20160609 (release) [ARM/embedded-5-br"
 772      43313120 
 772      352E342E 
 772      31203230 
 772      31363036 
 773 028d 616E6368 		.ascii	"anch revision 237715] -mcpu=cortex-m0 -mthumb -g -O"
 773      20726576 
 773      6973696F 
 773      6E203233 
 773      37373135 
 774 02c0 67202D66 		.ascii	"g -ffunction-sections -ffat-lto-objects\000"
 774      66756E63 
 774      74696F6E 
ARM GAS  C:\Windows\TEMP\ccRqvMYw.s 			page 18


 774      2D736563 
 774      74696F6E 
 775              	.LASF102:
 776 02e8 63757374 		.ascii	"customServCharDesc\000"
 776      6F6D5365 
 776      72764368 
 776      61724465 
 776      736300
 777              	.LASF56:
 778 02fb 4359424C 		.ascii	"CYBLE_EVT_GATTC_READ_MULTI_RSP\000"
 778      455F4556 
 778      545F4741 
 778      5454435F 
 778      52454144 
 779              	.LASF65:
 780 031a 4359424C 		.ascii	"CYBLE_EVT_GATTS_HANDLE_VALUE_CNF\000"
 780      455F4556 
 780      545F4741 
 780      5454535F 
 780      48414E44 
 781              	.LASF14:
 782 033b 4359424C 		.ascii	"CYBLE_EVT_HOST_INVALID\000"
 782      455F4556 
 782      545F484F 
 782      53545F49 
 782      4E56414C 
 783              	.LASF73:
 784 0352 4359424C 		.ascii	"CYBLE_EVT_L2CAP_CBFC_CONN_IND\000"
 784      455F4556 
 784      545F4C32 
 784      4341505F 
 784      43424643 
 785              	.LASF76:
 786 0370 4359424C 		.ascii	"CYBLE_EVT_L2CAP_CBFC_DISCONN_CNF\000"
 786      455F4556 
 786      545F4C32 
 786      4341505F 
 786      43424643 
 787              	.LASF89:
 788 0391 4359424C 		.ascii	"CYBLE_AIOS_ANALOG\000"
 788      455F4149 
 788      4F535F41 
 788      4E414C4F 
 788      4700
 789              	.LASF9:
 790 03a3 666C6F61 		.ascii	"float\000"
 790      7400
 791              	.LASF54:
 792 03a9 4359424C 		.ascii	"CYBLE_EVT_GATTC_READ_RSP\000"
 792      455F4556 
 792      545F4741 
 792      5454435F 
 792      52454144 
 793              	.LASF34:
 794 03c2 4359424C 		.ascii	"CYBLE_EVT_GAP_NUMERIC_COMPARISON_REQUEST\000"
 794      455F4556 
 794      545F4741 
ARM GAS  C:\Windows\TEMP\ccRqvMYw.s 			page 19


 794      505F4E55 
 794      4D455249 
 795              	.LASF39:
 796 03eb 4359424C 		.ascii	"CYBLE_EVT_GAPC_DIRECT_ADV_REPORT\000"
 796      455F4556 
 796      545F4741 
 796      50435F44 
 796      49524543 
 797              	.LASF91:
 798 040c 4359424C 		.ascii	"CYBLE_AIOS_CHAR_COUNT\000"
 798      455F4149 
 798      4F535F43 
 798      4841525F 
 798      434F554E 
 799              	.LASF99:
 800 0422 4359424C 		.ascii	"CYBLE_AIOS_NUM_OF_DIGITAL_DESCR\000"
 800      455F4149 
 800      4F535F4E 
 800      554D5F4F 
 800      465F4449 
 801              	.LASF43:
 802 0442 4359424C 		.ascii	"CYBLE_EVT_GAP_AUTH_REQ_REPLY_ERR\000"
 802      455F4556 
 802      545F4741 
 802      505F4155 
 802      54485F52 
 803              	.LASF4:
 804 0463 6C6F6E67 		.ascii	"long int\000"
 804      20696E74 
 804      00
 805              	.LASF64:
 806 046c 4359424C 		.ascii	"CYBLE_EVT_GATTC_HANDLE_VALUE_IND\000"
 806      455F4556 
 806      545F4741 
 806      5454435F 
 806      48414E44 
 807              	.LASF28:
 808 048d 4359424C 		.ascii	"CYBLE_EVT_GAP_DEVICE_CONNECTED\000"
 808      455F4556 
 808      545F4741 
 808      505F4445 
 808      56494345 
 809              	.LASF96:
 810 04ac 4359424C 		.ascii	"CYBLE_AIOS_VALUE_TRIGGER_SETTINGS\000"
 810      455F4149 
 810      4F535F56 
 810      414C5545 
 810      5F545249 
 811              	.LASF27:
 812 04ce 4359424C 		.ascii	"CYBLE_EVT_GAPP_ADVERTISEMENT_START_STOP\000"
 812      455F4556 
 812      545F4741 
 812      50505F41 
 812      44564552 
 813              	.LASF63:
 814 04f6 4359424C 		.ascii	"CYBLE_EVT_GATTC_HANDLE_VALUE_NTF\000"
 814      455F4556 
ARM GAS  C:\Windows\TEMP\ccRqvMYw.s 			page 20


 814      545F4741 
 814      5454435F 
 814      48414E44 
 815              	.LASF103:
 816 0517 4359424C 		.ascii	"CYBLE_CUSTOMS_INFO_T\000"
 816      455F4355 
 816      53544F4D 
 816      535F494E 
 816      464F5F54 
 817              	.LASF90:
 818 052c 4359424C 		.ascii	"CYBLE_AIOS_AGGREGATE\000"
 818      455F4149 
 818      4F535F41 
 818      47475245 
 818      47415445 
 819              	.LASF24:
 820 0541 4359424C 		.ascii	"CYBLE_EVT_GAP_PASSKEY_DISPLAY_REQUEST\000"
 820      455F4556 
 820      545F4741 
 820      505F5041 
 820      53534B45 
 821              	.LASF94:
 822 0567 4359424C 		.ascii	"CYBLE_AIOS_CHAR_USER_DESCRIPTION_DESCR\000"
 822      455F4149 
 822      4F535F43 
 822      4841525F 
 822      55534552 
 823              	.LASF106:
 824 058e 4359424C 		.ascii	"CYBLE_CUSTOMS_T\000"
 824      455F4355 
 824      53544F4D 
 824      535F5400 
 825              	.LASF74:
 826 059e 4359424C 		.ascii	"CYBLE_EVT_L2CAP_CBFC_CONN_CNF\000"
 826      455F4556 
 826      545F4C32 
 826      4341505F 
 826      43424643 
 827              	.LASF38:
 828 05bc 4359424C 		.ascii	"CYBLE_EVT_GAP_ENHANCE_CONN_COMPLETE\000"
 828      455F4556 
 828      545F4741 
 828      505F454E 
 828      48414E43 
 829              	.LASF12:
 830 05e0 6C6F6E67 		.ascii	"long double\000"
 830      20646F75 
 830      626C6500 
 831              	.LASF70:
 832 05ec 4359424C 		.ascii	"CYBLE_EVT_L2CAP_CONN_PARAM_UPDATE_REQ\000"
 832      455F4556 
 832      545F4C32 
 832      4341505F 
 832      434F4E4E 
 833              	.LASF1:
 834 0612 756E7369 		.ascii	"unsigned char\000"
 834      676E6564 
ARM GAS  C:\Windows\TEMP\ccRqvMYw.s 			page 21


 834      20636861 
 834      7200
 835              	.LASF105:
 836 0620 63757374 		.ascii	"customServInfo\000"
 836      6F6D5365 
 836      7276496E 
 836      666F00
 837              	.LASF60:
 838 062f 4359424C 		.ascii	"CYBLE_EVT_GATTS_PREP_WRITE_REQ\000"
 838      455F4556 
 838      545F4741 
 838      5454535F 
 838      50524550 
 839              	.LASF82:
 840 064e 4359424C 		.ascii	"CYBLE_EVT_LE_PING_AUTH_TIMEOUT\000"
 840      455F4556 
 840      545F4C45 
 840      5F50494E 
 840      475F4155 
 841              	.LASF52:
 842 066d 4359424C 		.ascii	"CYBLE_EVT_GATTC_FIND_INFO_RSP\000"
 842      455F4556 
 842      545F4741 
 842      5454435F 
 842      46494E44 
 843              	.LASF0:
 844 068b 7369676E 		.ascii	"signed char\000"
 844      65642063 
 844      68617200 
 845              	.LASF57:
 846 0697 4359424C 		.ascii	"CYBLE_EVT_GATTS_WRITE_REQ\000"
 846      455F4556 
 846      545F4741 
 846      5454535F 
 846      57524954 
 847              	.LASF53:
 848 06b1 4359424C 		.ascii	"CYBLE_EVT_GATTC_FIND_BY_TYPE_VALUE_RSP\000"
 848      455F4556 
 848      545F4741 
 848      5454435F 
 848      46494E44 
 849              	.LASF25:
 850 06d8 4359424C 		.ascii	"CYBLE_EVT_GAP_AUTH_COMPLETE\000"
 850      455F4556 
 850      545F4741 
 850      505F4155 
 850      54485F43 
 851              	.LASF8:
 852 06f4 756E7369 		.ascii	"unsigned int\000"
 852      676E6564 
 852      20696E74 
 852      00
 853              	.LASF46:
 854 0701 4359424C 		.ascii	"CYBLE_EVT_GATT_CONNECT_IND\000"
 854      455F4556 
 854      545F4741 
 854      54545F43 
ARM GAS  C:\Windows\TEMP\ccRqvMYw.s 			page 22


 854      4F4E4E45 
 855              	.LASF5:
 856 071c 6C6F6E67 		.ascii	"long unsigned int\000"
 856      20756E73 
 856      69676E65 
 856      6420696E 
 856      7400
 857              	.LASF22:
 858 072e 4359424C 		.ascii	"CYBLE_EVT_GAP_AUTH_REQ\000"
 858      455F4556 
 858      545F4741 
 858      505F4155 
 858      54485F52 
 859              	.LASF95:
 860 0745 4359424C 		.ascii	"CYBLE_AIOS_CHAR_EXTENDED_PROPERTIES\000"
 860      455F4149 
 860      4F535F43 
 860      4841525F 
 860      45585445 
 861              	.LASF30:
 862 0769 4359424C 		.ascii	"CYBLE_EVT_GAP_ENCRYPT_CHANGE\000"
 862      455F4556 
 862      545F4741 
 862      505F454E 
 862      43525950 
 863              	.LASF41:
 864 0786 4359424C 		.ascii	"CYBLE_EVT_GAP_CONN_ESTB\000"
 864      455F4556 
 864      545F4741 
 864      505F434F 
 864      4E4E5F45 
 865              	.LASF69:
 866 079e 4359424C 		.ascii	"CYBLE_EVT_GATTC_LONG_PROCEDURE_END\000"
 866      455F4556 
 866      545F4741 
 866      5454435F 
 866      4C4F4E47 
 867              	.LASF33:
 868 07c1 4359424C 		.ascii	"CYBLE_EVT_GAP_KEYINFO_EXCHNGE_CMPLT\000"
 868      455F4556 
 868      545F4741 
 868      505F4B45 
 868      59494E46 
 869              	.LASF110:
 870 07e5 4379426C 		.ascii	"CyBle_CustomInit\000"
 870      655F4375 
 870      73746F6D 
 870      496E6974 
 870      00
 871              	.LASF108:
 872 07f6 47656E65 		.ascii	"Generated_Source\\PSoC4\\Bluetooth_custom.c\000"
 872      72617465 
 872      645F536F 
 872      75726365 
 872      5C50536F 
 873              	.LASF40:
 874 0820 4359424C 		.ascii	"CYBLE_EVT_GAP_SMP_NEGOTIATED_AUTH_INFO\000"
ARM GAS  C:\Windows\TEMP\ccRqvMYw.s 			page 23


 874      455F4556 
 874      545F4741 
 874      505F534D 
 874      505F4E45 
 875              	.LASF11:
 876 0847 63686172 		.ascii	"char\000"
 876      00
 877              	.LASF109:
 878 084c 433A5C55 		.ascii	"C:\\Users\\Oleg\\Documents\\Programming\\POK\\Cyber"
 878      73657273 
 878      5C4F6C65 
 878      675C446F 
 878      63756D65 
 879 0879 506F6E67 		.ascii	"Pong\\CyberPong.cydsn\000"
 879      5C437962 
 879      6572506F 
 879      6E672E63 
 879      7964736E 
 880              	.LASF72:
 881 088e 4359424C 		.ascii	"CYBLE_EVT_L2CAP_COMMAND_REJ\000"
 881      455F4556 
 881      545F4C32 
 881      4341505F 
 881      434F4D4D 
 882              	.LASF3:
 883 08aa 73686F72 		.ascii	"short unsigned int\000"
 883      7420756E 
 883      7369676E 
 883      65642069 
 883      6E7400
 884              	.LASF88:
 885 08bd 4359424C 		.ascii	"CYBLE_AIOS_DIGITAL\000"
 885      455F4149 
 885      4F535F44 
 885      49474954 
 885      414C00
 886              	.LASF86:
 887 08d0 75696E74 		.ascii	"uint16\000"
 887      313600
 888              	.LASF55:
 889 08d7 4359424C 		.ascii	"CYBLE_EVT_GATTC_READ_BLOB_RSP\000"
 889      455F4556 
 889      545F4741 
 889      5454435F 
 889      52454144 
 890              	.LASF62:
 891 08f5 4359424C 		.ascii	"CYBLE_EVT_GATTC_EXEC_WRITE_RSP\000"
 891      455F4556 
 891      545F4741 
 891      5454435F 
 891      45584543 
 892              	.LASF32:
 893 0914 4359424C 		.ascii	"CYBLE_EVT_GAPC_SCAN_START_STOP\000"
 893      455F4556 
 893      545F4741 
 893      50435F53 
 893      43414E5F 
ARM GAS  C:\Windows\TEMP\ccRqvMYw.s 			page 24


 894              	.LASF81:
 895 0933 4359424C 		.ascii	"CYBLE_EVT_PENDING_FLASH_WRITE\000"
 895      455F4556 
 895      545F5045 
 895      4E44494E 
 895      475F464C 
 896              	.LASF78:
 897 0951 4359424C 		.ascii	"CYBLE_EVT_L2CAP_CBFC_RX_CREDIT_IND\000"
 897      455F4556 
 897      545F4C32 
 897      4341505F 
 897      43424643 
 898              	.LASF97:
 899 0974 4359424C 		.ascii	"CYBLE_AIOS_TIME_TRIGGER_SETTINGS\000"
 899      455F4149 
 899      4F535F54 
 899      494D455F 
 899      54524947 
 900              	.LASF10:
 901 0995 646F7562 		.ascii	"double\000"
 901      6C6500
 902              	.LASF79:
 903 099c 4359424C 		.ascii	"CYBLE_EVT_L2CAP_CBFC_TX_CREDIT_IND\000"
 903      455F4556 
 903      545F4C32 
 903      4341505F 
 903      43424643 
 904              	.LASF101:
 905 09bf 63757374 		.ascii	"customServCharHandle\000"
 905      6F6D5365 
 905      72764368 
 905      61724861 
 905      6E646C65 
 906              	.LASF42:
 907 09d4 4359424C 		.ascii	"CYBLE_EVT_GAP_SCAN_REQ_RECVD\000"
 907      455F4556 
 907      545F4741 
 907      505F5343 
 907      414E5F52 
 908              	.LASF19:
 909 09f1 4359424C 		.ascii	"CYBLE_EVT_STACK_BUSY_STATUS\000"
 909      455F4556 
 909      545F5354 
 909      41434B5F 
 909      42555359 
 910              	.LASF17:
 911 0a0d 4359424C 		.ascii	"CYBLE_EVT_HARDWARE_ERROR\000"
 911      455F4556 
 911      545F4841 
 911      52445741 
 911      52455F45 
 912              	.LASF77:
 913 0a26 4359424C 		.ascii	"CYBLE_EVT_L2CAP_CBFC_DATA_READ\000"
 913      455F4556 
 913      545F4C32 
 913      4341505F 
 913      43424643 
ARM GAS  C:\Windows\TEMP\ccRqvMYw.s 			page 25


 914              	.LASF71:
 915 0a45 4359424C 		.ascii	"CYBLE_EVT_L2CAP_CONN_PARAM_UPDATE_RSP\000"
 915      455F4556 
 915      545F4C32 
 915      4341505F 
 915      434F4E4E 
 916              	.LASF21:
 917 0a6b 4359424C 		.ascii	"CYBLE_EVT_GAPC_SCAN_PROGRESS_RESULT\000"
 917      455F4556 
 917      545F4741 
 917      50435F53 
 917      43414E5F 
 918              	.LASF100:
 919 0a8f 4359424C 		.ascii	"CYBLE_AIOS_DESCR_COUNT\000"
 919      455F4149 
 919      4F535F44 
 919      45534352 
 919      5F434F55 
 920              	.LASF50:
 921 0aa6 4359424C 		.ascii	"CYBLE_EVT_GATTC_READ_BY_GROUP_TYPE_RSP\000"
 921      455F4556 
 921      545F4741 
 921      5454435F 
 921      52454144 
 922              	.LASF59:
 923 0acd 4359424C 		.ascii	"CYBLE_EVT_GATTS_WRITE_CMD_REQ\000"
 923      455F4556 
 923      545F4741 
 923      5454535F 
 923      57524954 
 924              	.LASF51:
 925 0aeb 4359424C 		.ascii	"CYBLE_EVT_GATTC_READ_BY_TYPE_RSP\000"
 925      455F4556 
 925      545F4741 
 925      5454435F 
 925      52454144 
 926              	.LASF49:
 927 0b0c 4359424C 		.ascii	"CYBLE_EVT_GATTC_XCHNG_MTU_RSP\000"
 927      455F4556 
 927      545F4741 
 927      5454435F 
 927      5843484E 
 928              	.LASF98:
 929 0b2a 4359424C 		.ascii	"CYBLE_AIOS_VRD\000"
 929      455F4149 
 929      4F535F56 
 929      524400
 930              	.LASF80:
 931 0b39 4359424C 		.ascii	"CYBLE_EVT_L2CAP_CBFC_DATA_WRITE_IND\000"
 931      455F4556 
 931      545F4C32 
 931      4341505F 
 931      43424643 
 932              	.LASF16:
 933 0b5d 4359424C 		.ascii	"CYBLE_EVT_TIMEOUT\000"
 933      455F4556 
 933      545F5449 
ARM GAS  C:\Windows\TEMP\ccRqvMYw.s 			page 26


 933      4D454F55 
 933      5400
 934              	.LASF85:
 935 0b6f 4359424C 		.ascii	"CYBLE_EVT_MAX\000"
 935      455F4556 
 935      545F4D41 
 935      5800
 936              	.LASF92:
 937 0b7d 4359424C 		.ascii	"CYBLE_AIOS_CCCD\000"
 937      455F4149 
 937      4F535F43 
 937      43434400 
 938              	.LASF68:
 939 0b8d 4359424C 		.ascii	"CYBLE_EVT_GATTS_READ_CHAR_VAL_ACCESS_REQ\000"
 939      455F4556 
 939      545F4741 
 939      5454535F 
 939      52454144 
 940              	.LASF67:
 941 0bb6 4359424C 		.ascii	"CYBLE_EVT_GATTC_STOP_CMD_COMPLETE\000"
 941      455F4556 
 941      545F4741 
 941      5454435F 
 941      53544F50 
 942              	.LASF61:
 943 0bd8 4359424C 		.ascii	"CYBLE_EVT_GATTS_EXEC_WRITE_REQ\000"
 943      455F4556 
 943      545F4741 
 943      5454535F 
 943      45584543 
 944              	.LASF87:
 945 0bf7 4359424C 		.ascii	"CYBLE_GATT_DB_ATTR_HANDLE_T\000"
 945      455F4741 
 945      54545F44 
 945      425F4154 
 945      54525F48 
 946              	.LASF111:
 947 0c13 6379426C 		.ascii	"cyBle_customs\000"
 947      655F6375 
 947      73746F6D 
 947      7300
 948              	.LASF66:
 949 0c21 4359424C 		.ascii	"CYBLE_EVT_GATTS_DATA_SIGNED_CMD_REQ\000"
 949      455F4556 
 949      545F4741 
 949      5454535F 
 949      44415441 
 950              	.LASF83:
 951 0c45 4359424C 		.ascii	"CYBLE_EVT_HCI_PKT\000"
 951      455F4556 
 951      545F4843 
 951      495F504B 
 951      5400
 952              	.LASF36:
 953 0c57 4359424C 		.ascii	"CYBLE_EVT_GAP_OOB_GENERATED_NOTIFICATION\000"
 953      455F4556 
 953      545F4741 
ARM GAS  C:\Windows\TEMP\ccRqvMYw.s 			page 27


 953      505F4F4F 
 953      425F4745 
 954              		.ident	"GCC: (GNU Tools for ARM Embedded Processors) 5.4.1 20160609 (release) [ARM/embedded-5-bran
