ARM GAS  C:\Windows\TEMP\cca0hDDJ.s 			page 1


   1              		.syntax unified
   2              		.cpu cortex-m0
   3              		.fpu softvfp
   4              		.eabi_attribute 20, 1
   5              		.eabi_attribute 21, 1
   6              		.eabi_attribute 23, 3
   7              		.eabi_attribute 24, 1
   8              		.eabi_attribute 25, 1
   9              		.eabi_attribute 26, 1
  10              		.eabi_attribute 30, 1
  11              		.eabi_attribute 34, 0
  12              		.eabi_attribute 18, 4
  13              		.thumb
  14              		.syntax unified
  15              		.file	"debug.c"
  16              		.text
  17              	.Ltext0:
  18              		.cfi_sections	.debug_frame
  19              		.section	.text.Print,"ax",%progbits
  20              		.align	2
  21              		.global	Print
  22              		.code	16
  23              		.thumb_func
  24              		.type	Print, %function
  25              	Print:
  26              	.LFB36:
  27              		.file 1 "debug.c"
   1:debug.c       **** #include "debug.h"
   2:debug.c       **** 
   3:debug.c       **** 
   4:debug.c       **** void Print(char text[]) {
  28              		.loc 1 4 0
  29              		.cfi_startproc
  30              		@ args = 0, pretend = 0, frame = 0
  31              		@ frame_needed = 0, uses_anonymous_args = 0
  32              	.LVL0:
  33 0000 10B5     		push	{r4, lr}
  34              		.cfi_def_cfa_offset 8
  35              		.cfi_offset 4, -8
  36              		.cfi_offset 14, -4
   5:debug.c       ****     UART_UartPutString(text);
  37              		.loc 1 5 0
  38 0002 FFF7FEFF 		bl	UART_UartPutString
  39              	.LVL1:
   6:debug.c       **** }
  40              		.loc 1 6 0
  41              		@ sp needed
  42 0006 10BD     		pop	{r4, pc}
  43              		.cfi_endproc
  44              	.LFE36:
  45              		.size	Print, .-Print
  46              		.section	.text.Println,"ax",%progbits
  47              		.align	2
  48              		.global	Println
  49              		.code	16
  50              		.thumb_func
  51              		.type	Println, %function
ARM GAS  C:\Windows\TEMP\cca0hDDJ.s 			page 2


  52              	Println:
  53              	.LFB37:
   7:debug.c       **** void Println(char text[]) {
  54              		.loc 1 7 0
  55              		.cfi_startproc
  56              		@ args = 0, pretend = 0, frame = 0
  57              		@ frame_needed = 0, uses_anonymous_args = 0
  58              	.LVL2:
  59 0000 10B5     		push	{r4, lr}
  60              		.cfi_def_cfa_offset 8
  61              		.cfi_offset 4, -8
  62              		.cfi_offset 14, -4
   8:debug.c       ****     UART_UartPutString(text);
  63              		.loc 1 8 0
  64 0002 FFF7FEFF 		bl	UART_UartPutString
  65              	.LVL3:
   9:debug.c       ****     UART_UartPutChar('\n');
  66              		.loc 1 9 0
  67 0006 0A20     		movs	r0, #10
  68 0008 FFF7FEFF 		bl	UART_SpiUartWriteTxData
  69              	.LVL4:
  10:debug.c       ****     UART_UartPutChar('\r');
  70              		.loc 1 10 0
  71 000c 0D20     		movs	r0, #13
  72 000e FFF7FEFF 		bl	UART_SpiUartWriteTxData
  73              	.LVL5:
  11:debug.c       **** }
  74              		.loc 1 11 0
  75              		@ sp needed
  76 0012 10BD     		pop	{r4, pc}
  77              		.cfi_endproc
  78              	.LFE37:
  79              		.size	Println, .-Println
  80              		.section	.text.PrintMotorSpeeds,"ax",%progbits
  81              		.align	2
  82              		.global	PrintMotorSpeeds
  83              		.code	16
  84              		.thumb_func
  85              		.type	PrintMotorSpeeds, %function
  86              	PrintMotorSpeeds:
  87              	.LFB38:
  12:debug.c       **** 
  13:debug.c       **** void PrintMotorSpeeds() {
  88              		.loc 1 13 0
  89              		.cfi_startproc
  90              		@ args = 0, pretend = 0, frame = 0
  91              		@ frame_needed = 0, uses_anonymous_args = 0
  92 0000 F8B5     		push	{r3, r4, r5, r6, r7, lr}
  93              		.cfi_def_cfa_offset 24
  94              		.cfi_offset 3, -24
  95              		.cfi_offset 4, -20
  96              		.cfi_offset 5, -16
  97              		.cfi_offset 6, -12
  98              		.cfi_offset 7, -8
  99              		.cfi_offset 14, -4
  14:debug.c       ****     if(FanController_GetActualSpeed(1)==0 && FanController_GetActualSpeed(2)==0 && 
 100              		.loc 1 14 0
ARM GAS  C:\Windows\TEMP\cca0hDDJ.s 			page 3


 101 0002 0120     		movs	r0, #1
 102 0004 FFF7FEFF 		bl	FanController_GetActualSpeed
 103              	.LVL6:
 104 0008 0028     		cmp	r0, #0
 105 000a 04D1     		bne	.L4
 106              		.loc 1 14 0 is_stmt 0 discriminator 1
 107 000c 0230     		adds	r0, r0, #2
 108 000e FFF7FEFF 		bl	FanController_GetActualSpeed
 109              	.LVL7:
 110 0012 0028     		cmp	r0, #0
 111 0014 01D0     		beq	.L5
 112              	.L4:
  13:debug.c       ****     if(FanController_GetActualSpeed(1)==0 && FanController_GetActualSpeed(2)==0 && 
 113              		.loc 1 13 0 is_stmt 1 discriminator 1
 114 0016 0127     		movs	r7, #1
 115 0018 35E0     		b	.L6
 116              	.L5:
  15:debug.c       ****        FanController_GetActualSpeed(3)==0 && FanController_GetActualSpeed(4)==0)
 117              		.loc 1 15 0 discriminator 2
 118 001a 0320     		movs	r0, #3
 119 001c FFF7FEFF 		bl	FanController_GetActualSpeed
 120              	.LVL8:
  14:debug.c       ****     if(FanController_GetActualSpeed(1)==0 && FanController_GetActualSpeed(2)==0 && 
 121              		.loc 1 14 0 discriminator 2
 122 0020 0028     		cmp	r0, #0
 123 0022 F8D1     		bne	.L4
 124              		.loc 1 15 0
 125 0024 0430     		adds	r0, r0, #4
 126 0026 FFF7FEFF 		bl	FanController_GetActualSpeed
 127              	.LVL9:
 128 002a 0028     		cmp	r0, #0
 129 002c F3D1     		bne	.L4
 130 002e 32E0     		b	.L3
 131              	.LVL10:
 132              	.L8:
 133              	.LBB2:
  16:debug.c       ****         return;
  17:debug.c       ****     
  18:debug.c       ****     int current_rpm = 0;
  19:debug.c       ****     for (int i = 1; i < MOTOR_COUNT + 1; i++) {
  20:debug.c       ****         current_rpm = FanController_GetActualSpeed(i);
 134              		.loc 1 20 0 discriminator 3
 135 0030 FEB2     		uxtb	r6, r7
 136 0032 3000     		movs	r0, r6
 137 0034 FFF7FEFF 		bl	FanController_GetActualSpeed
 138              	.LVL11:
 139 0038 0400     		movs	r4, r0
 140              	.LVL12:
  21:debug.c       ****         
  22:debug.c       ****         Print(MotorDirectionStr[i-1]);
 141              		.loc 1 22 0 discriminator 3
 142 003a 7B1E     		subs	r3, r7, #1
 143 003c 9B00     		lsls	r3, r3, #2
 144 003e 164A     		ldr	r2, .L9
 145 0040 9858     		ldr	r0, [r3, r2]
 146              	.LVL13:
 147 0042 FFF7FEFF 		bl	Print
ARM GAS  C:\Windows\TEMP\cca0hDDJ.s 			page 4


 148              	.LVL14:
  23:debug.c       ****         Print(":");
 149              		.loc 1 23 0 discriminator 3
 150 0046 1548     		ldr	r0, .L9+4
 151 0048 FFF7FEFF 		bl	Print
 152              	.LVL15:
  24:debug.c       ****         
  25:debug.c       ****         sprintf(uart_rpm_buff, "%u", current_rpm / 2);
 153              		.loc 1 25 0 discriminator 3
 154 004c E20F     		lsrs	r2, r4, #31
 155 004e 1219     		adds	r2, r2, r4
 156 0050 5210     		asrs	r2, r2, #1
 157 0052 134D     		ldr	r5, .L9+8
 158 0054 134C     		ldr	r4, .L9+12
 159              	.LVL16:
 160 0056 2900     		movs	r1, r5
 161 0058 2000     		movs	r0, r4
 162 005a FFF7FEFF 		bl	sprintf
 163              	.LVL17:
  26:debug.c       ****         Print(uart_rpm_buff);
 164              		.loc 1 26 0 discriminator 3
 165 005e 2000     		movs	r0, r4
 166 0060 FFF7FEFF 		bl	Print
 167              	.LVL18:
  27:debug.c       ****         Print(" ");
 168              		.loc 1 27 0 discriminator 3
 169 0064 1048     		ldr	r0, .L9+16
 170 0066 FFF7FEFF 		bl	Print
 171              	.LVL19:
  28:debug.c       ****         
  29:debug.c       ****         current_rpm = FanController_GetDesiredSpeed(i);
 172              		.loc 1 29 0 discriminator 3
 173 006a 3000     		movs	r0, r6
 174 006c FFF7FEFF 		bl	FanController_GetDesiredSpeed
 175              	.LVL20:
  30:debug.c       ****         sprintf(uart_rpm_buff, "%u", current_rpm / 2);
 176              		.loc 1 30 0 discriminator 3
 177 0070 C20F     		lsrs	r2, r0, #31
 178 0072 1018     		adds	r0, r2, r0
 179              	.LVL21:
 180 0074 4210     		asrs	r2, r0, #1
 181 0076 2900     		movs	r1, r5
 182 0078 2000     		movs	r0, r4
 183 007a FFF7FEFF 		bl	sprintf
 184              	.LVL22:
  31:debug.c       ****         Print(uart_rpm_buff);
 185              		.loc 1 31 0 discriminator 3
 186 007e 2000     		movs	r0, r4
 187 0080 FFF7FEFF 		bl	Print
 188              	.LVL23:
  19:debug.c       ****         current_rpm = FanController_GetActualSpeed(i);
 189              		.loc 1 19 0 discriminator 3
 190 0084 0137     		adds	r7, r7, #1
 191              	.LVL24:
 192              	.L6:
  19:debug.c       ****         current_rpm = FanController_GetActualSpeed(i);
 193              		.loc 1 19 0 is_stmt 0 discriminator 1
ARM GAS  C:\Windows\TEMP\cca0hDDJ.s 			page 5


 194 0086 042F     		cmp	r7, #4
 195 0088 D2DD     		ble	.L8
 196              	.LBE2:
  32:debug.c       ****     }
  33:debug.c       ****     UART_UartPutChar('\n');
 197              		.loc 1 33 0 is_stmt 1
 198 008a 0A20     		movs	r0, #10
 199 008c FFF7FEFF 		bl	UART_SpiUartWriteTxData
 200              	.LVL25:
  34:debug.c       ****     UART_UartPutChar('\r');
 201              		.loc 1 34 0
 202 0090 0D20     		movs	r0, #13
 203 0092 FFF7FEFF 		bl	UART_SpiUartWriteTxData
 204              	.LVL26:
 205              	.L3:
  35:debug.c       **** }
 206              		.loc 1 35 0
 207              		@ sp needed
 208 0096 F8BD     		pop	{r3, r4, r5, r6, r7, pc}
 209              	.L10:
 210              		.align	2
 211              	.L9:
 212 0098 00000000 		.word	.LANCHOR0
 213 009c 00000000 		.word	.LC1
 214 00a0 04000000 		.word	.LC3
 215 00a4 00000000 		.word	uart_rpm_buff
 216 00a8 08000000 		.word	.LC6
 217              		.cfi_endproc
 218              	.LFE38:
 219              		.size	PrintMotorSpeeds, .-PrintMotorSpeeds
 220              		.comm	str,16,4
 221              		.comm	uart_rpm_buff,4,4
 222              		.section	.rodata
 223              		.align	2
 224              		.set	.LANCHOR0,. + 0
 225              		.type	MotorDirectionStr, %object
 226              		.size	MotorDirectionStr, 16
 227              	MotorDirectionStr:
 228 0000 0C000000 		.word	.LC8
 229 0004 14000000 		.word	.LC9
 230 0008 1C000000 		.word	.LC10
 231 000c 20000000 		.word	.LC11
 232              		.section	.rodata.str1.4,"aMS",%progbits,1
 233              		.align	2
 234              	.LC1:
 235 0000 3A00     		.ascii	":\000"
 236 0002 0000     		.space	2
 237              	.LC3:
 238 0004 257500   		.ascii	"%u\000"
 239 0007 00       		.space	1
 240              	.LC6:
 241 0008 2000     		.ascii	" \000"
 242 000a 0000     		.space	2
 243              	.LC8:
 244 000c 4C656674 		.ascii	"Left\000"
 244      00
 245 0011 000000   		.space	3
ARM GAS  C:\Windows\TEMP\cca0hDDJ.s 			page 6


 246              	.LC9:
 247 0014 52696768 		.ascii	"Right\000"
 247      7400
 248 001a 0000     		.space	2
 249              	.LC10:
 250 001c 546F7000 		.ascii	"Top\000"
 251              	.LC11:
 252 0020 426F7474 		.ascii	"Bottom\000"
 252      6F6D00
 253              		.text
 254              	.Letext0:
 255              		.file 2 "Generated_Source\\PSoC4/Bluetooth_Stack.h"
 256              		.file 3 "Generated_Source\\PSoC4/Bluetooth_aios.h"
 257              		.file 4 "main_data.h"
 258              		.file 5 "Generated_Source\\PSoC4/UART_SPI_UART.h"
 259              		.file 6 "Generated_Source\\PSoC4/FanController.h"
 260              		.file 7 "c:\\program files (x86)\\cypress\\psoc creator\\4.4\\psoc creator\\import\\gnu\\arm\\5.4.
 261              		.file 8 "Generated_Source\\PSoC4/cytypes.h"
 262              		.section	.debug_info,"",%progbits
 263              	.Ldebug_info0:
 264 0000 5B050000 		.4byte	0x55b
 265 0004 0400     		.2byte	0x4
 266 0006 00000000 		.4byte	.Ldebug_abbrev0
 267 000a 04       		.byte	0x4
 268 000b 01       		.uleb128 0x1
 269 000c 78010000 		.4byte	.LASF110
 270 0010 0C       		.byte	0xc
 271 0011 06020000 		.4byte	.LASF111
 272 0015 64080000 		.4byte	.LASF112
 273 0019 00000000 		.4byte	.Ldebug_ranges0+0
 274 001d 00000000 		.4byte	0
 275 0021 00000000 		.4byte	.Ldebug_line0
 276 0025 02       		.uleb128 0x2
 277 0026 01       		.byte	0x1
 278 0027 06       		.byte	0x6
 279 0028 11060000 		.4byte	.LASF0
 280 002c 02       		.uleb128 0x2
 281 002d 01       		.byte	0x1
 282 002e 08       		.byte	0x8
 283 002f A7050000 		.4byte	.LASF1
 284 0033 02       		.uleb128 0x2
 285 0034 02       		.byte	0x2
 286 0035 05       		.byte	0x5
 287 0036 8F000000 		.4byte	.LASF2
 288 003a 02       		.uleb128 0x2
 289 003b 02       		.byte	0x2
 290 003c 07       		.byte	0x7
 291 003d C6070000 		.4byte	.LASF3
 292 0041 02       		.uleb128 0x2
 293 0042 04       		.byte	0x4
 294 0043 05       		.byte	0x5
 295 0044 E2030000 		.4byte	.LASF4
 296 0048 02       		.uleb128 0x2
 297 0049 04       		.byte	0x4
 298 004a 07       		.byte	0x7
 299 004b 0C040000 		.4byte	.LASF5
 300 004f 02       		.uleb128 0x2
ARM GAS  C:\Windows\TEMP\cca0hDDJ.s 			page 7


 301 0050 08       		.byte	0x8
 302 0051 05       		.byte	0x5
 303 0052 180A0000 		.4byte	.LASF6
 304 0056 02       		.uleb128 0x2
 305 0057 08       		.byte	0x8
 306 0058 07       		.byte	0x7
 307 0059 67030000 		.4byte	.LASF7
 308 005d 03       		.uleb128 0x3
 309 005e 04       		.byte	0x4
 310 005f 05       		.byte	0x5
 311 0060 696E7400 		.ascii	"int\000"
 312 0064 02       		.uleb128 0x2
 313 0065 04       		.byte	0x4
 314 0066 07       		.byte	0x7
 315 0067 1F030000 		.4byte	.LASF8
 316 006b 04       		.uleb128 0x4
 317 006c 49090000 		.4byte	.LASF113
 318 0070 08       		.byte	0x8
 319 0071 FE01     		.2byte	0x1fe
 320 0073 48000000 		.4byte	0x48
 321 0077 02       		.uleb128 0x2
 322 0078 04       		.byte	0x4
 323 0079 04       		.byte	0x4
 324 007a F8020000 		.4byte	.LASF9
 325 007e 02       		.uleb128 0x2
 326 007f 08       		.byte	0x8
 327 0080 04       		.byte	0x4
 328 0081 D1090000 		.4byte	.LASF10
 329 0085 02       		.uleb128 0x2
 330 0086 01       		.byte	0x1
 331 0087 08       		.byte	0x8
 332 0088 5F080000 		.4byte	.LASF11
 333 008c 02       		.uleb128 0x2
 334 008d 08       		.byte	0x8
 335 008e 04       		.byte	0x4
 336 008f 00000000 		.4byte	.LASF12
 337 0093 02       		.uleb128 0x2
 338 0094 04       		.byte	0x4
 339 0095 07       		.byte	0x7
 340 0096 B3000000 		.4byte	.LASF13
 341 009a 05       		.uleb128 0x5
 342 009b 04       		.byte	0x4
 343 009c 85000000 		.4byte	0x85
 344 00a0 06       		.uleb128 0x6
 345 00a1 01       		.byte	0x1
 346 00a2 2C000000 		.4byte	0x2c
 347 00a6 02       		.byte	0x2
 348 00a7 3501     		.2byte	0x135
 349 00a9 5E020000 		.4byte	0x25e
 350 00ad 07       		.uleb128 0x7
 351 00ae 72020000 		.4byte	.LASF14
 352 00b2 00       		.byte	0
 353 00b3 07       		.uleb128 0x7
 354 00b4 47010000 		.4byte	.LASF15
 355 00b8 01       		.byte	0x1
 356 00b9 07       		.uleb128 0x7
 357 00ba 500B0000 		.4byte	.LASF16
ARM GAS  C:\Windows\TEMP\cca0hDDJ.s 			page 8


 358 00be 02       		.byte	0x2
 359 00bf 07       		.uleb128 0x7
 360 00c0 260A0000 		.4byte	.LASF17
 361 00c4 03       		.byte	0x3
 362 00c5 07       		.uleb128 0x7
 363 00c6 0E010000 		.4byte	.LASF18
 364 00ca 04       		.byte	0x4
 365 00cb 07       		.uleb128 0x7
 366 00cc A8040000 		.4byte	.LASF19
 367 00d0 05       		.byte	0x5
 368 00d1 07       		.uleb128 0x7
 369 00d2 35000000 		.4byte	.LASF20
 370 00d6 06       		.byte	0x6
 371 00d7 07       		.uleb128 0x7
 372 00d8 6A0A0000 		.4byte	.LASF21
 373 00dc 20       		.byte	0x20
 374 00dd 07       		.uleb128 0x7
 375 00de 0F070000 		.4byte	.LASF22
 376 00e2 21       		.byte	0x21
 377 00e3 07       		.uleb128 0x7
 378 00e4 0C000000 		.4byte	.LASF23
 379 00e8 22       		.byte	0x22
 380 00e9 07       		.uleb128 0x7
 381 00ea D9040000 		.4byte	.LASF24
 382 00ee 23       		.byte	0x23
 383 00ef 07       		.uleb128 0x7
 384 00f0 B0060000 		.4byte	.LASF25
 385 00f4 24       		.byte	0x24
 386 00f5 07       		.uleb128 0x7
 387 00f6 99000000 		.4byte	.LASF26
 388 00fa 25       		.byte	0x25
 389 00fb 07       		.uleb128 0x7
 390 00fc 5F040000 		.4byte	.LASF27
 391 0100 26       		.byte	0x26
 392 0101 07       		.uleb128 0x7
 393 0102 1E040000 		.4byte	.LASF28
 394 0106 27       		.byte	0x27
 395 0107 07       		.uleb128 0x7
 396 0108 6D000000 		.4byte	.LASF29
 397 010c 28       		.byte	0x28
 398 010d 07       		.uleb128 0x7
 399 010e 6E070000 		.4byte	.LASF30
 400 0112 29       		.byte	0x29
 401 0113 07       		.uleb128 0x7
 402 0114 0F080000 		.4byte	.LASF31
 403 0118 2A       		.byte	0x2a
 404 0119 07       		.uleb128 0x7
 405 011a 4E000000 		.4byte	.LASF32
 406 011e 2B       		.byte	0x2b
 407 011f 07       		.uleb128 0x7
 408 0120 0E020000 		.4byte	.LASF33
 409 0124 2C       		.byte	0x2c
 410 0125 07       		.uleb128 0x7
 411 0126 01090000 		.4byte	.LASF34
 412 012a 2D       		.byte	0x2d
 413 012b 07       		.uleb128 0x7
 414 012c 41060000 		.4byte	.LASF35
ARM GAS  C:\Windows\TEMP\cca0hDDJ.s 			page 9


 415 0130 2E       		.byte	0x2e
 416 0131 07       		.uleb128 0x7
 417 0132 4B0C0000 		.4byte	.LASF36
 418 0136 2F       		.byte	0x2f
 419 0137 07       		.uleb128 0x7
 420 0138 BC000000 		.4byte	.LASF37
 421 013c 30       		.byte	0x30
 422 013d 07       		.uleb128 0x7
 423 013e 8C090000 		.4byte	.LASF38
 424 0142 31       		.byte	0x31
 425 0143 07       		.uleb128 0x7
 426 0144 46030000 		.4byte	.LASF39
 427 0148 32       		.byte	0x32
 428 0149 07       		.uleb128 0x7
 429 014a 38080000 		.4byte	.LASF40
 430 014e 33       		.byte	0x33
 431 014f 07       		.uleb128 0x7
 432 0150 8B070000 		.4byte	.LASF41
 433 0154 34       		.byte	0x34
 434 0155 07       		.uleb128 0x7
 435 0156 FB090000 		.4byte	.LASF42
 436 015a 35       		.byte	0x35
 437 015b 07       		.uleb128 0x7
 438 015c BB030000 		.4byte	.LASF43
 439 0160 36       		.byte	0x36
 440 0161 07       		.uleb128 0x7
 441 0162 44050000 		.4byte	.LASF44
 442 0166 37       		.byte	0x37
 443 0167 07       		.uleb128 0x7
 444 0168 F4000000 		.4byte	.LASF45
 445 016c 40       		.byte	0x40
 446 016d 07       		.uleb128 0x7
 447 016e E6060000 		.4byte	.LASF46
 448 0172 41       		.byte	0x41
 449 0173 07       		.uleb128 0x7
 450 0174 B10A0000 		.4byte	.LASF47
 451 0178 42       		.byte	0x42
 452 0179 07       		.uleb128 0x7
 453 017a 5A010000 		.4byte	.LASF48
 454 017e 43       		.byte	0x43
 455 017f 07       		.uleb128 0x7
 456 0180 0E0B0000 		.4byte	.LASF49
 457 0184 44       		.byte	0x44
 458 0185 07       		.uleb128 0x7
 459 0186 26070000 		.4byte	.LASF50
 460 018a 45       		.byte	0x45
 461 018b 07       		.uleb128 0x7
 462 018c ED0A0000 		.4byte	.LASF51
 463 0190 46       		.byte	0x46
 464 0191 07       		.uleb128 0x7
 465 0192 F3050000 		.4byte	.LASF52
 466 0196 47       		.byte	0x47
 467 0197 07       		.uleb128 0x7
 468 0198 78060000 		.4byte	.LASF53
 469 019c 48       		.byte	0x48
 470 019d 07       		.uleb128 0x7
 471 019e 06030000 		.4byte	.LASF54
ARM GAS  C:\Windows\TEMP\cca0hDDJ.s 			page 10


 472 01a2 49       		.byte	0x49
 473 01a3 07       		.uleb128 0x7
 474 01a4 E3080000 		.4byte	.LASF55
 475 01a8 4A       		.byte	0x4a
 476 01a9 07       		.uleb128 0x7
 477 01aa 32020000 		.4byte	.LASF56
 478 01ae 4B       		.byte	0x4b
 479 01af 07       		.uleb128 0x7
 480 01b0 CC060000 		.4byte	.LASF57
 481 01b4 4C       		.byte	0x4c
 482 01b5 07       		.uleb128 0x7
 483 01b6 2C030000 		.4byte	.LASF58
 484 01ba 4D       		.byte	0x4d
 485 01bb 07       		.uleb128 0x7
 486 01bc CF0A0000 		.4byte	.LASF59
 487 01c0 4E       		.byte	0x4e
 488 01c1 07       		.uleb128 0x7
 489 01c2 B5050000 		.4byte	.LASF60
 490 01c6 4F       		.byte	0x4f
 491 01c7 07       		.uleb128 0x7
 492 01c8 CF0B0000 		.4byte	.LASF61
 493 01cc 50       		.byte	0x50
 494 01cd 07       		.uleb128 0x7
 495 01ce 2A090000 		.4byte	.LASF62
 496 01d2 51       		.byte	0x51
 497 01d3 07       		.uleb128 0x7
 498 01d4 87040000 		.4byte	.LASF63
 499 01d8 52       		.byte	0x52
 500 01d9 07       		.uleb128 0x7
 501 01da EB030000 		.4byte	.LASF64
 502 01de 53       		.byte	0x53
 503 01df 07       		.uleb128 0x7
 504 01e0 51020000 		.4byte	.LASF65
 505 01e4 54       		.byte	0x54
 506 01e5 07       		.uleb128 0x7
 507 01e6 150C0000 		.4byte	.LASF66
 508 01ea 55       		.byte	0x55
 509 01eb 07       		.uleb128 0x7
 510 01ec 9B0B0000 		.4byte	.LASF67
 511 01f0 56       		.byte	0x56
 512 01f1 07       		.uleb128 0x7
 513 01f2 720B0000 		.4byte	.LASF68
 514 01f6 57       		.byte	0x57
 515 01f7 07       		.uleb128 0x7
 516 01f8 A3070000 		.4byte	.LASF69
 517 01fc 58       		.byte	0x58
 518 01fd 07       		.uleb128 0x7
 519 01fe 81050000 		.4byte	.LASF70
 520 0202 70       		.byte	0x70
 521 0203 07       		.uleb128 0x7
 522 0204 89020000 		.4byte	.LASF71
 523 0208 71       		.byte	0x71
 524 0209 07       		.uleb128 0x7
 525 020a A6080000 		.4byte	.LASF72
 526 020e 72       		.byte	0x72
 527 020f 07       		.uleb128 0x7
 528 0210 6E090000 		.4byte	.LASF73
ARM GAS  C:\Windows\TEMP\cca0hDDJ.s 			page 11


 529 0214 73       		.byte	0x73
 530 0215 07       		.uleb128 0x7
 531 0216 26050000 		.4byte	.LASF74
 532 021a 74       		.byte	0x74
 533 021b 07       		.uleb128 0x7
 534 021c 4D070000 		.4byte	.LASF75
 535 0220 75       		.byte	0x75
 536 0221 07       		.uleb128 0x7
 537 0222 C5020000 		.4byte	.LASF76
 538 0226 76       		.byte	0x76
 539 0227 07       		.uleb128 0x7
 540 0228 3F0A0000 		.4byte	.LASF77
 541 022c 77       		.byte	0x77
 542 022d 07       		.uleb128 0x7
 543 022e 8E0A0000 		.4byte	.LASF78
 544 0232 78       		.byte	0x78
 545 0233 07       		.uleb128 0x7
 546 0234 D8090000 		.4byte	.LASF79
 547 0238 79       		.byte	0x79
 548 0239 07       		.uleb128 0x7
 549 023a 2C0B0000 		.4byte	.LASF80
 550 023e 7A       		.byte	0x7a
 551 023f 07       		.uleb128 0x7
 552 0240 50090000 		.4byte	.LASF81
 553 0244 FA       		.byte	0xfa
 554 0245 07       		.uleb128 0x7
 555 0246 D4050000 		.4byte	.LASF82
 556 024a FB       		.byte	0xfb
 557 024b 07       		.uleb128 0x7
 558 024c 390C0000 		.4byte	.LASF83
 559 0250 FC       		.byte	0xfc
 560 0251 07       		.uleb128 0x7
 561 0252 F7070000 		.4byte	.LASF84
 562 0256 FD       		.byte	0xfd
 563 0257 07       		.uleb128 0x7
 564 0258 01070000 		.4byte	.LASF85
 565 025c FF       		.byte	0xff
 566 025d 00       		.byte	0
 567 025e 08       		.uleb128 0x8
 568 025f 01       		.byte	0x1
 569 0260 2C000000 		.4byte	0x2c
 570 0264 03       		.byte	0x3
 571 0265 2B       		.byte	0x2b
 572 0266 83020000 		.4byte	0x283
 573 026a 07       		.uleb128 0x7
 574 026b D0080000 		.4byte	.LASF86
 575 026f 00       		.byte	0
 576 0270 07       		.uleb128 0x7
 577 0271 E6020000 		.4byte	.LASF87
 578 0275 01       		.byte	0x1
 579 0276 07       		.uleb128 0x7
 580 0277 C4040000 		.4byte	.LASF88
 581 027b 02       		.byte	0x2
 582 027c 07       		.uleb128 0x7
 583 027d AF020000 		.4byte	.LASF89
 584 0281 03       		.byte	0x3
 585 0282 00       		.byte	0
ARM GAS  C:\Windows\TEMP\cca0hDDJ.s 			page 12


 586 0283 08       		.uleb128 0x8
 587 0284 01       		.byte	0x1
 588 0285 2C000000 		.4byte	0x2c
 589 0289 03       		.byte	0x3
 590 028a 34       		.byte	0x34
 591 028b C6020000 		.4byte	0x2c6
 592 028f 07       		.uleb128 0x7
 593 0290 620B0000 		.4byte	.LASF90
 594 0294 00       		.byte	0
 595 0295 07       		.uleb128 0x7
 596 0296 23010000 		.4byte	.LASF91
 597 029a 01       		.byte	0x1
 598 029b 07       		.uleb128 0x7
 599 029c FF040000 		.4byte	.LASF92
 600 02a0 02       		.byte	0x2
 601 02a1 07       		.uleb128 0x7
 602 02a2 1D060000 		.4byte	.LASF93
 603 02a6 03       		.byte	0x3
 604 02a7 07       		.uleb128 0x7
 605 02a8 3D040000 		.4byte	.LASF94
 606 02ac 04       		.byte	0x4
 607 02ad 07       		.uleb128 0x7
 608 02ae B0090000 		.4byte	.LASF95
 609 02b2 05       		.byte	0x5
 610 02b3 07       		.uleb128 0x7
 611 02b4 060C0000 		.4byte	.LASF96
 612 02b8 06       		.byte	0x6
 613 02b9 07       		.uleb128 0x7
 614 02ba 9B030000 		.4byte	.LASF97
 615 02be 06       		.byte	0x6
 616 02bf 07       		.uleb128 0x7
 617 02c0 DD000000 		.4byte	.LASF98
 618 02c4 07       		.byte	0x7
 619 02c5 00       		.byte	0
 620 02c6 09       		.uleb128 0x9
 621 02c7 DC030000 		.4byte	.LASF99
 622 02cb 01       		.byte	0x1
 623 02cc 04       		.byte	0x4
 624 02cd 00000000 		.4byte	.LFB36
 625 02d1 08000000 		.4byte	.LFE36-.LFB36
 626 02d5 01       		.uleb128 0x1
 627 02d6 9C       		.byte	0x9c
 628 02d7 FC020000 		.4byte	0x2fc
 629 02db 0A       		.uleb128 0xa
 630 02dc 30000000 		.4byte	.LASF101
 631 02e0 01       		.byte	0x1
 632 02e1 04       		.byte	0x4
 633 02e2 9A000000 		.4byte	0x9a
 634 02e6 00000000 		.4byte	.LLST0
 635 02ea 0B       		.uleb128 0xb
 636 02eb 06000000 		.4byte	.LVL1
 637 02ef 25050000 		.4byte	0x525
 638 02f3 0C       		.uleb128 0xc
 639 02f4 01       		.uleb128 0x1
 640 02f5 50       		.byte	0x50
 641 02f6 03       		.uleb128 0x3
 642 02f7 F3       		.byte	0xf3
ARM GAS  C:\Windows\TEMP\cca0hDDJ.s 			page 13


 643 02f8 01       		.uleb128 0x1
 644 02f9 50       		.byte	0x50
 645 02fa 00       		.byte	0
 646 02fb 00       		.byte	0
 647 02fc 09       		.uleb128 0x9
 648 02fd FE020000 		.4byte	.LASF100
 649 0301 01       		.byte	0x1
 650 0302 07       		.byte	0x7
 651 0303 00000000 		.4byte	.LFB37
 652 0307 14000000 		.4byte	.LFE37-.LFB37
 653 030b 01       		.uleb128 0x1
 654 030c 9C       		.byte	0x9c
 655 030d 58030000 		.4byte	0x358
 656 0311 0A       		.uleb128 0xa
 657 0312 30000000 		.4byte	.LASF101
 658 0316 01       		.byte	0x1
 659 0317 07       		.byte	0x7
 660 0318 9A000000 		.4byte	0x9a
 661 031c 21000000 		.4byte	.LLST1
 662 0320 0D       		.uleb128 0xd
 663 0321 06000000 		.4byte	.LVL3
 664 0325 25050000 		.4byte	0x525
 665 0329 35030000 		.4byte	0x335
 666 032d 0C       		.uleb128 0xc
 667 032e 01       		.uleb128 0x1
 668 032f 50       		.byte	0x50
 669 0330 03       		.uleb128 0x3
 670 0331 F3       		.byte	0xf3
 671 0332 01       		.uleb128 0x1
 672 0333 50       		.byte	0x50
 673 0334 00       		.byte	0
 674 0335 0D       		.uleb128 0xd
 675 0336 0C000000 		.4byte	.LVL4
 676 033a 31050000 		.4byte	0x531
 677 033e 48030000 		.4byte	0x348
 678 0342 0C       		.uleb128 0xc
 679 0343 01       		.uleb128 0x1
 680 0344 50       		.byte	0x50
 681 0345 01       		.uleb128 0x1
 682 0346 3A       		.byte	0x3a
 683 0347 00       		.byte	0
 684 0348 0B       		.uleb128 0xb
 685 0349 12000000 		.4byte	.LVL5
 686 034d 31050000 		.4byte	0x531
 687 0351 0C       		.uleb128 0xc
 688 0352 01       		.uleb128 0x1
 689 0353 50       		.byte	0x50
 690 0354 01       		.uleb128 0x1
 691 0355 3D       		.byte	0x3d
 692 0356 00       		.byte	0
 693 0357 00       		.byte	0
 694 0358 0E       		.uleb128 0xe
 695 0359 9F060000 		.4byte	.LASF114
 696 035d 01       		.byte	0x1
 697 035e 0D       		.byte	0xd
 698 035f 00000000 		.4byte	.LFB38
 699 0363 AC000000 		.4byte	.LFE38-.LFB38
ARM GAS  C:\Windows\TEMP\cca0hDDJ.s 			page 14


 700 0367 01       		.uleb128 0x1
 701 0368 9C       		.byte	0x9c
 702 0369 BD040000 		.4byte	0x4bd
 703 036d 0F       		.uleb128 0xf
 704 036e 5E0A0000 		.4byte	.LASF102
 705 0372 01       		.byte	0x1
 706 0373 12       		.byte	0x12
 707 0374 5D000000 		.4byte	0x5d
 708 0378 42000000 		.4byte	.LLST2
 709 037c 10       		.uleb128 0x10
 710 037d 30000000 		.4byte	.LBB2
 711 0381 5A000000 		.4byte	.LBE2-.LBB2
 712 0385 62040000 		.4byte	0x462
 713 0389 11       		.uleb128 0x11
 714 038a 6900     		.ascii	"i\000"
 715 038c 01       		.byte	0x1
 716 038d 13       		.byte	0x13
 717 038e 5D000000 		.4byte	0x5d
 718 0392 6B000000 		.4byte	.LLST3
 719 0396 0D       		.uleb128 0xd
 720 0397 38000000 		.4byte	.LVL11
 721 039b 3D050000 		.4byte	0x53d
 722 039f AA030000 		.4byte	0x3aa
 723 03a3 0C       		.uleb128 0xc
 724 03a4 01       		.uleb128 0x1
 725 03a5 50       		.byte	0x50
 726 03a6 02       		.uleb128 0x2
 727 03a7 76       		.byte	0x76
 728 03a8 00       		.sleb128 0
 729 03a9 00       		.byte	0
 730 03aa 0D       		.uleb128 0xd
 731 03ab 46000000 		.4byte	.LVL14
 732 03af C6020000 		.4byte	0x2c6
 733 03b3 C7030000 		.4byte	0x3c7
 734 03b7 0C       		.uleb128 0xc
 735 03b8 01       		.uleb128 0x1
 736 03b9 50       		.byte	0x50
 737 03ba 0B       		.uleb128 0xb
 738 03bb 77       		.byte	0x77
 739 03bc 7F       		.sleb128 -1
 740 03bd 32       		.byte	0x32
 741 03be 24       		.byte	0x24
 742 03bf 03       		.byte	0x3
 743 03c0 00000000 		.4byte	.LANCHOR0
 744 03c4 22       		.byte	0x22
 745 03c5 06       		.byte	0x6
 746 03c6 00       		.byte	0
 747 03c7 0D       		.uleb128 0xd
 748 03c8 4C000000 		.4byte	.LVL15
 749 03cc C6020000 		.4byte	0x2c6
 750 03d0 DE030000 		.4byte	0x3de
 751 03d4 0C       		.uleb128 0xc
 752 03d5 01       		.uleb128 0x1
 753 03d6 50       		.byte	0x50
 754 03d7 05       		.uleb128 0x5
 755 03d8 03       		.byte	0x3
 756 03d9 00000000 		.4byte	.LC1
ARM GAS  C:\Windows\TEMP\cca0hDDJ.s 			page 15


 757 03dd 00       		.byte	0
 758 03de 0D       		.uleb128 0xd
 759 03df 5E000000 		.4byte	.LVL17
 760 03e3 48050000 		.4byte	0x548
 761 03e7 F8030000 		.4byte	0x3f8
 762 03eb 0C       		.uleb128 0xc
 763 03ec 01       		.uleb128 0x1
 764 03ed 50       		.byte	0x50
 765 03ee 02       		.uleb128 0x2
 766 03ef 74       		.byte	0x74
 767 03f0 00       		.sleb128 0
 768 03f1 0C       		.uleb128 0xc
 769 03f2 01       		.uleb128 0x1
 770 03f3 51       		.byte	0x51
 771 03f4 02       		.uleb128 0x2
 772 03f5 75       		.byte	0x75
 773 03f6 00       		.sleb128 0
 774 03f7 00       		.byte	0
 775 03f8 0D       		.uleb128 0xd
 776 03f9 64000000 		.4byte	.LVL18
 777 03fd C6020000 		.4byte	0x2c6
 778 0401 0C040000 		.4byte	0x40c
 779 0405 0C       		.uleb128 0xc
 780 0406 01       		.uleb128 0x1
 781 0407 50       		.byte	0x50
 782 0408 02       		.uleb128 0x2
 783 0409 74       		.byte	0x74
 784 040a 00       		.sleb128 0
 785 040b 00       		.byte	0
 786 040c 0D       		.uleb128 0xd
 787 040d 6A000000 		.4byte	.LVL19
 788 0411 C6020000 		.4byte	0x2c6
 789 0415 23040000 		.4byte	0x423
 790 0419 0C       		.uleb128 0xc
 791 041a 01       		.uleb128 0x1
 792 041b 50       		.byte	0x50
 793 041c 05       		.uleb128 0x5
 794 041d 03       		.byte	0x3
 795 041e 08000000 		.4byte	.LC6
 796 0422 00       		.byte	0
 797 0423 0D       		.uleb128 0xd
 798 0424 70000000 		.4byte	.LVL20
 799 0428 53050000 		.4byte	0x553
 800 042c 37040000 		.4byte	0x437
 801 0430 0C       		.uleb128 0xc
 802 0431 01       		.uleb128 0x1
 803 0432 50       		.byte	0x50
 804 0433 02       		.uleb128 0x2
 805 0434 76       		.byte	0x76
 806 0435 00       		.sleb128 0
 807 0436 00       		.byte	0
 808 0437 0D       		.uleb128 0xd
 809 0438 7E000000 		.4byte	.LVL22
 810 043c 48050000 		.4byte	0x548
 811 0440 51040000 		.4byte	0x451
 812 0444 0C       		.uleb128 0xc
 813 0445 01       		.uleb128 0x1
ARM GAS  C:\Windows\TEMP\cca0hDDJ.s 			page 16


 814 0446 50       		.byte	0x50
 815 0447 02       		.uleb128 0x2
 816 0448 74       		.byte	0x74
 817 0449 00       		.sleb128 0
 818 044a 0C       		.uleb128 0xc
 819 044b 01       		.uleb128 0x1
 820 044c 51       		.byte	0x51
 821 044d 02       		.uleb128 0x2
 822 044e 75       		.byte	0x75
 823 044f 00       		.sleb128 0
 824 0450 00       		.byte	0
 825 0451 0B       		.uleb128 0xb
 826 0452 84000000 		.4byte	.LVL23
 827 0456 C6020000 		.4byte	0x2c6
 828 045a 0C       		.uleb128 0xc
 829 045b 01       		.uleb128 0x1
 830 045c 50       		.byte	0x50
 831 045d 02       		.uleb128 0x2
 832 045e 74       		.byte	0x74
 833 045f 00       		.sleb128 0
 834 0460 00       		.byte	0
 835 0461 00       		.byte	0
 836 0462 0D       		.uleb128 0xd
 837 0463 08000000 		.4byte	.LVL6
 838 0467 3D050000 		.4byte	0x53d
 839 046b 75040000 		.4byte	0x475
 840 046f 0C       		.uleb128 0xc
 841 0470 01       		.uleb128 0x1
 842 0471 50       		.byte	0x50
 843 0472 01       		.uleb128 0x1
 844 0473 31       		.byte	0x31
 845 0474 00       		.byte	0
 846 0475 12       		.uleb128 0x12
 847 0476 12000000 		.4byte	.LVL7
 848 047a 3D050000 		.4byte	0x53d
 849 047e 0D       		.uleb128 0xd
 850 047f 20000000 		.4byte	.LVL8
 851 0483 3D050000 		.4byte	0x53d
 852 0487 91040000 		.4byte	0x491
 853 048b 0C       		.uleb128 0xc
 854 048c 01       		.uleb128 0x1
 855 048d 50       		.byte	0x50
 856 048e 01       		.uleb128 0x1
 857 048f 33       		.byte	0x33
 858 0490 00       		.byte	0
 859 0491 12       		.uleb128 0x12
 860 0492 2A000000 		.4byte	.LVL9
 861 0496 3D050000 		.4byte	0x53d
 862 049a 0D       		.uleb128 0xd
 863 049b 90000000 		.4byte	.LVL25
 864 049f 31050000 		.4byte	0x531
 865 04a3 AD040000 		.4byte	0x4ad
 866 04a7 0C       		.uleb128 0xc
 867 04a8 01       		.uleb128 0x1
 868 04a9 50       		.byte	0x50
 869 04aa 01       		.uleb128 0x1
 870 04ab 3A       		.byte	0x3a
ARM GAS  C:\Windows\TEMP\cca0hDDJ.s 			page 17


 871 04ac 00       		.byte	0
 872 04ad 0B       		.uleb128 0xb
 873 04ae 96000000 		.4byte	.LVL26
 874 04b2 31050000 		.4byte	0x531
 875 04b6 0C       		.uleb128 0xc
 876 04b7 01       		.uleb128 0x1
 877 04b8 50       		.byte	0x50
 878 04b9 01       		.uleb128 0x1
 879 04ba 3D       		.byte	0x3d
 880 04bb 00       		.byte	0
 881 04bc 00       		.byte	0
 882 04bd 13       		.uleb128 0x13
 883 04be 9A000000 		.4byte	0x9a
 884 04c2 CD040000 		.4byte	0x4cd
 885 04c6 14       		.uleb128 0x14
 886 04c7 93000000 		.4byte	0x93
 887 04cb 03       		.byte	0x3
 888 04cc 00       		.byte	0
 889 04cd 15       		.uleb128 0x15
 890 04ce BD0B0000 		.4byte	.LASF103
 891 04d2 04       		.byte	0x4
 892 04d3 14       		.byte	0x14
 893 04d4 DE040000 		.4byte	0x4de
 894 04d8 05       		.uleb128 0x5
 895 04d9 03       		.byte	0x3
 896 04da 00000000 		.4byte	MotorDirectionStr
 897 04de 16       		.uleb128 0x16
 898 04df BD040000 		.4byte	0x4bd
 899 04e3 13       		.uleb128 0x13
 900 04e4 85000000 		.4byte	0x85
 901 04e8 F3040000 		.4byte	0x4f3
 902 04ec 14       		.uleb128 0x14
 903 04ed 93000000 		.4byte	0x93
 904 04f1 03       		.byte	0x3
 905 04f2 00       		.byte	0
 906 04f3 17       		.uleb128 0x17
 907 04f4 C2080000 		.4byte	.LASF104
 908 04f8 04       		.byte	0x4
 909 04f9 0B       		.byte	0xb
 910 04fa E3040000 		.4byte	0x4e3
 911 04fe 05       		.uleb128 0x5
 912 04ff 03       		.byte	0x3
 913 0500 00000000 		.4byte	uart_rpm_buff
 914 0504 13       		.uleb128 0x13
 915 0505 85000000 		.4byte	0x85
 916 0509 14050000 		.4byte	0x514
 917 050d 14       		.uleb128 0x14
 918 050e 93000000 		.4byte	0x93
 919 0512 0F       		.byte	0xf
 920 0513 00       		.byte	0
 921 0514 18       		.uleb128 0x18
 922 0515 73747200 		.ascii	"str\000"
 923 0519 04       		.byte	0x4
 924 051a 0C       		.byte	0xc
 925 051b 04050000 		.4byte	0x504
 926 051f 05       		.uleb128 0x5
 927 0520 03       		.byte	0x3
ARM GAS  C:\Windows\TEMP\cca0hDDJ.s 			page 18


 928 0521 00000000 		.4byte	str
 929 0525 19       		.uleb128 0x19
 930 0526 65060000 		.4byte	.LASF105
 931 052a 65060000 		.4byte	.LASF105
 932 052e 05       		.byte	0x5
 933 052f 2A03     		.2byte	0x32a
 934 0531 19       		.uleb128 0x19
 935 0532 EE0B0000 		.4byte	.LASF106
 936 0536 EE0B0000 		.4byte	.LASF106
 937 053a 05       		.byte	0x5
 938 053b 4403     		.2byte	0x344
 939 053d 1A       		.uleb128 0x1a
 940 053e 7E030000 		.4byte	.LASF107
 941 0542 7E030000 		.4byte	.LASF107
 942 0546 06       		.byte	0x6
 943 0547 6D       		.byte	0x6d
 944 0548 1A       		.uleb128 0x1a
 945 0549 79050000 		.4byte	.LASF108
 946 054d 79050000 		.4byte	.LASF108
 947 0551 07       		.byte	0x7
 948 0552 E7       		.byte	0xe7
 949 0553 1A       		.uleb128 0x1a
 950 0554 D9070000 		.4byte	.LASF109
 951 0558 D9070000 		.4byte	.LASF109
 952 055c 06       		.byte	0x6
 953 055d 7C       		.byte	0x7c
 954 055e 00       		.byte	0
 955              		.section	.debug_abbrev,"",%progbits
 956              	.Ldebug_abbrev0:
 957 0000 01       		.uleb128 0x1
 958 0001 11       		.uleb128 0x11
 959 0002 01       		.byte	0x1
 960 0003 25       		.uleb128 0x25
 961 0004 0E       		.uleb128 0xe
 962 0005 13       		.uleb128 0x13
 963 0006 0B       		.uleb128 0xb
 964 0007 03       		.uleb128 0x3
 965 0008 0E       		.uleb128 0xe
 966 0009 1B       		.uleb128 0x1b
 967 000a 0E       		.uleb128 0xe
 968 000b 55       		.uleb128 0x55
 969 000c 17       		.uleb128 0x17
 970 000d 11       		.uleb128 0x11
 971 000e 01       		.uleb128 0x1
 972 000f 10       		.uleb128 0x10
 973 0010 17       		.uleb128 0x17
 974 0011 00       		.byte	0
 975 0012 00       		.byte	0
 976 0013 02       		.uleb128 0x2
 977 0014 24       		.uleb128 0x24
 978 0015 00       		.byte	0
 979 0016 0B       		.uleb128 0xb
 980 0017 0B       		.uleb128 0xb
 981 0018 3E       		.uleb128 0x3e
 982 0019 0B       		.uleb128 0xb
 983 001a 03       		.uleb128 0x3
 984 001b 0E       		.uleb128 0xe
ARM GAS  C:\Windows\TEMP\cca0hDDJ.s 			page 19


 985 001c 00       		.byte	0
 986 001d 00       		.byte	0
 987 001e 03       		.uleb128 0x3
 988 001f 24       		.uleb128 0x24
 989 0020 00       		.byte	0
 990 0021 0B       		.uleb128 0xb
 991 0022 0B       		.uleb128 0xb
 992 0023 3E       		.uleb128 0x3e
 993 0024 0B       		.uleb128 0xb
 994 0025 03       		.uleb128 0x3
 995 0026 08       		.uleb128 0x8
 996 0027 00       		.byte	0
 997 0028 00       		.byte	0
 998 0029 04       		.uleb128 0x4
 999 002a 16       		.uleb128 0x16
 1000 002b 00       		.byte	0
 1001 002c 03       		.uleb128 0x3
 1002 002d 0E       		.uleb128 0xe
 1003 002e 3A       		.uleb128 0x3a
 1004 002f 0B       		.uleb128 0xb
 1005 0030 3B       		.uleb128 0x3b
 1006 0031 05       		.uleb128 0x5
 1007 0032 49       		.uleb128 0x49
 1008 0033 13       		.uleb128 0x13
 1009 0034 00       		.byte	0
 1010 0035 00       		.byte	0
 1011 0036 05       		.uleb128 0x5
 1012 0037 0F       		.uleb128 0xf
 1013 0038 00       		.byte	0
 1014 0039 0B       		.uleb128 0xb
 1015 003a 0B       		.uleb128 0xb
 1016 003b 49       		.uleb128 0x49
 1017 003c 13       		.uleb128 0x13
 1018 003d 00       		.byte	0
 1019 003e 00       		.byte	0
 1020 003f 06       		.uleb128 0x6
 1021 0040 04       		.uleb128 0x4
 1022 0041 01       		.byte	0x1
 1023 0042 0B       		.uleb128 0xb
 1024 0043 0B       		.uleb128 0xb
 1025 0044 49       		.uleb128 0x49
 1026 0045 13       		.uleb128 0x13
 1027 0046 3A       		.uleb128 0x3a
 1028 0047 0B       		.uleb128 0xb
 1029 0048 3B       		.uleb128 0x3b
 1030 0049 05       		.uleb128 0x5
 1031 004a 01       		.uleb128 0x1
 1032 004b 13       		.uleb128 0x13
 1033 004c 00       		.byte	0
 1034 004d 00       		.byte	0
 1035 004e 07       		.uleb128 0x7
 1036 004f 28       		.uleb128 0x28
 1037 0050 00       		.byte	0
 1038 0051 03       		.uleb128 0x3
 1039 0052 0E       		.uleb128 0xe
 1040 0053 1C       		.uleb128 0x1c
 1041 0054 0B       		.uleb128 0xb
ARM GAS  C:\Windows\TEMP\cca0hDDJ.s 			page 20


 1042 0055 00       		.byte	0
 1043 0056 00       		.byte	0
 1044 0057 08       		.uleb128 0x8
 1045 0058 04       		.uleb128 0x4
 1046 0059 01       		.byte	0x1
 1047 005a 0B       		.uleb128 0xb
 1048 005b 0B       		.uleb128 0xb
 1049 005c 49       		.uleb128 0x49
 1050 005d 13       		.uleb128 0x13
 1051 005e 3A       		.uleb128 0x3a
 1052 005f 0B       		.uleb128 0xb
 1053 0060 3B       		.uleb128 0x3b
 1054 0061 0B       		.uleb128 0xb
 1055 0062 01       		.uleb128 0x1
 1056 0063 13       		.uleb128 0x13
 1057 0064 00       		.byte	0
 1058 0065 00       		.byte	0
 1059 0066 09       		.uleb128 0x9
 1060 0067 2E       		.uleb128 0x2e
 1061 0068 01       		.byte	0x1
 1062 0069 3F       		.uleb128 0x3f
 1063 006a 19       		.uleb128 0x19
 1064 006b 03       		.uleb128 0x3
 1065 006c 0E       		.uleb128 0xe
 1066 006d 3A       		.uleb128 0x3a
 1067 006e 0B       		.uleb128 0xb
 1068 006f 3B       		.uleb128 0x3b
 1069 0070 0B       		.uleb128 0xb
 1070 0071 27       		.uleb128 0x27
 1071 0072 19       		.uleb128 0x19
 1072 0073 11       		.uleb128 0x11
 1073 0074 01       		.uleb128 0x1
 1074 0075 12       		.uleb128 0x12
 1075 0076 06       		.uleb128 0x6
 1076 0077 40       		.uleb128 0x40
 1077 0078 18       		.uleb128 0x18
 1078 0079 9742     		.uleb128 0x2117
 1079 007b 19       		.uleb128 0x19
 1080 007c 01       		.uleb128 0x1
 1081 007d 13       		.uleb128 0x13
 1082 007e 00       		.byte	0
 1083 007f 00       		.byte	0
 1084 0080 0A       		.uleb128 0xa
 1085 0081 05       		.uleb128 0x5
 1086 0082 00       		.byte	0
 1087 0083 03       		.uleb128 0x3
 1088 0084 0E       		.uleb128 0xe
 1089 0085 3A       		.uleb128 0x3a
 1090 0086 0B       		.uleb128 0xb
 1091 0087 3B       		.uleb128 0x3b
 1092 0088 0B       		.uleb128 0xb
 1093 0089 49       		.uleb128 0x49
 1094 008a 13       		.uleb128 0x13
 1095 008b 02       		.uleb128 0x2
 1096 008c 17       		.uleb128 0x17
 1097 008d 00       		.byte	0
 1098 008e 00       		.byte	0
ARM GAS  C:\Windows\TEMP\cca0hDDJ.s 			page 21


 1099 008f 0B       		.uleb128 0xb
 1100 0090 898201   		.uleb128 0x4109
 1101 0093 01       		.byte	0x1
 1102 0094 11       		.uleb128 0x11
 1103 0095 01       		.uleb128 0x1
 1104 0096 31       		.uleb128 0x31
 1105 0097 13       		.uleb128 0x13
 1106 0098 00       		.byte	0
 1107 0099 00       		.byte	0
 1108 009a 0C       		.uleb128 0xc
 1109 009b 8A8201   		.uleb128 0x410a
 1110 009e 00       		.byte	0
 1111 009f 02       		.uleb128 0x2
 1112 00a0 18       		.uleb128 0x18
 1113 00a1 9142     		.uleb128 0x2111
 1114 00a3 18       		.uleb128 0x18
 1115 00a4 00       		.byte	0
 1116 00a5 00       		.byte	0
 1117 00a6 0D       		.uleb128 0xd
 1118 00a7 898201   		.uleb128 0x4109
 1119 00aa 01       		.byte	0x1
 1120 00ab 11       		.uleb128 0x11
 1121 00ac 01       		.uleb128 0x1
 1122 00ad 31       		.uleb128 0x31
 1123 00ae 13       		.uleb128 0x13
 1124 00af 01       		.uleb128 0x1
 1125 00b0 13       		.uleb128 0x13
 1126 00b1 00       		.byte	0
 1127 00b2 00       		.byte	0
 1128 00b3 0E       		.uleb128 0xe
 1129 00b4 2E       		.uleb128 0x2e
 1130 00b5 01       		.byte	0x1
 1131 00b6 3F       		.uleb128 0x3f
 1132 00b7 19       		.uleb128 0x19
 1133 00b8 03       		.uleb128 0x3
 1134 00b9 0E       		.uleb128 0xe
 1135 00ba 3A       		.uleb128 0x3a
 1136 00bb 0B       		.uleb128 0xb
 1137 00bc 3B       		.uleb128 0x3b
 1138 00bd 0B       		.uleb128 0xb
 1139 00be 11       		.uleb128 0x11
 1140 00bf 01       		.uleb128 0x1
 1141 00c0 12       		.uleb128 0x12
 1142 00c1 06       		.uleb128 0x6
 1143 00c2 40       		.uleb128 0x40
 1144 00c3 18       		.uleb128 0x18
 1145 00c4 9742     		.uleb128 0x2117
 1146 00c6 19       		.uleb128 0x19
 1147 00c7 01       		.uleb128 0x1
 1148 00c8 13       		.uleb128 0x13
 1149 00c9 00       		.byte	0
 1150 00ca 00       		.byte	0
 1151 00cb 0F       		.uleb128 0xf
 1152 00cc 34       		.uleb128 0x34
 1153 00cd 00       		.byte	0
 1154 00ce 03       		.uleb128 0x3
 1155 00cf 0E       		.uleb128 0xe
ARM GAS  C:\Windows\TEMP\cca0hDDJ.s 			page 22


 1156 00d0 3A       		.uleb128 0x3a
 1157 00d1 0B       		.uleb128 0xb
 1158 00d2 3B       		.uleb128 0x3b
 1159 00d3 0B       		.uleb128 0xb
 1160 00d4 49       		.uleb128 0x49
 1161 00d5 13       		.uleb128 0x13
 1162 00d6 02       		.uleb128 0x2
 1163 00d7 17       		.uleb128 0x17
 1164 00d8 00       		.byte	0
 1165 00d9 00       		.byte	0
 1166 00da 10       		.uleb128 0x10
 1167 00db 0B       		.uleb128 0xb
 1168 00dc 01       		.byte	0x1
 1169 00dd 11       		.uleb128 0x11
 1170 00de 01       		.uleb128 0x1
 1171 00df 12       		.uleb128 0x12
 1172 00e0 06       		.uleb128 0x6
 1173 00e1 01       		.uleb128 0x1
 1174 00e2 13       		.uleb128 0x13
 1175 00e3 00       		.byte	0
 1176 00e4 00       		.byte	0
 1177 00e5 11       		.uleb128 0x11
 1178 00e6 34       		.uleb128 0x34
 1179 00e7 00       		.byte	0
 1180 00e8 03       		.uleb128 0x3
 1181 00e9 08       		.uleb128 0x8
 1182 00ea 3A       		.uleb128 0x3a
 1183 00eb 0B       		.uleb128 0xb
 1184 00ec 3B       		.uleb128 0x3b
 1185 00ed 0B       		.uleb128 0xb
 1186 00ee 49       		.uleb128 0x49
 1187 00ef 13       		.uleb128 0x13
 1188 00f0 02       		.uleb128 0x2
 1189 00f1 17       		.uleb128 0x17
 1190 00f2 00       		.byte	0
 1191 00f3 00       		.byte	0
 1192 00f4 12       		.uleb128 0x12
 1193 00f5 898201   		.uleb128 0x4109
 1194 00f8 00       		.byte	0
 1195 00f9 11       		.uleb128 0x11
 1196 00fa 01       		.uleb128 0x1
 1197 00fb 31       		.uleb128 0x31
 1198 00fc 13       		.uleb128 0x13
 1199 00fd 00       		.byte	0
 1200 00fe 00       		.byte	0
 1201 00ff 13       		.uleb128 0x13
 1202 0100 01       		.uleb128 0x1
 1203 0101 01       		.byte	0x1
 1204 0102 49       		.uleb128 0x49
 1205 0103 13       		.uleb128 0x13
 1206 0104 01       		.uleb128 0x1
 1207 0105 13       		.uleb128 0x13
 1208 0106 00       		.byte	0
 1209 0107 00       		.byte	0
 1210 0108 14       		.uleb128 0x14
 1211 0109 21       		.uleb128 0x21
 1212 010a 00       		.byte	0
ARM GAS  C:\Windows\TEMP\cca0hDDJ.s 			page 23


 1213 010b 49       		.uleb128 0x49
 1214 010c 13       		.uleb128 0x13
 1215 010d 2F       		.uleb128 0x2f
 1216 010e 0B       		.uleb128 0xb
 1217 010f 00       		.byte	0
 1218 0110 00       		.byte	0
 1219 0111 15       		.uleb128 0x15
 1220 0112 34       		.uleb128 0x34
 1221 0113 00       		.byte	0
 1222 0114 03       		.uleb128 0x3
 1223 0115 0E       		.uleb128 0xe
 1224 0116 3A       		.uleb128 0x3a
 1225 0117 0B       		.uleb128 0xb
 1226 0118 3B       		.uleb128 0x3b
 1227 0119 0B       		.uleb128 0xb
 1228 011a 49       		.uleb128 0x49
 1229 011b 13       		.uleb128 0x13
 1230 011c 02       		.uleb128 0x2
 1231 011d 18       		.uleb128 0x18
 1232 011e 00       		.byte	0
 1233 011f 00       		.byte	0
 1234 0120 16       		.uleb128 0x16
 1235 0121 26       		.uleb128 0x26
 1236 0122 00       		.byte	0
 1237 0123 49       		.uleb128 0x49
 1238 0124 13       		.uleb128 0x13
 1239 0125 00       		.byte	0
 1240 0126 00       		.byte	0
 1241 0127 17       		.uleb128 0x17
 1242 0128 34       		.uleb128 0x34
 1243 0129 00       		.byte	0
 1244 012a 03       		.uleb128 0x3
 1245 012b 0E       		.uleb128 0xe
 1246 012c 3A       		.uleb128 0x3a
 1247 012d 0B       		.uleb128 0xb
 1248 012e 3B       		.uleb128 0x3b
 1249 012f 0B       		.uleb128 0xb
 1250 0130 49       		.uleb128 0x49
 1251 0131 13       		.uleb128 0x13
 1252 0132 3F       		.uleb128 0x3f
 1253 0133 19       		.uleb128 0x19
 1254 0134 02       		.uleb128 0x2
 1255 0135 18       		.uleb128 0x18
 1256 0136 00       		.byte	0
 1257 0137 00       		.byte	0
 1258 0138 18       		.uleb128 0x18
 1259 0139 34       		.uleb128 0x34
 1260 013a 00       		.byte	0
 1261 013b 03       		.uleb128 0x3
 1262 013c 08       		.uleb128 0x8
 1263 013d 3A       		.uleb128 0x3a
 1264 013e 0B       		.uleb128 0xb
 1265 013f 3B       		.uleb128 0x3b
 1266 0140 0B       		.uleb128 0xb
 1267 0141 49       		.uleb128 0x49
 1268 0142 13       		.uleb128 0x13
 1269 0143 3F       		.uleb128 0x3f
ARM GAS  C:\Windows\TEMP\cca0hDDJ.s 			page 24


 1270 0144 19       		.uleb128 0x19
 1271 0145 02       		.uleb128 0x2
 1272 0146 18       		.uleb128 0x18
 1273 0147 00       		.byte	0
 1274 0148 00       		.byte	0
 1275 0149 19       		.uleb128 0x19
 1276 014a 2E       		.uleb128 0x2e
 1277 014b 00       		.byte	0
 1278 014c 3F       		.uleb128 0x3f
 1279 014d 19       		.uleb128 0x19
 1280 014e 3C       		.uleb128 0x3c
 1281 014f 19       		.uleb128 0x19
 1282 0150 6E       		.uleb128 0x6e
 1283 0151 0E       		.uleb128 0xe
 1284 0152 03       		.uleb128 0x3
 1285 0153 0E       		.uleb128 0xe
 1286 0154 3A       		.uleb128 0x3a
 1287 0155 0B       		.uleb128 0xb
 1288 0156 3B       		.uleb128 0x3b
 1289 0157 05       		.uleb128 0x5
 1290 0158 00       		.byte	0
 1291 0159 00       		.byte	0
 1292 015a 1A       		.uleb128 0x1a
 1293 015b 2E       		.uleb128 0x2e
 1294 015c 00       		.byte	0
 1295 015d 3F       		.uleb128 0x3f
 1296 015e 19       		.uleb128 0x19
 1297 015f 3C       		.uleb128 0x3c
 1298 0160 19       		.uleb128 0x19
 1299 0161 6E       		.uleb128 0x6e
 1300 0162 0E       		.uleb128 0xe
 1301 0163 03       		.uleb128 0x3
 1302 0164 0E       		.uleb128 0xe
 1303 0165 3A       		.uleb128 0x3a
 1304 0166 0B       		.uleb128 0xb
 1305 0167 3B       		.uleb128 0x3b
 1306 0168 0B       		.uleb128 0xb
 1307 0169 00       		.byte	0
 1308 016a 00       		.byte	0
 1309 016b 00       		.byte	0
 1310              		.section	.debug_loc,"",%progbits
 1311              	.Ldebug_loc0:
 1312              	.LLST0:
 1313 0000 00000000 		.4byte	.LVL0
 1314 0004 05000000 		.4byte	.LVL1-1
 1315 0008 0100     		.2byte	0x1
 1316 000a 50       		.byte	0x50
 1317 000b 05000000 		.4byte	.LVL1-1
 1318 000f 08000000 		.4byte	.LFE36
 1319 0013 0400     		.2byte	0x4
 1320 0015 F3       		.byte	0xf3
 1321 0016 01       		.uleb128 0x1
 1322 0017 50       		.byte	0x50
 1323 0018 9F       		.byte	0x9f
 1324 0019 00000000 		.4byte	0
 1325 001d 00000000 		.4byte	0
 1326              	.LLST1:
ARM GAS  C:\Windows\TEMP\cca0hDDJ.s 			page 25


 1327 0021 00000000 		.4byte	.LVL2
 1328 0025 05000000 		.4byte	.LVL3-1
 1329 0029 0100     		.2byte	0x1
 1330 002b 50       		.byte	0x50
 1331 002c 05000000 		.4byte	.LVL3-1
 1332 0030 14000000 		.4byte	.LFE37
 1333 0034 0400     		.2byte	0x4
 1334 0036 F3       		.byte	0xf3
 1335 0037 01       		.uleb128 0x1
 1336 0038 50       		.byte	0x50
 1337 0039 9F       		.byte	0x9f
 1338 003a 00000000 		.4byte	0
 1339 003e 00000000 		.4byte	0
 1340              	.LLST2:
 1341 0042 3A000000 		.4byte	.LVL12
 1342 0046 42000000 		.4byte	.LVL13
 1343 004a 0100     		.2byte	0x1
 1344 004c 50       		.byte	0x50
 1345 004d 42000000 		.4byte	.LVL13
 1346 0051 56000000 		.4byte	.LVL16
 1347 0055 0100     		.2byte	0x1
 1348 0057 54       		.byte	0x54
 1349 0058 70000000 		.4byte	.LVL20
 1350 005c 74000000 		.4byte	.LVL21
 1351 0060 0100     		.2byte	0x1
 1352 0062 50       		.byte	0x50
 1353 0063 00000000 		.4byte	0
 1354 0067 00000000 		.4byte	0
 1355              	.LLST3:
 1356 006b 30000000 		.4byte	.LVL10
 1357 006f 96000000 		.4byte	.LVL26
 1358 0073 0100     		.2byte	0x1
 1359 0075 57       		.byte	0x57
 1360 0076 00000000 		.4byte	0
 1361 007a 00000000 		.4byte	0
 1362              		.section	.debug_aranges,"",%progbits
 1363 0000 2C000000 		.4byte	0x2c
 1364 0004 0200     		.2byte	0x2
 1365 0006 00000000 		.4byte	.Ldebug_info0
 1366 000a 04       		.byte	0x4
 1367 000b 00       		.byte	0
 1368 000c 0000     		.2byte	0
 1369 000e 0000     		.2byte	0
 1370 0010 00000000 		.4byte	.LFB36
 1371 0014 08000000 		.4byte	.LFE36-.LFB36
 1372 0018 00000000 		.4byte	.LFB37
 1373 001c 14000000 		.4byte	.LFE37-.LFB37
 1374 0020 00000000 		.4byte	.LFB38
 1375 0024 AC000000 		.4byte	.LFE38-.LFB38
 1376 0028 00000000 		.4byte	0
 1377 002c 00000000 		.4byte	0
 1378              		.section	.debug_ranges,"",%progbits
 1379              	.Ldebug_ranges0:
 1380 0000 00000000 		.4byte	.LFB36
 1381 0004 08000000 		.4byte	.LFE36
 1382 0008 00000000 		.4byte	.LFB37
 1383 000c 14000000 		.4byte	.LFE37
ARM GAS  C:\Windows\TEMP\cca0hDDJ.s 			page 26


 1384 0010 00000000 		.4byte	.LFB38
 1385 0014 AC000000 		.4byte	.LFE38
 1386 0018 00000000 		.4byte	0
 1387 001c 00000000 		.4byte	0
 1388              		.section	.debug_line,"",%progbits
 1389              	.Ldebug_line0:
 1390 0000 A0010000 		.section	.debug_str,"MS",%progbits,1
 1390      02001301 
 1390      00000201 
 1390      FB0E0D00 
 1390      01010101 
 1391              	.LASF12:
 1392 0000 6C6F6E67 		.ascii	"long double\000"
 1392      20646F75 
 1392      626C6500 
 1393              	.LASF23:
 1394 000c 4359424C 		.ascii	"CYBLE_EVT_GAP_PASSKEY_ENTRY_REQUEST\000"
 1394      455F4556 
 1394      545F4741 
 1394      505F5041 
 1394      53534B45 
 1395              	.LASF101:
 1396 0030 74657874 		.ascii	"text\000"
 1396      00
 1397              	.LASF20:
 1398 0035 4359424C 		.ascii	"CYBLE_EVT_MEMORY_REQUEST\000"
 1398      455F4556 
 1398      545F4D45 
 1398      4D4F5259 
 1398      5F524551 
 1399              	.LASF32:
 1400 004e 4359424C 		.ascii	"CYBLE_EVT_GAPC_SCAN_START_STOP\000"
 1400      455F4556 
 1400      545F4741 
 1400      50435F53 
 1400      43414E5F 
 1401              	.LASF29:
 1402 006d 4359424C 		.ascii	"CYBLE_EVT_GAP_DEVICE_DISCONNECTED\000"
 1402      455F4556 
 1402      545F4741 
 1402      505F4445 
 1402      56494345 
 1403              	.LASF2:
 1404 008f 73686F72 		.ascii	"short int\000"
 1404      7420696E 
 1404      7400
 1405              	.LASF26:
 1406 0099 4359424C 		.ascii	"CYBLE_EVT_GAP_AUTH_FAILED\000"
 1406      455F4556 
 1406      545F4741 
 1406      505F4155 
 1406      54485F46 
 1407              	.LASF13:
 1408 00b3 73697A65 		.ascii	"sizetype\000"
 1408      74797065 
 1408      00
 1409              	.LASF37:
ARM GAS  C:\Windows\TEMP\cca0hDDJ.s 			page 27


 1410 00bc 4359424C 		.ascii	"CYBLE_EVT_GAP_DATA_LENGTH_CHANGE\000"
 1410      455F4556 
 1410      545F4741 
 1410      505F4441 
 1410      54415F4C 
 1411              	.LASF98:
 1412 00dd 4359424C 		.ascii	"CYBLE_AIOS_DESCR_COUNT\000"
 1412      455F4149 
 1412      4F535F44 
 1412      45534352 
 1412      5F434F55 
 1413              	.LASF45:
 1414 00f4 4359424C 		.ascii	"CYBLE_EVT_GATTC_ERROR_RSP\000"
 1414      455F4556 
 1414      545F4741 
 1414      5454435F 
 1414      4552524F 
 1415              	.LASF18:
 1416 010e 4359424C 		.ascii	"CYBLE_EVT_HCI_STATUS\000"
 1416      455F4556 
 1416      545F4843 
 1416      495F5354 
 1416      41545553 
 1417              	.LASF91:
 1418 0123 4359424C 		.ascii	"CYBLE_AIOS_CHAR_PRESENTATION_FORMAT\000"
 1418      455F4149 
 1418      4F535F43 
 1418      4841525F 
 1418      50524553 
 1419              	.LASF15:
 1420 0147 4359424C 		.ascii	"CYBLE_EVT_STACK_ON\000"
 1420      455F4556 
 1420      545F5354 
 1420      41434B5F 
 1420      4F4E00
 1421              	.LASF48:
 1422 015a 4359424C 		.ascii	"CYBLE_EVT_GATTS_XCNHG_MTU_REQ\000"
 1422      455F4556 
 1422      545F4741 
 1422      5454535F 
 1422      58434E48 
 1423              	.LASF110:
 1424 0178 474E5520 		.ascii	"GNU C11 5.4.1 20160609 (release) [ARM/embedded-5-br"
 1424      43313120 
 1424      352E342E 
 1424      31203230 
 1424      31363036 
 1425 01ab 616E6368 		.ascii	"anch revision 237715] -mcpu=cortex-m0 -mthumb -g -O"
 1425      20726576 
 1425      6973696F 
 1425      6E203233 
 1425      37373135 
 1426 01de 67202D66 		.ascii	"g -ffunction-sections -ffat-lto-objects\000"
 1426      66756E63 
 1426      74696F6E 
 1426      2D736563 
 1426      74696F6E 
ARM GAS  C:\Windows\TEMP\cca0hDDJ.s 			page 28


 1427              	.LASF111:
 1428 0206 64656275 		.ascii	"debug.c\000"
 1428      672E6300 
 1429              	.LASF33:
 1430 020e 4359424C 		.ascii	"CYBLE_EVT_GAP_KEYINFO_EXCHNGE_CMPLT\000"
 1430      455F4556 
 1430      545F4741 
 1430      505F4B45 
 1430      59494E46 
 1431              	.LASF56:
 1432 0232 4359424C 		.ascii	"CYBLE_EVT_GATTC_READ_MULTI_RSP\000"
 1432      455F4556 
 1432      545F4741 
 1432      5454435F 
 1432      52454144 
 1433              	.LASF65:
 1434 0251 4359424C 		.ascii	"CYBLE_EVT_GATTS_HANDLE_VALUE_CNF\000"
 1434      455F4556 
 1434      545F4741 
 1434      5454535F 
 1434      48414E44 
 1435              	.LASF14:
 1436 0272 4359424C 		.ascii	"CYBLE_EVT_HOST_INVALID\000"
 1436      455F4556 
 1436      545F484F 
 1436      53545F49 
 1436      4E56414C 
 1437              	.LASF71:
 1438 0289 4359424C 		.ascii	"CYBLE_EVT_L2CAP_CONN_PARAM_UPDATE_RSP\000"
 1438      455F4556 
 1438      545F4C32 
 1438      4341505F 
 1438      434F4E4E 
 1439              	.LASF89:
 1440 02af 4359424C 		.ascii	"CYBLE_AIOS_CHAR_COUNT\000"
 1440      455F4149 
 1440      4F535F43 
 1440      4841525F 
 1440      434F554E 
 1441              	.LASF76:
 1442 02c5 4359424C 		.ascii	"CYBLE_EVT_L2CAP_CBFC_DISCONN_CNF\000"
 1442      455F4556 
 1442      545F4C32 
 1442      4341505F 
 1442      43424643 
 1443              	.LASF87:
 1444 02e6 4359424C 		.ascii	"CYBLE_AIOS_ANALOG\000"
 1444      455F4149 
 1444      4F535F41 
 1444      4E414C4F 
 1444      4700
 1445              	.LASF9:
 1446 02f8 666C6F61 		.ascii	"float\000"
 1446      7400
 1447              	.LASF100:
 1448 02fe 5072696E 		.ascii	"Println\000"
 1448      746C6E00 
ARM GAS  C:\Windows\TEMP\cca0hDDJ.s 			page 29


 1449              	.LASF54:
 1450 0306 4359424C 		.ascii	"CYBLE_EVT_GATTC_READ_RSP\000"
 1450      455F4556 
 1450      545F4741 
 1450      5454435F 
 1450      52454144 
 1451              	.LASF8:
 1452 031f 756E7369 		.ascii	"unsigned int\000"
 1452      676E6564 
 1452      20696E74 
 1452      00
 1453              	.LASF58:
 1454 032c 4359424C 		.ascii	"CYBLE_EVT_GATTC_WRITE_RSP\000"
 1454      455F4556 
 1454      545F4741 
 1454      5454435F 
 1454      57524954 
 1455              	.LASF39:
 1456 0346 4359424C 		.ascii	"CYBLE_EVT_GAPC_DIRECT_ADV_REPORT\000"
 1456      455F4556 
 1456      545F4741 
 1456      50435F44 
 1456      49524543 
 1457              	.LASF7:
 1458 0367 6C6F6E67 		.ascii	"long long unsigned int\000"
 1458      206C6F6E 
 1458      6720756E 
 1458      7369676E 
 1458      65642069 
 1459              	.LASF107:
 1460 037e 46616E43 		.ascii	"FanController_GetActualSpeed\000"
 1460      6F6E7472 
 1460      6F6C6C65 
 1460      725F4765 
 1460      74416374 
 1461              	.LASF97:
 1462 039b 4359424C 		.ascii	"CYBLE_AIOS_NUM_OF_DIGITAL_DESCR\000"
 1462      455F4149 
 1462      4F535F4E 
 1462      554D5F4F 
 1462      465F4449 
 1463              	.LASF43:
 1464 03bb 4359424C 		.ascii	"CYBLE_EVT_GAP_AUTH_REQ_REPLY_ERR\000"
 1464      455F4556 
 1464      545F4741 
 1464      505F4155 
 1464      54485F52 
 1465              	.LASF99:
 1466 03dc 5072696E 		.ascii	"Print\000"
 1466      7400
 1467              	.LASF4:
 1468 03e2 6C6F6E67 		.ascii	"long int\000"
 1468      20696E74 
 1468      00
 1469              	.LASF64:
 1470 03eb 4359424C 		.ascii	"CYBLE_EVT_GATTC_HANDLE_VALUE_IND\000"
 1470      455F4556 
ARM GAS  C:\Windows\TEMP\cca0hDDJ.s 			page 30


 1470      545F4741 
 1470      5454435F 
 1470      48414E44 
 1471              	.LASF5:
 1472 040c 6C6F6E67 		.ascii	"long unsigned int\000"
 1472      20756E73 
 1472      69676E65 
 1472      6420696E 
 1472      7400
 1473              	.LASF28:
 1474 041e 4359424C 		.ascii	"CYBLE_EVT_GAP_DEVICE_CONNECTED\000"
 1474      455F4556 
 1474      545F4741 
 1474      505F4445 
 1474      56494345 
 1475              	.LASF94:
 1476 043d 4359424C 		.ascii	"CYBLE_AIOS_VALUE_TRIGGER_SETTINGS\000"
 1476      455F4149 
 1476      4F535F56 
 1476      414C5545 
 1476      5F545249 
 1477              	.LASF27:
 1478 045f 4359424C 		.ascii	"CYBLE_EVT_GAPP_ADVERTISEMENT_START_STOP\000"
 1478      455F4556 
 1478      545F4741 
 1478      50505F41 
 1478      44564552 
 1479              	.LASF63:
 1480 0487 4359424C 		.ascii	"CYBLE_EVT_GATTC_HANDLE_VALUE_NTF\000"
 1480      455F4556 
 1480      545F4741 
 1480      5454435F 
 1480      48414E44 
 1481              	.LASF19:
 1482 04a8 4359424C 		.ascii	"CYBLE_EVT_STACK_BUSY_STATUS\000"
 1482      455F4556 
 1482      545F5354 
 1482      41434B5F 
 1482      42555359 
 1483              	.LASF88:
 1484 04c4 4359424C 		.ascii	"CYBLE_AIOS_AGGREGATE\000"
 1484      455F4149 
 1484      4F535F41 
 1484      47475245 
 1484      47415445 
 1485              	.LASF24:
 1486 04d9 4359424C 		.ascii	"CYBLE_EVT_GAP_PASSKEY_DISPLAY_REQUEST\000"
 1486      455F4556 
 1486      545F4741 
 1486      505F5041 
 1486      53534B45 
 1487              	.LASF92:
 1488 04ff 4359424C 		.ascii	"CYBLE_AIOS_CHAR_USER_DESCRIPTION_DESCR\000"
 1488      455F4149 
 1488      4F535F43 
 1488      4841525F 
 1488      55534552 
ARM GAS  C:\Windows\TEMP\cca0hDDJ.s 			page 31


 1489              	.LASF74:
 1490 0526 4359424C 		.ascii	"CYBLE_EVT_L2CAP_CBFC_CONN_CNF\000"
 1490      455F4556 
 1490      545F4C32 
 1490      4341505F 
 1490      43424643 
 1491              	.LASF44:
 1492 0544 4359424C 		.ascii	"CYBLE_EVT_GAP_SMP_LOC_P256_KEYS_GEN_AND_SET_COMPLET"
 1492      455F4556 
 1492      545F4741 
 1492      505F534D 
 1492      505F4C4F 
 1493 0577 4500     		.ascii	"E\000"
 1494              	.LASF108:
 1495 0579 73707269 		.ascii	"sprintf\000"
 1495      6E746600 
 1496              	.LASF70:
 1497 0581 4359424C 		.ascii	"CYBLE_EVT_L2CAP_CONN_PARAM_UPDATE_REQ\000"
 1497      455F4556 
 1497      545F4C32 
 1497      4341505F 
 1497      434F4E4E 
 1498              	.LASF1:
 1499 05a7 756E7369 		.ascii	"unsigned char\000"
 1499      676E6564 
 1499      20636861 
 1499      7200
 1500              	.LASF60:
 1501 05b5 4359424C 		.ascii	"CYBLE_EVT_GATTS_PREP_WRITE_REQ\000"
 1501      455F4556 
 1501      545F4741 
 1501      5454535F 
 1501      50524550 
 1502              	.LASF82:
 1503 05d4 4359424C 		.ascii	"CYBLE_EVT_LE_PING_AUTH_TIMEOUT\000"
 1503      455F4556 
 1503      545F4C45 
 1503      5F50494E 
 1503      475F4155 
 1504              	.LASF52:
 1505 05f3 4359424C 		.ascii	"CYBLE_EVT_GATTC_FIND_INFO_RSP\000"
 1505      455F4556 
 1505      545F4741 
 1505      5454435F 
 1505      46494E44 
 1506              	.LASF0:
 1507 0611 7369676E 		.ascii	"signed char\000"
 1507      65642063 
 1507      68617200 
 1508              	.LASF93:
 1509 061d 4359424C 		.ascii	"CYBLE_AIOS_CHAR_EXTENDED_PROPERTIES\000"
 1509      455F4149 
 1509      4F535F43 
 1509      4841525F 
 1509      45585445 
 1510              	.LASF35:
 1511 0641 4359424C 		.ascii	"CYBLE_EVT_GAP_KEYPRESS_NOTIFICATION\000"
ARM GAS  C:\Windows\TEMP\cca0hDDJ.s 			page 32


 1511      455F4556 
 1511      545F4741 
 1511      505F4B45 
 1511      59505245 
 1512              	.LASF105:
 1513 0665 55415254 		.ascii	"UART_UartPutString\000"
 1513      5F556172 
 1513      74507574 
 1513      53747269 
 1513      6E6700
 1514              	.LASF53:
 1515 0678 4359424C 		.ascii	"CYBLE_EVT_GATTC_FIND_BY_TYPE_VALUE_RSP\000"
 1515      455F4556 
 1515      545F4741 
 1515      5454435F 
 1515      46494E44 
 1516              	.LASF114:
 1517 069f 5072696E 		.ascii	"PrintMotorSpeeds\000"
 1517      744D6F74 
 1517      6F725370 
 1517      65656473 
 1517      00
 1518              	.LASF25:
 1519 06b0 4359424C 		.ascii	"CYBLE_EVT_GAP_AUTH_COMPLETE\000"
 1519      455F4556 
 1519      545F4741 
 1519      505F4155 
 1519      54485F43 
 1520              	.LASF57:
 1521 06cc 4359424C 		.ascii	"CYBLE_EVT_GATTS_WRITE_REQ\000"
 1521      455F4556 
 1521      545F4741 
 1521      5454535F 
 1521      57524954 
 1522              	.LASF46:
 1523 06e6 4359424C 		.ascii	"CYBLE_EVT_GATT_CONNECT_IND\000"
 1523      455F4556 
 1523      545F4741 
 1523      54545F43 
 1523      4F4E4E45 
 1524              	.LASF85:
 1525 0701 4359424C 		.ascii	"CYBLE_EVT_MAX\000"
 1525      455F4556 
 1525      545F4D41 
 1525      5800
 1526              	.LASF22:
 1527 070f 4359424C 		.ascii	"CYBLE_EVT_GAP_AUTH_REQ\000"
 1527      455F4556 
 1527      545F4741 
 1527      505F4155 
 1527      54485F52 
 1528              	.LASF50:
 1529 0726 4359424C 		.ascii	"CYBLE_EVT_GATTC_READ_BY_GROUP_TYPE_RSP\000"
 1529      455F4556 
 1529      545F4741 
 1529      5454435F 
 1529      52454144 
ARM GAS  C:\Windows\TEMP\cca0hDDJ.s 			page 33


 1530              	.LASF75:
 1531 074d 4359424C 		.ascii	"CYBLE_EVT_L2CAP_CBFC_DISCONN_IND\000"
 1531      455F4556 
 1531      545F4C32 
 1531      4341505F 
 1531      43424643 
 1532              	.LASF30:
 1533 076e 4359424C 		.ascii	"CYBLE_EVT_GAP_ENCRYPT_CHANGE\000"
 1533      455F4556 
 1533      545F4741 
 1533      505F454E 
 1533      43525950 
 1534              	.LASF41:
 1535 078b 4359424C 		.ascii	"CYBLE_EVT_GAP_CONN_ESTB\000"
 1535      455F4556 
 1535      545F4741 
 1535      505F434F 
 1535      4E4E5F45 
 1536              	.LASF69:
 1537 07a3 4359424C 		.ascii	"CYBLE_EVT_GATTC_LONG_PROCEDURE_END\000"
 1537      455F4556 
 1537      545F4741 
 1537      5454435F 
 1537      4C4F4E47 
 1538              	.LASF3:
 1539 07c6 73686F72 		.ascii	"short unsigned int\000"
 1539      7420756E 
 1539      7369676E 
 1539      65642069 
 1539      6E7400
 1540              	.LASF109:
 1541 07d9 46616E43 		.ascii	"FanController_GetDesiredSpeed\000"
 1541      6F6E7472 
 1541      6F6C6C65 
 1541      725F4765 
 1541      74446573 
 1542              	.LASF84:
 1543 07f7 4359424C 		.ascii	"CYBLE_EVT_FLASH_CORRUPT\000"
 1543      455F4556 
 1543      545F464C 
 1543      4153485F 
 1543      434F5252 
 1544              	.LASF31:
 1545 080f 4359424C 		.ascii	"CYBLE_EVT_GAP_CONNECTION_UPDATE_COMPLETE\000"
 1545      455F4556 
 1545      545F4741 
 1545      505F434F 
 1545      4E4E4543 
 1546              	.LASF40:
 1547 0838 4359424C 		.ascii	"CYBLE_EVT_GAP_SMP_NEGOTIATED_AUTH_INFO\000"
 1547      455F4556 
 1547      545F4741 
 1547      505F534D 
 1547      505F4E45 
 1548              	.LASF11:
 1549 085f 63686172 		.ascii	"char\000"
 1549      00
ARM GAS  C:\Windows\TEMP\cca0hDDJ.s 			page 34


 1550              	.LASF112:
 1551 0864 433A5C55 		.ascii	"C:\\Users\\Oleg\\Documents\\Programming\\POK\\Cyber"
 1551      73657273 
 1551      5C4F6C65 
 1551      675C446F 
 1551      63756D65 
 1552 0891 506F6E67 		.ascii	"Pong\\CyberPong.cydsn\000"
 1552      5C437962 
 1552      6572506F 
 1552      6E672E63 
 1552      7964736E 
 1553              	.LASF72:
 1554 08a6 4359424C 		.ascii	"CYBLE_EVT_L2CAP_COMMAND_REJ\000"
 1554      455F4556 
 1554      545F4C32 
 1554      4341505F 
 1554      434F4D4D 
 1555              	.LASF104:
 1556 08c2 75617274 		.ascii	"uart_rpm_buff\000"
 1556      5F72706D 
 1556      5F627566 
 1556      6600
 1557              	.LASF86:
 1558 08d0 4359424C 		.ascii	"CYBLE_AIOS_DIGITAL\000"
 1558      455F4149 
 1558      4F535F44 
 1558      49474954 
 1558      414C00
 1559              	.LASF55:
 1560 08e3 4359424C 		.ascii	"CYBLE_EVT_GATTC_READ_BLOB_RSP\000"
 1560      455F4556 
 1560      545F4741 
 1560      5454435F 
 1560      52454144 
 1561              	.LASF34:
 1562 0901 4359424C 		.ascii	"CYBLE_EVT_GAP_NUMERIC_COMPARISON_REQUEST\000"
 1562      455F4556 
 1562      545F4741 
 1562      505F4E55 
 1562      4D455249 
 1563              	.LASF62:
 1564 092a 4359424C 		.ascii	"CYBLE_EVT_GATTC_EXEC_WRITE_RSP\000"
 1564      455F4556 
 1564      545F4741 
 1564      5454435F 
 1564      45584543 
 1565              	.LASF113:
 1566 0949 75696E74 		.ascii	"uint32\000"
 1566      333200
 1567              	.LASF81:
 1568 0950 4359424C 		.ascii	"CYBLE_EVT_PENDING_FLASH_WRITE\000"
 1568      455F4556 
 1568      545F5045 
 1568      4E44494E 
 1568      475F464C 
 1569              	.LASF73:
 1570 096e 4359424C 		.ascii	"CYBLE_EVT_L2CAP_CBFC_CONN_IND\000"
ARM GAS  C:\Windows\TEMP\cca0hDDJ.s 			page 35


 1570      455F4556 
 1570      545F4C32 
 1570      4341505F 
 1570      43424643 
 1571              	.LASF38:
 1572 098c 4359424C 		.ascii	"CYBLE_EVT_GAP_ENHANCE_CONN_COMPLETE\000"
 1572      455F4556 
 1572      545F4741 
 1572      505F454E 
 1572      48414E43 
 1573              	.LASF95:
 1574 09b0 4359424C 		.ascii	"CYBLE_AIOS_TIME_TRIGGER_SETTINGS\000"
 1574      455F4149 
 1574      4F535F54 
 1574      494D455F 
 1574      54524947 
 1575              	.LASF10:
 1576 09d1 646F7562 		.ascii	"double\000"
 1576      6C6500
 1577              	.LASF79:
 1578 09d8 4359424C 		.ascii	"CYBLE_EVT_L2CAP_CBFC_TX_CREDIT_IND\000"
 1578      455F4556 
 1578      545F4C32 
 1578      4341505F 
 1578      43424643 
 1579              	.LASF42:
 1580 09fb 4359424C 		.ascii	"CYBLE_EVT_GAP_SCAN_REQ_RECVD\000"
 1580      455F4556 
 1580      545F4741 
 1580      505F5343 
 1580      414E5F52 
 1581              	.LASF6:
 1582 0a18 6C6F6E67 		.ascii	"long long int\000"
 1582      206C6F6E 
 1582      6720696E 
 1582      7400
 1583              	.LASF17:
 1584 0a26 4359424C 		.ascii	"CYBLE_EVT_HARDWARE_ERROR\000"
 1584      455F4556 
 1584      545F4841 
 1584      52445741 
 1584      52455F45 
 1585              	.LASF77:
 1586 0a3f 4359424C 		.ascii	"CYBLE_EVT_L2CAP_CBFC_DATA_READ\000"
 1586      455F4556 
 1586      545F4C32 
 1586      4341505F 
 1586      43424643 
 1587              	.LASF102:
 1588 0a5e 63757272 		.ascii	"current_rpm\000"
 1588      656E745F 
 1588      72706D00 
 1589              	.LASF21:
 1590 0a6a 4359424C 		.ascii	"CYBLE_EVT_GAPC_SCAN_PROGRESS_RESULT\000"
 1590      455F4556 
 1590      545F4741 
 1590      50435F53 
ARM GAS  C:\Windows\TEMP\cca0hDDJ.s 			page 36


 1590      43414E5F 
 1591              	.LASF78:
 1592 0a8e 4359424C 		.ascii	"CYBLE_EVT_L2CAP_CBFC_RX_CREDIT_IND\000"
 1592      455F4556 
 1592      545F4C32 
 1592      4341505F 
 1592      43424643 
 1593              	.LASF47:
 1594 0ab1 4359424C 		.ascii	"CYBLE_EVT_GATT_DISCONNECT_IND\000"
 1594      455F4556 
 1594      545F4741 
 1594      54545F44 
 1594      4953434F 
 1595              	.LASF59:
 1596 0acf 4359424C 		.ascii	"CYBLE_EVT_GATTS_WRITE_CMD_REQ\000"
 1596      455F4556 
 1596      545F4741 
 1596      5454535F 
 1596      57524954 
 1597              	.LASF51:
 1598 0aed 4359424C 		.ascii	"CYBLE_EVT_GATTC_READ_BY_TYPE_RSP\000"
 1598      455F4556 
 1598      545F4741 
 1598      5454435F 
 1598      52454144 
 1599              	.LASF49:
 1600 0b0e 4359424C 		.ascii	"CYBLE_EVT_GATTC_XCHNG_MTU_RSP\000"
 1600      455F4556 
 1600      545F4741 
 1600      5454435F 
 1600      5843484E 
 1601              	.LASF80:
 1602 0b2c 4359424C 		.ascii	"CYBLE_EVT_L2CAP_CBFC_DATA_WRITE_IND\000"
 1602      455F4556 
 1602      545F4C32 
 1602      4341505F 
 1602      43424643 
 1603              	.LASF16:
 1604 0b50 4359424C 		.ascii	"CYBLE_EVT_TIMEOUT\000"
 1604      455F4556 
 1604      545F5449 
 1604      4D454F55 
 1604      5400
 1605              	.LASF90:
 1606 0b62 4359424C 		.ascii	"CYBLE_AIOS_CCCD\000"
 1606      455F4149 
 1606      4F535F43 
 1606      43434400 
 1607              	.LASF68:
 1608 0b72 4359424C 		.ascii	"CYBLE_EVT_GATTS_READ_CHAR_VAL_ACCESS_REQ\000"
 1608      455F4556 
 1608      545F4741 
 1608      5454535F 
 1608      52454144 
 1609              	.LASF67:
 1610 0b9b 4359424C 		.ascii	"CYBLE_EVT_GATTC_STOP_CMD_COMPLETE\000"
 1610      455F4556 
ARM GAS  C:\Windows\TEMP\cca0hDDJ.s 			page 37


 1610      545F4741 
 1610      5454435F 
 1610      53544F50 
 1611              	.LASF103:
 1612 0bbd 4D6F746F 		.ascii	"MotorDirectionStr\000"
 1612      72446972 
 1612      65637469 
 1612      6F6E5374 
 1612      7200
 1613              	.LASF61:
 1614 0bcf 4359424C 		.ascii	"CYBLE_EVT_GATTS_EXEC_WRITE_REQ\000"
 1614      455F4556 
 1614      545F4741 
 1614      5454535F 
 1614      45584543 
 1615              	.LASF106:
 1616 0bee 55415254 		.ascii	"UART_SpiUartWriteTxData\000"
 1616      5F537069 
 1616      55617274 
 1616      57726974 
 1616      65547844 
 1617              	.LASF96:
 1618 0c06 4359424C 		.ascii	"CYBLE_AIOS_VRD\000"
 1618      455F4149 
 1618      4F535F56 
 1618      524400
 1619              	.LASF66:
 1620 0c15 4359424C 		.ascii	"CYBLE_EVT_GATTS_DATA_SIGNED_CMD_REQ\000"
 1620      455F4556 
 1620      545F4741 
 1620      5454535F 
 1620      44415441 
 1621              	.LASF83:
 1622 0c39 4359424C 		.ascii	"CYBLE_EVT_HCI_PKT\000"
 1622      455F4556 
 1622      545F4843 
 1622      495F504B 
 1622      5400
 1623              	.LASF36:
 1624 0c4b 4359424C 		.ascii	"CYBLE_EVT_GAP_OOB_GENERATED_NOTIFICATION\000"
 1624      455F4556 
 1624      545F4741 
 1624      505F4F4F 
 1624      425F4745 
 1625              		.ident	"GCC: (GNU Tools for ARM Embedded Processors) 5.4.1 20160609 (release) [ARM/embedded-5-bran
