ARM GAS  C:\Windows\TEMP\ccLbqIwA.s 			page 1


   1              		.syntax unified
   2              		.cpu cortex-m0
   3              		.fpu softvfp
   4              		.eabi_attribute 20, 1
   5              		.eabi_attribute 21, 1
   6              		.eabi_attribute 23, 3
   7              		.eabi_attribute 24, 1
   8              		.eabi_attribute 25, 1
   9              		.eabi_attribute 26, 1
  10              		.eabi_attribute 30, 1
  11              		.eabi_attribute 34, 0
  12              		.eabi_attribute 18, 4
  13              		.thumb
  14              		.syntax unified
  15              		.file	"motorController.c"
  16              		.text
  17              	.Ltext0:
  18              		.cfi_sections	.debug_frame
  19              		.section	.text.Clamp,"ax",%progbits
  20              		.align	2
  21              		.global	Clamp
  22              		.code	16
  23              		.thumb_func
  24              		.type	Clamp, %function
  25              	Clamp:
  26              	.LFB35:
  27              		.file 1 "motorController.c"
   1:motorController.c **** #include "motorController.h"
   2:motorController.c **** 
   3:motorController.c **** 
   4:motorController.c **** int Clamp(int v, int min, int max){
  28              		.loc 1 4 0
  29              		.cfi_startproc
  30              		@ args = 0, pretend = 0, frame = 0
  31              		@ frame_needed = 0, uses_anonymous_args = 0
  32              		@ link register save eliminated.
  33              	.LVL0:
   5:motorController.c ****     if (v < min)
  34              		.loc 1 5 0
  35 0000 8842     		cmp	r0, r1
  36 0002 02DB     		blt	.L3
   6:motorController.c ****         v = min;
   7:motorController.c ****     else if(v > max)
  37              		.loc 1 7 0
  38 0004 9042     		cmp	r0, r2
  39 0006 02DC     		bgt	.L4
  40 0008 02E0     		b	.L2
  41              	.L3:
   6:motorController.c ****         v = min;
  42              		.loc 1 6 0
  43 000a 0800     		movs	r0, r1
  44              	.LVL1:
  45 000c 00E0     		b	.L2
  46              	.LVL2:
  47              	.L4:
   8:motorController.c ****         v = max;    
  48              		.loc 1 8 0
ARM GAS  C:\Windows\TEMP\ccLbqIwA.s 			page 2


  49 000e 1000     		movs	r0, r2
  50              	.LVL3:
  51              	.L2:
   9:motorController.c ****     return v;
  10:motorController.c **** }
  52              		.loc 1 10 0
  53              		@ sp needed
  54 0010 7047     		bx	lr
  55              		.cfi_endproc
  56              	.LFE35:
  57              		.size	Clamp, .-Clamp
  58 0012 C046     		.section	.text.SetMotorSpeed_Single,"ax",%progbits
  59              		.align	2
  60              		.global	SetMotorSpeed_Single
  61              		.code	16
  62              		.thumb_func
  63              		.type	SetMotorSpeed_Single, %function
  64              	SetMotorSpeed_Single:
  65              	.LFB37:
  11:motorController.c **** void SetMotorSpeed(int speeds[]) {
  12:motorController.c ****     for (int i = 0; i < MOTOR_COUNT; i++) {
  13:motorController.c ****         SetMotorSpeed_Single(i, speeds[i]);
  14:motorController.c ****         motor_speeds[i] = speeds[i];
  15:motorController.c ****     }
  16:motorController.c **** }
  17:motorController.c **** void SetMotorSpeed_Single(enum MotorDirection dir, int speed) {
  66              		.loc 1 17 0
  67              		.cfi_startproc
  68              		@ args = 0, pretend = 0, frame = 0
  69              		@ frame_needed = 0, uses_anonymous_args = 0
  70              	.LVL4:
  71 0000 70B5     		push	{r4, r5, r6, lr}
  72              		.cfi_def_cfa_offset 16
  73              		.cfi_offset 4, -16
  74              		.cfi_offset 5, -12
  75              		.cfi_offset 6, -8
  76              		.cfi_offset 14, -4
  77 0002 0400     		movs	r4, r0
  78 0004 0D1E     		subs	r5, r1, #0
  18:motorController.c ****     if(speed == 0) {
  79              		.loc 1 18 0
  80 0006 08D1     		bne	.L6
  19:motorController.c ****         FanController_SetDesiredSpeed(dir+1, 0);
  81              		.loc 1 19 0
  82 0008 0130     		adds	r0, r0, #1
  83              	.LVL5:
  84 000a C0B2     		uxtb	r0, r0
  85 000c 0021     		movs	r1, #0
  86              	.LVL6:
  87 000e FFF7FEFF 		bl	FanController_SetDesiredSpeed
  88              	.LVL7:
  20:motorController.c ****         motor_speeds[dir] = speed;
  89              		.loc 1 20 0
  90 0012 A400     		lsls	r4, r4, #2
  91 0014 0C4B     		ldr	r3, .L10
  92 0016 E550     		str	r5, [r4, r3]
  21:motorController.c ****         return;
ARM GAS  C:\Windows\TEMP\ccLbqIwA.s 			page 3


  93              		.loc 1 21 0
  94 0018 15E0     		b	.L5
  95              	.LVL8:
  96              	.L6:
  22:motorController.c ****     }
  23:motorController.c ****     int clamped = Clamp(speed, MIN_RPM, MAX_RPM);
  97              		.loc 1 23 0
  98 001a 0C4A     		ldr	r2, .L10+4
  99 001c FA21     		movs	r1, #250
 100              	.LVL9:
 101 001e 8900     		lsls	r1, r1, #2
 102 0020 2800     		movs	r0, r5
 103              	.LVL10:
 104 0022 FFF7FEFF 		bl	Clamp
 105              	.LVL11:
 106 0026 0100     		movs	r1, r0
 107              	.LVL12:
  24:motorController.c ****     FanController_SetDesiredSpeed(dir+1, motorsEnabled ? 2*clamped : 0);
 108              		.loc 1 24 0
 109 0028 601C     		adds	r0, r4, #1
 110              	.LVL13:
 111 002a C0B2     		uxtb	r0, r0
 112 002c 084B     		ldr	r3, .L10+8
 113 002e 1B78     		ldrb	r3, [r3]
 114 0030 002B     		cmp	r3, #0
 115 0032 02D0     		beq	.L9
 116              		.loc 1 24 0 is_stmt 0 discriminator 1
 117 0034 4900     		lsls	r1, r1, #1
 118              	.LVL14:
 119 0036 89B2     		uxth	r1, r1
 120 0038 00E0     		b	.L8
 121              	.LVL15:
 122              	.L9:
 123              		.loc 1 24 0
 124 003a 0021     		movs	r1, #0
 125              	.LVL16:
 126              	.L8:
 127              		.loc 1 24 0 discriminator 4
 128 003c FFF7FEFF 		bl	FanController_SetDesiredSpeed
 129              	.LVL17:
  25:motorController.c ****     motor_speeds[dir] = speed;
 130              		.loc 1 25 0 is_stmt 1 discriminator 4
 131 0040 A400     		lsls	r4, r4, #2
 132 0042 014B     		ldr	r3, .L10
 133 0044 E550     		str	r5, [r4, r3]
 134              	.L5:
  26:motorController.c **** }
 135              		.loc 1 26 0
 136              		@ sp needed
 137              	.LVL18:
 138 0046 70BD     		pop	{r4, r5, r6, pc}
 139              	.L11:
 140              		.align	2
 141              	.L10:
 142 0048 00000000 		.word	motor_speeds
 143 004c 0F270000 		.word	9999
 144 0050 00000000 		.word	motorsEnabled
ARM GAS  C:\Windows\TEMP\ccLbqIwA.s 			page 4


 145              		.cfi_endproc
 146              	.LFE37:
 147              		.size	SetMotorSpeed_Single, .-SetMotorSpeed_Single
 148              		.section	.text.SetMotorSpeed,"ax",%progbits
 149              		.align	2
 150              		.global	SetMotorSpeed
 151              		.code	16
 152              		.thumb_func
 153              		.type	SetMotorSpeed, %function
 154              	SetMotorSpeed:
 155              	.LFB36:
  11:motorController.c ****     for (int i = 0; i < MOTOR_COUNT; i++) {
 156              		.loc 1 11 0
 157              		.cfi_startproc
 158              		@ args = 0, pretend = 0, frame = 0
 159              		@ frame_needed = 0, uses_anonymous_args = 0
 160              	.LVL19:
 161 0000 F8B5     		push	{r3, r4, r5, r6, r7, lr}
 162              		.cfi_def_cfa_offset 24
 163              		.cfi_offset 3, -24
 164              		.cfi_offset 4, -20
 165              		.cfi_offset 5, -16
 166              		.cfi_offset 6, -12
 167              		.cfi_offset 7, -8
 168              		.cfi_offset 14, -4
 169 0002 0700     		movs	r7, r0
 170              	.LVL20:
 171              	.LBB2:
  12:motorController.c ****         SetMotorSpeed_Single(i, speeds[i]);
 172              		.loc 1 12 0
 173 0004 0024     		movs	r4, #0
 174 0006 09E0     		b	.L13
 175              	.LVL21:
 176              	.L14:
  13:motorController.c ****         motor_speeds[i] = speeds[i];
 177              		.loc 1 13 0 discriminator 3
 178 0008 A500     		lsls	r5, r4, #2
 179 000a 7E19     		adds	r6, r7, r5
 180 000c E0B2     		uxtb	r0, r4
 181 000e 3168     		ldr	r1, [r6]
 182 0010 FFF7FEFF 		bl	SetMotorSpeed_Single
 183              	.LVL22:
  14:motorController.c ****     }
 184              		.loc 1 14 0 discriminator 3
 185 0014 3268     		ldr	r2, [r6]
 186 0016 034B     		ldr	r3, .L15
 187 0018 EA50     		str	r2, [r5, r3]
  12:motorController.c ****         SetMotorSpeed_Single(i, speeds[i]);
 188              		.loc 1 12 0 discriminator 3
 189 001a 0134     		adds	r4, r4, #1
 190              	.LVL23:
 191              	.L13:
  12:motorController.c ****         SetMotorSpeed_Single(i, speeds[i]);
 192              		.loc 1 12 0 is_stmt 0 discriminator 1
 193 001c 032C     		cmp	r4, #3
 194 001e F3DD     		ble	.L14
 195              	.LBE2:
ARM GAS  C:\Windows\TEMP\ccLbqIwA.s 			page 5


  16:motorController.c **** void SetMotorSpeed_Single(enum MotorDirection dir, int speed) {
 196              		.loc 1 16 0 is_stmt 1
 197              		@ sp needed
 198              	.LVL24:
 199              	.LVL25:
 200 0020 F8BD     		pop	{r3, r4, r5, r6, r7, pc}
 201              	.L16:
 202 0022 C046     		.align	2
 203              	.L15:
 204 0024 00000000 		.word	motor_speeds
 205              		.cfi_endproc
 206              	.LFE36:
 207              		.size	SetMotorSpeed, .-SetMotorSpeed
 208              		.section	.text.SetMotorsEnabled,"ax",%progbits
 209              		.align	2
 210              		.global	SetMotorsEnabled
 211              		.code	16
 212              		.thumb_func
 213              		.type	SetMotorsEnabled, %function
 214              	SetMotorsEnabled:
 215              	.LFB38:
  27:motorController.c **** 
  28:motorController.c **** void SetMotorsEnabled(bool enabled) {
 216              		.loc 1 28 0
 217              		.cfi_startproc
 218              		@ args = 0, pretend = 0, frame = 0
 219              		@ frame_needed = 0, uses_anonymous_args = 0
 220              	.LVL26:
 221 0000 70B5     		push	{r4, r5, r6, lr}
 222              		.cfi_def_cfa_offset 16
 223              		.cfi_offset 4, -16
 224              		.cfi_offset 5, -12
 225              		.cfi_offset 6, -8
 226              		.cfi_offset 14, -4
 227 0002 0500     		movs	r5, r0
  29:motorController.c ****     if(motorsEnabled == enabled)
 228              		.loc 1 29 0
 229 0004 0A4B     		ldr	r3, .L23
 230 0006 1B78     		ldrb	r3, [r3]
 231 0008 8342     		cmp	r3, r0
 232 000a 10D0     		beq	.L17
  30:motorController.c ****         return;
  31:motorController.c ****     motorsEnabled = enabled;
 233              		.loc 1 31 0
 234 000c 084B     		ldr	r3, .L23
 235 000e 1870     		strb	r0, [r3]
 236              	.LVL27:
 237              	.LBB3:
  32:motorController.c ****     for (int i = 0; i < MOTOR_COUNT; i++) {
 238              		.loc 1 32 0
 239 0010 0024     		movs	r4, #0
 240 0012 0AE0     		b	.L19
 241              	.LVL28:
 242              	.L21:
  33:motorController.c ****         SetMotorSpeed_Single(i, enabled ? motor_speeds[i] : 0);
 243              		.loc 1 33 0
 244 0014 E0B2     		uxtb	r0, r4
ARM GAS  C:\Windows\TEMP\ccLbqIwA.s 			page 6


 245 0016 002D     		cmp	r5, #0
 246 0018 03D0     		beq	.L22
 247              		.loc 1 33 0 is_stmt 0 discriminator 1
 248 001a A300     		lsls	r3, r4, #2
 249 001c 054A     		ldr	r2, .L23+4
 250 001e 9958     		ldr	r1, [r3, r2]
 251 0020 00E0     		b	.L20
 252              	.L22:
 253              		.loc 1 33 0
 254 0022 0021     		movs	r1, #0
 255              	.L20:
 256              		.loc 1 33 0 discriminator 4
 257 0024 FFF7FEFF 		bl	SetMotorSpeed_Single
 258              	.LVL29:
  32:motorController.c ****     for (int i = 0; i < MOTOR_COUNT; i++) {
 259              		.loc 1 32 0 is_stmt 1 discriminator 4
 260 0028 0134     		adds	r4, r4, #1
 261              	.LVL30:
 262              	.L19:
  32:motorController.c ****     for (int i = 0; i < MOTOR_COUNT; i++) {
 263              		.loc 1 32 0 is_stmt 0 discriminator 2
 264 002a 032C     		cmp	r4, #3
 265 002c F2DD     		ble	.L21
 266              	.LVL31:
 267              	.L17:
 268              	.LBE3:
  34:motorController.c ****     }
  35:motorController.c **** }
 269              		.loc 1 35 0 is_stmt 1
 270              		@ sp needed
 271 002e 70BD     		pop	{r4, r5, r6, pc}
 272              	.L24:
 273              		.align	2
 274              	.L23:
 275 0030 00000000 		.word	motorsEnabled
 276 0034 00000000 		.word	motor_speeds
 277              		.cfi_endproc
 278              	.LFE38:
 279              		.size	SetMotorsEnabled, .-SetMotorsEnabled
 280              		.comm	motorsEnabled,1,1
 281              		.comm	motor_speeds,16,4
 282              		.comm	str,16,4
 283              		.comm	uart_rpm_buff,4,4
 284              		.text
 285              	.Letext0:
 286              		.file 2 "Generated_Source\\PSoC4/Bluetooth_Stack.h"
 287              		.file 3 "Generated_Source\\PSoC4/Bluetooth_aios.h"
 288              		.file 4 "main_data.h"
 289              		.file 5 "Generated_Source\\PSoC4/FanController.h"
 290              		.section	.debug_info,"",%progbits
 291              	.Ldebug_info0:
 292 0000 E0040000 		.4byte	0x4e0
 293 0004 0400     		.2byte	0x4
 294 0006 00000000 		.4byte	.Ldebug_abbrev0
 295 000a 04       		.byte	0x4
 296 000b 01       		.uleb128 0x1
 297 000c 73010000 		.4byte	.LASF113
ARM GAS  C:\Windows\TEMP\ccLbqIwA.s 			page 7


 298 0010 0C       		.byte	0xc
 299 0011 A1080000 		.4byte	.LASF114
 300 0015 EA050000 		.4byte	.LASF115
 301 0019 00000000 		.4byte	.Ldebug_ranges0+0
 302 001d 00000000 		.4byte	0
 303 0021 00000000 		.4byte	.Ldebug_line0
 304 0025 02       		.uleb128 0x2
 305 0026 01       		.byte	0x1
 306 0027 06       		.byte	0x6
 307 0028 E9020000 		.4byte	.LASF0
 308 002c 02       		.uleb128 0x2
 309 002d 01       		.byte	0x1
 310 002e 08       		.byte	0x8
 311 002f 04090000 		.4byte	.LASF1
 312 0033 02       		.uleb128 0x2
 313 0034 02       		.byte	0x2
 314 0035 05       		.byte	0x5
 315 0036 59090000 		.4byte	.LASF2
 316 003a 02       		.uleb128 0x2
 317 003b 02       		.byte	0x2
 318 003c 07       		.byte	0x7
 319 003d 79050000 		.4byte	.LASF3
 320 0041 02       		.uleb128 0x2
 321 0042 04       		.byte	0x4
 322 0043 05       		.byte	0x5
 323 0044 6A010000 		.4byte	.LASF4
 324 0048 02       		.uleb128 0x2
 325 0049 04       		.byte	0x4
 326 004a 07       		.byte	0x7
 327 004b D5040000 		.4byte	.LASF5
 328 004f 02       		.uleb128 0x2
 329 0050 08       		.byte	0x8
 330 0051 05       		.byte	0x5
 331 0052 DB020000 		.4byte	.LASF6
 332 0056 02       		.uleb128 0x2
 333 0057 08       		.byte	0x8
 334 0058 07       		.byte	0x7
 335 0059 01020000 		.4byte	.LASF7
 336 005d 03       		.uleb128 0x3
 337 005e 04       		.byte	0x4
 338 005f 05       		.byte	0x5
 339 0060 696E7400 		.ascii	"int\000"
 340 0064 02       		.uleb128 0x2
 341 0065 04       		.byte	0x4
 342 0066 07       		.byte	0x7
 343 0067 A2040000 		.4byte	.LASF8
 344 006b 02       		.uleb128 0x2
 345 006c 04       		.byte	0x4
 346 006d 04       		.byte	0x4
 347 006e F8080000 		.4byte	.LASF9
 348 0072 02       		.uleb128 0x2
 349 0073 08       		.byte	0x8
 350 0074 04       		.byte	0x4
 351 0075 13040000 		.4byte	.LASF10
 352 0079 02       		.uleb128 0x2
 353 007a 01       		.byte	0x1
 354 007b 08       		.byte	0x8
ARM GAS  C:\Windows\TEMP\ccLbqIwA.s 			page 8


 355 007c 610A0000 		.4byte	.LASF11
 356 0080 02       		.uleb128 0x2
 357 0081 08       		.byte	0x8
 358 0082 04       		.byte	0x4
 359 0083 3D0A0000 		.4byte	.LASF12
 360 0087 02       		.uleb128 0x2
 361 0088 04       		.byte	0x4
 362 0089 07       		.byte	0x7
 363 008a C4070000 		.4byte	.LASF13
 364 008e 04       		.uleb128 0x4
 365 008f 04       		.byte	0x4
 366 0090 79000000 		.4byte	0x79
 367 0094 05       		.uleb128 0x5
 368 0095 01       		.byte	0x1
 369 0096 2C000000 		.4byte	0x2c
 370 009a 02       		.byte	0x2
 371 009b 3501     		.2byte	0x135
 372 009d 52020000 		.4byte	0x252
 373 00a1 06       		.uleb128 0x6
 374 00a2 8C050000 		.4byte	.LASF14
 375 00a6 00       		.byte	0
 376 00a7 06       		.uleb128 0x6
 377 00a8 F5020000 		.4byte	.LASF15
 378 00ac 01       		.byte	0x1
 379 00ad 06       		.uleb128 0x6
 380 00ae 58010000 		.4byte	.LASF16
 381 00b2 02       		.byte	0x2
 382 00b3 06       		.uleb128 0x6
 383 00b4 D40A0000 		.4byte	.LASF17
 384 00b8 03       		.byte	0x3
 385 00b9 06       		.uleb128 0x6
 386 00ba 18020000 		.4byte	.LASF18
 387 00be 04       		.byte	0x4
 388 00bf 06       		.uleb128 0x6
 389 00c0 23000000 		.4byte	.LASF19
 390 00c4 05       		.byte	0x5
 391 00c5 06       		.uleb128 0x6
 392 00c6 08030000 		.4byte	.LASF20
 393 00ca 06       		.byte	0x6
 394 00cb 06       		.uleb128 0x6
 395 00cc 27070000 		.4byte	.LASF21
 396 00d0 20       		.byte	0x20
 397 00d1 06       		.uleb128 0x6
 398 00d2 40030000 		.4byte	.LASF22
 399 00d6 21       		.byte	0x21
 400 00d7 06       		.uleb128 0x6
 401 00d8 2C060000 		.4byte	.LASF23
 402 00dc 22       		.byte	0x22
 403 00dd 06       		.uleb128 0x6
 404 00de AA060000 		.4byte	.LASF24
 405 00e2 23       		.byte	0x23
 406 00e3 06       		.uleb128 0x6
 407 00e4 43080000 		.4byte	.LASF25
 408 00e8 24       		.byte	0x24
 409 00e9 06       		.uleb128 0x6
 410 00ea CD070000 		.4byte	.LASF26
 411 00ee 25       		.byte	0x25
ARM GAS  C:\Windows\TEMP\ccLbqIwA.s 			page 9


 412 00ef 06       		.uleb128 0x6
 413 00f0 A0030000 		.4byte	.LASF27
 414 00f4 26       		.byte	0x26
 415 00f5 06       		.uleb128 0x6
 416 00f6 50060000 		.4byte	.LASF28
 417 00fa 27       		.byte	0x27
 418 00fb 06       		.uleb128 0x6
 419 00fc 660A0000 		.4byte	.LASF29
 420 0100 28       		.byte	0x28
 421 0101 06       		.uleb128 0x6
 422 0102 95020000 		.4byte	.LASF30
 423 0106 29       		.byte	0x29
 424 0107 06       		.uleb128 0x6
 425 0108 94000000 		.4byte	.LASF31
 426 010c 2A       		.byte	0x2a
 427 010d 06       		.uleb128 0x6
 428 010e 21030000 		.4byte	.LASF32
 429 0112 2B       		.byte	0x2b
 430 0113 06       		.uleb128 0x6
 431 0114 8F0B0000 		.4byte	.LASF33
 432 0118 2C       		.byte	0x2c
 433 0119 06       		.uleb128 0x6
 434 011a B2020000 		.4byte	.LASF34
 435 011e 2D       		.byte	0x2d
 436 011f 06       		.uleb128 0x6
 437 0120 12090000 		.4byte	.LASF35
 438 0124 2E       		.byte	0x2e
 439 0125 06       		.uleb128 0x6
 440 0126 F1000000 		.4byte	.LASF36
 441 012a 2F       		.byte	0x2f
 442 012b 06       		.uleb128 0x6
 443 012c 22080000 		.4byte	.LASF37
 444 0130 30       		.byte	0x30
 445 0131 06       		.uleb128 0x6
 446 0132 210C0000 		.4byte	.LASF38
 447 0136 31       		.byte	0x31
 448 0137 06       		.uleb128 0x6
 449 0138 01080000 		.4byte	.LASF39
 450 013c 32       		.byte	0x32
 451 013d 06       		.uleb128 0x6
 452 013e 0E0A0000 		.4byte	.LASF40
 453 0142 33       		.byte	0x33
 454 0143 06       		.uleb128 0x6
 455 0144 E7040000 		.4byte	.LASF41
 456 0148 34       		.byte	0x34
 457 0149 06       		.uleb128 0x6
 458 014a 63040000 		.4byte	.LASF42
 459 014e 35       		.byte	0x35
 460 014f 06       		.uleb128 0x6
 461 0150 89060000 		.4byte	.LASF43
 462 0154 36       		.byte	0x36
 463 0155 06       		.uleb128 0x6
 464 0156 4B070000 		.4byte	.LASF44
 465 015a 37       		.byte	0x37
 466 015b 06       		.uleb128 0x6
 467 015c F4090000 		.4byte	.LASF45
 468 0160 40       		.byte	0x40
ARM GAS  C:\Windows\TEMP\ccLbqIwA.s 			page 10


 469 0161 06       		.uleb128 0x6
 470 0162 F0060000 		.4byte	.LASF46
 471 0166 41       		.byte	0x41
 472 0167 06       		.uleb128 0x6
 473 0168 540C0000 		.4byte	.LASF47
 474 016c 42       		.byte	0x42
 475 016d 06       		.uleb128 0x6
 476 016e 0B0B0000 		.4byte	.LASF48
 477 0172 43       		.byte	0x43
 478 0173 06       		.uleb128 0x6
 479 0174 FF040000 		.4byte	.LASF49
 480 0178 44       		.byte	0x44
 481 0179 06       		.uleb128 0x6
 482 017a D1080000 		.4byte	.LASF50
 483 017e 45       		.byte	0x45
 484 017f 06       		.uleb128 0x6
 485 0180 9E070000 		.4byte	.LASF51
 486 0184 46       		.byte	0x46
 487 0185 06       		.uleb128 0x6
 488 0186 A3050000 		.4byte	.LASF52
 489 018a 47       		.byte	0x47
 490 018b 06       		.uleb128 0x6
 491 018c 680B0000 		.4byte	.LASF53
 492 0190 48       		.byte	0x48
 493 0191 06       		.uleb128 0x6
 494 0192 57030000 		.4byte	.LASF54
 495 0196 49       		.byte	0x49
 496 0197 06       		.uleb128 0x6
 497 0198 440B0000 		.4byte	.LASF55
 498 019c 4A       		.byte	0x4a
 499 019d 06       		.uleb128 0x6
 500 019e 1A010000 		.4byte	.LASF56
 501 01a2 4B       		.byte	0x4b
 502 01a3 06       		.uleb128 0x6
 503 01a4 6F060000 		.4byte	.LASF57
 504 01a8 4C       		.byte	0x4c
 505 01a9 06       		.uleb128 0x6
 506 01aa E7070000 		.4byte	.LASF58
 507 01ae 4D       		.byte	0x4d
 508 01af 06       		.uleb128 0x6
 509 01b0 82030000 		.4byte	.LASF59
 510 01b4 4E       		.byte	0x4e
 511 01b5 06       		.uleb128 0x6
 512 01b6 AE090000 		.4byte	.LASF60
 513 01ba 4F       		.byte	0x4f
 514 01bb 06       		.uleb128 0x6
 515 01bc 39010000 		.4byte	.LASF61
 516 01c0 50       		.byte	0x50
 517 01c1 06       		.uleb128 0x6
 518 01c2 EC030000 		.4byte	.LASF62
 519 01c6 51       		.byte	0x51
 520 01c7 06       		.uleb128 0x6
 521 01c8 80080000 		.4byte	.LASF63
 522 01cc 52       		.byte	0x52
 523 01cd 06       		.uleb128 0x6
 524 01ce 63090000 		.4byte	.LASF64
 525 01d2 53       		.byte	0x53
ARM GAS  C:\Windows\TEMP\ccLbqIwA.s 			page 11


 526 01d3 06       		.uleb128 0x6
 527 01d4 D3090000 		.4byte	.LASF65
 528 01d8 54       		.byte	0x54
 529 01d9 06       		.uleb128 0x6
 530 01da 1D050000 		.4byte	.LASF66
 531 01de 55       		.byte	0x55
 532 01df 06       		.uleb128 0x6
 533 01e0 80040000 		.4byte	.LASF67
 534 01e4 56       		.byte	0x56
 535 01e5 06       		.uleb128 0x6
 536 01e6 880A0000 		.4byte	.LASF68
 537 01ea 57       		.byte	0x57
 538 01eb 06       		.uleb128 0x6
 539 01ec 56050000 		.4byte	.LASF69
 540 01f0 58       		.byte	0x58
 541 01f1 06       		.uleb128 0x6
 542 01f2 6F020000 		.4byte	.LASF70
 543 01f6 70       		.byte	0x70
 544 01f7 06       		.uleb128 0x6
 545 01f8 FB0B0000 		.4byte	.LASF71
 546 01fc 71       		.byte	0x71
 547 01fd 06       		.uleb128 0x6
 548 01fe 0B070000 		.4byte	.LASF72
 549 0202 72       		.byte	0x72
 550 0203 06       		.uleb128 0x6
 551 0204 80070000 		.4byte	.LASF73
 552 0208 73       		.byte	0x73
 553 0209 06       		.uleb128 0x6
 554 020a B3080000 		.4byte	.LASF74
 555 020e 74       		.byte	0x74
 556 020f 06       		.uleb128 0x6
 557 0210 B30B0000 		.4byte	.LASF75
 558 0214 75       		.byte	0x75
 559 0215 06       		.uleb128 0x6
 560 0216 D0000000 		.4byte	.LASF76
 561 021a 76       		.byte	0x76
 562 021b 06       		.uleb128 0x6
 563 021c 66000000 		.4byte	.LASF77
 564 0220 77       		.byte	0x77
 565 0221 06       		.uleb128 0x6
 566 0222 00000000 		.4byte	.LASF78
 567 0226 78       		.byte	0x78
 568 0227 06       		.uleb128 0x6
 569 0228 B10A0000 		.4byte	.LASF79
 570 022c 79       		.byte	0x79
 571 022d 06       		.uleb128 0x6
 572 022e 28040000 		.4byte	.LASF80
 573 0232 7A       		.byte	0x7a
 574 0233 06       		.uleb128 0x6
 575 0234 2D020000 		.4byte	.LASF81
 576 0238 FA       		.byte	0xfa
 577 0239 06       		.uleb128 0x6
 578 023a AF040000 		.4byte	.LASF82
 579 023e FB       		.byte	0xfb
 580 023f 06       		.uleb128 0x6
 581 0240 84090000 		.4byte	.LASF83
 582 0244 FC       		.byte	0xfc
ARM GAS  C:\Windows\TEMP\ccLbqIwA.s 			page 12


 583 0245 06       		.uleb128 0x6
 584 0246 490A0000 		.4byte	.LASF84
 585 024a FD       		.byte	0xfd
 586 024b 06       		.uleb128 0x6
 587 024c 1A040000 		.4byte	.LASF85
 588 0250 FF       		.byte	0xff
 589 0251 00       		.byte	0
 590 0252 07       		.uleb128 0x7
 591 0253 01       		.byte	0x1
 592 0254 2C000000 		.4byte	0x2c
 593 0258 03       		.byte	0x3
 594 0259 2B       		.byte	0x2b
 595 025a 77020000 		.4byte	0x277
 596 025e 06       		.uleb128 0x6
 597 025f BD000000 		.4byte	.LASF86
 598 0263 00       		.byte	0
 599 0264 06       		.uleb128 0x6
 600 0265 96090000 		.4byte	.LASF87
 601 0269 01       		.byte	0x1
 602 026a 06       		.uleb128 0x6
 603 026b 41050000 		.4byte	.LASF88
 604 026f 02       		.byte	0x2
 605 0270 06       		.uleb128 0x6
 606 0271 E50B0000 		.4byte	.LASF89
 607 0275 03       		.byte	0x3
 608 0276 00       		.byte	0
 609 0277 07       		.uleb128 0x7
 610 0278 01       		.byte	0x1
 611 0279 2C000000 		.4byte	0x2c
 612 027d 03       		.byte	0x3
 613 027e 34       		.byte	0x34
 614 027f BA020000 		.4byte	0x2ba
 615 0283 06       		.uleb128 0x6
 616 0284 FB0A0000 		.4byte	.LASF90
 617 0288 00       		.byte	0
 618 0289 06       		.uleb128 0x6
 619 028a C8030000 		.4byte	.LASF91
 620 028e 01       		.byte	0x1
 621 028f 06       		.uleb128 0x6
 622 0290 3F000000 		.4byte	.LASF92
 623 0294 02       		.byte	0x2
 624 0295 06       		.uleb128 0x6
 625 0296 4B020000 		.4byte	.LASF93
 626 029a 03       		.byte	0x3
 627 029b 06       		.uleb128 0x6
 628 029c C8050000 		.4byte	.LASF94
 629 02a0 04       		.byte	0x4
 630 02a1 06       		.uleb128 0x6
 631 02a2 5F080000 		.4byte	.LASF95
 632 02a6 05       		.byte	0x5
 633 02a7 06       		.uleb128 0x6
 634 02a8 450C0000 		.4byte	.LASF96
 635 02ac 06       		.byte	0x6
 636 02ad 06       		.uleb128 0x6
 637 02ae D0060000 		.4byte	.LASF97
 638 02b2 06       		.byte	0x6
 639 02b3 06       		.uleb128 0x6
ARM GAS  C:\Windows\TEMP\ccLbqIwA.s 			page 13


 640 02b4 4C040000 		.4byte	.LASF98
 641 02b8 07       		.byte	0x7
 642 02b9 00       		.byte	0
 643 02ba 08       		.uleb128 0x8
 644 02bb 85000000 		.4byte	.LASF116
 645 02bf 01       		.byte	0x1
 646 02c0 2C000000 		.4byte	0x2c
 647 02c4 04       		.byte	0x4
 648 02c5 11       		.byte	0x11
 649 02c6 E3020000 		.4byte	0x2e3
 650 02ca 06       		.uleb128 0x6
 651 02cb BF070000 		.4byte	.LASF99
 652 02cf 00       		.byte	0
 653 02d0 06       		.uleb128 0x6
 654 02d1 CD090000 		.4byte	.LASF100
 655 02d5 01       		.byte	0x1
 656 02d6 09       		.uleb128 0x9
 657 02d7 546F7000 		.ascii	"Top\000"
 658 02db 02       		.byte	0x2
 659 02dc 06       		.uleb128 0x6
 660 02dd CE040000 		.4byte	.LASF101
 661 02e1 03       		.byte	0x3
 662 02e2 00       		.byte	0
 663 02e3 0A       		.uleb128 0xa
 664 02e4 A8090000 		.4byte	.LASF117
 665 02e8 01       		.byte	0x1
 666 02e9 04       		.byte	0x4
 667 02ea 5D000000 		.4byte	0x5d
 668 02ee 00000000 		.4byte	.LFB35
 669 02f2 12000000 		.4byte	.LFE35-.LFB35
 670 02f6 01       		.uleb128 0x1
 671 02f7 9C       		.byte	0x9c
 672 02f8 24030000 		.4byte	0x324
 673 02fc 0B       		.uleb128 0xb
 674 02fd 7600     		.ascii	"v\000"
 675 02ff 01       		.byte	0x1
 676 0300 04       		.byte	0x4
 677 0301 5D000000 		.4byte	0x5d
 678 0305 00000000 		.4byte	.LLST0
 679 0309 0C       		.uleb128 0xc
 680 030a 6D696E00 		.ascii	"min\000"
 681 030e 01       		.byte	0x1
 682 030f 04       		.byte	0x4
 683 0310 5D000000 		.4byte	0x5d
 684 0314 01       		.uleb128 0x1
 685 0315 51       		.byte	0x51
 686 0316 0C       		.uleb128 0xc
 687 0317 6D617800 		.ascii	"max\000"
 688 031b 01       		.byte	0x1
 689 031c 04       		.byte	0x4
 690 031d 5D000000 		.4byte	0x5d
 691 0321 01       		.uleb128 0x1
 692 0322 52       		.byte	0x52
 693 0323 00       		.byte	0
 694 0324 0D       		.uleb128 0xd
 695 0325 36090000 		.4byte	.LASF103
 696 0329 01       		.byte	0x1
ARM GAS  C:\Windows\TEMP\ccLbqIwA.s 			page 14


 697 032a 11       		.byte	0x11
 698 032b 00000000 		.4byte	.LFB37
 699 032f 54000000 		.4byte	.LFE37-.LFB37
 700 0333 01       		.uleb128 0x1
 701 0334 9C       		.byte	0x9c
 702 0335 AB030000 		.4byte	0x3ab
 703 0339 0B       		.uleb128 0xb
 704 033a 64697200 		.ascii	"dir\000"
 705 033e 01       		.byte	0x1
 706 033f 11       		.byte	0x11
 707 0340 BA020000 		.4byte	0x2ba
 708 0344 2C000000 		.4byte	.LLST1
 709 0348 0E       		.uleb128 0xe
 710 0349 620B0000 		.4byte	.LASF102
 711 034d 01       		.byte	0x1
 712 034e 11       		.byte	0x11
 713 034f 5D000000 		.4byte	0x5d
 714 0353 66000000 		.4byte	.LLST2
 715 0357 0F       		.uleb128 0xf
 716 0358 0B040000 		.4byte	.LASF106
 717 035c 01       		.byte	0x1
 718 035d 17       		.byte	0x17
 719 035e 5D000000 		.4byte	0x5d
 720 0362 A8000000 		.4byte	.LLST3
 721 0366 10       		.uleb128 0x10
 722 0367 12000000 		.4byte	.LVL7
 723 036b D8040000 		.4byte	0x4d8
 724 036f 7F030000 		.4byte	0x37f
 725 0373 11       		.uleb128 0x11
 726 0374 01       		.uleb128 0x1
 727 0375 50       		.byte	0x50
 728 0376 02       		.uleb128 0x2
 729 0377 74       		.byte	0x74
 730 0378 01       		.sleb128 1
 731 0379 11       		.uleb128 0x11
 732 037a 01       		.uleb128 0x1
 733 037b 51       		.byte	0x51
 734 037c 01       		.uleb128 0x1
 735 037d 30       		.byte	0x30
 736 037e 00       		.byte	0
 737 037f 10       		.uleb128 0x10
 738 0380 26000000 		.4byte	.LVL11
 739 0384 E3020000 		.4byte	0x2e3
 740 0388 A1030000 		.4byte	0x3a1
 741 038c 11       		.uleb128 0x11
 742 038d 01       		.uleb128 0x1
 743 038e 50       		.byte	0x50
 744 038f 02       		.uleb128 0x2
 745 0390 75       		.byte	0x75
 746 0391 00       		.sleb128 0
 747 0392 11       		.uleb128 0x11
 748 0393 01       		.uleb128 0x1
 749 0394 51       		.byte	0x51
 750 0395 03       		.uleb128 0x3
 751 0396 0A       		.byte	0xa
 752 0397 E803     		.2byte	0x3e8
 753 0399 11       		.uleb128 0x11
ARM GAS  C:\Windows\TEMP\ccLbqIwA.s 			page 15


 754 039a 01       		.uleb128 0x1
 755 039b 52       		.byte	0x52
 756 039c 03       		.uleb128 0x3
 757 039d 0A       		.byte	0xa
 758 039e 0F27     		.2byte	0x270f
 759 03a0 00       		.byte	0
 760 03a1 12       		.uleb128 0x12
 761 03a2 40000000 		.4byte	.LVL17
 762 03a6 D8040000 		.4byte	0x4d8
 763 03aa 00       		.byte	0
 764 03ab 0D       		.uleb128 0xd
 765 03ac 290B0000 		.4byte	.LASF104
 766 03b0 01       		.byte	0x1
 767 03b1 0B       		.byte	0xb
 768 03b2 00000000 		.4byte	.LFB36
 769 03b6 28000000 		.4byte	.LFE36-.LFB36
 770 03ba 01       		.uleb128 0x1
 771 03bb 9C       		.byte	0x9c
 772 03bc F7030000 		.4byte	0x3f7
 773 03c0 0E       		.uleb128 0xe
 774 03c1 C1050000 		.4byte	.LASF105
 775 03c5 01       		.byte	0x1
 776 03c6 0B       		.byte	0xb
 777 03c7 F7030000 		.4byte	0x3f7
 778 03cb D1000000 		.4byte	.LLST4
 779 03cf 13       		.uleb128 0x13
 780 03d0 04000000 		.4byte	.LBB2
 781 03d4 1C000000 		.4byte	.LBE2-.LBB2
 782 03d8 14       		.uleb128 0x14
 783 03d9 6900     		.ascii	"i\000"
 784 03db 01       		.byte	0x1
 785 03dc 0C       		.byte	0xc
 786 03dd 5D000000 		.4byte	0x5d
 787 03e1 FD000000 		.4byte	.LLST5
 788 03e5 15       		.uleb128 0x15
 789 03e6 14000000 		.4byte	.LVL22
 790 03ea 24030000 		.4byte	0x324
 791 03ee 11       		.uleb128 0x11
 792 03ef 01       		.uleb128 0x1
 793 03f0 50       		.byte	0x50
 794 03f1 02       		.uleb128 0x2
 795 03f2 74       		.byte	0x74
 796 03f3 00       		.sleb128 0
 797 03f4 00       		.byte	0
 798 03f5 00       		.byte	0
 799 03f6 00       		.byte	0
 800 03f7 04       		.uleb128 0x4
 801 03f8 04       		.byte	0x4
 802 03f9 5D000000 		.4byte	0x5d
 803 03fd 0D       		.uleb128 0xd
 804 03fe D40B0000 		.4byte	.LASF107
 805 0402 01       		.byte	0x1
 806 0403 1C       		.byte	0x1c
 807 0404 00000000 		.4byte	.LFB38
 808 0408 38000000 		.4byte	.LFE38-.LFB38
 809 040c 01       		.uleb128 0x1
 810 040d 9C       		.byte	0x9c
ARM GAS  C:\Windows\TEMP\ccLbqIwA.s 			page 16


 811 040e 42040000 		.4byte	0x442
 812 0412 0E       		.uleb128 0xe
 813 0413 350A0000 		.4byte	.LASF108
 814 0417 01       		.byte	0x1
 815 0418 1C       		.byte	0x1c
 816 0419 42040000 		.4byte	0x442
 817 041d 1C010000 		.4byte	.LLST6
 818 0421 13       		.uleb128 0x13
 819 0422 10000000 		.4byte	.LBB3
 820 0426 1E000000 		.4byte	.LBE3-.LBB3
 821 042a 14       		.uleb128 0x14
 822 042b 6900     		.ascii	"i\000"
 823 042d 01       		.byte	0x1
 824 042e 20       		.byte	0x20
 825 042f 5D000000 		.4byte	0x5d
 826 0433 3D010000 		.4byte	.LLST7
 827 0437 12       		.uleb128 0x12
 828 0438 28000000 		.4byte	.LVL29
 829 043c 24030000 		.4byte	0x324
 830 0440 00       		.byte	0
 831 0441 00       		.byte	0
 832 0442 02       		.uleb128 0x2
 833 0443 01       		.byte	0x1
 834 0444 02       		.byte	0x2
 835 0445 FE080000 		.4byte	.LASF109
 836 0449 16       		.uleb128 0x16
 837 044a 8E000000 		.4byte	0x8e
 838 044e 59040000 		.4byte	0x459
 839 0452 17       		.uleb128 0x17
 840 0453 87000000 		.4byte	0x87
 841 0457 03       		.byte	0x3
 842 0458 00       		.byte	0
 843 0459 18       		.uleb128 0x18
 844 045a 70030000 		.4byte	.LASF118
 845 045e 04       		.byte	0x4
 846 045f 17       		.byte	0x17
 847 0460 49040000 		.4byte	0x449
 848 0464 16       		.uleb128 0x16
 849 0465 79000000 		.4byte	0x79
 850 0469 74040000 		.4byte	0x474
 851 046d 17       		.uleb128 0x17
 852 046e 87000000 		.4byte	0x87
 853 0472 03       		.byte	0x3
 854 0473 00       		.byte	0
 855 0474 19       		.uleb128 0x19
 856 0475 4B090000 		.4byte	.LASF110
 857 0479 04       		.byte	0x4
 858 047a 0C       		.byte	0xc
 859 047b 64040000 		.4byte	0x464
 860 047f 05       		.uleb128 0x5
 861 0480 03       		.byte	0x3
 862 0481 00000000 		.4byte	uart_rpm_buff
 863 0485 16       		.uleb128 0x16
 864 0486 79000000 		.4byte	0x79
 865 048a 95040000 		.4byte	0x495
 866 048e 17       		.uleb128 0x17
 867 048f 87000000 		.4byte	0x87
ARM GAS  C:\Windows\TEMP\ccLbqIwA.s 			page 17


 868 0493 0F       		.byte	0xf
 869 0494 00       		.byte	0
 870 0495 1A       		.uleb128 0x1a
 871 0496 73747200 		.ascii	"str\000"
 872 049a 04       		.byte	0x4
 873 049b 0D       		.byte	0xd
 874 049c 85040000 		.4byte	0x485
 875 04a0 05       		.uleb128 0x5
 876 04a1 03       		.byte	0x3
 877 04a2 00000000 		.4byte	str
 878 04a6 16       		.uleb128 0x16
 879 04a7 5D000000 		.4byte	0x5d
 880 04ab B6040000 		.4byte	0x4b6
 881 04af 17       		.uleb128 0x17
 882 04b0 87000000 		.4byte	0x87
 883 04b4 03       		.byte	0x3
 884 04b5 00       		.byte	0
 885 04b6 19       		.uleb128 0x19
 886 04b7 370B0000 		.4byte	.LASF111
 887 04bb 04       		.byte	0x4
 888 04bc 0E       		.byte	0xe
 889 04bd A6040000 		.4byte	0x4a6
 890 04c1 05       		.uleb128 0x5
 891 04c2 03       		.byte	0x3
 892 04c3 00000000 		.4byte	motor_speeds
 893 04c7 19       		.uleb128 0x19
 894 04c8 ED0A0000 		.4byte	.LASF112
 895 04cc 04       		.byte	0x4
 896 04cd 0F       		.byte	0xf
 897 04ce 42040000 		.4byte	0x442
 898 04d2 05       		.uleb128 0x5
 899 04d3 03       		.byte	0x3
 900 04d4 00000000 		.4byte	motorsEnabled
 901 04d8 1B       		.uleb128 0x1b
 902 04d9 720C0000 		.4byte	.LASF119
 903 04dd 720C0000 		.4byte	.LASF119
 904 04e1 05       		.byte	0x5
 905 04e2 6B       		.byte	0x6b
 906 04e3 00       		.byte	0
 907              		.section	.debug_abbrev,"",%progbits
 908              	.Ldebug_abbrev0:
 909 0000 01       		.uleb128 0x1
 910 0001 11       		.uleb128 0x11
 911 0002 01       		.byte	0x1
 912 0003 25       		.uleb128 0x25
 913 0004 0E       		.uleb128 0xe
 914 0005 13       		.uleb128 0x13
 915 0006 0B       		.uleb128 0xb
 916 0007 03       		.uleb128 0x3
 917 0008 0E       		.uleb128 0xe
 918 0009 1B       		.uleb128 0x1b
 919 000a 0E       		.uleb128 0xe
 920 000b 55       		.uleb128 0x55
 921 000c 17       		.uleb128 0x17
 922 000d 11       		.uleb128 0x11
 923 000e 01       		.uleb128 0x1
 924 000f 10       		.uleb128 0x10
ARM GAS  C:\Windows\TEMP\ccLbqIwA.s 			page 18


 925 0010 17       		.uleb128 0x17
 926 0011 00       		.byte	0
 927 0012 00       		.byte	0
 928 0013 02       		.uleb128 0x2
 929 0014 24       		.uleb128 0x24
 930 0015 00       		.byte	0
 931 0016 0B       		.uleb128 0xb
 932 0017 0B       		.uleb128 0xb
 933 0018 3E       		.uleb128 0x3e
 934 0019 0B       		.uleb128 0xb
 935 001a 03       		.uleb128 0x3
 936 001b 0E       		.uleb128 0xe
 937 001c 00       		.byte	0
 938 001d 00       		.byte	0
 939 001e 03       		.uleb128 0x3
 940 001f 24       		.uleb128 0x24
 941 0020 00       		.byte	0
 942 0021 0B       		.uleb128 0xb
 943 0022 0B       		.uleb128 0xb
 944 0023 3E       		.uleb128 0x3e
 945 0024 0B       		.uleb128 0xb
 946 0025 03       		.uleb128 0x3
 947 0026 08       		.uleb128 0x8
 948 0027 00       		.byte	0
 949 0028 00       		.byte	0
 950 0029 04       		.uleb128 0x4
 951 002a 0F       		.uleb128 0xf
 952 002b 00       		.byte	0
 953 002c 0B       		.uleb128 0xb
 954 002d 0B       		.uleb128 0xb
 955 002e 49       		.uleb128 0x49
 956 002f 13       		.uleb128 0x13
 957 0030 00       		.byte	0
 958 0031 00       		.byte	0
 959 0032 05       		.uleb128 0x5
 960 0033 04       		.uleb128 0x4
 961 0034 01       		.byte	0x1
 962 0035 0B       		.uleb128 0xb
 963 0036 0B       		.uleb128 0xb
 964 0037 49       		.uleb128 0x49
 965 0038 13       		.uleb128 0x13
 966 0039 3A       		.uleb128 0x3a
 967 003a 0B       		.uleb128 0xb
 968 003b 3B       		.uleb128 0x3b
 969 003c 05       		.uleb128 0x5
 970 003d 01       		.uleb128 0x1
 971 003e 13       		.uleb128 0x13
 972 003f 00       		.byte	0
 973 0040 00       		.byte	0
 974 0041 06       		.uleb128 0x6
 975 0042 28       		.uleb128 0x28
 976 0043 00       		.byte	0
 977 0044 03       		.uleb128 0x3
 978 0045 0E       		.uleb128 0xe
 979 0046 1C       		.uleb128 0x1c
 980 0047 0B       		.uleb128 0xb
 981 0048 00       		.byte	0
ARM GAS  C:\Windows\TEMP\ccLbqIwA.s 			page 19


 982 0049 00       		.byte	0
 983 004a 07       		.uleb128 0x7
 984 004b 04       		.uleb128 0x4
 985 004c 01       		.byte	0x1
 986 004d 0B       		.uleb128 0xb
 987 004e 0B       		.uleb128 0xb
 988 004f 49       		.uleb128 0x49
 989 0050 13       		.uleb128 0x13
 990 0051 3A       		.uleb128 0x3a
 991 0052 0B       		.uleb128 0xb
 992 0053 3B       		.uleb128 0x3b
 993 0054 0B       		.uleb128 0xb
 994 0055 01       		.uleb128 0x1
 995 0056 13       		.uleb128 0x13
 996 0057 00       		.byte	0
 997 0058 00       		.byte	0
 998 0059 08       		.uleb128 0x8
 999 005a 04       		.uleb128 0x4
 1000 005b 01       		.byte	0x1
 1001 005c 03       		.uleb128 0x3
 1002 005d 0E       		.uleb128 0xe
 1003 005e 0B       		.uleb128 0xb
 1004 005f 0B       		.uleb128 0xb
 1005 0060 49       		.uleb128 0x49
 1006 0061 13       		.uleb128 0x13
 1007 0062 3A       		.uleb128 0x3a
 1008 0063 0B       		.uleb128 0xb
 1009 0064 3B       		.uleb128 0x3b
 1010 0065 0B       		.uleb128 0xb
 1011 0066 01       		.uleb128 0x1
 1012 0067 13       		.uleb128 0x13
 1013 0068 00       		.byte	0
 1014 0069 00       		.byte	0
 1015 006a 09       		.uleb128 0x9
 1016 006b 28       		.uleb128 0x28
 1017 006c 00       		.byte	0
 1018 006d 03       		.uleb128 0x3
 1019 006e 08       		.uleb128 0x8
 1020 006f 1C       		.uleb128 0x1c
 1021 0070 0B       		.uleb128 0xb
 1022 0071 00       		.byte	0
 1023 0072 00       		.byte	0
 1024 0073 0A       		.uleb128 0xa
 1025 0074 2E       		.uleb128 0x2e
 1026 0075 01       		.byte	0x1
 1027 0076 3F       		.uleb128 0x3f
 1028 0077 19       		.uleb128 0x19
 1029 0078 03       		.uleb128 0x3
 1030 0079 0E       		.uleb128 0xe
 1031 007a 3A       		.uleb128 0x3a
 1032 007b 0B       		.uleb128 0xb
 1033 007c 3B       		.uleb128 0x3b
 1034 007d 0B       		.uleb128 0xb
 1035 007e 27       		.uleb128 0x27
 1036 007f 19       		.uleb128 0x19
 1037 0080 49       		.uleb128 0x49
 1038 0081 13       		.uleb128 0x13
ARM GAS  C:\Windows\TEMP\ccLbqIwA.s 			page 20


 1039 0082 11       		.uleb128 0x11
 1040 0083 01       		.uleb128 0x1
 1041 0084 12       		.uleb128 0x12
 1042 0085 06       		.uleb128 0x6
 1043 0086 40       		.uleb128 0x40
 1044 0087 18       		.uleb128 0x18
 1045 0088 9742     		.uleb128 0x2117
 1046 008a 19       		.uleb128 0x19
 1047 008b 01       		.uleb128 0x1
 1048 008c 13       		.uleb128 0x13
 1049 008d 00       		.byte	0
 1050 008e 00       		.byte	0
 1051 008f 0B       		.uleb128 0xb
 1052 0090 05       		.uleb128 0x5
 1053 0091 00       		.byte	0
 1054 0092 03       		.uleb128 0x3
 1055 0093 08       		.uleb128 0x8
 1056 0094 3A       		.uleb128 0x3a
 1057 0095 0B       		.uleb128 0xb
 1058 0096 3B       		.uleb128 0x3b
 1059 0097 0B       		.uleb128 0xb
 1060 0098 49       		.uleb128 0x49
 1061 0099 13       		.uleb128 0x13
 1062 009a 02       		.uleb128 0x2
 1063 009b 17       		.uleb128 0x17
 1064 009c 00       		.byte	0
 1065 009d 00       		.byte	0
 1066 009e 0C       		.uleb128 0xc
 1067 009f 05       		.uleb128 0x5
 1068 00a0 00       		.byte	0
 1069 00a1 03       		.uleb128 0x3
 1070 00a2 08       		.uleb128 0x8
 1071 00a3 3A       		.uleb128 0x3a
 1072 00a4 0B       		.uleb128 0xb
 1073 00a5 3B       		.uleb128 0x3b
 1074 00a6 0B       		.uleb128 0xb
 1075 00a7 49       		.uleb128 0x49
 1076 00a8 13       		.uleb128 0x13
 1077 00a9 02       		.uleb128 0x2
 1078 00aa 18       		.uleb128 0x18
 1079 00ab 00       		.byte	0
 1080 00ac 00       		.byte	0
 1081 00ad 0D       		.uleb128 0xd
 1082 00ae 2E       		.uleb128 0x2e
 1083 00af 01       		.byte	0x1
 1084 00b0 3F       		.uleb128 0x3f
 1085 00b1 19       		.uleb128 0x19
 1086 00b2 03       		.uleb128 0x3
 1087 00b3 0E       		.uleb128 0xe
 1088 00b4 3A       		.uleb128 0x3a
 1089 00b5 0B       		.uleb128 0xb
 1090 00b6 3B       		.uleb128 0x3b
 1091 00b7 0B       		.uleb128 0xb
 1092 00b8 27       		.uleb128 0x27
 1093 00b9 19       		.uleb128 0x19
 1094 00ba 11       		.uleb128 0x11
 1095 00bb 01       		.uleb128 0x1
ARM GAS  C:\Windows\TEMP\ccLbqIwA.s 			page 21


 1096 00bc 12       		.uleb128 0x12
 1097 00bd 06       		.uleb128 0x6
 1098 00be 40       		.uleb128 0x40
 1099 00bf 18       		.uleb128 0x18
 1100 00c0 9742     		.uleb128 0x2117
 1101 00c2 19       		.uleb128 0x19
 1102 00c3 01       		.uleb128 0x1
 1103 00c4 13       		.uleb128 0x13
 1104 00c5 00       		.byte	0
 1105 00c6 00       		.byte	0
 1106 00c7 0E       		.uleb128 0xe
 1107 00c8 05       		.uleb128 0x5
 1108 00c9 00       		.byte	0
 1109 00ca 03       		.uleb128 0x3
 1110 00cb 0E       		.uleb128 0xe
 1111 00cc 3A       		.uleb128 0x3a
 1112 00cd 0B       		.uleb128 0xb
 1113 00ce 3B       		.uleb128 0x3b
 1114 00cf 0B       		.uleb128 0xb
 1115 00d0 49       		.uleb128 0x49
 1116 00d1 13       		.uleb128 0x13
 1117 00d2 02       		.uleb128 0x2
 1118 00d3 17       		.uleb128 0x17
 1119 00d4 00       		.byte	0
 1120 00d5 00       		.byte	0
 1121 00d6 0F       		.uleb128 0xf
 1122 00d7 34       		.uleb128 0x34
 1123 00d8 00       		.byte	0
 1124 00d9 03       		.uleb128 0x3
 1125 00da 0E       		.uleb128 0xe
 1126 00db 3A       		.uleb128 0x3a
 1127 00dc 0B       		.uleb128 0xb
 1128 00dd 3B       		.uleb128 0x3b
 1129 00de 0B       		.uleb128 0xb
 1130 00df 49       		.uleb128 0x49
 1131 00e0 13       		.uleb128 0x13
 1132 00e1 02       		.uleb128 0x2
 1133 00e2 17       		.uleb128 0x17
 1134 00e3 00       		.byte	0
 1135 00e4 00       		.byte	0
 1136 00e5 10       		.uleb128 0x10
 1137 00e6 898201   		.uleb128 0x4109
 1138 00e9 01       		.byte	0x1
 1139 00ea 11       		.uleb128 0x11
 1140 00eb 01       		.uleb128 0x1
 1141 00ec 31       		.uleb128 0x31
 1142 00ed 13       		.uleb128 0x13
 1143 00ee 01       		.uleb128 0x1
 1144 00ef 13       		.uleb128 0x13
 1145 00f0 00       		.byte	0
 1146 00f1 00       		.byte	0
 1147 00f2 11       		.uleb128 0x11
 1148 00f3 8A8201   		.uleb128 0x410a
 1149 00f6 00       		.byte	0
 1150 00f7 02       		.uleb128 0x2
 1151 00f8 18       		.uleb128 0x18
 1152 00f9 9142     		.uleb128 0x2111
ARM GAS  C:\Windows\TEMP\ccLbqIwA.s 			page 22


 1153 00fb 18       		.uleb128 0x18
 1154 00fc 00       		.byte	0
 1155 00fd 00       		.byte	0
 1156 00fe 12       		.uleb128 0x12
 1157 00ff 898201   		.uleb128 0x4109
 1158 0102 00       		.byte	0
 1159 0103 11       		.uleb128 0x11
 1160 0104 01       		.uleb128 0x1
 1161 0105 31       		.uleb128 0x31
 1162 0106 13       		.uleb128 0x13
 1163 0107 00       		.byte	0
 1164 0108 00       		.byte	0
 1165 0109 13       		.uleb128 0x13
 1166 010a 0B       		.uleb128 0xb
 1167 010b 01       		.byte	0x1
 1168 010c 11       		.uleb128 0x11
 1169 010d 01       		.uleb128 0x1
 1170 010e 12       		.uleb128 0x12
 1171 010f 06       		.uleb128 0x6
 1172 0110 00       		.byte	0
 1173 0111 00       		.byte	0
 1174 0112 14       		.uleb128 0x14
 1175 0113 34       		.uleb128 0x34
 1176 0114 00       		.byte	0
 1177 0115 03       		.uleb128 0x3
 1178 0116 08       		.uleb128 0x8
 1179 0117 3A       		.uleb128 0x3a
 1180 0118 0B       		.uleb128 0xb
 1181 0119 3B       		.uleb128 0x3b
 1182 011a 0B       		.uleb128 0xb
 1183 011b 49       		.uleb128 0x49
 1184 011c 13       		.uleb128 0x13
 1185 011d 02       		.uleb128 0x2
 1186 011e 17       		.uleb128 0x17
 1187 011f 00       		.byte	0
 1188 0120 00       		.byte	0
 1189 0121 15       		.uleb128 0x15
 1190 0122 898201   		.uleb128 0x4109
 1191 0125 01       		.byte	0x1
 1192 0126 11       		.uleb128 0x11
 1193 0127 01       		.uleb128 0x1
 1194 0128 31       		.uleb128 0x31
 1195 0129 13       		.uleb128 0x13
 1196 012a 00       		.byte	0
 1197 012b 00       		.byte	0
 1198 012c 16       		.uleb128 0x16
 1199 012d 01       		.uleb128 0x1
 1200 012e 01       		.byte	0x1
 1201 012f 49       		.uleb128 0x49
 1202 0130 13       		.uleb128 0x13
 1203 0131 01       		.uleb128 0x1
 1204 0132 13       		.uleb128 0x13
 1205 0133 00       		.byte	0
 1206 0134 00       		.byte	0
 1207 0135 17       		.uleb128 0x17
 1208 0136 21       		.uleb128 0x21
 1209 0137 00       		.byte	0
ARM GAS  C:\Windows\TEMP\ccLbqIwA.s 			page 23


 1210 0138 49       		.uleb128 0x49
 1211 0139 13       		.uleb128 0x13
 1212 013a 2F       		.uleb128 0x2f
 1213 013b 0B       		.uleb128 0xb
 1214 013c 00       		.byte	0
 1215 013d 00       		.byte	0
 1216 013e 18       		.uleb128 0x18
 1217 013f 34       		.uleb128 0x34
 1218 0140 00       		.byte	0
 1219 0141 03       		.uleb128 0x3
 1220 0142 0E       		.uleb128 0xe
 1221 0143 3A       		.uleb128 0x3a
 1222 0144 0B       		.uleb128 0xb
 1223 0145 3B       		.uleb128 0x3b
 1224 0146 0B       		.uleb128 0xb
 1225 0147 49       		.uleb128 0x49
 1226 0148 13       		.uleb128 0x13
 1227 0149 00       		.byte	0
 1228 014a 00       		.byte	0
 1229 014b 19       		.uleb128 0x19
 1230 014c 34       		.uleb128 0x34
 1231 014d 00       		.byte	0
 1232 014e 03       		.uleb128 0x3
 1233 014f 0E       		.uleb128 0xe
 1234 0150 3A       		.uleb128 0x3a
 1235 0151 0B       		.uleb128 0xb
 1236 0152 3B       		.uleb128 0x3b
 1237 0153 0B       		.uleb128 0xb
 1238 0154 49       		.uleb128 0x49
 1239 0155 13       		.uleb128 0x13
 1240 0156 3F       		.uleb128 0x3f
 1241 0157 19       		.uleb128 0x19
 1242 0158 02       		.uleb128 0x2
 1243 0159 18       		.uleb128 0x18
 1244 015a 00       		.byte	0
 1245 015b 00       		.byte	0
 1246 015c 1A       		.uleb128 0x1a
 1247 015d 34       		.uleb128 0x34
 1248 015e 00       		.byte	0
 1249 015f 03       		.uleb128 0x3
 1250 0160 08       		.uleb128 0x8
 1251 0161 3A       		.uleb128 0x3a
 1252 0162 0B       		.uleb128 0xb
 1253 0163 3B       		.uleb128 0x3b
 1254 0164 0B       		.uleb128 0xb
 1255 0165 49       		.uleb128 0x49
 1256 0166 13       		.uleb128 0x13
 1257 0167 3F       		.uleb128 0x3f
 1258 0168 19       		.uleb128 0x19
 1259 0169 02       		.uleb128 0x2
 1260 016a 18       		.uleb128 0x18
 1261 016b 00       		.byte	0
 1262 016c 00       		.byte	0
 1263 016d 1B       		.uleb128 0x1b
 1264 016e 2E       		.uleb128 0x2e
 1265 016f 00       		.byte	0
 1266 0170 3F       		.uleb128 0x3f
ARM GAS  C:\Windows\TEMP\ccLbqIwA.s 			page 24


 1267 0171 19       		.uleb128 0x19
 1268 0172 3C       		.uleb128 0x3c
 1269 0173 19       		.uleb128 0x19
 1270 0174 6E       		.uleb128 0x6e
 1271 0175 0E       		.uleb128 0xe
 1272 0176 03       		.uleb128 0x3
 1273 0177 0E       		.uleb128 0xe
 1274 0178 3A       		.uleb128 0x3a
 1275 0179 0B       		.uleb128 0xb
 1276 017a 3B       		.uleb128 0x3b
 1277 017b 0B       		.uleb128 0xb
 1278 017c 00       		.byte	0
 1279 017d 00       		.byte	0
 1280 017e 00       		.byte	0
 1281              		.section	.debug_loc,"",%progbits
 1282              	.Ldebug_loc0:
 1283              	.LLST0:
 1284 0000 00000000 		.4byte	.LVL0
 1285 0004 0C000000 		.4byte	.LVL1
 1286 0008 0100     		.2byte	0x1
 1287 000a 50       		.byte	0x50
 1288 000b 0C000000 		.4byte	.LVL1
 1289 000f 0E000000 		.4byte	.LVL2
 1290 0013 0400     		.2byte	0x4
 1291 0015 F3       		.byte	0xf3
 1292 0016 01       		.uleb128 0x1
 1293 0017 50       		.byte	0x50
 1294 0018 9F       		.byte	0x9f
 1295 0019 0E000000 		.4byte	.LVL2
 1296 001d 12000000 		.4byte	.LFE35
 1297 0021 0100     		.2byte	0x1
 1298 0023 50       		.byte	0x50
 1299 0024 00000000 		.4byte	0
 1300 0028 00000000 		.4byte	0
 1301              	.LLST1:
 1302 002c 00000000 		.4byte	.LVL4
 1303 0030 0A000000 		.4byte	.LVL5
 1304 0034 0100     		.2byte	0x1
 1305 0036 50       		.byte	0x50
 1306 0037 0A000000 		.4byte	.LVL5
 1307 003b 1A000000 		.4byte	.LVL8
 1308 003f 0400     		.2byte	0x4
 1309 0041 F3       		.byte	0xf3
 1310 0042 01       		.uleb128 0x1
 1311 0043 50       		.byte	0x50
 1312 0044 9F       		.byte	0x9f
 1313 0045 1A000000 		.4byte	.LVL8
 1314 0049 22000000 		.4byte	.LVL10
 1315 004d 0100     		.2byte	0x1
 1316 004f 50       		.byte	0x50
 1317 0050 22000000 		.4byte	.LVL10
 1318 0054 54000000 		.4byte	.LFE37
 1319 0058 0400     		.2byte	0x4
 1320 005a F3       		.byte	0xf3
 1321 005b 01       		.uleb128 0x1
 1322 005c 50       		.byte	0x50
 1323 005d 9F       		.byte	0x9f
ARM GAS  C:\Windows\TEMP\ccLbqIwA.s 			page 25


 1324 005e 00000000 		.4byte	0
 1325 0062 00000000 		.4byte	0
 1326              	.LLST2:
 1327 0066 00000000 		.4byte	.LVL4
 1328 006a 0E000000 		.4byte	.LVL6
 1329 006e 0100     		.2byte	0x1
 1330 0070 51       		.byte	0x51
 1331 0071 0E000000 		.4byte	.LVL6
 1332 0075 1A000000 		.4byte	.LVL8
 1333 0079 0100     		.2byte	0x1
 1334 007b 55       		.byte	0x55
 1335 007c 1A000000 		.4byte	.LVL8
 1336 0080 1E000000 		.4byte	.LVL9
 1337 0084 0100     		.2byte	0x1
 1338 0086 51       		.byte	0x51
 1339 0087 1E000000 		.4byte	.LVL9
 1340 008b 46000000 		.4byte	.LVL18
 1341 008f 0100     		.2byte	0x1
 1342 0091 55       		.byte	0x55
 1343 0092 46000000 		.4byte	.LVL18
 1344 0096 54000000 		.4byte	.LFE37
 1345 009a 0400     		.2byte	0x4
 1346 009c F3       		.byte	0xf3
 1347 009d 01       		.uleb128 0x1
 1348 009e 51       		.byte	0x51
 1349 009f 9F       		.byte	0x9f
 1350 00a0 00000000 		.4byte	0
 1351 00a4 00000000 		.4byte	0
 1352              	.LLST3:
 1353 00a8 28000000 		.4byte	.LVL12
 1354 00ac 2A000000 		.4byte	.LVL13
 1355 00b0 0100     		.2byte	0x1
 1356 00b2 50       		.byte	0x50
 1357 00b3 2A000000 		.4byte	.LVL13
 1358 00b7 36000000 		.4byte	.LVL14
 1359 00bb 0100     		.2byte	0x1
 1360 00bd 51       		.byte	0x51
 1361 00be 3A000000 		.4byte	.LVL15
 1362 00c2 3C000000 		.4byte	.LVL16
 1363 00c6 0100     		.2byte	0x1
 1364 00c8 51       		.byte	0x51
 1365 00c9 00000000 		.4byte	0
 1366 00cd 00000000 		.4byte	0
 1367              	.LLST4:
 1368 00d1 00000000 		.4byte	.LVL19
 1369 00d5 08000000 		.4byte	.LVL21
 1370 00d9 0100     		.2byte	0x1
 1371 00db 50       		.byte	0x50
 1372 00dc 08000000 		.4byte	.LVL21
 1373 00e0 20000000 		.4byte	.LVL25
 1374 00e4 0100     		.2byte	0x1
 1375 00e6 57       		.byte	0x57
 1376 00e7 20000000 		.4byte	.LVL25
 1377 00eb 28000000 		.4byte	.LFE36
 1378 00ef 0400     		.2byte	0x4
 1379 00f1 F3       		.byte	0xf3
 1380 00f2 01       		.uleb128 0x1
ARM GAS  C:\Windows\TEMP\ccLbqIwA.s 			page 26


 1381 00f3 50       		.byte	0x50
 1382 00f4 9F       		.byte	0x9f
 1383 00f5 00000000 		.4byte	0
 1384 00f9 00000000 		.4byte	0
 1385              	.LLST5:
 1386 00fd 04000000 		.4byte	.LVL20
 1387 0101 08000000 		.4byte	.LVL21
 1388 0105 0200     		.2byte	0x2
 1389 0107 30       		.byte	0x30
 1390 0108 9F       		.byte	0x9f
 1391 0109 08000000 		.4byte	.LVL21
 1392 010d 20000000 		.4byte	.LVL24
 1393 0111 0100     		.2byte	0x1
 1394 0113 54       		.byte	0x54
 1395 0114 00000000 		.4byte	0
 1396 0118 00000000 		.4byte	0
 1397              	.LLST6:
 1398 011c 00000000 		.4byte	.LVL26
 1399 0120 14000000 		.4byte	.LVL28
 1400 0124 0100     		.2byte	0x1
 1401 0126 50       		.byte	0x50
 1402 0127 14000000 		.4byte	.LVL28
 1403 012b 38000000 		.4byte	.LFE38
 1404 012f 0400     		.2byte	0x4
 1405 0131 F3       		.byte	0xf3
 1406 0132 01       		.uleb128 0x1
 1407 0133 50       		.byte	0x50
 1408 0134 9F       		.byte	0x9f
 1409 0135 00000000 		.4byte	0
 1410 0139 00000000 		.4byte	0
 1411              	.LLST7:
 1412 013d 10000000 		.4byte	.LVL27
 1413 0141 14000000 		.4byte	.LVL28
 1414 0145 0200     		.2byte	0x2
 1415 0147 30       		.byte	0x30
 1416 0148 9F       		.byte	0x9f
 1417 0149 14000000 		.4byte	.LVL28
 1418 014d 2E000000 		.4byte	.LVL31
 1419 0151 0100     		.2byte	0x1
 1420 0153 54       		.byte	0x54
 1421 0154 00000000 		.4byte	0
 1422 0158 00000000 		.4byte	0
 1423              		.section	.debug_aranges,"",%progbits
 1424 0000 34000000 		.4byte	0x34
 1425 0004 0200     		.2byte	0x2
 1426 0006 00000000 		.4byte	.Ldebug_info0
 1427 000a 04       		.byte	0x4
 1428 000b 00       		.byte	0
 1429 000c 0000     		.2byte	0
 1430 000e 0000     		.2byte	0
 1431 0010 00000000 		.4byte	.LFB35
 1432 0014 12000000 		.4byte	.LFE35-.LFB35
 1433 0018 00000000 		.4byte	.LFB37
 1434 001c 54000000 		.4byte	.LFE37-.LFB37
 1435 0020 00000000 		.4byte	.LFB36
 1436 0024 28000000 		.4byte	.LFE36-.LFB36
 1437 0028 00000000 		.4byte	.LFB38
ARM GAS  C:\Windows\TEMP\ccLbqIwA.s 			page 27


 1438 002c 38000000 		.4byte	.LFE38-.LFB38
 1439 0030 00000000 		.4byte	0
 1440 0034 00000000 		.4byte	0
 1441              		.section	.debug_ranges,"",%progbits
 1442              	.Ldebug_ranges0:
 1443 0000 00000000 		.4byte	.LFB35
 1444 0004 12000000 		.4byte	.LFE35
 1445 0008 00000000 		.4byte	.LFB37
 1446 000c 54000000 		.4byte	.LFE37
 1447 0010 00000000 		.4byte	.LFB36
 1448 0014 28000000 		.4byte	.LFE36
 1449 0018 00000000 		.4byte	.LFB38
 1450 001c 38000000 		.4byte	.LFE38
 1451 0020 00000000 		.4byte	0
 1452 0024 00000000 		.4byte	0
 1453              		.section	.debug_line,"",%progbits
 1454              	.Ldebug_line0:
 1455 0000 1E010000 		.section	.debug_str,"MS",%progbits,1
 1455      02008A00 
 1455      00000201 
 1455      FB0E0D00 
 1455      01010101 
 1456              	.LASF78:
 1457 0000 4359424C 		.ascii	"CYBLE_EVT_L2CAP_CBFC_RX_CREDIT_IND\000"
 1457      455F4556 
 1457      545F4C32 
 1457      4341505F 
 1457      43424643 
 1458              	.LASF19:
 1459 0023 4359424C 		.ascii	"CYBLE_EVT_STACK_BUSY_STATUS\000"
 1459      455F4556 
 1459      545F5354 
 1459      41434B5F 
 1459      42555359 
 1460              	.LASF92:
 1461 003f 4359424C 		.ascii	"CYBLE_AIOS_CHAR_USER_DESCRIPTION_DESCR\000"
 1461      455F4149 
 1461      4F535F43 
 1461      4841525F 
 1461      55534552 
 1462              	.LASF77:
 1463 0066 4359424C 		.ascii	"CYBLE_EVT_L2CAP_CBFC_DATA_READ\000"
 1463      455F4556 
 1463      545F4C32 
 1463      4341505F 
 1463      43424643 
 1464              	.LASF116:
 1465 0085 4D6F746F 		.ascii	"MotorDirection\000"
 1465      72446972 
 1465      65637469 
 1465      6F6E00
 1466              	.LASF31:
 1467 0094 4359424C 		.ascii	"CYBLE_EVT_GAP_CONNECTION_UPDATE_COMPLETE\000"
 1467      455F4556 
 1467      545F4741 
 1467      505F434F 
 1467      4E4E4543 
ARM GAS  C:\Windows\TEMP\ccLbqIwA.s 			page 28


 1468              	.LASF86:
 1469 00bd 4359424C 		.ascii	"CYBLE_AIOS_DIGITAL\000"
 1469      455F4149 
 1469      4F535F44 
 1469      49474954 
 1469      414C00
 1470              	.LASF76:
 1471 00d0 4359424C 		.ascii	"CYBLE_EVT_L2CAP_CBFC_DISCONN_CNF\000"
 1471      455F4556 
 1471      545F4C32 
 1471      4341505F 
 1471      43424643 
 1472              	.LASF36:
 1473 00f1 4359424C 		.ascii	"CYBLE_EVT_GAP_OOB_GENERATED_NOTIFICATION\000"
 1473      455F4556 
 1473      545F4741 
 1473      505F4F4F 
 1473      425F4745 
 1474              	.LASF56:
 1475 011a 4359424C 		.ascii	"CYBLE_EVT_GATTC_READ_MULTI_RSP\000"
 1475      455F4556 
 1475      545F4741 
 1475      5454435F 
 1475      52454144 
 1476              	.LASF61:
 1477 0139 4359424C 		.ascii	"CYBLE_EVT_GATTS_EXEC_WRITE_REQ\000"
 1477      455F4556 
 1477      545F4741 
 1477      5454535F 
 1477      45584543 
 1478              	.LASF16:
 1479 0158 4359424C 		.ascii	"CYBLE_EVT_TIMEOUT\000"
 1479      455F4556 
 1479      545F5449 
 1479      4D454F55 
 1479      5400
 1480              	.LASF4:
 1481 016a 6C6F6E67 		.ascii	"long int\000"
 1481      20696E74 
 1481      00
 1482              	.LASF113:
 1483 0173 474E5520 		.ascii	"GNU C11 5.4.1 20160609 (release) [ARM/embedded-5-br"
 1483      43313120 
 1483      352E342E 
 1483      31203230 
 1483      31363036 
 1484 01a6 616E6368 		.ascii	"anch revision 237715] -mcpu=cortex-m0 -mthumb -g -O"
 1484      20726576 
 1484      6973696F 
 1484      6E203233 
 1484      37373135 
 1485 01d9 67202D66 		.ascii	"g -ffunction-sections -ffat-lto-objects\000"
 1485      66756E63 
 1485      74696F6E 
 1485      2D736563 
 1485      74696F6E 
 1486              	.LASF7:
ARM GAS  C:\Windows\TEMP\ccLbqIwA.s 			page 29


 1487 0201 6C6F6E67 		.ascii	"long long unsigned int\000"
 1487      206C6F6E 
 1487      6720756E 
 1487      7369676E 
 1487      65642069 
 1488              	.LASF18:
 1489 0218 4359424C 		.ascii	"CYBLE_EVT_HCI_STATUS\000"
 1489      455F4556 
 1489      545F4843 
 1489      495F5354 
 1489      41545553 
 1490              	.LASF81:
 1491 022d 4359424C 		.ascii	"CYBLE_EVT_PENDING_FLASH_WRITE\000"
 1491      455F4556 
 1491      545F5045 
 1491      4E44494E 
 1491      475F464C 
 1492              	.LASF93:
 1493 024b 4359424C 		.ascii	"CYBLE_AIOS_CHAR_EXTENDED_PROPERTIES\000"
 1493      455F4149 
 1493      4F535F43 
 1493      4841525F 
 1493      45585445 
 1494              	.LASF70:
 1495 026f 4359424C 		.ascii	"CYBLE_EVT_L2CAP_CONN_PARAM_UPDATE_REQ\000"
 1495      455F4556 
 1495      545F4C32 
 1495      4341505F 
 1495      434F4E4E 
 1496              	.LASF30:
 1497 0295 4359424C 		.ascii	"CYBLE_EVT_GAP_ENCRYPT_CHANGE\000"
 1497      455F4556 
 1497      545F4741 
 1497      505F454E 
 1497      43525950 
 1498              	.LASF34:
 1499 02b2 4359424C 		.ascii	"CYBLE_EVT_GAP_NUMERIC_COMPARISON_REQUEST\000"
 1499      455F4556 
 1499      545F4741 
 1499      505F4E55 
 1499      4D455249 
 1500              	.LASF6:
 1501 02db 6C6F6E67 		.ascii	"long long int\000"
 1501      206C6F6E 
 1501      6720696E 
 1501      7400
 1502              	.LASF0:
 1503 02e9 7369676E 		.ascii	"signed char\000"
 1503      65642063 
 1503      68617200 
 1504              	.LASF15:
 1505 02f5 4359424C 		.ascii	"CYBLE_EVT_STACK_ON\000"
 1505      455F4556 
 1505      545F5354 
 1505      41434B5F 
 1505      4F4E00
 1506              	.LASF20:
ARM GAS  C:\Windows\TEMP\ccLbqIwA.s 			page 30


 1507 0308 4359424C 		.ascii	"CYBLE_EVT_MEMORY_REQUEST\000"
 1507      455F4556 
 1507      545F4D45 
 1507      4D4F5259 
 1507      5F524551 
 1508              	.LASF32:
 1509 0321 4359424C 		.ascii	"CYBLE_EVT_GAPC_SCAN_START_STOP\000"
 1509      455F4556 
 1509      545F4741 
 1509      50435F53 
 1509      43414E5F 
 1510              	.LASF22:
 1511 0340 4359424C 		.ascii	"CYBLE_EVT_GAP_AUTH_REQ\000"
 1511      455F4556 
 1511      545F4741 
 1511      505F4155 
 1511      54485F52 
 1512              	.LASF54:
 1513 0357 4359424C 		.ascii	"CYBLE_EVT_GATTC_READ_RSP\000"
 1513      455F4556 
 1513      545F4741 
 1513      5454435F 
 1513      52454144 
 1514              	.LASF118:
 1515 0370 4D6F746F 		.ascii	"MotorDirectionStr\000"
 1515      72446972 
 1515      65637469 
 1515      6F6E5374 
 1515      7200
 1516              	.LASF59:
 1517 0382 4359424C 		.ascii	"CYBLE_EVT_GATTS_WRITE_CMD_REQ\000"
 1517      455F4556 
 1517      545F4741 
 1517      5454535F 
 1517      57524954 
 1518              	.LASF27:
 1519 03a0 4359424C 		.ascii	"CYBLE_EVT_GAPP_ADVERTISEMENT_START_STOP\000"
 1519      455F4556 
 1519      545F4741 
 1519      50505F41 
 1519      44564552 
 1520              	.LASF91:
 1521 03c8 4359424C 		.ascii	"CYBLE_AIOS_CHAR_PRESENTATION_FORMAT\000"
 1521      455F4149 
 1521      4F535F43 
 1521      4841525F 
 1521      50524553 
 1522              	.LASF62:
 1523 03ec 4359424C 		.ascii	"CYBLE_EVT_GATTC_EXEC_WRITE_RSP\000"
 1523      455F4556 
 1523      545F4741 
 1523      5454435F 
 1523      45584543 
 1524              	.LASF106:
 1525 040b 636C616D 		.ascii	"clamped\000"
 1525      70656400 
 1526              	.LASF10:
ARM GAS  C:\Windows\TEMP\ccLbqIwA.s 			page 31


 1527 0413 646F7562 		.ascii	"double\000"
 1527      6C6500
 1528              	.LASF85:
 1529 041a 4359424C 		.ascii	"CYBLE_EVT_MAX\000"
 1529      455F4556 
 1529      545F4D41 
 1529      5800
 1530              	.LASF80:
 1531 0428 4359424C 		.ascii	"CYBLE_EVT_L2CAP_CBFC_DATA_WRITE_IND\000"
 1531      455F4556 
 1531      545F4C32 
 1531      4341505F 
 1531      43424643 
 1532              	.LASF98:
 1533 044c 4359424C 		.ascii	"CYBLE_AIOS_DESCR_COUNT\000"
 1533      455F4149 
 1533      4F535F44 
 1533      45534352 
 1533      5F434F55 
 1534              	.LASF42:
 1535 0463 4359424C 		.ascii	"CYBLE_EVT_GAP_SCAN_REQ_RECVD\000"
 1535      455F4556 
 1535      545F4741 
 1535      505F5343 
 1535      414E5F52 
 1536              	.LASF67:
 1537 0480 4359424C 		.ascii	"CYBLE_EVT_GATTC_STOP_CMD_COMPLETE\000"
 1537      455F4556 
 1537      545F4741 
 1537      5454435F 
 1537      53544F50 
 1538              	.LASF8:
 1539 04a2 756E7369 		.ascii	"unsigned int\000"
 1539      676E6564 
 1539      20696E74 
 1539      00
 1540              	.LASF82:
 1541 04af 4359424C 		.ascii	"CYBLE_EVT_LE_PING_AUTH_TIMEOUT\000"
 1541      455F4556 
 1541      545F4C45 
 1541      5F50494E 
 1541      475F4155 
 1542              	.LASF101:
 1543 04ce 426F7474 		.ascii	"Bottom\000"
 1543      6F6D00
 1544              	.LASF5:
 1545 04d5 6C6F6E67 		.ascii	"long unsigned int\000"
 1545      20756E73 
 1545      69676E65 
 1545      6420696E 
 1545      7400
 1546              	.LASF41:
 1547 04e7 4359424C 		.ascii	"CYBLE_EVT_GAP_CONN_ESTB\000"
 1547      455F4556 
 1547      545F4741 
 1547      505F434F 
 1547      4E4E5F45 
ARM GAS  C:\Windows\TEMP\ccLbqIwA.s 			page 32


 1548              	.LASF49:
 1549 04ff 4359424C 		.ascii	"CYBLE_EVT_GATTC_XCHNG_MTU_RSP\000"
 1549      455F4556 
 1549      545F4741 
 1549      5454435F 
 1549      5843484E 
 1550              	.LASF66:
 1551 051d 4359424C 		.ascii	"CYBLE_EVT_GATTS_DATA_SIGNED_CMD_REQ\000"
 1551      455F4556 
 1551      545F4741 
 1551      5454535F 
 1551      44415441 
 1552              	.LASF88:
 1553 0541 4359424C 		.ascii	"CYBLE_AIOS_AGGREGATE\000"
 1553      455F4149 
 1553      4F535F41 
 1553      47475245 
 1553      47415445 
 1554              	.LASF69:
 1555 0556 4359424C 		.ascii	"CYBLE_EVT_GATTC_LONG_PROCEDURE_END\000"
 1555      455F4556 
 1555      545F4741 
 1555      5454435F 
 1555      4C4F4E47 
 1556              	.LASF3:
 1557 0579 73686F72 		.ascii	"short unsigned int\000"
 1557      7420756E 
 1557      7369676E 
 1557      65642069 
 1557      6E7400
 1558              	.LASF14:
 1559 058c 4359424C 		.ascii	"CYBLE_EVT_HOST_INVALID\000"
 1559      455F4556 
 1559      545F484F 
 1559      53545F49 
 1559      4E56414C 
 1560              	.LASF52:
 1561 05a3 4359424C 		.ascii	"CYBLE_EVT_GATTC_FIND_INFO_RSP\000"
 1561      455F4556 
 1561      545F4741 
 1561      5454435F 
 1561      46494E44 
 1562              	.LASF105:
 1563 05c1 73706565 		.ascii	"speeds\000"
 1563      647300
 1564              	.LASF94:
 1565 05c8 4359424C 		.ascii	"CYBLE_AIOS_VALUE_TRIGGER_SETTINGS\000"
 1565      455F4149 
 1565      4F535F56 
 1565      414C5545 
 1565      5F545249 
 1566              	.LASF115:
 1567 05ea 433A5C55 		.ascii	"C:\\Users\\Oleg\\Documents\\Programming\\POK\\Cyber"
 1567      73657273 
 1567      5C4F6C65 
 1567      675C446F 
 1567      63756D65 
ARM GAS  C:\Windows\TEMP\ccLbqIwA.s 			page 33


 1568 0617 506F6E67 		.ascii	"Pong\\CyberPong.cydsn\000"
 1568      5C437962 
 1568      6572506F 
 1568      6E672E63 
 1568      7964736E 
 1569              	.LASF23:
 1570 062c 4359424C 		.ascii	"CYBLE_EVT_GAP_PASSKEY_ENTRY_REQUEST\000"
 1570      455F4556 
 1570      545F4741 
 1570      505F5041 
 1570      53534B45 
 1571              	.LASF28:
 1572 0650 4359424C 		.ascii	"CYBLE_EVT_GAP_DEVICE_CONNECTED\000"
 1572      455F4556 
 1572      545F4741 
 1572      505F4445 
 1572      56494345 
 1573              	.LASF57:
 1574 066f 4359424C 		.ascii	"CYBLE_EVT_GATTS_WRITE_REQ\000"
 1574      455F4556 
 1574      545F4741 
 1574      5454535F 
 1574      57524954 
 1575              	.LASF43:
 1576 0689 4359424C 		.ascii	"CYBLE_EVT_GAP_AUTH_REQ_REPLY_ERR\000"
 1576      455F4556 
 1576      545F4741 
 1576      505F4155 
 1576      54485F52 
 1577              	.LASF24:
 1578 06aa 4359424C 		.ascii	"CYBLE_EVT_GAP_PASSKEY_DISPLAY_REQUEST\000"
 1578      455F4556 
 1578      545F4741 
 1578      505F5041 
 1578      53534B45 
 1579              	.LASF97:
 1580 06d0 4359424C 		.ascii	"CYBLE_AIOS_NUM_OF_DIGITAL_DESCR\000"
 1580      455F4149 
 1580      4F535F4E 
 1580      554D5F4F 
 1580      465F4449 
 1581              	.LASF46:
 1582 06f0 4359424C 		.ascii	"CYBLE_EVT_GATT_CONNECT_IND\000"
 1582      455F4556 
 1582      545F4741 
 1582      54545F43 
 1582      4F4E4E45 
 1583              	.LASF72:
 1584 070b 4359424C 		.ascii	"CYBLE_EVT_L2CAP_COMMAND_REJ\000"
 1584      455F4556 
 1584      545F4C32 
 1584      4341505F 
 1584      434F4D4D 
 1585              	.LASF21:
 1586 0727 4359424C 		.ascii	"CYBLE_EVT_GAPC_SCAN_PROGRESS_RESULT\000"
 1586      455F4556 
 1586      545F4741 
ARM GAS  C:\Windows\TEMP\ccLbqIwA.s 			page 34


 1586      50435F53 
 1586      43414E5F 
 1587              	.LASF44:
 1588 074b 4359424C 		.ascii	"CYBLE_EVT_GAP_SMP_LOC_P256_KEYS_GEN_AND_SET_COMPLET"
 1588      455F4556 
 1588      545F4741 
 1588      505F534D 
 1588      505F4C4F 
 1589 077e 4500     		.ascii	"E\000"
 1590              	.LASF73:
 1591 0780 4359424C 		.ascii	"CYBLE_EVT_L2CAP_CBFC_CONN_IND\000"
 1591      455F4556 
 1591      545F4C32 
 1591      4341505F 
 1591      43424643 
 1592              	.LASF51:
 1593 079e 4359424C 		.ascii	"CYBLE_EVT_GATTC_READ_BY_TYPE_RSP\000"
 1593      455F4556 
 1593      545F4741 
 1593      5454435F 
 1593      52454144 
 1594              	.LASF99:
 1595 07bf 4C656674 		.ascii	"Left\000"
 1595      00
 1596              	.LASF13:
 1597 07c4 73697A65 		.ascii	"sizetype\000"
 1597      74797065 
 1597      00
 1598              	.LASF26:
 1599 07cd 4359424C 		.ascii	"CYBLE_EVT_GAP_AUTH_FAILED\000"
 1599      455F4556 
 1599      545F4741 
 1599      505F4155 
 1599      54485F46 
 1600              	.LASF58:
 1601 07e7 4359424C 		.ascii	"CYBLE_EVT_GATTC_WRITE_RSP\000"
 1601      455F4556 
 1601      545F4741 
 1601      5454435F 
 1601      57524954 
 1602              	.LASF39:
 1603 0801 4359424C 		.ascii	"CYBLE_EVT_GAPC_DIRECT_ADV_REPORT\000"
 1603      455F4556 
 1603      545F4741 
 1603      50435F44 
 1603      49524543 
 1604              	.LASF37:
 1605 0822 4359424C 		.ascii	"CYBLE_EVT_GAP_DATA_LENGTH_CHANGE\000"
 1605      455F4556 
 1605      545F4741 
 1605      505F4441 
 1605      54415F4C 
 1606              	.LASF25:
 1607 0843 4359424C 		.ascii	"CYBLE_EVT_GAP_AUTH_COMPLETE\000"
 1607      455F4556 
 1607      545F4741 
 1607      505F4155 
ARM GAS  C:\Windows\TEMP\ccLbqIwA.s 			page 35


 1607      54485F43 
 1608              	.LASF95:
 1609 085f 4359424C 		.ascii	"CYBLE_AIOS_TIME_TRIGGER_SETTINGS\000"
 1609      455F4149 
 1609      4F535F54 
 1609      494D455F 
 1609      54524947 
 1610              	.LASF63:
 1611 0880 4359424C 		.ascii	"CYBLE_EVT_GATTC_HANDLE_VALUE_NTF\000"
 1611      455F4556 
 1611      545F4741 
 1611      5454435F 
 1611      48414E44 
 1612              	.LASF114:
 1613 08a1 6D6F746F 		.ascii	"motorController.c\000"
 1613      72436F6E 
 1613      74726F6C 
 1613      6C65722E 
 1613      6300
 1614              	.LASF74:
 1615 08b3 4359424C 		.ascii	"CYBLE_EVT_L2CAP_CBFC_CONN_CNF\000"
 1615      455F4556 
 1615      545F4C32 
 1615      4341505F 
 1615      43424643 
 1616              	.LASF50:
 1617 08d1 4359424C 		.ascii	"CYBLE_EVT_GATTC_READ_BY_GROUP_TYPE_RSP\000"
 1617      455F4556 
 1617      545F4741 
 1617      5454435F 
 1617      52454144 
 1618              	.LASF9:
 1619 08f8 666C6F61 		.ascii	"float\000"
 1619      7400
 1620              	.LASF109:
 1621 08fe 5F426F6F 		.ascii	"_Bool\000"
 1621      6C00
 1622              	.LASF1:
 1623 0904 756E7369 		.ascii	"unsigned char\000"
 1623      676E6564 
 1623      20636861 
 1623      7200
 1624              	.LASF35:
 1625 0912 4359424C 		.ascii	"CYBLE_EVT_GAP_KEYPRESS_NOTIFICATION\000"
 1625      455F4556 
 1625      545F4741 
 1625      505F4B45 
 1625      59505245 
 1626              	.LASF103:
 1627 0936 5365744D 		.ascii	"SetMotorSpeed_Single\000"
 1627      6F746F72 
 1627      53706565 
 1627      645F5369 
 1627      6E676C65 
 1628              	.LASF110:
 1629 094b 75617274 		.ascii	"uart_rpm_buff\000"
 1629      5F72706D 
ARM GAS  C:\Windows\TEMP\ccLbqIwA.s 			page 36


 1629      5F627566 
 1629      6600
 1630              	.LASF2:
 1631 0959 73686F72 		.ascii	"short int\000"
 1631      7420696E 
 1631      7400
 1632              	.LASF64:
 1633 0963 4359424C 		.ascii	"CYBLE_EVT_GATTC_HANDLE_VALUE_IND\000"
 1633      455F4556 
 1633      545F4741 
 1633      5454435F 
 1633      48414E44 
 1634              	.LASF83:
 1635 0984 4359424C 		.ascii	"CYBLE_EVT_HCI_PKT\000"
 1635      455F4556 
 1635      545F4843 
 1635      495F504B 
 1635      5400
 1636              	.LASF87:
 1637 0996 4359424C 		.ascii	"CYBLE_AIOS_ANALOG\000"
 1637      455F4149 
 1637      4F535F41 
 1637      4E414C4F 
 1637      4700
 1638              	.LASF117:
 1639 09a8 436C616D 		.ascii	"Clamp\000"
 1639      7000
 1640              	.LASF60:
 1641 09ae 4359424C 		.ascii	"CYBLE_EVT_GATTS_PREP_WRITE_REQ\000"
 1641      455F4556 
 1641      545F4741 
 1641      5454535F 
 1641      50524550 
 1642              	.LASF100:
 1643 09cd 52696768 		.ascii	"Right\000"
 1643      7400
 1644              	.LASF65:
 1645 09d3 4359424C 		.ascii	"CYBLE_EVT_GATTS_HANDLE_VALUE_CNF\000"
 1645      455F4556 
 1645      545F4741 
 1645      5454535F 
 1645      48414E44 
 1646              	.LASF45:
 1647 09f4 4359424C 		.ascii	"CYBLE_EVT_GATTC_ERROR_RSP\000"
 1647      455F4556 
 1647      545F4741 
 1647      5454435F 
 1647      4552524F 
 1648              	.LASF40:
 1649 0a0e 4359424C 		.ascii	"CYBLE_EVT_GAP_SMP_NEGOTIATED_AUTH_INFO\000"
 1649      455F4556 
 1649      545F4741 
 1649      505F534D 
 1649      505F4E45 
 1650              	.LASF108:
 1651 0a35 656E6162 		.ascii	"enabled\000"
 1651      6C656400 
ARM GAS  C:\Windows\TEMP\ccLbqIwA.s 			page 37


 1652              	.LASF12:
 1653 0a3d 6C6F6E67 		.ascii	"long double\000"
 1653      20646F75 
 1653      626C6500 
 1654              	.LASF84:
 1655 0a49 4359424C 		.ascii	"CYBLE_EVT_FLASH_CORRUPT\000"
 1655      455F4556 
 1655      545F464C 
 1655      4153485F 
 1655      434F5252 
 1656              	.LASF11:
 1657 0a61 63686172 		.ascii	"char\000"
 1657      00
 1658              	.LASF29:
 1659 0a66 4359424C 		.ascii	"CYBLE_EVT_GAP_DEVICE_DISCONNECTED\000"
 1659      455F4556 
 1659      545F4741 
 1659      505F4445 
 1659      56494345 
 1660              	.LASF68:
 1661 0a88 4359424C 		.ascii	"CYBLE_EVT_GATTS_READ_CHAR_VAL_ACCESS_REQ\000"
 1661      455F4556 
 1661      545F4741 
 1661      5454535F 
 1661      52454144 
 1662              	.LASF79:
 1663 0ab1 4359424C 		.ascii	"CYBLE_EVT_L2CAP_CBFC_TX_CREDIT_IND\000"
 1663      455F4556 
 1663      545F4C32 
 1663      4341505F 
 1663      43424643 
 1664              	.LASF17:
 1665 0ad4 4359424C 		.ascii	"CYBLE_EVT_HARDWARE_ERROR\000"
 1665      455F4556 
 1665      545F4841 
 1665      52445741 
 1665      52455F45 
 1666              	.LASF112:
 1667 0aed 6D6F746F 		.ascii	"motorsEnabled\000"
 1667      7273456E 
 1667      61626C65 
 1667      6400
 1668              	.LASF90:
 1669 0afb 4359424C 		.ascii	"CYBLE_AIOS_CCCD\000"
 1669      455F4149 
 1669      4F535F43 
 1669      43434400 
 1670              	.LASF48:
 1671 0b0b 4359424C 		.ascii	"CYBLE_EVT_GATTS_XCNHG_MTU_REQ\000"
 1671      455F4556 
 1671      545F4741 
 1671      5454535F 
 1671      58434E48 
 1672              	.LASF104:
 1673 0b29 5365744D 		.ascii	"SetMotorSpeed\000"
 1673      6F746F72 
 1673      53706565 
ARM GAS  C:\Windows\TEMP\ccLbqIwA.s 			page 38


 1673      6400
 1674              	.LASF111:
 1675 0b37 6D6F746F 		.ascii	"motor_speeds\000"
 1675      725F7370 
 1675      65656473 
 1675      00
 1676              	.LASF55:
 1677 0b44 4359424C 		.ascii	"CYBLE_EVT_GATTC_READ_BLOB_RSP\000"
 1677      455F4556 
 1677      545F4741 
 1677      5454435F 
 1677      52454144 
 1678              	.LASF102:
 1679 0b62 73706565 		.ascii	"speed\000"
 1679      6400
 1680              	.LASF53:
 1681 0b68 4359424C 		.ascii	"CYBLE_EVT_GATTC_FIND_BY_TYPE_VALUE_RSP\000"
 1681      455F4556 
 1681      545F4741 
 1681      5454435F 
 1681      46494E44 
 1682              	.LASF33:
 1683 0b8f 4359424C 		.ascii	"CYBLE_EVT_GAP_KEYINFO_EXCHNGE_CMPLT\000"
 1683      455F4556 
 1683      545F4741 
 1683      505F4B45 
 1683      59494E46 
 1684              	.LASF75:
 1685 0bb3 4359424C 		.ascii	"CYBLE_EVT_L2CAP_CBFC_DISCONN_IND\000"
 1685      455F4556 
 1685      545F4C32 
 1685      4341505F 
 1685      43424643 
 1686              	.LASF107:
 1687 0bd4 5365744D 		.ascii	"SetMotorsEnabled\000"
 1687      6F746F72 
 1687      73456E61 
 1687      626C6564 
 1687      00
 1688              	.LASF89:
 1689 0be5 4359424C 		.ascii	"CYBLE_AIOS_CHAR_COUNT\000"
 1689      455F4149 
 1689      4F535F43 
 1689      4841525F 
 1689      434F554E 
 1690              	.LASF71:
 1691 0bfb 4359424C 		.ascii	"CYBLE_EVT_L2CAP_CONN_PARAM_UPDATE_RSP\000"
 1691      455F4556 
 1691      545F4C32 
 1691      4341505F 
 1691      434F4E4E 
 1692              	.LASF38:
 1693 0c21 4359424C 		.ascii	"CYBLE_EVT_GAP_ENHANCE_CONN_COMPLETE\000"
 1693      455F4556 
 1693      545F4741 
 1693      505F454E 
 1693      48414E43 
ARM GAS  C:\Windows\TEMP\ccLbqIwA.s 			page 39


 1694              	.LASF96:
 1695 0c45 4359424C 		.ascii	"CYBLE_AIOS_VRD\000"
 1695      455F4149 
 1695      4F535F56 
 1695      524400
 1696              	.LASF47:
 1697 0c54 4359424C 		.ascii	"CYBLE_EVT_GATT_DISCONNECT_IND\000"
 1697      455F4556 
 1697      545F4741 
 1697      54545F44 
 1697      4953434F 
 1698              	.LASF119:
 1699 0c72 46616E43 		.ascii	"FanController_SetDesiredSpeed\000"
 1699      6F6E7472 
 1699      6F6C6C65 
 1699      725F5365 
 1699      74446573 
 1700              		.ident	"GCC: (GNU Tools for ARM Embedded Processors) 5.4.1 20160609 (release) [ARM/embedded-5-bran
